SF:C:\Users\s2010\Me\Codes\Rust\wgpu-3dgs-viewer\src\buffer\camera.rs
FN:26,_RINvMNtNtCsjAfDNjLymyL_16wgpu_3dgs_viewer6buffer6cameraNtB3_12CameraBuffer6updateNtNtB7_6camera6CameraECskHWTcKnagmk_3mod
FN:72,_RINvMs3_NtNtCsjAfDNjLymyL_16wgpu_3dgs_viewer6buffer6cameraNtB6_9CameraPod3newNtNtBa_6camera6CameraECskHWTcKnagmk_3mod
FN:31,_RNvMNtNtCsjAfDNjLymyL_16wgpu_3dgs_viewer6buffer6cameraNtB2_12CameraBuffer15update_with_pod
FN:14,_RNvMNtNtCsjAfDNjLymyL_16wgpu_3dgs_viewer6buffer6cameraNtB2_12CameraBuffer3new
FN:51,_RNvXs1_NtNtCsjAfDNjLymyL_16wgpu_3dgs_viewer6buffer6cameraNtB5_12CameraBufferINtNtCsmHtFwzCQ9E_4core7convert7TryFromNtNtNtCs4aW9DWY8b5u_4wgpu3api6buffer6BufferE8try_from
FN:37,_RNvXs_NtNtCsjAfDNjLymyL_16wgpu_3dgs_viewer6buffer6cameraNtB4_12CameraBufferNtNtCs7uIZbJPR652_14wgpu_3dgs_core6buffer13BufferWrapper6buffer
FN:43,_RNvXs0_NtNtCsjAfDNjLymyL_16wgpu_3dgs_viewer6buffer6cameraNtNtNtCs4aW9DWY8b5u_4wgpu3api6buffer6BufferINtNtCsmHtFwzCQ9E_4core7convert4FromNtB5_12CameraBufferE4from
FN:52,_RNCNvXs1_NtNtCsjAfDNjLymyL_16wgpu_3dgs_viewer6buffer6cameraNtB7_12CameraBufferINtNtCsmHtFwzCQ9E_4core7convert7TryFromNtNtNtCs4aW9DWY8b5u_4wgpu3api6buffer6BufferE8try_from0Bb_
FN:26,_RINvMNtNtCsjMvbNGsYfvH_16wgpu_3dgs_viewer6buffer6cameraNtB3_12CameraBuffer6updatepEB7_
FN:72,_RINvMs3_NtNtCsjMvbNGsYfvH_16wgpu_3dgs_viewer6buffer6cameraNtB6_9CameraPod3newpEBa_
FN:52,_RNCNvXs1_NtNtCsjMvbNGsYfvH_16wgpu_3dgs_viewer6buffer6cameraNtB7_12CameraBufferINtNtCsmHtFwzCQ9E_4core7convert7TryFromNtNtNtCs4aW9DWY8b5u_4wgpu3api6buffer6BufferE8try_from0Bb_
FN:31,_RNvMNtNtCsjMvbNGsYfvH_16wgpu_3dgs_viewer6buffer6cameraNtB2_12CameraBuffer15update_with_pod
FN:14,_RNvMNtNtCsjMvbNGsYfvH_16wgpu_3dgs_viewer6buffer6cameraNtB2_12CameraBuffer3new
FN:43,_RNvXs0_NtNtCsjMvbNGsYfvH_16wgpu_3dgs_viewer6buffer6cameraNtNtNtCs4aW9DWY8b5u_4wgpu3api6buffer6BufferINtNtCsmHtFwzCQ9E_4core7convert4FromNtB5_12CameraBufferE4from
FN:51,_RNvXs1_NtNtCsjMvbNGsYfvH_16wgpu_3dgs_viewer6buffer6cameraNtB5_12CameraBufferINtNtCsmHtFwzCQ9E_4core7convert7TryFromNtNtNtCs4aW9DWY8b5u_4wgpu3api6buffer6BufferE8try_from
FN:37,_RNvXs_NtNtCsjMvbNGsYfvH_16wgpu_3dgs_viewer6buffer6cameraNtB4_12CameraBufferNtNtCs7uIZbJPR652_14wgpu_3dgs_core6buffer13BufferWrapper6buffer
FN:26,_RINvMNtNtCsjAfDNjLymyL_16wgpu_3dgs_viewer6buffer6cameraNtB3_12CameraBuffer6updateNtNtB7_6camera6CameraECsgCUhY3MwoBc_11multi_model
FN:72,_RINvMs3_NtNtCsjAfDNjLymyL_16wgpu_3dgs_viewer6buffer6cameraNtB6_9CameraPod3newNtNtBa_6camera6CameraECsgCUhY3MwoBc_11multi_model
FN:26,_RINvMNtNtCsjAfDNjLymyL_16wgpu_3dgs_viewer6buffer6cameraNtB3_12CameraBuffer6updateNtNtB7_6camera6CameraECsaEBMRA9cDqq_9selection
FN:72,_RINvMs3_NtNtCsjAfDNjLymyL_16wgpu_3dgs_viewer6buffer6cameraNtB6_9CameraPod3newNtNtBa_6camera6CameraECsaEBMRA9cDqq_9selection
FN:26,_RINvMNtNtCsjAfDNjLymyL_16wgpu_3dgs_viewer6buffer6cameraNtB3_12CameraBuffer6updateNtNtB7_6camera6CameraECsiA5QZE4OIiA_6simple
FN:72,_RINvMs3_NtNtCsjAfDNjLymyL_16wgpu_3dgs_viewer6buffer6cameraNtB6_9CameraPod3newNtNtBa_6camera6CameraECsiA5QZE4OIiA_6simple
FNDA:1,_RINvMNtNtCsjAfDNjLymyL_16wgpu_3dgs_viewer6buffer6cameraNtB3_12CameraBuffer6updateNtNtB7_6camera6CameraECskHWTcKnagmk_3mod
FNDA:11,_RINvMs3_NtNtCsjAfDNjLymyL_16wgpu_3dgs_viewer6buffer6cameraNtB6_9CameraPod3newNtNtBa_6camera6CameraECskHWTcKnagmk_3mod
FNDA:162,_RNvMNtNtCsjAfDNjLymyL_16wgpu_3dgs_viewer6buffer6cameraNtB2_12CameraBuffer15update_with_pod
FNDA:10,_RNvMNtNtCsjAfDNjLymyL_16wgpu_3dgs_viewer6buffer6cameraNtB2_12CameraBuffer3new
FNDA:3,_RNvXs1_NtNtCsjAfDNjLymyL_16wgpu_3dgs_viewer6buffer6cameraNtB5_12CameraBufferINtNtCsmHtFwzCQ9E_4core7convert7TryFromNtNtNtCs4aW9DWY8b5u_4wgpu3api6buffer6BufferE8try_from
FNDA:38,_RNvXs_NtNtCsjAfDNjLymyL_16wgpu_3dgs_viewer6buffer6cameraNtB4_12CameraBufferNtNtCs7uIZbJPR652_14wgpu_3dgs_core6buffer13BufferWrapper6buffer
FNDA:1,_RNvXs0_NtNtCsjAfDNjLymyL_16wgpu_3dgs_viewer6buffer6cameraNtNtNtCs4aW9DWY8b5u_4wgpu3api6buffer6BufferINtNtCsmHtFwzCQ9E_4core7convert4FromNtB5_12CameraBufferE4from
FNDA:3,_RNCNvXs1_NtNtCsjAfDNjLymyL_16wgpu_3dgs_viewer6buffer6cameraNtB7_12CameraBufferINtNtCsmHtFwzCQ9E_4core7convert7TryFromNtNtNtCs4aW9DWY8b5u_4wgpu3api6buffer6BufferE8try_from0Bb_
FNDA:0,_RINvMNtNtCsjMvbNGsYfvH_16wgpu_3dgs_viewer6buffer6cameraNtB3_12CameraBuffer6updatepEB7_
FNDA:0,_RINvMs3_NtNtCsjMvbNGsYfvH_16wgpu_3dgs_viewer6buffer6cameraNtB6_9CameraPod3newpEBa_
FNDA:0,_RNCNvXs1_NtNtCsjMvbNGsYfvH_16wgpu_3dgs_viewer6buffer6cameraNtB7_12CameraBufferINtNtCsmHtFwzCQ9E_4core7convert7TryFromNtNtNtCs4aW9DWY8b5u_4wgpu3api6buffer6BufferE8try_from0Bb_
FNDA:0,_RNvMNtNtCsjMvbNGsYfvH_16wgpu_3dgs_viewer6buffer6cameraNtB2_12CameraBuffer15update_with_pod
FNDA:0,_RNvMNtNtCsjMvbNGsYfvH_16wgpu_3dgs_viewer6buffer6cameraNtB2_12CameraBuffer3new
FNDA:0,_RNvXs0_NtNtCsjMvbNGsYfvH_16wgpu_3dgs_viewer6buffer6cameraNtNtNtCs4aW9DWY8b5u_4wgpu3api6buffer6BufferINtNtCsmHtFwzCQ9E_4core7convert4FromNtB5_12CameraBufferE4from
FNDA:0,_RNvXs1_NtNtCsjMvbNGsYfvH_16wgpu_3dgs_viewer6buffer6cameraNtB5_12CameraBufferINtNtCsmHtFwzCQ9E_4core7convert7TryFromNtNtNtCs4aW9DWY8b5u_4wgpu3api6buffer6BufferE8try_from
FNDA:0,_RNvXs_NtNtCsjMvbNGsYfvH_16wgpu_3dgs_viewer6buffer6cameraNtB4_12CameraBufferNtNtCs7uIZbJPR652_14wgpu_3dgs_core6buffer13BufferWrapper6buffer
FNDA:0,_RINvMNtNtCsjAfDNjLymyL_16wgpu_3dgs_viewer6buffer6cameraNtB3_12CameraBuffer6updateNtNtB7_6camera6CameraECsgCUhY3MwoBc_11multi_model
FNDA:0,_RINvMs3_NtNtCsjAfDNjLymyL_16wgpu_3dgs_viewer6buffer6cameraNtB6_9CameraPod3newNtNtBa_6camera6CameraECsgCUhY3MwoBc_11multi_model
FNDA:155,_RINvMNtNtCsjAfDNjLymyL_16wgpu_3dgs_viewer6buffer6cameraNtB3_12CameraBuffer6updateNtNtB7_6camera6CameraECsaEBMRA9cDqq_9selection
FNDA:155,_RINvMs3_NtNtCsjAfDNjLymyL_16wgpu_3dgs_viewer6buffer6cameraNtB6_9CameraPod3newNtNtBa_6camera6CameraECsaEBMRA9cDqq_9selection
FNDA:0,_RINvMNtNtCsjAfDNjLymyL_16wgpu_3dgs_viewer6buffer6cameraNtB3_12CameraBuffer6updateNtNtB7_6camera6CameraECsiA5QZE4OIiA_6simple
FNDA:0,_RINvMs3_NtNtCsjAfDNjLymyL_16wgpu_3dgs_viewer6buffer6cameraNtB6_9CameraPod3newNtNtBa_6camera6CameraECsiA5QZE4OIiA_6simple
FNF:8
FNH:8
DA:14,10
DA:15,10
DA:16,10
DA:17,10
DA:18,10
DA:19,10
DA:20,10
DA:22,10
DA:23,10
DA:26,156
DA:27,156
DA:28,156
DA:31,162
DA:32,162
DA:33,162
DA:37,38
DA:38,38
DA:39,38
DA:43,1
DA:44,1
DA:45,1
DA:51,3
DA:52,3
DA:53,3
DA:72,166
DA:73,166
DA:74,166
DA:75,166
DA:76,166
DA:77,166
DA:78,166
DA:79,166
BRF:0
BRH:0
LF:33
LH:33
end_of_record
SF:C:\Users\s2010\Me\Codes\Rust\wgpu-3dgs-viewer\src\buffer\depth.rs
FN:9,_RNvMNtNtCsjAfDNjLymyL_16wgpu_3dgs_viewer6buffer5depthNtB2_20GaussiansDepthBuffer3new
FN:27,_RNvXs_NtNtCsjAfDNjLymyL_16wgpu_3dgs_viewer6buffer5depthNtB4_20GaussiansDepthBufferNtNtCs7uIZbJPR652_14wgpu_3dgs_core6buffer13BufferWrapper6buffer
FN:33,_RNvXs0_NtNtCsjAfDNjLymyL_16wgpu_3dgs_viewer6buffer5depthNtNtNtCs4aW9DWY8b5u_4wgpu3api6buffer6BufferINtNtCsmHtFwzCQ9E_4core7convert4FromNtB5_20GaussiansDepthBufferE4from
FN:9,_RNvMNtNtCsjMvbNGsYfvH_16wgpu_3dgs_viewer6buffer5depthNtB2_20GaussiansDepthBuffer3new
FN:33,_RNvXs0_NtNtCsjMvbNGsYfvH_16wgpu_3dgs_viewer6buffer5depthNtNtNtCs4aW9DWY8b5u_4wgpu3api6buffer6BufferINtNtCsmHtFwzCQ9E_4core7convert4FromNtB5_20GaussiansDepthBufferE4from
FN:27,_RNvXs_NtNtCsjMvbNGsYfvH_16wgpu_3dgs_viewer6buffer5depthNtB4_20GaussiansDepthBufferNtNtCs7uIZbJPR652_14wgpu_3dgs_core6buffer13BufferWrapper6buffer
FNDA:9,_RNvMNtNtCsjAfDNjLymyL_16wgpu_3dgs_viewer6buffer5depthNtB2_20GaussiansDepthBuffer3new
FNDA:18,_RNvXs_NtNtCsjAfDNjLymyL_16wgpu_3dgs_viewer6buffer5depthNtB4_20GaussiansDepthBufferNtNtCs7uIZbJPR652_14wgpu_3dgs_core6buffer13BufferWrapper6buffer
FNDA:0,_RNvXs0_NtNtCsjAfDNjLymyL_16wgpu_3dgs_viewer6buffer5depthNtNtNtCs4aW9DWY8b5u_4wgpu3api6buffer6BufferINtNtCsmHtFwzCQ9E_4core7convert4FromNtB5_20GaussiansDepthBufferE4from
FNDA:0,_RNvMNtNtCsjMvbNGsYfvH_16wgpu_3dgs_viewer6buffer5depthNtB2_20GaussiansDepthBuffer3new
FNDA:0,_RNvXs0_NtNtCsjMvbNGsYfvH_16wgpu_3dgs_viewer6buffer5depthNtNtNtCs4aW9DWY8b5u_4wgpu3api6buffer6BufferINtNtCsmHtFwzCQ9E_4core7convert4FromNtB5_20GaussiansDepthBufferE4from
FNDA:0,_RNvXs_NtNtCsjMvbNGsYfvH_16wgpu_3dgs_viewer6buffer5depthNtB4_20GaussiansDepthBufferNtNtCs7uIZbJPR652_14wgpu_3dgs_core6buffer13BufferWrapper6buffer
FNF:3
FNH:2
DA:9,9
DA:11,9
DA:13,9
DA:14,9
DA:15,9
DA:16,9
DA:17,9
DA:18,9
DA:20,9
DA:21,9
DA:27,18
DA:28,18
DA:29,18
DA:33,0
DA:34,0
DA:35,0
BRF:0
BRH:0
LF:16
LH:13
end_of_record
SF:C:\Users\s2010\Me\Codes\Rust\wgpu-3dgs-viewer\src\buffer\indirect_args.rs
FN:12,_RNvMNtNtCsjAfDNjLymyL_16wgpu_3dgs_viewer6buffer13indirect_argsNtB2_18IndirectArgsBuffer3new
FN:63,_RNvMs3_NtNtCsjAfDNjLymyL_16wgpu_3dgs_viewer6buffer13indirect_argsNtB5_27RadixSortIndirectArgsBuffer3new
FN:108,_RNvMs8_NtNtCsjAfDNjLymyL_16wgpu_3dgs_viewer6buffer13indirect_argsNtB5_21IndirectIndicesBuffer3new
FN:48,_RNvXs1_NtNtCsjAfDNjLymyL_16wgpu_3dgs_viewer6buffer13indirect_argsNtB5_18IndirectArgsBufferINtNtCsmHtFwzCQ9E_4core7convert7TryFromNtNtNtCs4aW9DWY8b5u_4wgpu3api6buffer6BufferE8try_from
FN:79,_RNvXs4_NtNtCsjAfDNjLymyL_16wgpu_3dgs_viewer6buffer13indirect_argsNtB5_27RadixSortIndirectArgsBufferNtNtCs7uIZbJPR652_14wgpu_3dgs_core6buffer13BufferWrapper6buffer
FN:93,_RNvXs6_NtNtCsjAfDNjLymyL_16wgpu_3dgs_viewer6buffer13indirect_argsNtB5_27RadixSortIndirectArgsBufferINtNtCsmHtFwzCQ9E_4core7convert7TryFromNtNtNtCs4aW9DWY8b5u_4wgpu3api6buffer6BufferE8try_from
FN:123,_RNvXs9_NtNtCsjAfDNjLymyL_16wgpu_3dgs_viewer6buffer13indirect_argsNtB5_21IndirectIndicesBufferNtNtCs7uIZbJPR652_14wgpu_3dgs_core6buffer13BufferWrapper6buffer
FN:34,_RNvXs_NtNtCsjAfDNjLymyL_16wgpu_3dgs_viewer6buffer13indirect_argsNtB4_18IndirectArgsBufferNtNtCs7uIZbJPR652_14wgpu_3dgs_core6buffer13BufferWrapper6buffer
FN:135,_RNvXsb_NtNtCsjAfDNjLymyL_16wgpu_3dgs_viewer6buffer13indirect_argsNtB5_21IndirectIndicesBufferINtNtCsmHtFwzCQ9E_4core7convert4FromNtNtNtCs4aW9DWY8b5u_4wgpu3api6buffer6BufferE4from
FN:40,_RNvXs0_NtNtCsjAfDNjLymyL_16wgpu_3dgs_viewer6buffer13indirect_argsNtNtNtCs4aW9DWY8b5u_4wgpu3api6buffer6BufferINtNtCsmHtFwzCQ9E_4core7convert4FromNtB5_18IndirectArgsBufferE4from
FN:85,_RNvXs5_NtNtCsjAfDNjLymyL_16wgpu_3dgs_viewer6buffer13indirect_argsNtNtNtCs4aW9DWY8b5u_4wgpu3api6buffer6BufferINtNtCsmHtFwzCQ9E_4core7convert4FromNtB5_27RadixSortIndirectArgsBufferE4from
FN:129,_RNvXsa_NtNtCsjAfDNjLymyL_16wgpu_3dgs_viewer6buffer13indirect_argsNtNtNtCs4aW9DWY8b5u_4wgpu3api6buffer6BufferINtNtCsmHtFwzCQ9E_4core7convert4FromNtB5_21IndirectIndicesBufferE4from
FN:49,_RNCNvXs1_NtNtCsjAfDNjLymyL_16wgpu_3dgs_viewer6buffer13indirect_argsNtB7_18IndirectArgsBufferINtNtCsmHtFwzCQ9E_4core7convert7TryFromNtNtNtCs4aW9DWY8b5u_4wgpu3api6buffer6BufferE8try_from0Bb_
FN:94,_RNCNvXs6_NtNtCsjAfDNjLymyL_16wgpu_3dgs_viewer6buffer13indirect_argsNtB7_27RadixSortIndirectArgsBufferINtNtCsmHtFwzCQ9E_4core7convert7TryFromNtNtNtCs4aW9DWY8b5u_4wgpu3api6buffer6BufferE8try_from0Bb_
FN:49,_RNCNvXs1_NtNtCsjMvbNGsYfvH_16wgpu_3dgs_viewer6buffer13indirect_argsNtB7_18IndirectArgsBufferINtNtCsmHtFwzCQ9E_4core7convert7TryFromNtNtNtCs4aW9DWY8b5u_4wgpu3api6buffer6BufferE8try_from0Bb_
FN:94,_RNCNvXs6_NtNtCsjMvbNGsYfvH_16wgpu_3dgs_viewer6buffer13indirect_argsNtB7_27RadixSortIndirectArgsBufferINtNtCsmHtFwzCQ9E_4core7convert7TryFromNtNtNtCs4aW9DWY8b5u_4wgpu3api6buffer6BufferE8try_from0Bb_
FN:12,_RNvMNtNtCsjMvbNGsYfvH_16wgpu_3dgs_viewer6buffer13indirect_argsNtB2_18IndirectArgsBuffer3new
FN:63,_RNvMs3_NtNtCsjMvbNGsYfvH_16wgpu_3dgs_viewer6buffer13indirect_argsNtB5_27RadixSortIndirectArgsBuffer3new
FN:108,_RNvMs8_NtNtCsjMvbNGsYfvH_16wgpu_3dgs_viewer6buffer13indirect_argsNtB5_21IndirectIndicesBuffer3new
FN:40,_RNvXs0_NtNtCsjMvbNGsYfvH_16wgpu_3dgs_viewer6buffer13indirect_argsNtNtNtCs4aW9DWY8b5u_4wgpu3api6buffer6BufferINtNtCsmHtFwzCQ9E_4core7convert4FromNtB5_18IndirectArgsBufferE4from
FN:48,_RNvXs1_NtNtCsjMvbNGsYfvH_16wgpu_3dgs_viewer6buffer13indirect_argsNtB5_18IndirectArgsBufferINtNtCsmHtFwzCQ9E_4core7convert7TryFromNtNtNtCs4aW9DWY8b5u_4wgpu3api6buffer6BufferE8try_from
FN:79,_RNvXs4_NtNtCsjMvbNGsYfvH_16wgpu_3dgs_viewer6buffer13indirect_argsNtB5_27RadixSortIndirectArgsBufferNtNtCs7uIZbJPR652_14wgpu_3dgs_core6buffer13BufferWrapper6buffer
FN:85,_RNvXs5_NtNtCsjMvbNGsYfvH_16wgpu_3dgs_viewer6buffer13indirect_argsNtNtNtCs4aW9DWY8b5u_4wgpu3api6buffer6BufferINtNtCsmHtFwzCQ9E_4core7convert4FromNtB5_27RadixSortIndirectArgsBufferE4from
FN:93,_RNvXs6_NtNtCsjMvbNGsYfvH_16wgpu_3dgs_viewer6buffer13indirect_argsNtB5_27RadixSortIndirectArgsBufferINtNtCsmHtFwzCQ9E_4core7convert7TryFromNtNtNtCs4aW9DWY8b5u_4wgpu3api6buffer6BufferE8try_from
FN:123,_RNvXs9_NtNtCsjMvbNGsYfvH_16wgpu_3dgs_viewer6buffer13indirect_argsNtB5_21IndirectIndicesBufferNtNtCs7uIZbJPR652_14wgpu_3dgs_core6buffer13BufferWrapper6buffer
FN:34,_RNvXs_NtNtCsjMvbNGsYfvH_16wgpu_3dgs_viewer6buffer13indirect_argsNtB4_18IndirectArgsBufferNtNtCs7uIZbJPR652_14wgpu_3dgs_core6buffer13BufferWrapper6buffer
FN:129,_RNvXsa_NtNtCsjMvbNGsYfvH_16wgpu_3dgs_viewer6buffer13indirect_argsNtNtNtCs4aW9DWY8b5u_4wgpu3api6buffer6BufferINtNtCsmHtFwzCQ9E_4core7convert4FromNtB5_21IndirectIndicesBufferE4from
FN:135,_RNvXsb_NtNtCsjMvbNGsYfvH_16wgpu_3dgs_viewer6buffer13indirect_argsNtB5_21IndirectIndicesBufferINtNtCsmHtFwzCQ9E_4core7convert4FromNtNtNtCs4aW9DWY8b5u_4wgpu3api6buffer6BufferE4from
FNDA:10,_RNvMNtNtCsjAfDNjLymyL_16wgpu_3dgs_viewer6buffer13indirect_argsNtB2_18IndirectArgsBuffer3new
FNDA:10,_RNvMs3_NtNtCsjAfDNjLymyL_16wgpu_3dgs_viewer6buffer13indirect_argsNtB5_27RadixSortIndirectArgsBuffer3new
FNDA:15,_RNvMs8_NtNtCsjAfDNjLymyL_16wgpu_3dgs_viewer6buffer13indirect_argsNtB5_21IndirectIndicesBuffer3new
FNDA:1,_RNvXs1_NtNtCsjAfDNjLymyL_16wgpu_3dgs_viewer6buffer13indirect_argsNtB5_18IndirectArgsBufferINtNtCsmHtFwzCQ9E_4core7convert7TryFromNtNtNtCs4aW9DWY8b5u_4wgpu3api6buffer6BufferE8try_from
FNDA:172,_RNvXs4_NtNtCsjAfDNjLymyL_16wgpu_3dgs_viewer6buffer13indirect_argsNtB5_27RadixSortIndirectArgsBufferNtNtCs7uIZbJPR652_14wgpu_3dgs_core6buffer13BufferWrapper6buffer
FNDA:1,_RNvXs6_NtNtCsjAfDNjLymyL_16wgpu_3dgs_viewer6buffer13indirect_argsNtB5_27RadixSortIndirectArgsBufferINtNtCsmHtFwzCQ9E_4core7convert7TryFromNtNtNtCs4aW9DWY8b5u_4wgpu3api6buffer6BufferE8try_from
FNDA:35,_RNvXs9_NtNtCsjAfDNjLymyL_16wgpu_3dgs_viewer6buffer13indirect_argsNtB5_21IndirectIndicesBufferNtNtCs7uIZbJPR652_14wgpu_3dgs_core6buffer13BufferWrapper6buffer
FNDA:172,_RNvXs_NtNtCsjAfDNjLymyL_16wgpu_3dgs_viewer6buffer13indirect_argsNtB4_18IndirectArgsBufferNtNtCs7uIZbJPR652_14wgpu_3dgs_core6buffer13BufferWrapper6buffer
FNDA:1,_RNvXsb_NtNtCsjAfDNjLymyL_16wgpu_3dgs_viewer6buffer13indirect_argsNtB5_21IndirectIndicesBufferINtNtCsmHtFwzCQ9E_4core7convert4FromNtNtNtCs4aW9DWY8b5u_4wgpu3api6buffer6BufferE4from
FNDA:1,_RNvXs0_NtNtCsjAfDNjLymyL_16wgpu_3dgs_viewer6buffer13indirect_argsNtNtNtCs4aW9DWY8b5u_4wgpu3api6buffer6BufferINtNtCsmHtFwzCQ9E_4core7convert4FromNtB5_18IndirectArgsBufferE4from
FNDA:1,_RNvXs5_NtNtCsjAfDNjLymyL_16wgpu_3dgs_viewer6buffer13indirect_argsNtNtNtCs4aW9DWY8b5u_4wgpu3api6buffer6BufferINtNtCsmHtFwzCQ9E_4core7convert4FromNtB5_27RadixSortIndirectArgsBufferE4from
FNDA:1,_RNvXsa_NtNtCsjAfDNjLymyL_16wgpu_3dgs_viewer6buffer13indirect_argsNtNtNtCs4aW9DWY8b5u_4wgpu3api6buffer6BufferINtNtCsmHtFwzCQ9E_4core7convert4FromNtB5_21IndirectIndicesBufferE4from
FNDA:1,_RNCNvXs1_NtNtCsjAfDNjLymyL_16wgpu_3dgs_viewer6buffer13indirect_argsNtB7_18IndirectArgsBufferINtNtCsmHtFwzCQ9E_4core7convert7TryFromNtNtNtCs4aW9DWY8b5u_4wgpu3api6buffer6BufferE8try_from0Bb_
FNDA:1,_RNCNvXs6_NtNtCsjAfDNjLymyL_16wgpu_3dgs_viewer6buffer13indirect_argsNtB7_27RadixSortIndirectArgsBufferINtNtCsmHtFwzCQ9E_4core7convert7TryFromNtNtNtCs4aW9DWY8b5u_4wgpu3api6buffer6BufferE8try_from0Bb_
FNDA:0,_RNCNvXs1_NtNtCsjMvbNGsYfvH_16wgpu_3dgs_viewer6buffer13indirect_argsNtB7_18IndirectArgsBufferINtNtCsmHtFwzCQ9E_4core7convert7TryFromNtNtNtCs4aW9DWY8b5u_4wgpu3api6buffer6BufferE8try_from0Bb_
FNDA:0,_RNCNvXs6_NtNtCsjMvbNGsYfvH_16wgpu_3dgs_viewer6buffer13indirect_argsNtB7_27RadixSortIndirectArgsBufferINtNtCsmHtFwzCQ9E_4core7convert7TryFromNtNtNtCs4aW9DWY8b5u_4wgpu3api6buffer6BufferE8try_from0Bb_
FNDA:0,_RNvMNtNtCsjMvbNGsYfvH_16wgpu_3dgs_viewer6buffer13indirect_argsNtB2_18IndirectArgsBuffer3new
FNDA:0,_RNvMs3_NtNtCsjMvbNGsYfvH_16wgpu_3dgs_viewer6buffer13indirect_argsNtB5_27RadixSortIndirectArgsBuffer3new
FNDA:0,_RNvMs8_NtNtCsjMvbNGsYfvH_16wgpu_3dgs_viewer6buffer13indirect_argsNtB5_21IndirectIndicesBuffer3new
FNDA:0,_RNvXs0_NtNtCsjMvbNGsYfvH_16wgpu_3dgs_viewer6buffer13indirect_argsNtNtNtCs4aW9DWY8b5u_4wgpu3api6buffer6BufferINtNtCsmHtFwzCQ9E_4core7convert4FromNtB5_18IndirectArgsBufferE4from
FNDA:0,_RNvXs1_NtNtCsjMvbNGsYfvH_16wgpu_3dgs_viewer6buffer13indirect_argsNtB5_18IndirectArgsBufferINtNtCsmHtFwzCQ9E_4core7convert7TryFromNtNtNtCs4aW9DWY8b5u_4wgpu3api6buffer6BufferE8try_from
FNDA:0,_RNvXs4_NtNtCsjMvbNGsYfvH_16wgpu_3dgs_viewer6buffer13indirect_argsNtB5_27RadixSortIndirectArgsBufferNtNtCs7uIZbJPR652_14wgpu_3dgs_core6buffer13BufferWrapper6buffer
FNDA:0,_RNvXs5_NtNtCsjMvbNGsYfvH_16wgpu_3dgs_viewer6buffer13indirect_argsNtNtNtCs4aW9DWY8b5u_4wgpu3api6buffer6BufferINtNtCsmHtFwzCQ9E_4core7convert4FromNtB5_27RadixSortIndirectArgsBufferE4from
FNDA:0,_RNvXs6_NtNtCsjMvbNGsYfvH_16wgpu_3dgs_viewer6buffer13indirect_argsNtB5_27RadixSortIndirectArgsBufferINtNtCsmHtFwzCQ9E_4core7convert7TryFromNtNtNtCs4aW9DWY8b5u_4wgpu3api6buffer6BufferE8try_from
FNDA:0,_RNvXs9_NtNtCsjMvbNGsYfvH_16wgpu_3dgs_viewer6buffer13indirect_argsNtB5_21IndirectIndicesBufferNtNtCs7uIZbJPR652_14wgpu_3dgs_core6buffer13BufferWrapper6buffer
FNDA:0,_RNvXs_NtNtCsjMvbNGsYfvH_16wgpu_3dgs_viewer6buffer13indirect_argsNtB4_18IndirectArgsBufferNtNtCs7uIZbJPR652_14wgpu_3dgs_core6buffer13BufferWrapper6buffer
FNDA:0,_RNvXsa_NtNtCsjMvbNGsYfvH_16wgpu_3dgs_viewer6buffer13indirect_argsNtNtNtCs4aW9DWY8b5u_4wgpu3api6buffer6BufferINtNtCsmHtFwzCQ9E_4core7convert4FromNtB5_21IndirectIndicesBufferE4from
FNDA:0,_RNvXsb_NtNtCsjMvbNGsYfvH_16wgpu_3dgs_viewer6buffer13indirect_argsNtB5_21IndirectIndicesBufferINtNtCsmHtFwzCQ9E_4core7convert4FromNtNtNtCs4aW9DWY8b5u_4wgpu3api6buffer6BufferE4from
FNF:14
FNH:14
DA:12,10
DA:13,10
DA:14,10
DA:15,10
DA:16,10
DA:17,10
DA:18,10
DA:19,10
DA:20,10
DA:21,10
DA:22,10
DA:23,10
DA:25,10
DA:26,10
DA:34,172
DA:35,172
DA:36,172
DA:40,1
DA:41,1
DA:42,1
DA:48,1
DA:49,1
DA:50,1
DA:63,10
DA:64,10
DA:65,10
DA:66,10
DA:67,10
DA:68,10
DA:70,10
DA:71,10
DA:79,172
DA:80,172
DA:81,172
DA:85,1
DA:86,1
DA:87,1
DA:93,1
DA:94,1
DA:95,1
DA:108,15
DA:109,15
DA:110,15
DA:111,15
DA:112,15
DA:113,15
DA:114,15
DA:116,15
DA:117,15
DA:123,35
DA:124,35
DA:125,35
DA:129,1
DA:130,1
DA:131,1
DA:135,1
DA:136,1
DA:137,1
BRF:0
BRH:0
LF:60
LH:60
end_of_record
SF:C:\Users\s2010\Me\Codes\Rust\wgpu-3dgs-viewer\src\camera.rs
FN:71,_RNvMNtCsjAfDNjLymyL_16wgpu_3dgs_viewer6cameraNtB2_6Camera11get_forward
FN:40,_RNvMNtCsjAfDNjLymyL_16wgpu_3dgs_viewer6cameraNtB2_6Camera3new
FN:66,_RNvMNtCsjAfDNjLymyL_16wgpu_3dgs_viewer6cameraNtB2_6Camera6yaw_by
FN:51,_RNvMNtCsjAfDNjLymyL_16wgpu_3dgs_viewer6cameraNtB2_6Camera7move_by
FN:56,_RNvMNtCsjAfDNjLymyL_16wgpu_3dgs_viewer6cameraNtB2_6Camera7move_up
FN:61,_RNvMNtCsjAfDNjLymyL_16wgpu_3dgs_viewer6cameraNtB2_6Camera8pitch_by
FN:80,_RNvMNtCsjAfDNjLymyL_16wgpu_3dgs_viewer6cameraNtB2_6Camera9get_right
FN:90,_RNvXs_NtCsjAfDNjLymyL_16wgpu_3dgs_viewer6cameraNtB4_6CameraNtB4_11CameraTrait10projection
FN:86,_RNvXs_NtCsjAfDNjLymyL_16wgpu_3dgs_viewer6cameraNtB4_6CameraNtB4_11CameraTrait4view
FN:71,_RNvMNtCsjMvbNGsYfvH_16wgpu_3dgs_viewer6cameraNtB2_6Camera11get_forward
FN:40,_RNvMNtCsjMvbNGsYfvH_16wgpu_3dgs_viewer6cameraNtB2_6Camera3new
FN:66,_RNvMNtCsjMvbNGsYfvH_16wgpu_3dgs_viewer6cameraNtB2_6Camera6yaw_by
FN:51,_RNvMNtCsjMvbNGsYfvH_16wgpu_3dgs_viewer6cameraNtB2_6Camera7move_by
FN:56,_RNvMNtCsjMvbNGsYfvH_16wgpu_3dgs_viewer6cameraNtB2_6Camera7move_up
FN:61,_RNvMNtCsjMvbNGsYfvH_16wgpu_3dgs_viewer6cameraNtB2_6Camera8pitch_by
FN:80,_RNvMNtCsjMvbNGsYfvH_16wgpu_3dgs_viewer6cameraNtB2_6Camera9get_right
FN:90,_RNvXs_NtCsjMvbNGsYfvH_16wgpu_3dgs_viewer6cameraNtB4_6CameraNtB4_11CameraTrait10projection
FN:86,_RNvXs_NtCsjMvbNGsYfvH_16wgpu_3dgs_viewer6cameraNtB4_6CameraNtB4_11CameraTrait4view
FNDA:478,_RNvMNtCsjAfDNjLymyL_16wgpu_3dgs_viewer6cameraNtB2_6Camera11get_forward
FNDA:11,_RNvMNtCsjAfDNjLymyL_16wgpu_3dgs_viewer6cameraNtB2_6Camera3new
FNDA:156,_RNvMNtCsjAfDNjLymyL_16wgpu_3dgs_viewer6cameraNtB2_6Camera6yaw_by
FNDA:155,_RNvMNtCsjAfDNjLymyL_16wgpu_3dgs_viewer6cameraNtB2_6Camera7move_by
FNDA:155,_RNvMNtCsjAfDNjLymyL_16wgpu_3dgs_viewer6cameraNtB2_6Camera7move_up
FNDA:156,_RNvMNtCsjAfDNjLymyL_16wgpu_3dgs_viewer6cameraNtB2_6Camera8pitch_by
FNDA:155,_RNvMNtCsjAfDNjLymyL_16wgpu_3dgs_viewer6cameraNtB2_6Camera9get_right
FNDA:168,_RNvXs_NtCsjAfDNjLymyL_16wgpu_3dgs_viewer6cameraNtB4_6CameraNtB4_11CameraTrait10projection
FNDA:168,_RNvXs_NtCsjAfDNjLymyL_16wgpu_3dgs_viewer6cameraNtB4_6CameraNtB4_11CameraTrait4view
FNDA:0,_RNvMNtCsjMvbNGsYfvH_16wgpu_3dgs_viewer6cameraNtB2_6Camera11get_forward
FNDA:0,_RNvMNtCsjMvbNGsYfvH_16wgpu_3dgs_viewer6cameraNtB2_6Camera3new
FNDA:0,_RNvMNtCsjMvbNGsYfvH_16wgpu_3dgs_viewer6cameraNtB2_6Camera6yaw_by
FNDA:0,_RNvMNtCsjMvbNGsYfvH_16wgpu_3dgs_viewer6cameraNtB2_6Camera7move_by
FNDA:0,_RNvMNtCsjMvbNGsYfvH_16wgpu_3dgs_viewer6cameraNtB2_6Camera7move_up
FNDA:0,_RNvMNtCsjMvbNGsYfvH_16wgpu_3dgs_viewer6cameraNtB2_6Camera8pitch_by
FNDA:0,_RNvMNtCsjMvbNGsYfvH_16wgpu_3dgs_viewer6cameraNtB2_6Camera9get_right
FNDA:0,_RNvXs_NtCsjMvbNGsYfvH_16wgpu_3dgs_viewer6cameraNtB4_6CameraNtB4_11CameraTrait10projection
FNDA:0,_RNvXs_NtCsjMvbNGsYfvH_16wgpu_3dgs_viewer6cameraNtB4_6CameraNtB4_11CameraTrait4view
FNF:9
FNH:9
DA:40,11
DA:41,11
DA:42,11
DA:43,11
DA:44,11
DA:45,11
DA:46,11
DA:47,11
DA:48,11
DA:51,155
DA:52,155
DA:53,155
DA:56,155
DA:57,155
DA:58,155
DA:61,156
DA:62,156
DA:63,156
DA:66,156
DA:67,156
DA:68,156
DA:71,478
DA:72,478
DA:73,478
DA:74,478
DA:75,478
DA:77,478
DA:80,155
DA:81,155
DA:82,155
DA:86,168
DA:87,168
DA:88,168
DA:90,168
DA:91,168
DA:92,168
BRF:0
BRH:0
LF:36
LH:36
end_of_record
SF:C:\Users\s2010\Me\Codes\Rust\wgpu-3dgs-viewer\src\lib.rs
FN:216,_RNvMCsjAfDNjLymyL_16wgpu_3dgs_viewerNtB2_6Viewer22update_camera_with_podCskHWTcKnagmk_3mod
FN:221,_RNvMCsjAfDNjLymyL_16wgpu_3dgs_viewerNtB2_6Viewer22update_model_transformCskHWTcKnagmk_3mod
FN:241,_RNvMCsjAfDNjLymyL_16wgpu_3dgs_viewerNtB2_6Viewer25update_gaussian_transformCskHWTcKnagmk_3mod
FN:232,_RNvMCsjAfDNjLymyL_16wgpu_3dgs_viewerNtB2_6Viewer31update_model_transform_with_podCskHWTcKnagmk_3mod
FN:255,_RNvMCsjAfDNjLymyL_16wgpu_3dgs_viewerNtB2_6Viewer34update_gaussian_transform_with_podCskHWTcKnagmk_3mod
FN:85,_RNvMCsjAfDNjLymyL_16wgpu_3dgs_viewerNtB2_6Viewer3newCskHWTcKnagmk_3mod
FN:264,_RNvMCsjAfDNjLymyL_16wgpu_3dgs_viewerNtB2_6Viewer6renderCskHWTcKnagmk_3mod
FN:104,_RNvMCsjAfDNjLymyL_16wgpu_3dgs_viewerNtB2_6Viewer8new_withCskHWTcKnagmk_3mod
FN:206,_RINvMCsjMvbNGsYfvH_16wgpu_3dgs_viewerINtB3_6ViewerpE13update_camerapEB3_
FN:216,_RNvMCsjMvbNGsYfvH_16wgpu_3dgs_viewerINtB2_6ViewerpE22update_camera_with_podB2_
FN:221,_RNvMCsjMvbNGsYfvH_16wgpu_3dgs_viewerINtB2_6ViewerpE22update_model_transformB2_
FN:241,_RNvMCsjMvbNGsYfvH_16wgpu_3dgs_viewerINtB2_6ViewerpE25update_gaussian_transformB2_
FN:232,_RNvMCsjMvbNGsYfvH_16wgpu_3dgs_viewerINtB2_6ViewerpE31update_model_transform_with_podB2_
FN:255,_RNvMCsjMvbNGsYfvH_16wgpu_3dgs_viewerINtB2_6ViewerpE34update_gaussian_transform_with_podB2_
FN:85,_RNvMCsjMvbNGsYfvH_16wgpu_3dgs_viewerINtB2_6ViewerpE3newB2_
FN:264,_RNvMCsjMvbNGsYfvH_16wgpu_3dgs_viewerINtB2_6ViewerpE6renderB2_
FN:104,_RNvMCsjMvbNGsYfvH_16wgpu_3dgs_viewerINtB2_6ViewerpE8new_withB2_
FN:206,_RINvMCsjAfDNjLymyL_16wgpu_3dgs_viewerNtB3_6Viewer13update_cameraNtNtB3_6camera6CameraECsaEBMRA9cDqq_9selection
FN:221,_RNvMCsjAfDNjLymyL_16wgpu_3dgs_viewerNtB2_6Viewer22update_model_transformCsaEBMRA9cDqq_9selection
FN:264,_RNvMCsjAfDNjLymyL_16wgpu_3dgs_viewerNtB2_6Viewer6renderCsaEBMRA9cDqq_9selection
FN:104,_RNvMCsjAfDNjLymyL_16wgpu_3dgs_viewerNtB2_6Viewer8new_withCsaEBMRA9cDqq_9selection
FN:206,_RINvMCsjAfDNjLymyL_16wgpu_3dgs_viewerNtB3_6Viewer13update_cameraNtNtB3_6camera6CameraECsiA5QZE4OIiA_6simple
FN:221,_RNvMCsjAfDNjLymyL_16wgpu_3dgs_viewerNtB2_6Viewer22update_model_transformCsiA5QZE4OIiA_6simple
FN:241,_RNvMCsjAfDNjLymyL_16wgpu_3dgs_viewerNtB2_6Viewer25update_gaussian_transformCsiA5QZE4OIiA_6simple
FN:85,_RNvMCsjAfDNjLymyL_16wgpu_3dgs_viewerNtB2_6Viewer3newCsiA5QZE4OIiA_6simple
FN:264,_RNvMCsjAfDNjLymyL_16wgpu_3dgs_viewerNtB2_6Viewer6renderCsiA5QZE4OIiA_6simple
FN:104,_RNvMCsjAfDNjLymyL_16wgpu_3dgs_viewerNtB2_6Viewer8new_withCsiA5QZE4OIiA_6simple
FNDA:5,_RNvMCsjAfDNjLymyL_16wgpu_3dgs_viewerNtB2_6Viewer22update_camera_with_podCskHWTcKnagmk_3mod
FNDA:1,_RNvMCsjAfDNjLymyL_16wgpu_3dgs_viewerNtB2_6Viewer22update_model_transformCskHWTcKnagmk_3mod
FNDA:1,_RNvMCsjAfDNjLymyL_16wgpu_3dgs_viewerNtB2_6Viewer25update_gaussian_transformCskHWTcKnagmk_3mod
FNDA:1,_RNvMCsjAfDNjLymyL_16wgpu_3dgs_viewerNtB2_6Viewer31update_model_transform_with_podCskHWTcKnagmk_3mod
FNDA:1,_RNvMCsjAfDNjLymyL_16wgpu_3dgs_viewerNtB2_6Viewer34update_gaussian_transform_with_podCskHWTcKnagmk_3mod
FNDA:5,_RNvMCsjAfDNjLymyL_16wgpu_3dgs_viewerNtB2_6Viewer3newCskHWTcKnagmk_3mod
FNDA:5,_RNvMCsjAfDNjLymyL_16wgpu_3dgs_viewerNtB2_6Viewer6renderCskHWTcKnagmk_3mod
FNDA:8,_RNvMCsjAfDNjLymyL_16wgpu_3dgs_viewerNtB2_6Viewer8new_withCskHWTcKnagmk_3mod
FNDA:0,_RINvMCsjMvbNGsYfvH_16wgpu_3dgs_viewerINtB3_6ViewerpE13update_camerapEB3_
FNDA:0,_RNvMCsjMvbNGsYfvH_16wgpu_3dgs_viewerINtB2_6ViewerpE22update_camera_with_podB2_
FNDA:0,_RNvMCsjMvbNGsYfvH_16wgpu_3dgs_viewerINtB2_6ViewerpE22update_model_transformB2_
FNDA:0,_RNvMCsjMvbNGsYfvH_16wgpu_3dgs_viewerINtB2_6ViewerpE25update_gaussian_transformB2_
FNDA:0,_RNvMCsjMvbNGsYfvH_16wgpu_3dgs_viewerINtB2_6ViewerpE31update_model_transform_with_podB2_
FNDA:0,_RNvMCsjMvbNGsYfvH_16wgpu_3dgs_viewerINtB2_6ViewerpE34update_gaussian_transform_with_podB2_
FNDA:0,_RNvMCsjMvbNGsYfvH_16wgpu_3dgs_viewerINtB2_6ViewerpE3newB2_
FNDA:0,_RNvMCsjMvbNGsYfvH_16wgpu_3dgs_viewerINtB2_6ViewerpE6renderB2_
FNDA:0,_RNvMCsjMvbNGsYfvH_16wgpu_3dgs_viewerINtB2_6ViewerpE8new_withB2_
FNDA:155,_RINvMCsjAfDNjLymyL_16wgpu_3dgs_viewerNtB3_6Viewer13update_cameraNtNtB3_6camera6CameraECsaEBMRA9cDqq_9selection
FNDA:1,_RNvMCsjAfDNjLymyL_16wgpu_3dgs_viewerNtB2_6Viewer22update_model_transformCsaEBMRA9cDqq_9selection
FNDA:155,_RNvMCsjAfDNjLymyL_16wgpu_3dgs_viewerNtB2_6Viewer6renderCsaEBMRA9cDqq_9selection
FNDA:1,_RNvMCsjAfDNjLymyL_16wgpu_3dgs_viewerNtB2_6Viewer8new_withCsaEBMRA9cDqq_9selection
FNDA:0,_RINvMCsjAfDNjLymyL_16wgpu_3dgs_viewerNtB3_6Viewer13update_cameraNtNtB3_6camera6CameraECsiA5QZE4OIiA_6simple
FNDA:0,_RNvMCsjAfDNjLymyL_16wgpu_3dgs_viewerNtB2_6Viewer22update_model_transformCsiA5QZE4OIiA_6simple
FNDA:0,_RNvMCsjAfDNjLymyL_16wgpu_3dgs_viewerNtB2_6Viewer25update_gaussian_transformCsiA5QZE4OIiA_6simple
FNDA:0,_RNvMCsjAfDNjLymyL_16wgpu_3dgs_viewerNtB2_6Viewer3newCsiA5QZE4OIiA_6simple
FNDA:0,_RNvMCsjAfDNjLymyL_16wgpu_3dgs_viewerNtB2_6Viewer6renderCsiA5QZE4OIiA_6simple
FNDA:0,_RNvMCsjAfDNjLymyL_16wgpu_3dgs_viewerNtB2_6Viewer8new_withCsiA5QZE4OIiA_6simple
FNF:9
FNH:9
DA:85,5
DA:86,5
DA:87,5
DA:88,5
DA:89,5
DA:90,5
DA:91,5
DA:92,5
DA:93,5
DA:95,5
DA:97,5
DA:104,9
DA:105,9
DA:106,9
DA:107,9
DA:108,9
DA:109,9
DA:110,9
DA:111,9
DA:112,9
DA:114,9
DA:115,9
DA:117,9
DA:118,9
DA:120,9
DA:121,9
DA:122,9
DA:124,9
DA:125,9
DA:127,9
DA:128,9
DA:130,9
DA:131,9
DA:132,9
DA:134,9
DA:135,9
DA:136,9
DA:139,9
DA:140,9
DA:141,9
DA:145,9
DA:146,9
DA:147,9
DA:150,9
DA:151,9
DA:152,9
DA:153,9
DA:154,9
DA:155,9
DA:156,9
DA:157,9
DA:158,9
DA:159,9
DA:160,9
DA:162,9
DA:164,9
DA:165,0
DA:167,9
DA:168,9
DA:169,9
DA:171,9
DA:172,9
DA:173,9
DA:174,9
DA:175,9
DA:176,9
DA:177,9
DA:178,9
DA:179,9
DA:180,9
DA:181,0
DA:183,9
DA:185,9
DA:186,9
DA:187,9
DA:188,9
DA:189,9
DA:190,9
DA:191,9
DA:192,9
DA:193,9
DA:194,9
DA:195,9
DA:196,9
DA:197,9
DA:198,9
DA:199,9
DA:200,9
DA:201,9
DA:202,9
DA:203,9
DA:206,155
DA:207,155
DA:208,155
DA:209,155
DA:210,155
DA:211,155
DA:212,155
DA:213,155
DA:216,5
DA:217,5
DA:218,5
DA:221,2
DA:222,2
DA:223,2
DA:224,2
DA:225,2
DA:226,2
DA:227,2
DA:228,2
DA:229,2
DA:232,1
DA:233,1
DA:234,1
DA:235,1
DA:236,1
DA:237,1
DA:238,1
DA:241,1
DA:242,1
DA:243,1
DA:244,1
DA:245,1
DA:246,1
DA:247,1
DA:248,1
DA:249,1
DA:250,1
DA:251,1
DA:252,1
DA:255,1
DA:256,1
DA:257,1
DA:258,1
DA:259,1
DA:260,1
DA:261,1
DA:264,160
DA:265,160
DA:266,160
DA:268,160
DA:269,160
DA:271,160
DA:272,160
DA:273,160
BRF:0
BRH:0
LF:145
LH:143
end_of_record
SF:C:\Users\s2010\Me\Codes\Rust\wgpu-3dgs-viewer\src\multi_model.rs
FN:28,_RINvMNtCsjMvbNGsYfvH_16wgpu_3dgs_viewer11multi_modelNtB3_28MultiModelViewerWorldBuffers13update_camerapEB5_
FN:217,_RINvMs0_NtCsjMvbNGsYfvH_16wgpu_3dgs_viewer11multi_modelNtB6_26MultiModelViewerBindGroups3newpEB8_
FN:371,_RINvMs1_NtCsjMvbNGsYfvH_16wgpu_3dgs_viewer11multi_modelINtB6_16MultiModelViewerppE13update_camerapEB8_
FN:458,_RNCNvMs1_NtCsjMvbNGsYfvH_16wgpu_3dgs_viewer11multi_modelINtB7_16MultiModelViewerppE6render0B9_
FN:38,_RNvMNtCsjMvbNGsYfvH_16wgpu_3dgs_viewer11multi_modelNtB2_28MultiModelViewerWorldBuffers22update_camera_with_pod
FN:43,_RNvMNtCsjMvbNGsYfvH_16wgpu_3dgs_viewer11multi_modelNtB2_28MultiModelViewerWorldBuffers25update_gaussian_transform
FN:57,_RNvMNtCsjMvbNGsYfvH_16wgpu_3dgs_viewer11multi_modelNtB2_28MultiModelViewerWorldBuffers34update_gaussian_transform_with_pod
FN:14,_RNvMNtCsjMvbNGsYfvH_16wgpu_3dgs_viewer11multi_modelNtB2_28MultiModelViewerWorldBuffers3new
FN:326,_RNvMs1_NtCsjMvbNGsYfvH_16wgpu_3dgs_viewer11multi_modelINtB5_16MultiModelViewerppE12insert_modelB7_
FN:366,_RNvMs1_NtCsjMvbNGsYfvH_16wgpu_3dgs_viewer11multi_modelINtB5_16MultiModelViewerppE12remove_modelB7_
FN:339,_RNvMs1_NtCsjMvbNGsYfvH_16wgpu_3dgs_viewer11multi_modelINtB5_16MultiModelViewerppE17insert_model_withB7_
FN:382,_RNvMs1_NtCsjMvbNGsYfvH_16wgpu_3dgs_viewer11multi_modelINtB5_16MultiModelViewerppE22update_camera_with_podB7_
FN:387,_RNvMs1_NtCsjMvbNGsYfvH_16wgpu_3dgs_viewer11multi_modelINtB5_16MultiModelViewerppE22update_model_transformB7_
FN:419,_RNvMs1_NtCsjMvbNGsYfvH_16wgpu_3dgs_viewer11multi_modelINtB5_16MultiModelViewerppE25update_gaussian_transformB7_
FN:404,_RNvMs1_NtCsjMvbNGsYfvH_16wgpu_3dgs_viewer11multi_modelINtB5_16MultiModelViewerppE31update_model_transform_with_podB7_
FN:439,_RNvMs1_NtCsjMvbNGsYfvH_16wgpu_3dgs_viewer11multi_modelINtB5_16MultiModelViewerppE34update_gaussian_transform_with_podB7_
FN:284,_RNvMs1_NtCsjMvbNGsYfvH_16wgpu_3dgs_viewer11multi_modelINtB5_16MultiModelViewerppE3newB7_
FN:450,_RNvMs1_NtCsjMvbNGsYfvH_16wgpu_3dgs_viewer11multi_modelINtB5_16MultiModelViewerppE6renderB7_
FN:295,_RNvMs1_NtCsjMvbNGsYfvH_16wgpu_3dgs_viewer11multi_modelINtB5_16MultiModelViewerppE8new_withB7_
FN:187,_RNvMs_NtCsjMvbNGsYfvH_16wgpu_3dgs_viewer11multi_modelINtB4_31MultiModelViewerGaussianBufferspE22update_model_transformB6_
FN:198,_RNvMs_NtCsjMvbNGsYfvH_16wgpu_3dgs_viewer11multi_modelINtB4_31MultiModelViewerGaussianBufferspE31update_model_transform_with_podB6_
FN:83,_RNvMs_NtCsjMvbNGsYfvH_16wgpu_3dgs_viewer11multi_modelINtB4_31MultiModelViewerGaussianBufferspE3newB6_
FN:88,_RNvMs_NtCsjMvbNGsYfvH_16wgpu_3dgs_viewer11multi_modelINtB4_31MultiModelViewerGaussianBufferspE8new_withB6_
FN:141,_RNvMs_NtCsjMvbNGsYfvH_16wgpu_3dgs_viewer11multi_modelINtB4_31MultiModelViewerGaussianBufferspE9new_emptyB6_
FN:28,_RINvMNtCsjAfDNjLymyL_16wgpu_3dgs_viewer11multi_modelNtB3_28MultiModelViewerWorldBuffers13update_cameraNtNtB5_6camera6CameraECsgCUhY3MwoBc_11multi_model
FN:217,_RINvMs0_NtCsjAfDNjLymyL_16wgpu_3dgs_viewer11multi_modelNtB6_26MultiModelViewerBindGroups3newNtNtNtCs7uIZbJPR652_14wgpu_3dgs_core6buffer8gaussian41GaussianPodWithShSingleCov3dSingleConfigsECsgCUhY3MwoBc_11multi_model
FN:371,_RINvMs1_NtCsjAfDNjLymyL_16wgpu_3dgs_viewer11multi_modelINtB6_16MultiModelViewerNtNtNtCs7uIZbJPR652_14wgpu_3dgs_core6buffer8gaussian41GaussianPodWithShSingleCov3dSingleConfigsjE13update_cameraNtNtB8_6camera6CameraECsgCUhY3MwoBc_11multi_model
FN:458,_RNCNvMs1_NtCsjAfDNjLymyL_16wgpu_3dgs_viewer11multi_modelINtB7_16MultiModelViewerNtNtNtCs7uIZbJPR652_14wgpu_3dgs_core6buffer8gaussian41GaussianPodWithShSingleCov3dSingleConfigsjE6render0CsgCUhY3MwoBc_11multi_model
FN:326,_RNvMs1_NtCsjAfDNjLymyL_16wgpu_3dgs_viewer11multi_modelINtB5_16MultiModelViewerNtNtNtCs7uIZbJPR652_14wgpu_3dgs_core6buffer8gaussian41GaussianPodWithShSingleCov3dSingleConfigsjE12insert_modelCsgCUhY3MwoBc_11multi_model
FN:339,_RNvMs1_NtCsjAfDNjLymyL_16wgpu_3dgs_viewer11multi_modelINtB5_16MultiModelViewerNtNtNtCs7uIZbJPR652_14wgpu_3dgs_core6buffer8gaussian41GaussianPodWithShSingleCov3dSingleConfigsjE17insert_model_withCsgCUhY3MwoBc_11multi_model
FN:387,_RNvMs1_NtCsjAfDNjLymyL_16wgpu_3dgs_viewer11multi_modelINtB5_16MultiModelViewerNtNtNtCs7uIZbJPR652_14wgpu_3dgs_core6buffer8gaussian41GaussianPodWithShSingleCov3dSingleConfigsjE22update_model_transformCsgCUhY3MwoBc_11multi_model
FN:284,_RNvMs1_NtCsjAfDNjLymyL_16wgpu_3dgs_viewer11multi_modelINtB5_16MultiModelViewerNtNtNtCs7uIZbJPR652_14wgpu_3dgs_core6buffer8gaussian41GaussianPodWithShSingleCov3dSingleConfigsjE3newCsgCUhY3MwoBc_11multi_model
FN:450,_RNvMs1_NtCsjAfDNjLymyL_16wgpu_3dgs_viewer11multi_modelINtB5_16MultiModelViewerNtNtNtCs7uIZbJPR652_14wgpu_3dgs_core6buffer8gaussian41GaussianPodWithShSingleCov3dSingleConfigsjE6renderCsgCUhY3MwoBc_11multi_model
FN:295,_RNvMs1_NtCsjAfDNjLymyL_16wgpu_3dgs_viewer11multi_modelINtB5_16MultiModelViewerNtNtNtCs7uIZbJPR652_14wgpu_3dgs_core6buffer8gaussian41GaussianPodWithShSingleCov3dSingleConfigsjE8new_withCsgCUhY3MwoBc_11multi_model
FN:187,_RNvMs_NtCsjAfDNjLymyL_16wgpu_3dgs_viewer11multi_modelNtB4_31MultiModelViewerGaussianBuffers22update_model_transformCsgCUhY3MwoBc_11multi_model
FN:88,_RNvMs_NtCsjAfDNjLymyL_16wgpu_3dgs_viewer11multi_modelNtB4_31MultiModelViewerGaussianBuffers8new_withCsgCUhY3MwoBc_11multi_model
FN:38,_RNvMNtCsjAfDNjLymyL_16wgpu_3dgs_viewer11multi_modelNtB2_28MultiModelViewerWorldBuffers22update_camera_with_pod
FN:43,_RNvMNtCsjAfDNjLymyL_16wgpu_3dgs_viewer11multi_modelNtB2_28MultiModelViewerWorldBuffers25update_gaussian_transform
FN:57,_RNvMNtCsjAfDNjLymyL_16wgpu_3dgs_viewer11multi_modelNtB2_28MultiModelViewerWorldBuffers34update_gaussian_transform_with_pod
FN:14,_RNvMNtCsjAfDNjLymyL_16wgpu_3dgs_viewer11multi_modelNtB2_28MultiModelViewerWorldBuffers3new
FNDA:0,_RINvMNtCsjMvbNGsYfvH_16wgpu_3dgs_viewer11multi_modelNtB3_28MultiModelViewerWorldBuffers13update_camerapEB5_
FNDA:0,_RINvMs0_NtCsjMvbNGsYfvH_16wgpu_3dgs_viewer11multi_modelNtB6_26MultiModelViewerBindGroups3newpEB8_
FNDA:0,_RINvMs1_NtCsjMvbNGsYfvH_16wgpu_3dgs_viewer11multi_modelINtB6_16MultiModelViewerppE13update_camerapEB8_
FNDA:0,_RNCNvMs1_NtCsjMvbNGsYfvH_16wgpu_3dgs_viewer11multi_modelINtB7_16MultiModelViewerppE6render0B9_
FNDA:0,_RNvMNtCsjMvbNGsYfvH_16wgpu_3dgs_viewer11multi_modelNtB2_28MultiModelViewerWorldBuffers22update_camera_with_pod
FNDA:0,_RNvMNtCsjMvbNGsYfvH_16wgpu_3dgs_viewer11multi_modelNtB2_28MultiModelViewerWorldBuffers25update_gaussian_transform
FNDA:0,_RNvMNtCsjMvbNGsYfvH_16wgpu_3dgs_viewer11multi_modelNtB2_28MultiModelViewerWorldBuffers34update_gaussian_transform_with_pod
FNDA:0,_RNvMNtCsjMvbNGsYfvH_16wgpu_3dgs_viewer11multi_modelNtB2_28MultiModelViewerWorldBuffers3new
FNDA:0,_RNvMs1_NtCsjMvbNGsYfvH_16wgpu_3dgs_viewer11multi_modelINtB5_16MultiModelViewerppE12insert_modelB7_
FNDA:0,_RNvMs1_NtCsjMvbNGsYfvH_16wgpu_3dgs_viewer11multi_modelINtB5_16MultiModelViewerppE12remove_modelB7_
FNDA:0,_RNvMs1_NtCsjMvbNGsYfvH_16wgpu_3dgs_viewer11multi_modelINtB5_16MultiModelViewerppE17insert_model_withB7_
FNDA:0,_RNvMs1_NtCsjMvbNGsYfvH_16wgpu_3dgs_viewer11multi_modelINtB5_16MultiModelViewerppE22update_camera_with_podB7_
FNDA:0,_RNvMs1_NtCsjMvbNGsYfvH_16wgpu_3dgs_viewer11multi_modelINtB5_16MultiModelViewerppE22update_model_transformB7_
FNDA:0,_RNvMs1_NtCsjMvbNGsYfvH_16wgpu_3dgs_viewer11multi_modelINtB5_16MultiModelViewerppE25update_gaussian_transformB7_
FNDA:0,_RNvMs1_NtCsjMvbNGsYfvH_16wgpu_3dgs_viewer11multi_modelINtB5_16MultiModelViewerppE31update_model_transform_with_podB7_
FNDA:0,_RNvMs1_NtCsjMvbNGsYfvH_16wgpu_3dgs_viewer11multi_modelINtB5_16MultiModelViewerppE34update_gaussian_transform_with_podB7_
FNDA:0,_RNvMs1_NtCsjMvbNGsYfvH_16wgpu_3dgs_viewer11multi_modelINtB5_16MultiModelViewerppE3newB7_
FNDA:0,_RNvMs1_NtCsjMvbNGsYfvH_16wgpu_3dgs_viewer11multi_modelINtB5_16MultiModelViewerppE6renderB7_
FNDA:0,_RNvMs1_NtCsjMvbNGsYfvH_16wgpu_3dgs_viewer11multi_modelINtB5_16MultiModelViewerppE8new_withB7_
FNDA:0,_RNvMs_NtCsjMvbNGsYfvH_16wgpu_3dgs_viewer11multi_modelINtB4_31MultiModelViewerGaussianBufferspE22update_model_transformB6_
FNDA:0,_RNvMs_NtCsjMvbNGsYfvH_16wgpu_3dgs_viewer11multi_modelINtB4_31MultiModelViewerGaussianBufferspE31update_model_transform_with_podB6_
FNDA:0,_RNvMs_NtCsjMvbNGsYfvH_16wgpu_3dgs_viewer11multi_modelINtB4_31MultiModelViewerGaussianBufferspE3newB6_
FNDA:0,_RNvMs_NtCsjMvbNGsYfvH_16wgpu_3dgs_viewer11multi_modelINtB4_31MultiModelViewerGaussianBufferspE8new_withB6_
FNDA:0,_RNvMs_NtCsjMvbNGsYfvH_16wgpu_3dgs_viewer11multi_modelINtB4_31MultiModelViewerGaussianBufferspE9new_emptyB6_
FNDA:0,_RINvMNtCsjAfDNjLymyL_16wgpu_3dgs_viewer11multi_modelNtB3_28MultiModelViewerWorldBuffers13update_cameraNtNtB5_6camera6CameraECsgCUhY3MwoBc_11multi_model
FNDA:0,_RINvMs0_NtCsjAfDNjLymyL_16wgpu_3dgs_viewer11multi_modelNtB6_26MultiModelViewerBindGroups3newNtNtNtCs7uIZbJPR652_14wgpu_3dgs_core6buffer8gaussian41GaussianPodWithShSingleCov3dSingleConfigsECsgCUhY3MwoBc_11multi_model
FNDA:0,_RINvMs1_NtCsjAfDNjLymyL_16wgpu_3dgs_viewer11multi_modelINtB6_16MultiModelViewerNtNtNtCs7uIZbJPR652_14wgpu_3dgs_core6buffer8gaussian41GaussianPodWithShSingleCov3dSingleConfigsjE13update_cameraNtNtB8_6camera6CameraECsgCUhY3MwoBc_11multi_model
FNDA:0,_RNCNvMs1_NtCsjAfDNjLymyL_16wgpu_3dgs_viewer11multi_modelINtB7_16MultiModelViewerNtNtNtCs7uIZbJPR652_14wgpu_3dgs_core6buffer8gaussian41GaussianPodWithShSingleCov3dSingleConfigsjE6render0CsgCUhY3MwoBc_11multi_model
FNDA:0,_RNvMs1_NtCsjAfDNjLymyL_16wgpu_3dgs_viewer11multi_modelINtB5_16MultiModelViewerNtNtNtCs7uIZbJPR652_14wgpu_3dgs_core6buffer8gaussian41GaussianPodWithShSingleCov3dSingleConfigsjE12insert_modelCsgCUhY3MwoBc_11multi_model
FNDA:0,_RNvMs1_NtCsjAfDNjLymyL_16wgpu_3dgs_viewer11multi_modelINtB5_16MultiModelViewerNtNtNtCs7uIZbJPR652_14wgpu_3dgs_core6buffer8gaussian41GaussianPodWithShSingleCov3dSingleConfigsjE17insert_model_withCsgCUhY3MwoBc_11multi_model
FNDA:0,_RNvMs1_NtCsjAfDNjLymyL_16wgpu_3dgs_viewer11multi_modelINtB5_16MultiModelViewerNtNtNtCs7uIZbJPR652_14wgpu_3dgs_core6buffer8gaussian41GaussianPodWithShSingleCov3dSingleConfigsjE22update_model_transformCsgCUhY3MwoBc_11multi_model
FNDA:0,_RNvMs1_NtCsjAfDNjLymyL_16wgpu_3dgs_viewer11multi_modelINtB5_16MultiModelViewerNtNtNtCs7uIZbJPR652_14wgpu_3dgs_core6buffer8gaussian41GaussianPodWithShSingleCov3dSingleConfigsjE3newCsgCUhY3MwoBc_11multi_model
FNDA:0,_RNvMs1_NtCsjAfDNjLymyL_16wgpu_3dgs_viewer11multi_modelINtB5_16MultiModelViewerNtNtNtCs7uIZbJPR652_14wgpu_3dgs_core6buffer8gaussian41GaussianPodWithShSingleCov3dSingleConfigsjE6renderCsgCUhY3MwoBc_11multi_model
FNDA:0,_RNvMs1_NtCsjAfDNjLymyL_16wgpu_3dgs_viewer11multi_modelINtB5_16MultiModelViewerNtNtNtCs7uIZbJPR652_14wgpu_3dgs_core6buffer8gaussian41GaussianPodWithShSingleCov3dSingleConfigsjE8new_withCsgCUhY3MwoBc_11multi_model
FNDA:0,_RNvMs_NtCsjAfDNjLymyL_16wgpu_3dgs_viewer11multi_modelNtB4_31MultiModelViewerGaussianBuffers22update_model_transformCsgCUhY3MwoBc_11multi_model
FNDA:0,_RNvMs_NtCsjAfDNjLymyL_16wgpu_3dgs_viewer11multi_modelNtB4_31MultiModelViewerGaussianBuffers8new_withCsgCUhY3MwoBc_11multi_model
FNDA:0,_RNvMNtCsjAfDNjLymyL_16wgpu_3dgs_viewer11multi_modelNtB2_28MultiModelViewerWorldBuffers22update_camera_with_pod
FNDA:0,_RNvMNtCsjAfDNjLymyL_16wgpu_3dgs_viewer11multi_modelNtB2_28MultiModelViewerWorldBuffers25update_gaussian_transform
FNDA:0,_RNvMNtCsjAfDNjLymyL_16wgpu_3dgs_viewer11multi_modelNtB2_28MultiModelViewerWorldBuffers34update_gaussian_transform_with_pod
FNDA:0,_RNvMNtCsjAfDNjLymyL_16wgpu_3dgs_viewer11multi_modelNtB2_28MultiModelViewerWorldBuffers3new
FNF:24
FNH:0
DA:14,0
DA:15,0
DA:16,0
DA:18,0
DA:19,0
DA:21,0
DA:22,0
DA:23,0
DA:24,0
DA:25,0
DA:28,0
DA:29,0
DA:30,0
DA:31,0
DA:32,0
DA:33,0
DA:34,0
DA:35,0
DA:38,0
DA:39,0
DA:40,0
DA:43,0
DA:44,0
DA:45,0
DA:46,0
DA:47,0
DA:48,0
DA:49,0
DA:50,0
DA:51,0
DA:52,0
DA:53,0
DA:54,0
DA:57,0
DA:58,0
DA:59,0
DA:60,0
DA:61,0
DA:62,0
DA:63,0
DA:83,0
DA:84,0
DA:85,0
DA:88,0
DA:89,0
DA:90,0
DA:91,0
DA:92,0
DA:93,0
DA:94,0
DA:96,0
DA:97,0
DA:98,0
DA:100,0
DA:101,0
DA:103,0
DA:104,0
DA:106,0
DA:107,0
DA:108,0
DA:110,0
DA:111,0
DA:112,0
DA:115,0
DA:116,0
DA:117,0
DA:121,0
DA:122,0
DA:123,0
DA:126,0
DA:127,0
DA:128,0
DA:129,0
DA:130,0
DA:131,0
DA:132,0
DA:133,0
DA:134,0
DA:135,0
DA:136,0
DA:137,0
DA:138,0
DA:141,0
DA:142,0
DA:143,0
DA:145,0
DA:146,0
DA:148,0
DA:149,0
DA:151,0
DA:152,0
DA:154,0
DA:155,0
DA:157,0
DA:158,0
DA:161,0
DA:162,0
DA:163,0
DA:167,0
DA:168,0
DA:169,0
DA:172,0
DA:173,0
DA:174,0
DA:175,0
DA:176,0
DA:177,0
DA:178,0
DA:179,0
DA:180,0
DA:181,0
DA:182,0
DA:183,0
DA:184,0
DA:187,0
DA:188,0
DA:189,0
DA:190,0
DA:191,0
DA:192,0
DA:193,0
DA:194,0
DA:195,0
DA:198,0
DA:199,0
DA:200,0
DA:201,0
DA:202,0
DA:203,0
DA:204,0
DA:217,0
DA:218,0
DA:219,0
DA:220,0
DA:221,0
DA:222,0
DA:223,0
DA:224,0
DA:225,0
DA:226,0
DA:227,0
DA:228,0
DA:229,0
DA:230,0
DA:231,0
DA:232,0
DA:233,0
DA:234,0
DA:236,0
DA:238,0
DA:240,0
DA:241,0
DA:242,0
DA:243,0
DA:245,0
DA:246,0
DA:247,0
DA:248,0
DA:249,0
DA:250,0
DA:251,0
DA:254,0
DA:255,0
DA:256,0
DA:257,0
DA:258,0
DA:259,0
DA:284,0
DA:285,0
DA:286,0
DA:287,0
DA:288,0
DA:289,0
DA:295,0
DA:296,0
DA:297,0
DA:298,0
DA:299,0
DA:300,0
DA:302,0
DA:303,0
DA:305,0
DA:306,0
DA:308,0
DA:309,0
DA:311,0
DA:312,0
DA:314,0
DA:316,0
DA:317,0
DA:318,0
DA:319,0
DA:320,0
DA:321,0
DA:322,0
DA:323,0
DA:326,0
DA:327,0
DA:328,0
DA:329,0
DA:330,0
DA:331,0
DA:332,0
DA:333,0
DA:339,0
DA:340,0
DA:341,0
DA:342,0
DA:343,0
DA:344,0
DA:345,0
DA:346,0
DA:347,0
DA:348,0
DA:349,0
DA:350,0
DA:351,0
DA:352,0
DA:353,0
DA:354,0
DA:356,0
DA:357,0
DA:358,0
DA:359,0
DA:360,0
DA:361,0
DA:363,0
DA:366,0
DA:367,0
DA:368,0
DA:371,0
DA:372,0
DA:373,0
DA:374,0
DA:375,0
DA:376,0
DA:377,0
DA:378,0
DA:379,0
DA:382,0
DA:383,0
DA:384,0
DA:387,0
DA:388,0
DA:389,0
DA:390,0
DA:391,0
DA:392,0
DA:393,0
DA:394,0
DA:395,0
DA:396,0
DA:397,0
DA:399,0
DA:400,0
DA:401,0
DA:404,0
DA:405,0
DA:406,0
DA:407,0
DA:408,0
DA:409,0
DA:410,0
DA:411,0
DA:412,0
DA:414,0
DA:415,0
DA:416,0
DA:419,0
DA:420,0
DA:421,0
DA:422,0
DA:423,0
DA:424,0
DA:425,0
DA:426,0
DA:427,0
DA:428,0
DA:429,0
DA:430,0
DA:431,0
DA:432,0
DA:433,0
DA:434,0
DA:436,0
DA:439,0
DA:440,0
DA:441,0
DA:442,0
DA:443,0
DA:444,0
DA:445,0
DA:446,0
DA:447,0
DA:450,0
DA:451,0
DA:452,0
DA:453,0
DA:454,0
DA:455,0
DA:456,0
DA:457,0
DA:458,0
DA:459,0
DA:460,0
DA:461,0
DA:462,0
DA:463,0
DA:465,0
DA:466,0
DA:467,0
DA:468,0
DA:469,0
DA:470,0
DA:471,0
DA:472,0
DA:473,0
DA:474,0
DA:475,0
DA:476,0
DA:477,0
DA:480,0
DA:481,0
DA:482,0
DA:483,0
DA:484,0
DA:485,0
DA:486,0
DA:487,0
DA:488,0
DA:489,0
DA:490,0
DA:491,0
DA:492,0
DA:493,0
DA:494,0
DA:496,0
DA:497,0
DA:498,0
DA:499,0
DA:500,0
DA:501,0
DA:502,0
DA:505,0
DA:506,0
BRF:0
BRH:0
LF:346
LH:0
end_of_record
SF:C:\Users\s2010\Me\Codes\Rust\wgpu-3dgs-viewer\src\preprocessor.rs
FN:368,_RNCNvMs0_NtCsjAfDNjLymyL_16wgpu_3dgs_viewer12preprocessorINtB7_12PreprocessorNtNtNtCs7uIZbJPR652_14wgpu_3dgs_core6buffer8gaussian41GaussianPodWithShSingleCov3dSingleConfigsuE22new_without_bind_group0CskHWTcKnagmk_3mod
FN:37,_RNvMNtCsjAfDNjLymyL_16wgpu_3dgs_viewer12preprocessorINtB2_12PreprocessorNtNtNtCs7uIZbJPR652_14wgpu_3dgs_core6buffer8gaussian41GaussianPodWithShSingleCov3dSingleConfigsuE17create_bind_groupCskHWTcKnagmk_3mod
FN:355,_RNvMs0_NtCsjAfDNjLymyL_16wgpu_3dgs_viewer12preprocessorINtB5_12PreprocessorNtNtNtCs7uIZbJPR652_14wgpu_3dgs_core6buffer8gaussian41GaussianPodWithShSingleCov3dSingleConfigsuE22new_without_bind_groupCskHWTcKnagmk_3mod
FN:263,_RNvMs_NtCsjAfDNjLymyL_16wgpu_3dgs_viewer12preprocessorINtB4_12PreprocessorNtNtNtCs7uIZbJPR652_14wgpu_3dgs_core6buffer8gaussian41GaussianPodWithShSingleCov3dSingleConfigsE10preprocessCskHWTcKnagmk_3mod
FN:274,_RNvMs_NtCsjAfDNjLymyL_16wgpu_3dgs_viewer12preprocessorINtB4_12PreprocessorNtNtNtCs7uIZbJPR652_14wgpu_3dgs_core6buffer8gaussian41GaussianPodWithShSingleCov3dSingleConfigsE24create_bind_group_staticCskHWTcKnagmk_3mod
FN:210,_RNvMs_NtCsjAfDNjLymyL_16wgpu_3dgs_viewer12preprocessorINtB4_12PreprocessorNtNtNtCs7uIZbJPR652_14wgpu_3dgs_core6buffer8gaussian41GaussianPodWithShSingleCov3dSingleConfigsE3newCskHWTcKnagmk_3mod
FN:368,_RNCNvMs0_NtCsjMvbNGsYfvH_16wgpu_3dgs_viewer12preprocessorINtB7_12PreprocessorpuE22new_without_bind_group0B9_
FN:71,_RNvMNtCsjMvbNGsYfvH_16wgpu_3dgs_viewer12preprocessorINtB2_12PreprocessorppE14workgroup_sizeB4_
FN:76,_RNvMNtCsjMvbNGsYfvH_16wgpu_3dgs_viewer12preprocessorINtB2_12PreprocessorppE17bind_group_layoutB4_
FN:37,_RNvMNtCsjMvbNGsYfvH_16wgpu_3dgs_viewer12preprocessorINtB2_12PreprocessorppE17create_bind_groupB4_
FN:418,_RNvMs0_NtCsjMvbNGsYfvH_16wgpu_3dgs_viewer12preprocessorINtB5_12PreprocessorpuE10preprocessB7_
FN:355,_RNvMs0_NtCsjMvbNGsYfvH_16wgpu_3dgs_viewer12preprocessorINtB5_12PreprocessorpuE22new_without_bind_groupB7_
FN:263,_RNvMs_NtCsjMvbNGsYfvH_16wgpu_3dgs_viewer12preprocessorINtB4_12PreprocessorpE10preprocessB6_
FN:274,_RNvMs_NtCsjMvbNGsYfvH_16wgpu_3dgs_viewer12preprocessorINtB4_12PreprocessorpE24create_bind_group_staticB6_
FN:210,_RNvMs_NtCsjMvbNGsYfvH_16wgpu_3dgs_viewer12preprocessorINtB4_12PreprocessorpE3newB6_
FN:368,_RNCNvMs0_NtCsjAfDNjLymyL_16wgpu_3dgs_viewer12preprocessorINtB7_12PreprocessorNtNtNtCs7uIZbJPR652_14wgpu_3dgs_core6buffer8gaussian41GaussianPodWithShSingleCov3dSingleConfigsuE22new_without_bind_group0CsgCUhY3MwoBc_11multi_model
FN:37,_RNvMNtCsjAfDNjLymyL_16wgpu_3dgs_viewer12preprocessorINtB2_12PreprocessorNtNtNtCs7uIZbJPR652_14wgpu_3dgs_core6buffer8gaussian41GaussianPodWithShSingleCov3dSingleConfigsuE17create_bind_groupCsgCUhY3MwoBc_11multi_model
FN:418,_RNvMs0_NtCsjAfDNjLymyL_16wgpu_3dgs_viewer12preprocessorINtB5_12PreprocessorNtNtNtCs7uIZbJPR652_14wgpu_3dgs_core6buffer8gaussian41GaussianPodWithShSingleCov3dSingleConfigsuE10preprocessCsgCUhY3MwoBc_11multi_model
FN:355,_RNvMs0_NtCsjAfDNjLymyL_16wgpu_3dgs_viewer12preprocessorINtB5_12PreprocessorNtNtNtCs7uIZbJPR652_14wgpu_3dgs_core6buffer8gaussian41GaussianPodWithShSingleCov3dSingleConfigsuE22new_without_bind_groupCsgCUhY3MwoBc_11multi_model
FN:274,_RNvMs_NtCsjAfDNjLymyL_16wgpu_3dgs_viewer12preprocessorINtB4_12PreprocessorNtNtNtCs7uIZbJPR652_14wgpu_3dgs_core6buffer8gaussian41GaussianPodWithShSingleCov3dSingleConfigsE24create_bind_group_staticCsgCUhY3MwoBc_11multi_model
FN:368,_RNCNvMs0_NtCsjAfDNjLymyL_16wgpu_3dgs_viewer12preprocessorINtB7_12PreprocessorNtNtNtCs7uIZbJPR652_14wgpu_3dgs_core6buffer8gaussian41GaussianPodWithShSingleCov3dSingleConfigsuE22new_without_bind_group0CsaEBMRA9cDqq_9selection
FN:37,_RNvMNtCsjAfDNjLymyL_16wgpu_3dgs_viewer12preprocessorINtB2_12PreprocessorNtNtNtCs7uIZbJPR652_14wgpu_3dgs_core6buffer8gaussian41GaussianPodWithShSingleCov3dSingleConfigsuE17create_bind_groupCsaEBMRA9cDqq_9selection
FN:355,_RNvMs0_NtCsjAfDNjLymyL_16wgpu_3dgs_viewer12preprocessorINtB5_12PreprocessorNtNtNtCs7uIZbJPR652_14wgpu_3dgs_core6buffer8gaussian41GaussianPodWithShSingleCov3dSingleConfigsuE22new_without_bind_groupCsaEBMRA9cDqq_9selection
FN:263,_RNvMs_NtCsjAfDNjLymyL_16wgpu_3dgs_viewer12preprocessorINtB4_12PreprocessorNtNtNtCs7uIZbJPR652_14wgpu_3dgs_core6buffer8gaussian41GaussianPodWithShSingleCov3dSingleConfigsE10preprocessCsaEBMRA9cDqq_9selection
FN:274,_RNvMs_NtCsjAfDNjLymyL_16wgpu_3dgs_viewer12preprocessorINtB4_12PreprocessorNtNtNtCs7uIZbJPR652_14wgpu_3dgs_core6buffer8gaussian41GaussianPodWithShSingleCov3dSingleConfigsE24create_bind_group_staticCsaEBMRA9cDqq_9selection
FN:210,_RNvMs_NtCsjAfDNjLymyL_16wgpu_3dgs_viewer12preprocessorINtB4_12PreprocessorNtNtNtCs7uIZbJPR652_14wgpu_3dgs_core6buffer8gaussian41GaussianPodWithShSingleCov3dSingleConfigsE3newCsaEBMRA9cDqq_9selection
FN:368,_RNCNvMs0_NtCsjAfDNjLymyL_16wgpu_3dgs_viewer12preprocessorINtB7_12PreprocessorNtNtNtCs7uIZbJPR652_14wgpu_3dgs_core6buffer8gaussian41GaussianPodWithShSingleCov3dSingleConfigsuE22new_without_bind_group0CsiA5QZE4OIiA_6simple
FN:37,_RNvMNtCsjAfDNjLymyL_16wgpu_3dgs_viewer12preprocessorINtB2_12PreprocessorNtNtNtCs7uIZbJPR652_14wgpu_3dgs_core6buffer8gaussian41GaussianPodWithShSingleCov3dSingleConfigsuE17create_bind_groupCsiA5QZE4OIiA_6simple
FN:355,_RNvMs0_NtCsjAfDNjLymyL_16wgpu_3dgs_viewer12preprocessorINtB5_12PreprocessorNtNtNtCs7uIZbJPR652_14wgpu_3dgs_core6buffer8gaussian41GaussianPodWithShSingleCov3dSingleConfigsuE22new_without_bind_groupCsiA5QZE4OIiA_6simple
FN:263,_RNvMs_NtCsjAfDNjLymyL_16wgpu_3dgs_viewer12preprocessorINtB4_12PreprocessorNtNtNtCs7uIZbJPR652_14wgpu_3dgs_core6buffer8gaussian41GaussianPodWithShSingleCov3dSingleConfigsE10preprocessCsiA5QZE4OIiA_6simple
FN:274,_RNvMs_NtCsjAfDNjLymyL_16wgpu_3dgs_viewer12preprocessorINtB4_12PreprocessorNtNtNtCs7uIZbJPR652_14wgpu_3dgs_core6buffer8gaussian41GaussianPodWithShSingleCov3dSingleConfigsE24create_bind_group_staticCsiA5QZE4OIiA_6simple
FN:210,_RNvMs_NtCsjAfDNjLymyL_16wgpu_3dgs_viewer12preprocessorINtB4_12PreprocessorNtNtNtCs7uIZbJPR652_14wgpu_3dgs_core6buffer8gaussian41GaussianPodWithShSingleCov3dSingleConfigsE3newCsiA5QZE4OIiA_6simple
FNDA:64,_RNCNvMs0_NtCsjAfDNjLymyL_16wgpu_3dgs_viewer12preprocessorINtB7_12PreprocessorNtNtNtCs7uIZbJPR652_14wgpu_3dgs_core6buffer8gaussian41GaussianPodWithShSingleCov3dSingleConfigsuE22new_without_bind_group0CskHWTcKnagmk_3mod
FNDA:8,_RNvMNtCsjAfDNjLymyL_16wgpu_3dgs_viewer12preprocessorINtB2_12PreprocessorNtNtNtCs7uIZbJPR652_14wgpu_3dgs_core6buffer8gaussian41GaussianPodWithShSingleCov3dSingleConfigsuE17create_bind_groupCskHWTcKnagmk_3mod
FNDA:8,_RNvMs0_NtCsjAfDNjLymyL_16wgpu_3dgs_viewer12preprocessorINtB5_12PreprocessorNtNtNtCs7uIZbJPR652_14wgpu_3dgs_core6buffer8gaussian41GaussianPodWithShSingleCov3dSingleConfigsuE22new_without_bind_groupCskHWTcKnagmk_3mod
FNDA:5,_RNvMs_NtCsjAfDNjLymyL_16wgpu_3dgs_viewer12preprocessorINtB4_12PreprocessorNtNtNtCs7uIZbJPR652_14wgpu_3dgs_core6buffer8gaussian41GaussianPodWithShSingleCov3dSingleConfigsE10preprocessCskHWTcKnagmk_3mod
FNDA:8,_RNvMs_NtCsjAfDNjLymyL_16wgpu_3dgs_viewer12preprocessorINtB4_12PreprocessorNtNtNtCs7uIZbJPR652_14wgpu_3dgs_core6buffer8gaussian41GaussianPodWithShSingleCov3dSingleConfigsE24create_bind_group_staticCskHWTcKnagmk_3mod
FNDA:8,_RNvMs_NtCsjAfDNjLymyL_16wgpu_3dgs_viewer12preprocessorINtB4_12PreprocessorNtNtNtCs7uIZbJPR652_14wgpu_3dgs_core6buffer8gaussian41GaussianPodWithShSingleCov3dSingleConfigsE3newCskHWTcKnagmk_3mod
FNDA:0,_RNCNvMs0_NtCsjMvbNGsYfvH_16wgpu_3dgs_viewer12preprocessorINtB7_12PreprocessorpuE22new_without_bind_group0B9_
FNDA:0,_RNvMNtCsjMvbNGsYfvH_16wgpu_3dgs_viewer12preprocessorINtB2_12PreprocessorppE14workgroup_sizeB4_
FNDA:0,_RNvMNtCsjMvbNGsYfvH_16wgpu_3dgs_viewer12preprocessorINtB2_12PreprocessorppE17bind_group_layoutB4_
FNDA:0,_RNvMNtCsjMvbNGsYfvH_16wgpu_3dgs_viewer12preprocessorINtB2_12PreprocessorppE17create_bind_groupB4_
FNDA:0,_RNvMs0_NtCsjMvbNGsYfvH_16wgpu_3dgs_viewer12preprocessorINtB5_12PreprocessorpuE10preprocessB7_
FNDA:0,_RNvMs0_NtCsjMvbNGsYfvH_16wgpu_3dgs_viewer12preprocessorINtB5_12PreprocessorpuE22new_without_bind_groupB7_
FNDA:0,_RNvMs_NtCsjMvbNGsYfvH_16wgpu_3dgs_viewer12preprocessorINtB4_12PreprocessorpE10preprocessB6_
FNDA:0,_RNvMs_NtCsjMvbNGsYfvH_16wgpu_3dgs_viewer12preprocessorINtB4_12PreprocessorpE24create_bind_group_staticB6_
FNDA:0,_RNvMs_NtCsjMvbNGsYfvH_16wgpu_3dgs_viewer12preprocessorINtB4_12PreprocessorpE3newB6_
FNDA:0,_RNCNvMs0_NtCsjAfDNjLymyL_16wgpu_3dgs_viewer12preprocessorINtB7_12PreprocessorNtNtNtCs7uIZbJPR652_14wgpu_3dgs_core6buffer8gaussian41GaussianPodWithShSingleCov3dSingleConfigsuE22new_without_bind_group0CsgCUhY3MwoBc_11multi_model
FNDA:0,_RNvMNtCsjAfDNjLymyL_16wgpu_3dgs_viewer12preprocessorINtB2_12PreprocessorNtNtNtCs7uIZbJPR652_14wgpu_3dgs_core6buffer8gaussian41GaussianPodWithShSingleCov3dSingleConfigsuE17create_bind_groupCsgCUhY3MwoBc_11multi_model
FNDA:0,_RNvMs0_NtCsjAfDNjLymyL_16wgpu_3dgs_viewer12preprocessorINtB5_12PreprocessorNtNtNtCs7uIZbJPR652_14wgpu_3dgs_core6buffer8gaussian41GaussianPodWithShSingleCov3dSingleConfigsuE10preprocessCsgCUhY3MwoBc_11multi_model
FNDA:0,_RNvMs0_NtCsjAfDNjLymyL_16wgpu_3dgs_viewer12preprocessorINtB5_12PreprocessorNtNtNtCs7uIZbJPR652_14wgpu_3dgs_core6buffer8gaussian41GaussianPodWithShSingleCov3dSingleConfigsuE22new_without_bind_groupCsgCUhY3MwoBc_11multi_model
FNDA:0,_RNvMs_NtCsjAfDNjLymyL_16wgpu_3dgs_viewer12preprocessorINtB4_12PreprocessorNtNtNtCs7uIZbJPR652_14wgpu_3dgs_core6buffer8gaussian41GaussianPodWithShSingleCov3dSingleConfigsE24create_bind_group_staticCsgCUhY3MwoBc_11multi_model
FNDA:8,_RNCNvMs0_NtCsjAfDNjLymyL_16wgpu_3dgs_viewer12preprocessorINtB7_12PreprocessorNtNtNtCs7uIZbJPR652_14wgpu_3dgs_core6buffer8gaussian41GaussianPodWithShSingleCov3dSingleConfigsuE22new_without_bind_group0CsaEBMRA9cDqq_9selection
FNDA:1,_RNvMNtCsjAfDNjLymyL_16wgpu_3dgs_viewer12preprocessorINtB2_12PreprocessorNtNtNtCs7uIZbJPR652_14wgpu_3dgs_core6buffer8gaussian41GaussianPodWithShSingleCov3dSingleConfigsuE17create_bind_groupCsaEBMRA9cDqq_9selection
FNDA:1,_RNvMs0_NtCsjAfDNjLymyL_16wgpu_3dgs_viewer12preprocessorINtB5_12PreprocessorNtNtNtCs7uIZbJPR652_14wgpu_3dgs_core6buffer8gaussian41GaussianPodWithShSingleCov3dSingleConfigsuE22new_without_bind_groupCsaEBMRA9cDqq_9selection
FNDA:155,_RNvMs_NtCsjAfDNjLymyL_16wgpu_3dgs_viewer12preprocessorINtB4_12PreprocessorNtNtNtCs7uIZbJPR652_14wgpu_3dgs_core6buffer8gaussian41GaussianPodWithShSingleCov3dSingleConfigsE10preprocessCsaEBMRA9cDqq_9selection
FNDA:1,_RNvMs_NtCsjAfDNjLymyL_16wgpu_3dgs_viewer12preprocessorINtB4_12PreprocessorNtNtNtCs7uIZbJPR652_14wgpu_3dgs_core6buffer8gaussian41GaussianPodWithShSingleCov3dSingleConfigsE24create_bind_group_staticCsaEBMRA9cDqq_9selection
FNDA:1,_RNvMs_NtCsjAfDNjLymyL_16wgpu_3dgs_viewer12preprocessorINtB4_12PreprocessorNtNtNtCs7uIZbJPR652_14wgpu_3dgs_core6buffer8gaussian41GaussianPodWithShSingleCov3dSingleConfigsE3newCsaEBMRA9cDqq_9selection
FNDA:0,_RNCNvMs0_NtCsjAfDNjLymyL_16wgpu_3dgs_viewer12preprocessorINtB7_12PreprocessorNtNtNtCs7uIZbJPR652_14wgpu_3dgs_core6buffer8gaussian41GaussianPodWithShSingleCov3dSingleConfigsuE22new_without_bind_group0CsiA5QZE4OIiA_6simple
FNDA:0,_RNvMNtCsjAfDNjLymyL_16wgpu_3dgs_viewer12preprocessorINtB2_12PreprocessorNtNtNtCs7uIZbJPR652_14wgpu_3dgs_core6buffer8gaussian41GaussianPodWithShSingleCov3dSingleConfigsuE17create_bind_groupCsiA5QZE4OIiA_6simple
FNDA:0,_RNvMs0_NtCsjAfDNjLymyL_16wgpu_3dgs_viewer12preprocessorINtB5_12PreprocessorNtNtNtCs7uIZbJPR652_14wgpu_3dgs_core6buffer8gaussian41GaussianPodWithShSingleCov3dSingleConfigsuE22new_without_bind_groupCsiA5QZE4OIiA_6simple
FNDA:0,_RNvMs_NtCsjAfDNjLymyL_16wgpu_3dgs_viewer12preprocessorINtB4_12PreprocessorNtNtNtCs7uIZbJPR652_14wgpu_3dgs_core6buffer8gaussian41GaussianPodWithShSingleCov3dSingleConfigsE10preprocessCsiA5QZE4OIiA_6simple
FNDA:0,_RNvMs_NtCsjAfDNjLymyL_16wgpu_3dgs_viewer12preprocessorINtB4_12PreprocessorNtNtNtCs7uIZbJPR652_14wgpu_3dgs_core6buffer8gaussian41GaussianPodWithShSingleCov3dSingleConfigsE24create_bind_group_staticCsiA5QZE4OIiA_6simple
FNDA:0,_RNvMs_NtCsjAfDNjLymyL_16wgpu_3dgs_viewer12preprocessorINtB4_12PreprocessorNtNtNtCs7uIZbJPR652_14wgpu_3dgs_core6buffer8gaussian41GaussianPodWithShSingleCov3dSingleConfigsE3newCsiA5QZE4OIiA_6simple
FNF:9
FNH:6
DA:37,9
DA:38,9
DA:39,9
DA:40,9
DA:41,9
DA:42,9
DA:43,9
DA:44,9
DA:45,9
DA:46,9
DA:47,9
DA:48,9
DA:49,9
DA:50,9
DA:51,9
DA:52,9
DA:53,9
DA:54,9
DA:55,9
DA:56,9
DA:57,9
DA:58,9
DA:59,9
DA:60,9
DA:61,9
DA:62,9
DA:64,9
DA:66,9
DA:68,9
DA:71,0
DA:72,0
DA:73,0
DA:76,0
DA:77,0
DA:78,0
DA:210,9
DA:211,9
DA:212,9
DA:213,9
DA:214,9
DA:215,9
DA:216,9
DA:217,9
DA:218,9
DA:219,9
DA:220,9
DA:221,9
DA:222,9
DA:223,9
DA:224,9
DA:225,9
DA:227,0
DA:228,0
DA:229,0
DA:230,0
DA:231,9
DA:233,9
DA:235,9
DA:236,9
DA:237,9
DA:238,9
DA:239,9
DA:240,9
DA:241,9
DA:242,9
DA:243,9
DA:244,9
DA:245,9
DA:247,9
DA:249,9
DA:252,9
DA:253,9
DA:254,9
DA:255,9
DA:256,9
DA:257,9
DA:258,9
DA:259,9
DA:260,9
DA:263,160
DA:264,160
DA:266,160
DA:267,160
DA:269,160
DA:270,160
DA:274,9
DA:275,9
DA:276,9
DA:277,9
DA:278,9
DA:279,9
DA:280,9
DA:281,9
DA:282,9
DA:283,9
DA:284,9
DA:285,9
DA:286,9
DA:287,9
DA:288,9
DA:289,9
DA:290,9
DA:291,9
DA:292,9
DA:293,9
DA:294,9
DA:295,9
DA:296,9
DA:297,9
DA:298,9
DA:299,9
DA:300,9
DA:301,9
DA:302,9
DA:303,9
DA:304,9
DA:305,9
DA:306,9
DA:307,9
DA:308,9
DA:309,9
DA:310,9
DA:311,9
DA:312,9
DA:313,9
DA:314,9
DA:315,9
DA:316,9
DA:317,9
DA:318,9
DA:319,9
DA:320,9
DA:321,9
DA:322,9
DA:323,9
DA:324,9
DA:325,9
DA:326,9
DA:327,9
DA:328,9
DA:329,9
DA:330,9
DA:331,9
DA:332,9
DA:333,9
DA:334,9
DA:335,9
DA:336,9
DA:337,9
DA:338,9
DA:339,9
DA:340,9
DA:341,9
DA:342,9
DA:343,9
DA:344,9
DA:345,9
DA:346,9
DA:347,9
DA:355,9
DA:356,9
DA:357,9
DA:358,9
DA:360,9
DA:362,9
DA:363,9
DA:364,9
DA:365,9
DA:366,9
DA:367,9
DA:368,72
DA:369,9
DA:370,9
DA:372,9
DA:375,9
DA:376,9
DA:378,9
DA:379,9
DA:380,9
DA:381,9
DA:382,9
DA:383,9
DA:384,9
DA:385,9
DA:387,9
DA:388,9
DA:389,9
DA:390,9
DA:391,9
DA:392,9
DA:393,9
DA:394,9
DA:396,9
DA:397,9
DA:398,9
DA:399,9
DA:400,9
DA:401,9
DA:402,9
DA:403,9
DA:405,9
DA:407,9
DA:408,9
DA:409,9
DA:410,9
DA:411,9
DA:412,9
DA:413,9
DA:414,9
DA:415,9
DA:418,0
DA:419,0
DA:420,0
DA:421,0
DA:422,0
DA:423,0
DA:424,0
DA:426,0
DA:428,0
DA:429,0
BRF:0
BRH:0
LF:221
LH:201
end_of_record
SF:C:\Users\s2010\Me\Codes\Rust\wgpu-3dgs-viewer\src\radix_sorter.rs
FN:71,_RNvMs0_NtCsjAfDNjLymyL_16wgpu_3dgs_viewer12radix_sorterINtB5_11RadixSorteruE23new_without_bind_groups
FN:87,_RNvMs0_NtCsjAfDNjLymyL_16wgpu_3dgs_viewer12radix_sorterINtB5_11RadixSorteruE4sort
FN:36,_RNvMs_NtCsjAfDNjLymyL_16wgpu_3dgs_viewer12radix_sorterNtB4_11RadixSorter3new
FN:56,_RNvMs_NtCsjAfDNjLymyL_16wgpu_3dgs_viewer12radix_sorterNtB4_11RadixSorter4sort
FN:314,_RNvMNtNtCsjAfDNjLymyL_16wgpu_3dgs_viewer12radix_sorter9wgpu_sortNtB2_9GPUSorter17bind_group_layout
FN:485,_RNvMNtNtCsjAfDNjLymyL_16wgpu_3dgs_viewer12radix_sorter9wgpu_sortNtB2_9GPUSorter17general_info_data
FN:556,_RNvMNtNtCsjAfDNjLymyL_16wgpu_3dgs_viewer12radix_sorter9wgpu_sortNtB2_9GPUSorter23record_prefix_histogram
FN:459,_RNvMNtNtCsjAfDNjLymyL_16wgpu_3dgs_viewer12radix_sorter9wgpu_sortNtB2_9GPUSorter26create_internal_mem_buffer
FN:735,_RNvMNtNtCsjAfDNjLymyL_16wgpu_3dgs_viewer12radix_sorter9wgpu_sortNtB2_9GPUSorter28create_internal_sort_buffers
FN:598,_RNvMNtNtCsjAfDNjLymyL_16wgpu_3dgs_viewer12radix_sorter9wgpu_sortNtB2_9GPUSorter28record_scatter_keys_indirect
FN:429,_RNvMNtNtCsjAfDNjLymyL_16wgpu_3dgs_viewer12radix_sorter9wgpu_sortNtB2_9GPUSorter30create_internal_keyval_buffers
FN:526,_RNvMNtNtCsjAfDNjLymyL_16wgpu_3dgs_viewer12radix_sorter9wgpu_sortNtB2_9GPUSorter35record_calculate_histogram_indirect
FN:199,_RNvMNtNtCsjAfDNjLymyL_16wgpu_3dgs_viewer12radix_sorter9wgpu_sortNtB2_9GPUSorter3new
FN:927,_RNvNtNtCsjAfDNjLymyL_16wgpu_3dgs_viewer12radix_sorter9wgpu_sort15histo_blocks_ru
FN:932,_RNvNtNtCsjAfDNjLymyL_16wgpu_3dgs_viewer12radix_sorter9wgpu_sort16keys_buffer_size
FN:922,_RNvNtNtCsjAfDNjLymyL_16wgpu_3dgs_viewer12radix_sorter9wgpu_sort17scatter_blocks_ru
FN:937,_RNvNtNtCsjAfDNjLymyL_16wgpu_3dgs_viewer12radix_sorter9wgpu_sort22keys_buffer_size_bytes
FN:872,_RNvXs0_NtNtCsjAfDNjLymyL_16wgpu_3dgs_viewer12radix_sorter9wgpu_sortNtB5_11SortBuffersNtB5_16SortBuffersTrait10bind_group
FN:876,_RNvXs0_NtNtCsjAfDNjLymyL_16wgpu_3dgs_viewer12radix_sorter9wgpu_sortNtB5_11SortBuffersNtB5_16SortBuffersTrait12state_buffer
FN:868,_RNvXs0_NtNtCsjAfDNjLymyL_16wgpu_3dgs_viewer12radix_sorter9wgpu_sortNtB5_11SortBuffersNtB5_16SortBuffersTrait3len
FN:913,_RNvXs1_NtNtCsjAfDNjLymyL_16wgpu_3dgs_viewer12radix_sorter9wgpu_sortNtB5_19InternalSortBuffersNtB5_16SortBuffersTrait10bind_group
FN:917,_RNvXs1_NtNtCsjAfDNjLymyL_16wgpu_3dgs_viewer12radix_sorter9wgpu_sortNtB5_19InternalSortBuffersNtB5_16SortBuffersTrait12state_buffer
FN:909,_RNvXs1_NtNtCsjAfDNjLymyL_16wgpu_3dgs_viewer12radix_sorter9wgpu_sortNtB5_19InternalSortBuffersNtB5_16SortBuffersTrait3len
FN:20,_RNvMNtCsjAfDNjLymyL_16wgpu_3dgs_viewer12radix_sorterINtB2_11RadixSorteruE18create_bind_groupsB4_
FN:658,_RINvMNtNtCsjAfDNjLymyL_16wgpu_3dgs_viewer12radix_sorter9wgpu_sortNtB3_9GPUSorter13sort_indirectNtB3_19InternalSortBuffersEB7_
FN:658,_RINvMNtNtCsjMvbNGsYfvH_16wgpu_3dgs_viewer12radix_sorter9wgpu_sortNtB3_9GPUSorter13sort_indirectpEB7_
FN:628,_RINvMNtNtCsjMvbNGsYfvH_16wgpu_3dgs_viewer12radix_sorter9wgpu_sortNtB3_9GPUSorter4sortpEB7_
FN:20,_RNvMNtCsjMvbNGsYfvH_16wgpu_3dgs_viewer12radix_sorterINtB2_11RadixSorterpE18create_bind_groupsB4_
FN:314,_RNvMNtNtCsjMvbNGsYfvH_16wgpu_3dgs_viewer12radix_sorter9wgpu_sortNtB2_9GPUSorter17bind_group_layout
FN:485,_RNvMNtNtCsjMvbNGsYfvH_16wgpu_3dgs_viewer12radix_sorter9wgpu_sortNtB2_9GPUSorter17general_info_data
FN:672,_RNvMNtNtCsjMvbNGsYfvH_16wgpu_3dgs_viewer12radix_sorter9wgpu_sortNtB2_9GPUSorter19create_sort_buffers
FN:571,_RNvMNtNtCsjMvbNGsYfvH_16wgpu_3dgs_viewer12radix_sorter9wgpu_sortNtB2_9GPUSorter19record_scatter_keys
FN:384,_RNvMNtNtCsjMvbNGsYfvH_16wgpu_3dgs_viewer12radix_sorter9wgpu_sortNtB2_9GPUSorter21create_keyval_buffers
FN:556,_RNvMNtNtCsjMvbNGsYfvH_16wgpu_3dgs_viewer12radix_sorter9wgpu_sortNtB2_9GPUSorter23record_prefix_histogram
FN:459,_RNvMNtNtCsjMvbNGsYfvH_16wgpu_3dgs_viewer12radix_sorter9wgpu_sortNtB2_9GPUSorter26create_internal_mem_buffer
FN:494,_RNvMNtNtCsjMvbNGsYfvH_16wgpu_3dgs_viewer12radix_sorter9wgpu_sortNtB2_9GPUSorter26record_calculate_histogram
FN:735,_RNvMNtNtCsjMvbNGsYfvH_16wgpu_3dgs_viewer12radix_sorter9wgpu_sortNtB2_9GPUSorter28create_internal_sort_buffers
FN:598,_RNvMNtNtCsjMvbNGsYfvH_16wgpu_3dgs_viewer12radix_sorter9wgpu_sortNtB2_9GPUSorter28record_scatter_keys_indirect
FN:429,_RNvMNtNtCsjMvbNGsYfvH_16wgpu_3dgs_viewer12radix_sorter9wgpu_sortNtB2_9GPUSorter30create_internal_keyval_buffers
FN:526,_RNvMNtNtCsjMvbNGsYfvH_16wgpu_3dgs_viewer12radix_sorter9wgpu_sortNtB2_9GPUSorter35record_calculate_histogram_indirect
FN:199,_RNvMNtNtCsjMvbNGsYfvH_16wgpu_3dgs_viewer12radix_sorter9wgpu_sortNtB2_9GPUSorter3new
FN:71,_RNvMs0_NtCsjMvbNGsYfvH_16wgpu_3dgs_viewer12radix_sorterINtB5_11RadixSorteruE23new_without_bind_groups
FN:87,_RNvMs0_NtCsjMvbNGsYfvH_16wgpu_3dgs_viewer12radix_sorterINtB5_11RadixSorteruE4sort
FN:36,_RNvMs_NtCsjMvbNGsYfvH_16wgpu_3dgs_viewer12radix_sorterNtB4_11RadixSorter3new
FN:56,_RNvMs_NtCsjMvbNGsYfvH_16wgpu_3dgs_viewer12radix_sorterNtB4_11RadixSorter4sort
FN:857,_RNvMs_NtNtCsjMvbNGsYfvH_16wgpu_3dgs_viewer12radix_sorter9wgpu_sortNtB4_11SortBuffers4keys
FN:862,_RNvMs_NtNtCsjMvbNGsYfvH_16wgpu_3dgs_viewer12radix_sorter9wgpu_sortNtB4_11SortBuffers6values
FN:927,_RNvNtNtCsjMvbNGsYfvH_16wgpu_3dgs_viewer12radix_sorter9wgpu_sort15histo_blocks_ru
FN:932,_RNvNtNtCsjMvbNGsYfvH_16wgpu_3dgs_viewer12radix_sorter9wgpu_sort16keys_buffer_size
FN:922,_RNvNtNtCsjMvbNGsYfvH_16wgpu_3dgs_viewer12radix_sorter9wgpu_sort17scatter_blocks_ru
FN:937,_RNvNtNtCsjMvbNGsYfvH_16wgpu_3dgs_viewer12radix_sorter9wgpu_sort22keys_buffer_size_bytes
FN:872,_RNvXs0_NtNtCsjMvbNGsYfvH_16wgpu_3dgs_viewer12radix_sorter9wgpu_sortNtB5_11SortBuffersNtB5_16SortBuffersTrait10bind_group
FN:876,_RNvXs0_NtNtCsjMvbNGsYfvH_16wgpu_3dgs_viewer12radix_sorter9wgpu_sortNtB5_11SortBuffersNtB5_16SortBuffersTrait12state_buffer
FN:868,_RNvXs0_NtNtCsjMvbNGsYfvH_16wgpu_3dgs_viewer12radix_sorter9wgpu_sortNtB5_11SortBuffersNtB5_16SortBuffersTrait3len
FN:913,_RNvXs1_NtNtCsjMvbNGsYfvH_16wgpu_3dgs_viewer12radix_sorter9wgpu_sortNtB5_19InternalSortBuffersNtB5_16SortBuffersTrait10bind_group
FN:917,_RNvXs1_NtNtCsjMvbNGsYfvH_16wgpu_3dgs_viewer12radix_sorter9wgpu_sortNtB5_19InternalSortBuffersNtB5_16SortBuffersTrait12state_buffer
FN:909,_RNvXs1_NtNtCsjMvbNGsYfvH_16wgpu_3dgs_viewer12radix_sorter9wgpu_sortNtB5_19InternalSortBuffersNtB5_16SortBuffersTrait3len
FN:812,_RNvYpNtNtNtCsjMvbNGsYfvH_16wgpu_3dgs_viewer12radix_sorter9wgpu_sort16SortBuffersTrait15keys_valid_sizeB9_
FNDA:9,_RNvMs0_NtCsjAfDNjLymyL_16wgpu_3dgs_viewer12radix_sorterINtB5_11RadixSorteruE23new_without_bind_groups
FNDA:0,_RNvMs0_NtCsjAfDNjLymyL_16wgpu_3dgs_viewer12radix_sorterINtB5_11RadixSorteruE4sort
FNDA:9,_RNvMs_NtCsjAfDNjLymyL_16wgpu_3dgs_viewer12radix_sorterNtB4_11RadixSorter3new
FNDA:160,_RNvMs_NtCsjAfDNjLymyL_16wgpu_3dgs_viewer12radix_sorterNtB4_11RadixSorter4sort
FNDA:18,_RNvMNtNtCsjAfDNjLymyL_16wgpu_3dgs_viewer12radix_sorter9wgpu_sortNtB2_9GPUSorter17bind_group_layout
FNDA:9,_RNvMNtNtCsjAfDNjLymyL_16wgpu_3dgs_viewer12radix_sorter9wgpu_sortNtB2_9GPUSorter17general_info_data
FNDA:160,_RNvMNtNtCsjAfDNjLymyL_16wgpu_3dgs_viewer12radix_sorter9wgpu_sortNtB2_9GPUSorter23record_prefix_histogram
FNDA:9,_RNvMNtNtCsjAfDNjLymyL_16wgpu_3dgs_viewer12radix_sorter9wgpu_sortNtB2_9GPUSorter26create_internal_mem_buffer
FNDA:9,_RNvMNtNtCsjAfDNjLymyL_16wgpu_3dgs_viewer12radix_sorter9wgpu_sortNtB2_9GPUSorter28create_internal_sort_buffers
FNDA:160,_RNvMNtNtCsjAfDNjLymyL_16wgpu_3dgs_viewer12radix_sorter9wgpu_sortNtB2_9GPUSorter28record_scatter_keys_indirect
FNDA:9,_RNvMNtNtCsjAfDNjLymyL_16wgpu_3dgs_viewer12radix_sorter9wgpu_sortNtB2_9GPUSorter30create_internal_keyval_buffers
FNDA:160,_RNvMNtNtCsjAfDNjLymyL_16wgpu_3dgs_viewer12radix_sorter9wgpu_sortNtB2_9GPUSorter35record_calculate_histogram_indirect
FNDA:9,_RNvMNtNtCsjAfDNjLymyL_16wgpu_3dgs_viewer12radix_sorter9wgpu_sortNtB2_9GPUSorter3new
FNDA:27,_RNvNtNtCsjAfDNjLymyL_16wgpu_3dgs_viewer12radix_sorter9wgpu_sort15histo_blocks_ru
FNDA:27,_RNvNtNtCsjAfDNjLymyL_16wgpu_3dgs_viewer12radix_sorter9wgpu_sort16keys_buffer_size
FNDA:36,_RNvNtNtCsjAfDNjLymyL_16wgpu_3dgs_viewer12radix_sorter9wgpu_sort17scatter_blocks_ru
FNDA:9,_RNvNtNtCsjAfDNjLymyL_16wgpu_3dgs_viewer12radix_sorter9wgpu_sort22keys_buffer_size_bytes
FNDA:0,_RNvXs0_NtNtCsjAfDNjLymyL_16wgpu_3dgs_viewer12radix_sorter9wgpu_sortNtB5_11SortBuffersNtB5_16SortBuffersTrait10bind_group
FNDA:0,_RNvXs0_NtNtCsjAfDNjLymyL_16wgpu_3dgs_viewer12radix_sorter9wgpu_sortNtB5_11SortBuffersNtB5_16SortBuffersTrait12state_buffer
FNDA:0,_RNvXs0_NtNtCsjAfDNjLymyL_16wgpu_3dgs_viewer12radix_sorter9wgpu_sortNtB5_11SortBuffersNtB5_16SortBuffersTrait3len
FNDA:160,_RNvXs1_NtNtCsjAfDNjLymyL_16wgpu_3dgs_viewer12radix_sorter9wgpu_sortNtB5_19InternalSortBuffersNtB5_16SortBuffersTrait10bind_group
FNDA:0,_RNvXs1_NtNtCsjAfDNjLymyL_16wgpu_3dgs_viewer12radix_sorter9wgpu_sortNtB5_19InternalSortBuffersNtB5_16SortBuffersTrait12state_buffer
FNDA:0,_RNvXs1_NtNtCsjAfDNjLymyL_16wgpu_3dgs_viewer12radix_sorter9wgpu_sortNtB5_19InternalSortBuffersNtB5_16SortBuffersTrait3len
FNDA:9,_RNvMNtCsjAfDNjLymyL_16wgpu_3dgs_viewer12radix_sorterINtB2_11RadixSorteruE18create_bind_groupsB4_
FNDA:160,_RINvMNtNtCsjAfDNjLymyL_16wgpu_3dgs_viewer12radix_sorter9wgpu_sortNtB3_9GPUSorter13sort_indirectNtB3_19InternalSortBuffersEB7_
FNDA:0,_RINvMNtNtCsjMvbNGsYfvH_16wgpu_3dgs_viewer12radix_sorter9wgpu_sortNtB3_9GPUSorter13sort_indirectpEB7_
FNDA:0,_RINvMNtNtCsjMvbNGsYfvH_16wgpu_3dgs_viewer12radix_sorter9wgpu_sortNtB3_9GPUSorter4sortpEB7_
FNDA:0,_RNvMNtCsjMvbNGsYfvH_16wgpu_3dgs_viewer12radix_sorterINtB2_11RadixSorterpE18create_bind_groupsB4_
FNDA:0,_RNvMNtNtCsjMvbNGsYfvH_16wgpu_3dgs_viewer12radix_sorter9wgpu_sortNtB2_9GPUSorter17bind_group_layout
FNDA:0,_RNvMNtNtCsjMvbNGsYfvH_16wgpu_3dgs_viewer12radix_sorter9wgpu_sortNtB2_9GPUSorter17general_info_data
FNDA:0,_RNvMNtNtCsjMvbNGsYfvH_16wgpu_3dgs_viewer12radix_sorter9wgpu_sortNtB2_9GPUSorter19create_sort_buffers
FNDA:0,_RNvMNtNtCsjMvbNGsYfvH_16wgpu_3dgs_viewer12radix_sorter9wgpu_sortNtB2_9GPUSorter19record_scatter_keys
FNDA:0,_RNvMNtNtCsjMvbNGsYfvH_16wgpu_3dgs_viewer12radix_sorter9wgpu_sortNtB2_9GPUSorter21create_keyval_buffers
FNDA:0,_RNvMNtNtCsjMvbNGsYfvH_16wgpu_3dgs_viewer12radix_sorter9wgpu_sortNtB2_9GPUSorter23record_prefix_histogram
FNDA:0,_RNvMNtNtCsjMvbNGsYfvH_16wgpu_3dgs_viewer12radix_sorter9wgpu_sortNtB2_9GPUSorter26create_internal_mem_buffer
FNDA:0,_RNvMNtNtCsjMvbNGsYfvH_16wgpu_3dgs_viewer12radix_sorter9wgpu_sortNtB2_9GPUSorter26record_calculate_histogram
FNDA:0,_RNvMNtNtCsjMvbNGsYfvH_16wgpu_3dgs_viewer12radix_sorter9wgpu_sortNtB2_9GPUSorter28create_internal_sort_buffers
FNDA:0,_RNvMNtNtCsjMvbNGsYfvH_16wgpu_3dgs_viewer12radix_sorter9wgpu_sortNtB2_9GPUSorter28record_scatter_keys_indirect
FNDA:0,_RNvMNtNtCsjMvbNGsYfvH_16wgpu_3dgs_viewer12radix_sorter9wgpu_sortNtB2_9GPUSorter30create_internal_keyval_buffers
FNDA:0,_RNvMNtNtCsjMvbNGsYfvH_16wgpu_3dgs_viewer12radix_sorter9wgpu_sortNtB2_9GPUSorter35record_calculate_histogram_indirect
FNDA:0,_RNvMNtNtCsjMvbNGsYfvH_16wgpu_3dgs_viewer12radix_sorter9wgpu_sortNtB2_9GPUSorter3new
FNDA:0,_RNvMs0_NtCsjMvbNGsYfvH_16wgpu_3dgs_viewer12radix_sorterINtB5_11RadixSorteruE23new_without_bind_groups
FNDA:0,_RNvMs0_NtCsjMvbNGsYfvH_16wgpu_3dgs_viewer12radix_sorterINtB5_11RadixSorteruE4sort
FNDA:0,_RNvMs_NtCsjMvbNGsYfvH_16wgpu_3dgs_viewer12radix_sorterNtB4_11RadixSorter3new
FNDA:0,_RNvMs_NtCsjMvbNGsYfvH_16wgpu_3dgs_viewer12radix_sorterNtB4_11RadixSorter4sort
FNDA:0,_RNvMs_NtNtCsjMvbNGsYfvH_16wgpu_3dgs_viewer12radix_sorter9wgpu_sortNtB4_11SortBuffers4keys
FNDA:0,_RNvMs_NtNtCsjMvbNGsYfvH_16wgpu_3dgs_viewer12radix_sorter9wgpu_sortNtB4_11SortBuffers6values
FNDA:0,_RNvNtNtCsjMvbNGsYfvH_16wgpu_3dgs_viewer12radix_sorter9wgpu_sort15histo_blocks_ru
FNDA:0,_RNvNtNtCsjMvbNGsYfvH_16wgpu_3dgs_viewer12radix_sorter9wgpu_sort16keys_buffer_size
FNDA:0,_RNvNtNtCsjMvbNGsYfvH_16wgpu_3dgs_viewer12radix_sorter9wgpu_sort17scatter_blocks_ru
FNDA:0,_RNvNtNtCsjMvbNGsYfvH_16wgpu_3dgs_viewer12radix_sorter9wgpu_sort22keys_buffer_size_bytes
FNDA:0,_RNvXs0_NtNtCsjMvbNGsYfvH_16wgpu_3dgs_viewer12radix_sorter9wgpu_sortNtB5_11SortBuffersNtB5_16SortBuffersTrait10bind_group
FNDA:0,_RNvXs0_NtNtCsjMvbNGsYfvH_16wgpu_3dgs_viewer12radix_sorter9wgpu_sortNtB5_11SortBuffersNtB5_16SortBuffersTrait12state_buffer
FNDA:0,_RNvXs0_NtNtCsjMvbNGsYfvH_16wgpu_3dgs_viewer12radix_sorter9wgpu_sortNtB5_11SortBuffersNtB5_16SortBuffersTrait3len
FNDA:0,_RNvXs1_NtNtCsjMvbNGsYfvH_16wgpu_3dgs_viewer12radix_sorter9wgpu_sortNtB5_19InternalSortBuffersNtB5_16SortBuffersTrait10bind_group
FNDA:0,_RNvXs1_NtNtCsjMvbNGsYfvH_16wgpu_3dgs_viewer12radix_sorter9wgpu_sortNtB5_19InternalSortBuffersNtB5_16SortBuffersTrait12state_buffer
FNDA:0,_RNvXs1_NtNtCsjMvbNGsYfvH_16wgpu_3dgs_viewer12radix_sorter9wgpu_sortNtB5_19InternalSortBuffersNtB5_16SortBuffersTrait3len
FNDA:0,_RNvYpNtNtNtCsjMvbNGsYfvH_16wgpu_3dgs_viewer12radix_sorter9wgpu_sort16SortBuffersTrait15keys_valid_sizeB9_
FNF:33
FNH:19
DA:20,9
DA:21,9
DA:22,9
DA:23,9
DA:24,9
DA:25,9
DA:26,9
DA:27,9
DA:28,9
DA:29,9
DA:31,9
DA:36,9
DA:37,9
DA:38,9
DA:39,9
DA:40,9
DA:41,9
DA:43,9
DA:44,9
DA:45,9
DA:47,9
DA:49,9
DA:50,9
DA:51,9
DA:52,9
DA:53,9
DA:56,160
DA:57,160
DA:58,160
DA:59,160
DA:60,160
DA:61,160
DA:62,160
DA:63,160
DA:64,160
DA:66,160
DA:71,9
DA:72,9
DA:73,9
DA:75,9
DA:77,9
DA:78,9
DA:79,9
DA:80,9
DA:81,9
DA:87,0
DA:88,0
DA:89,0
DA:90,0
DA:91,0
DA:92,0
DA:93,0
DA:94,0
DA:95,0
DA:199,9
DA:201,9
DA:202,9
DA:203,9
DA:204,9
DA:205,9
DA:206,9
DA:207,9
DA:209,9
DA:210,9
DA:211,9
DA:212,9
DA:214,9
DA:216,9
DA:217,9
DA:218,9
DA:219,9
DA:220,9
DA:221,9
DA:223,9
DA:227,9
DA:228,9
DA:229,9
DA:230,9
DA:231,9
DA:232,9
DA:233,9
DA:234,9
DA:235,9
DA:236,9
DA:237,9
DA:238,9
DA:252,9
DA:253,9
DA:254,9
DA:255,9
DA:256,9
DA:257,9
DA:258,9
DA:260,9
DA:261,9
DA:262,9
DA:263,9
DA:264,9
DA:265,9
DA:266,9
DA:267,9
DA:268,9
DA:269,9
DA:270,9
DA:271,9
DA:272,9
DA:273,9
DA:274,9
DA:275,9
DA:276,9
DA:277,9
DA:278,9
DA:279,9
DA:280,9
DA:281,9
DA:282,9
DA:283,9
DA:284,9
DA:285,9
DA:286,9
DA:287,9
DA:288,9
DA:289,9
DA:290,9
DA:291,9
DA:292,9
DA:293,9
DA:294,9
DA:295,9
DA:296,9
DA:297,9
DA:298,9
DA:299,9
DA:300,9
DA:301,9
DA:302,9
DA:303,9
DA:305,9
DA:306,9
DA:307,9
DA:308,9
DA:309,9
DA:310,9
DA:311,9
DA:312,9
DA:314,18
DA:315,18
DA:316,18
DA:317,18
DA:318,18
DA:319,18
DA:320,18
DA:321,18
DA:322,18
DA:323,18
DA:324,18
DA:325,18
DA:326,18
DA:327,18
DA:328,18
DA:329,18
DA:330,18
DA:331,18
DA:332,18
DA:333,18
DA:334,18
DA:335,18
DA:336,18
DA:337,18
DA:338,18
DA:339,18
DA:340,18
DA:341,18
DA:342,18
DA:343,18
DA:344,18
DA:345,18
DA:346,18
DA:347,18
DA:348,18
DA:349,18
DA:350,18
DA:351,18
DA:352,18
DA:353,18
DA:354,18
DA:355,18
DA:356,18
DA:357,18
DA:358,18
DA:359,18
DA:360,18
DA:361,18
DA:362,18
DA:363,18
DA:364,18
DA:365,18
DA:366,18
DA:367,18
DA:368,18
DA:369,18
DA:370,18
DA:371,18
DA:372,18
DA:373,18
DA:374,18
DA:375,18
DA:376,18
DA:377,18
DA:378,18
DA:379,18
DA:380,18
DA:381,18
DA:382,18
DA:384,0
DA:385,0
DA:386,0
DA:387,0
DA:389,0
DA:392,0
DA:393,0
DA:394,0
DA:395,0
DA:396,0
DA:397,0
DA:398,0
DA:399,0
DA:402,0
DA:403,0
DA:404,0
DA:405,0
DA:406,0
DA:407,0
DA:409,0
DA:410,0
DA:411,0
DA:412,0
DA:413,0
DA:414,0
DA:415,0
DA:416,0
DA:417,0
DA:419,0
DA:420,0
DA:421,0
DA:422,0
DA:423,0
DA:424,0
DA:425,0
DA:426,0
DA:429,9
DA:430,9
DA:431,9
DA:432,9
DA:434,9
DA:437,9
DA:438,9
DA:439,9
DA:440,9
DA:441,9
DA:442,9
DA:444,9
DA:447,9
DA:448,9
DA:449,9
DA:450,9
DA:451,9
DA:452,9
DA:453,9
DA:454,9
DA:459,9
DA:471,9
DA:473,9
DA:475,9
DA:477,9
DA:478,9
DA:479,9
DA:480,9
DA:481,9
DA:482,9
DA:483,9
DA:485,9
DA:486,9
DA:487,9
DA:488,9
DA:489,9
DA:490,9
DA:491,9
DA:492,9
DA:494,0
DA:495,0
DA:496,0
DA:497,0
DA:498,0
DA:499,0
DA:501,0
DA:503,0
DA:504,0
DA:505,0
DA:506,0
DA:507,0
DA:508,0
DA:509,0
DA:510,0
DA:511,0
DA:512,0
DA:514,0
DA:515,0
DA:516,0
DA:517,0
DA:518,0
DA:519,0
DA:520,0
DA:521,0
DA:522,0
DA:523,0
DA:524,0
DA:526,160
DA:527,160
DA:528,160
DA:529,160
DA:530,160
DA:531,160
DA:532,160
DA:533,160
DA:534,160
DA:535,160
DA:536,160
DA:537,160
DA:538,160
DA:539,160
DA:540,160
DA:541,160
DA:543,160
DA:544,160
DA:545,160
DA:546,160
DA:547,160
DA:548,160
DA:549,160
DA:550,160
DA:551,160
DA:552,160
DA:553,160
DA:556,160
DA:557,160
DA:558,160
DA:559,160
DA:560,160
DA:561,160
DA:562,160
DA:563,160
DA:564,160
DA:566,160
DA:567,160
DA:568,160
DA:569,160
DA:571,0
DA:572,0
DA:573,0
DA:574,0
DA:575,0
DA:576,0
DA:577,0
DA:579,0
DA:580,0
DA:581,0
DA:582,0
DA:584,0
DA:585,0
DA:586,0
DA:588,0
DA:589,0
DA:591,0
DA:592,0
DA:594,0
DA:595,0
DA:596,0
DA:598,160
DA:599,160
DA:600,160
DA:601,160
DA:602,160
DA:603,160
DA:604,160
DA:605,160
DA:606,160
DA:607,160
DA:609,160
DA:610,160
DA:611,160
DA:613,160
DA:614,160
DA:616,160
DA:617,160
DA:619,160
DA:620,160
DA:621,160
DA:628,0
DA:629,0
DA:630,0
DA:631,0
DA:632,0
DA:633,0
DA:634,0
DA:635,0
DA:636,0
DA:639,0
DA:641,0
DA:642,0
DA:643,0
DA:644,0
DA:658,160
DA:659,160
DA:660,160
DA:661,160
DA:662,160
DA:663,160
DA:664,160
DA:666,160
DA:667,160
DA:668,160
DA:669,160
DA:672,0
DA:673,0
DA:674,0
DA:675,0
DA:676,0
DA:677,0
DA:679,0
DA:680,0
DA:681,0
DA:683,0
DA:684,0
DA:685,0
DA:686,0
DA:687,0
DA:688,0
DA:689,0
DA:690,0
DA:691,0
DA:692,0
DA:693,0
DA:694,0
DA:695,0
DA:696,0
DA:697,0
DA:698,0
DA:699,0
DA:700,0
DA:701,0
DA:702,0
DA:703,0
DA:704,0
DA:705,0
DA:706,0
DA:707,0
DA:708,0
DA:709,0
DA:710,0
DA:711,0
DA:712,0
DA:713,0
DA:714,0
DA:715,0
DA:716,0
DA:717,0
DA:718,0
DA:720,0
DA:721,0
DA:722,0
DA:723,0
DA:724,0
DA:725,0
DA:726,0
DA:727,0
DA:728,0
DA:729,0
DA:730,0
DA:735,9
DA:736,9
DA:737,9
DA:738,9
DA:739,9
DA:740,9
DA:741,9
DA:743,9
DA:744,9
DA:746,9
DA:747,9
DA:748,9
DA:749,9
DA:750,9
DA:751,9
DA:752,9
DA:753,9
DA:754,9
DA:755,9
DA:756,9
DA:757,9
DA:758,9
DA:759,9
DA:760,9
DA:761,9
DA:762,9
DA:763,9
DA:764,9
DA:765,9
DA:766,9
DA:767,9
DA:768,9
DA:769,9
DA:770,9
DA:771,9
DA:772,9
DA:773,9
DA:774,9
DA:775,9
DA:776,9
DA:777,9
DA:778,9
DA:779,9
DA:780,9
DA:781,9
DA:783,9
DA:784,9
DA:785,9
DA:786,9
DA:787,9
DA:788,9
DA:789,9
DA:790,9
DA:791,9
DA:812,0
DA:813,0
DA:814,0
DA:857,0
DA:858,0
DA:859,0
DA:862,0
DA:863,0
DA:864,0
DA:868,0
DA:869,0
DA:870,0
DA:872,0
DA:873,0
DA:874,0
DA:876,0
DA:877,0
DA:878,0
DA:909,0
DA:910,0
DA:911,0
DA:913,160
DA:914,160
DA:915,160
DA:917,0
DA:918,0
DA:919,0
DA:922,36
DA:923,36
DA:924,36
DA:927,27
DA:928,27
DA:929,27
DA:932,27
DA:933,27
DA:934,27
DA:937,9
DA:938,9
DA:939,9
BRF:0
BRH:0
LF:572
LH:384
end_of_record
SF:C:\Users\s2010\Me\Codes\Rust\wgpu-3dgs-viewer\src\renderer.rs
FN:24,_RNvMNtCsjAfDNjLymyL_16wgpu_3dgs_viewer8rendererINtB2_8RendererNtNtNtCs7uIZbJPR652_14wgpu_3dgs_core6buffer8gaussian41GaussianPodWithShSingleCov3dSingleConfigsuE17create_bind_groupCskHWTcKnagmk_3mod
FN:235,_RNvMs0_NtCsjAfDNjLymyL_16wgpu_3dgs_viewer8rendererINtB5_8RendererNtNtNtCs7uIZbJPR652_14wgpu_3dgs_core6buffer8gaussian41GaussianPodWithShSingleCov3dSingleConfigsuE22new_without_bind_groupCskHWTcKnagmk_3mod
FN:175,_RNvMs_NtCsjAfDNjLymyL_16wgpu_3dgs_viewer8rendererINtB4_8RendererNtNtNtCs7uIZbJPR652_14wgpu_3dgs_core6buffer8gaussian41GaussianPodWithShSingleCov3dSingleConfigsE16render_with_passCskHWTcKnagmk_3mod
FN:187,_RNvMs_NtCsjAfDNjLymyL_16wgpu_3dgs_viewer8rendererINtB4_8RendererNtNtNtCs7uIZbJPR652_14wgpu_3dgs_core6buffer8gaussian41GaussianPodWithShSingleCov3dSingleConfigsE24create_bind_group_staticCskHWTcKnagmk_3mod
FN:111,_RNvMs_NtCsjAfDNjLymyL_16wgpu_3dgs_viewer8rendererINtB4_8RendererNtNtNtCs7uIZbJPR652_14wgpu_3dgs_core6buffer8gaussian41GaussianPodWithShSingleCov3dSingleConfigsE3newCskHWTcKnagmk_3mod
FN:149,_RNvMs_NtCsjAfDNjLymyL_16wgpu_3dgs_viewer8rendererINtB4_8RendererNtNtNtCs7uIZbJPR652_14wgpu_3dgs_core6buffer8gaussian41GaussianPodWithShSingleCov3dSingleConfigsE6renderCskHWTcKnagmk_3mod
FN:24,_RNvMNtCsjMvbNGsYfvH_16wgpu_3dgs_viewer8rendererINtB2_8RendererppE17create_bind_groupB4_
FN:336,_RNvMs0_NtCsjMvbNGsYfvH_16wgpu_3dgs_viewer8rendererINtB5_8RendererpuE16render_with_passB7_
FN:235,_RNvMs0_NtCsjMvbNGsYfvH_16wgpu_3dgs_viewer8rendererINtB5_8RendererpuE22new_without_bind_groupB7_
FN:309,_RNvMs0_NtCsjMvbNGsYfvH_16wgpu_3dgs_viewer8rendererINtB5_8RendererpuE6renderB7_
FN:175,_RNvMs_NtCsjMvbNGsYfvH_16wgpu_3dgs_viewer8rendererINtB4_8RendererpE16render_with_passB6_
FN:187,_RNvMs_NtCsjMvbNGsYfvH_16wgpu_3dgs_viewer8rendererINtB4_8RendererpE24create_bind_group_staticB6_
FN:111,_RNvMs_NtCsjMvbNGsYfvH_16wgpu_3dgs_viewer8rendererINtB4_8RendererpE3newB6_
FN:149,_RNvMs_NtCsjMvbNGsYfvH_16wgpu_3dgs_viewer8rendererINtB4_8RendererpE6renderB6_
FN:24,_RNvMNtCsjAfDNjLymyL_16wgpu_3dgs_viewer8rendererINtB2_8RendererNtNtNtCs7uIZbJPR652_14wgpu_3dgs_core6buffer8gaussian41GaussianPodWithShSingleCov3dSingleConfigsuE17create_bind_groupCsgCUhY3MwoBc_11multi_model
FN:336,_RNvMs0_NtCsjAfDNjLymyL_16wgpu_3dgs_viewer8rendererINtB5_8RendererNtNtNtCs7uIZbJPR652_14wgpu_3dgs_core6buffer8gaussian41GaussianPodWithShSingleCov3dSingleConfigsuE16render_with_passCsgCUhY3MwoBc_11multi_model
FN:235,_RNvMs0_NtCsjAfDNjLymyL_16wgpu_3dgs_viewer8rendererINtB5_8RendererNtNtNtCs7uIZbJPR652_14wgpu_3dgs_core6buffer8gaussian41GaussianPodWithShSingleCov3dSingleConfigsuE22new_without_bind_groupCsgCUhY3MwoBc_11multi_model
FN:187,_RNvMs_NtCsjAfDNjLymyL_16wgpu_3dgs_viewer8rendererINtB4_8RendererNtNtNtCs7uIZbJPR652_14wgpu_3dgs_core6buffer8gaussian41GaussianPodWithShSingleCov3dSingleConfigsE24create_bind_group_staticCsgCUhY3MwoBc_11multi_model
FN:24,_RNvMNtCsjAfDNjLymyL_16wgpu_3dgs_viewer8rendererINtB2_8RendererNtNtNtCs7uIZbJPR652_14wgpu_3dgs_core6buffer8gaussian41GaussianPodWithShSingleCov3dSingleConfigsuE17create_bind_groupCsaEBMRA9cDqq_9selection
FN:235,_RNvMs0_NtCsjAfDNjLymyL_16wgpu_3dgs_viewer8rendererINtB5_8RendererNtNtNtCs7uIZbJPR652_14wgpu_3dgs_core6buffer8gaussian41GaussianPodWithShSingleCov3dSingleConfigsuE22new_without_bind_groupCsaEBMRA9cDqq_9selection
FN:175,_RNvMs_NtCsjAfDNjLymyL_16wgpu_3dgs_viewer8rendererINtB4_8RendererNtNtNtCs7uIZbJPR652_14wgpu_3dgs_core6buffer8gaussian41GaussianPodWithShSingleCov3dSingleConfigsE16render_with_passCsaEBMRA9cDqq_9selection
FN:187,_RNvMs_NtCsjAfDNjLymyL_16wgpu_3dgs_viewer8rendererINtB4_8RendererNtNtNtCs7uIZbJPR652_14wgpu_3dgs_core6buffer8gaussian41GaussianPodWithShSingleCov3dSingleConfigsE24create_bind_group_staticCsaEBMRA9cDqq_9selection
FN:111,_RNvMs_NtCsjAfDNjLymyL_16wgpu_3dgs_viewer8rendererINtB4_8RendererNtNtNtCs7uIZbJPR652_14wgpu_3dgs_core6buffer8gaussian41GaussianPodWithShSingleCov3dSingleConfigsE3newCsaEBMRA9cDqq_9selection
FN:149,_RNvMs_NtCsjAfDNjLymyL_16wgpu_3dgs_viewer8rendererINtB4_8RendererNtNtNtCs7uIZbJPR652_14wgpu_3dgs_core6buffer8gaussian41GaussianPodWithShSingleCov3dSingleConfigsE6renderCsaEBMRA9cDqq_9selection
FN:24,_RNvMNtCsjAfDNjLymyL_16wgpu_3dgs_viewer8rendererINtB2_8RendererNtNtNtCs7uIZbJPR652_14wgpu_3dgs_core6buffer8gaussian41GaussianPodWithShSingleCov3dSingleConfigsuE17create_bind_groupCsiA5QZE4OIiA_6simple
FN:235,_RNvMs0_NtCsjAfDNjLymyL_16wgpu_3dgs_viewer8rendererINtB5_8RendererNtNtNtCs7uIZbJPR652_14wgpu_3dgs_core6buffer8gaussian41GaussianPodWithShSingleCov3dSingleConfigsuE22new_without_bind_groupCsiA5QZE4OIiA_6simple
FN:175,_RNvMs_NtCsjAfDNjLymyL_16wgpu_3dgs_viewer8rendererINtB4_8RendererNtNtNtCs7uIZbJPR652_14wgpu_3dgs_core6buffer8gaussian41GaussianPodWithShSingleCov3dSingleConfigsE16render_with_passCsiA5QZE4OIiA_6simple
[...]
FNDA:0,_RNvXsc_NtNtCsjMvbNGsYfvH_16wgpu_3dgs_viewer9selection6bufferNtB5_33PreprocessorInvertSelectionBufferINtNtCsmHtFwzCQ9E_4core7convert7TryFromNtNtNtCs4aW9DWY8b5u_4wgpu3api6buffer6BufferE8try_from
FNF:21
FNH:10
DA:16,11
DA:17,11
DA:18,11
DA:19,11
DA:20,11
DA:21,11
DA:22,11
DA:23,11
DA:24,11
DA:25,11
DA:26,11
DA:27,11
DA:28,11
DA:29,11
DA:30,11
DA:32,11
DA:34,11
DA:35,11
DA:38,2
DA:39,2
DA:40,2
DA:43,22
DA:44,22
DA:45,22
DA:57,2
DA:58,2
DA:59,2
DA:60,2
DA:61,2
DA:62,2
DA:63,2
DA:65,2
DA:66,2
DA:69,0
DA:70,0
DA:71,0
DA:75,4
DA:76,4
DA:77,4
DA:81,0
DA:82,0
DA:83,0
DA:89,0
DA:90,0
DA:91,0
DA:106,1
DA:107,1
DA:108,1
DA:109,1
DA:110,1
DA:111,1
DA:112,1
DA:114,1
DA:115,1
DA:118,1
DA:119,1
DA:120,1
DA:124,1
DA:125,1
DA:126,1
DA:130,0
DA:131,0
DA:132,0
DA:138,0
DA:139,0
DA:140,0
DA:157,9
DA:158,9
DA:159,9
DA:160,9
DA:161,9
DA:162,9
DA:164,9
DA:165,9
DA:168,0
DA:169,0
DA:170,0
DA:171,0
DA:175,9
DA:176,9
DA:177,9
DA:181,0
DA:182,0
DA:183,0
DA:189,0
DA:190,0
DA:191,0
BRF:0
BRH:0
LF:90
LH:62
end_of_record
SF:C:\Users\s2010\Me\Codes\Rust\wgpu-3dgs-viewer\src\selection\viewport.rs
FN:41,_RINvNtNtCsjMvbNGsYfvH_16wgpu_3dgs_viewer9selection8viewport22create_viewport_bundlepEB6_
FN:64,_RNCINvNtNtCsjMvbNGsYfvH_16wgpu_3dgs_viewer9selection8viewport22create_viewport_bundlepE0B8_
FN:41,_RINvNtNtCsjAfDNjLymyL_16wgpu_3dgs_viewer9selection8viewport22create_viewport_bundleNtNtNtCs7uIZbJPR652_14wgpu_3dgs_core6buffer8gaussian41GaussianPodWithShSingleCov3dSingleConfigsECsaEBMRA9cDqq_9selection
FN:64,_RNCINvNtNtCsjAfDNjLymyL_16wgpu_3dgs_viewer9selection8viewport22create_viewport_bundleNtNtNtCs7uIZbJPR652_14wgpu_3dgs_core6buffer8gaussian41GaussianPodWithShSingleCov3dSingleConfigsE0CsaEBMRA9cDqq_9selection
FNDA:0,_RINvNtNtCsjMvbNGsYfvH_16wgpu_3dgs_viewer9selection8viewport22create_viewport_bundlepEB6_
FNDA:0,_RNCINvNtNtCsjMvbNGsYfvH_16wgpu_3dgs_viewer9selection8viewport22create_viewport_bundlepE0B8_
FNDA:1,_RINvNtNtCsjAfDNjLymyL_16wgpu_3dgs_viewer9selection8viewport22create_viewport_bundleNtNtNtCs7uIZbJPR652_14wgpu_3dgs_core6buffer8gaussian41GaussianPodWithShSingleCov3dSingleConfigsECsaEBMRA9cDqq_9selection
FNDA:0,_RNCINvNtNtCsjAfDNjLymyL_16wgpu_3dgs_viewer9selection8viewport22create_viewport_bundleNtNtNtCs7uIZbJPR652_14wgpu_3dgs_core6buffer8gaussian41GaussianPodWithShSingleCov3dSingleConfigsE0CsaEBMRA9cDqq_9selection
FNF:2
FNH:1
DA:41,1
DA:42,1
DA:43,1
DA:44,1
DA:46,1
DA:47,1
DA:48,1
DA:49,1
DA:50,1
DA:51,1
DA:52,1
DA:53,1
DA:54,1
DA:55,1
DA:57,1
DA:58,1
DA:59,1
DA:60,1
DA:61,1
DA:62,1
DA:63,1
DA:64,1
DA:65,1
DA:66,1
BRF:0
BRH:0
LF:25
LH:24
end_of_record
SF:C:\Users\s2010\Me\Codes\Rust\wgpu-3dgs-viewer\src\selection\viewport_selector.rs
FN:313,_RNvMNtNtCsjMvbNGsYfvH_16wgpu_3dgs_viewer9selection17viewport_selectorNtB2_16ViewportSelector16set_brush_radius
FN:206,_RNvMNtNtCsjMvbNGsYfvH_16wgpu_3dgs_viewer9selection17viewport_selectorNtB2_16ViewportSelector3new
FN:277,_RNvMNtNtCsjMvbNGsYfvH_16wgpu_3dgs_viewer9selection17viewport_selectorNtB2_16ViewportSelector5clear
FN:252,_RNvMNtNtCsjMvbNGsYfvH_16wgpu_3dgs_viewer9selection17viewport_selectorNtB2_16ViewportSelector5start
FN:296,_RNvMNtNtCsjMvbNGsYfvH_16wgpu_3dgs_viewer9selection17viewport_selectorNtB2_16ViewportSelector6render
FN:321,_RNvMNtNtCsjMvbNGsYfvH_16wgpu_3dgs_viewer9selection17viewport_selectorNtB2_16ViewportSelector6resize
FN:260,_RNvMNtNtCsjMvbNGsYfvH_16wgpu_3dgs_viewer9selection17viewport_selectorNtB2_16ViewportSelector6update
FN:308,_RNvMNtNtCsjMvbNGsYfvH_16wgpu_3dgs_viewer9selection17viewport_selectorNtB2_16ViewportSelector7texture
FN:313,_RNvMNtNtCsjAfDNjLymyL_16wgpu_3dgs_viewer9selection17viewport_selectorNtB2_16ViewportSelector16set_brush_radius
FN:206,_RNvMNtNtCsjAfDNjLymyL_16wgpu_3dgs_viewer9selection17viewport_selectorNtB2_16ViewportSelector3new
FN:277,_RNvMNtNtCsjAfDNjLymyL_16wgpu_3dgs_viewer9selection17viewport_selectorNtB2_16ViewportSelector5clear
FN:252,_RNvMNtNtCsjAfDNjLymyL_16wgpu_3dgs_viewer9selection17viewport_selectorNtB2_16ViewportSelector5start
FN:296,_RNvMNtNtCsjAfDNjLymyL_16wgpu_3dgs_viewer9selection17viewport_selectorNtB2_16ViewportSelector6render
FN:321,_RNvMNtNtCsjAfDNjLymyL_16wgpu_3dgs_viewer9selection17viewport_selectorNtB2_16ViewportSelector6resize
FN:260,_RNvMNtNtCsjAfDNjLymyL_16wgpu_3dgs_viewer9selection17viewport_selectorNtB2_16ViewportSelector6update
FN:308,_RNvMNtNtCsjAfDNjLymyL_16wgpu_3dgs_viewer9selection17viewport_selectorNtB2_16ViewportSelector7texture
FNDA:0,_RNvMNtNtCsjMvbNGsYfvH_16wgpu_3dgs_viewer9selection17viewport_selectorNtB2_16ViewportSelector16set_brush_radius
FNDA:0,_RNvMNtNtCsjMvbNGsYfvH_16wgpu_3dgs_viewer9selection17viewport_selectorNtB2_16ViewportSelector3new
FNDA:0,_RNvMNtNtCsjMvbNGsYfvH_16wgpu_3dgs_viewer9selection17viewport_selectorNtB2_16ViewportSelector5clear
FNDA:0,_RNvMNtNtCsjMvbNGsYfvH_16wgpu_3dgs_viewer9selection17viewport_selectorNtB2_16ViewportSelector5start
FNDA:0,_RNvMNtNtCsjMvbNGsYfvH_16wgpu_3dgs_viewer9selection17viewport_selectorNtB2_16ViewportSelector6render
FNDA:0,_RNvMNtNtCsjMvbNGsYfvH_16wgpu_3dgs_viewer9selection17viewport_selectorNtB2_16ViewportSelector6resize
FNDA:0,_RNvMNtNtCsjMvbNGsYfvH_16wgpu_3dgs_viewer9selection17viewport_selectorNtB2_16ViewportSelector6update
FNDA:0,_RNvMNtNtCsjMvbNGsYfvH_16wgpu_3dgs_viewer9selection17viewport_selectorNtB2_16ViewportSelector7texture
FNDA:0,_RNvMNtNtCsjAfDNjLymyL_16wgpu_3dgs_viewer9selection17viewport_selectorNtB2_16ViewportSelector16set_brush_radius
FNDA:1,_RNvMNtNtCsjAfDNjLymyL_16wgpu_3dgs_viewer9selection17viewport_selectorNtB2_16ViewportSelector3new
FNDA:0,_RNvMNtNtCsjAfDNjLymyL_16wgpu_3dgs_viewer9selection17viewport_selectorNtB2_16ViewportSelector5clear
FNDA:0,_RNvMNtNtCsjAfDNjLymyL_16wgpu_3dgs_viewer9selection17viewport_selectorNtB2_16ViewportSelector5start
FNDA:0,_RNvMNtNtCsjAfDNjLymyL_16wgpu_3dgs_viewer9selection17viewport_selectorNtB2_16ViewportSelector6render
FNDA:10,_RNvMNtNtCsjAfDNjLymyL_16wgpu_3dgs_viewer9selection17viewport_selectorNtB2_16ViewportSelector6resize
FNDA:0,_RNvMNtNtCsjAfDNjLymyL_16wgpu_3dgs_viewer9selection17viewport_selectorNtB2_16ViewportSelector6update
FNDA:22,_RNvMNtNtCsjAfDNjLymyL_16wgpu_3dgs_viewer9selection17viewport_selectorNtB2_16ViewportSelector7texture
FNF:8
FNH:3
DA:206,1
DA:207,1
DA:208,1
DA:209,1
DA:210,1
DA:211,1
DA:212,1
DA:213,1
DA:214,1
DA:215,1
DA:216,1
DA:217,1
DA:218,1
DA:219,1
DA:220,1
DA:221,1
DA:222,1
DA:223,0
DA:224,1
DA:225,1
DA:226,1
DA:227,1
DA:228,1
DA:229,1
DA:230,1
DA:231,0
DA:233,1
DA:234,1
DA:235,1
DA:236,1
DA:237,1
DA:238,1
DA:239,1
DA:240,1
DA:241,1
DA:242,1
DA:243,1
DA:244,1
DA:245,1
DA:246,1
DA:247,1
DA:248,1
DA:249,1
DA:252,0
DA:253,0
DA:254,0
DA:255,0
DA:256,0
DA:257,0
DA:260,0
DA:261,0
DA:262,0
DA:263,0
DA:264,0
DA:265,0
DA:266,0
DA:267,0
DA:268,0
DA:269,0
DA:270,0
DA:271,0
DA:272,0
DA:274,0
DA:277,0
DA:278,0
DA:279,0
DA:280,0
DA:281,0
DA:282,0
DA:283,0
DA:284,0
DA:285,0
DA:286,0
DA:287,0
DA:288,0
DA:289,0
DA:290,0
DA:291,0
DA:292,0
DA:293,0
DA:296,0
DA:297,0
DA:298,0
DA:299,0
DA:300,0
DA:302,0
DA:305,0
DA:308,22
DA:309,22
DA:310,22
DA:313,0
DA:314,0
DA:315,0
DA:316,0
DA:321,10
DA:322,10
DA:323,10
BRF:0
BRH:0
LF:97
LH:47
end_of_record
SF:C:\Users\s2010\Me\Codes\Rust\wgpu-3dgs-viewer\src\selection\viewport_texture_brush.rs
FN:22,_RNvMNtNtCsjMvbNGsYfvH_16wgpu_3dgs_viewer9selection22viewport_texture_brushINtB2_28ViewportTextureBrushRendererpE17create_bind_groupB6_
FN:281,_RNvMs0_NtNtCsjMvbNGsYfvH_16wgpu_3dgs_viewer9selection22viewport_texture_brushINtB5_28ViewportTextureBrushRendereruE16render_with_pass
FN:186,_RNvMs0_NtNtCsjMvbNGsYfvH_16wgpu_3dgs_viewer9selection22viewport_texture_brushINtB5_28ViewportTextureBrushRendereruE22new_without_bind_group
FN:255,_RNvMs0_NtNtCsjMvbNGsYfvH_16wgpu_3dgs_viewer9selection22viewport_texture_brushINtB5_28ViewportTextureBrushRendereruE6render
FN:137,_RNvMs_NtNtCsjMvbNGsYfvH_16wgpu_3dgs_viewer9selection22viewport_texture_brushNtB4_28ViewportTextureBrushRenderer16render_with_pass
FN:144,_RNvMs_NtNtCsjMvbNGsYfvH_16wgpu_3dgs_viewer9selection22viewport_texture_brushNtB4_28ViewportTextureBrushRenderer24create_bind_group_static
FN:95,_RNvMs_NtNtCsjMvbNGsYfvH_16wgpu_3dgs_viewer9selection22viewport_texture_brushNtB4_28ViewportTextureBrushRenderer3new
FN:116,_RNvMs_NtNtCsjMvbNGsYfvH_16wgpu_3dgs_viewer9selection22viewport_texture_brushNtB4_28ViewportTextureBrushRenderer6render
FN:281,_RNvMs0_NtNtCsjAfDNjLymyL_16wgpu_3dgs_viewer9selection22viewport_texture_brushINtB5_28ViewportTextureBrushRendereruE16render_with_pass
FN:186,_RNvMs0_NtNtCsjAfDNjLymyL_16wgpu_3dgs_viewer9selection22viewport_texture_brushINtB5_28ViewportTextureBrushRendereruE22new_without_bind_group
FN:255,_RNvMs0_NtNtCsjAfDNjLymyL_16wgpu_3dgs_viewer9selection22viewport_texture_brushINtB5_28ViewportTextureBrushRendereruE6render
FN:137,_RNvMs_NtNtCsjAfDNjLymyL_16wgpu_3dgs_viewer9selection22viewport_texture_brushNtB4_28ViewportTextureBrushRenderer16render_with_pass
FN:144,_RNvMs_NtNtCsjAfDNjLymyL_16wgpu_3dgs_viewer9selection22viewport_texture_brushNtB4_28ViewportTextureBrushRenderer24create_bind_group_static
FN:95,_RNvMs_NtNtCsjAfDNjLymyL_16wgpu_3dgs_viewer9selection22viewport_texture_brushNtB4_28ViewportTextureBrushRenderer3new
FN:116,_RNvMs_NtNtCsjAfDNjLymyL_16wgpu_3dgs_viewer9selection22viewport_texture_brushNtB4_28ViewportTextureBrushRenderer6render
FN:22,_RNvMNtNtCsjAfDNjLymyL_16wgpu_3dgs_viewer9selection22viewport_texture_brushINtB2_28ViewportTextureBrushRendereruE17create_bind_groupB6_
FNDA:0,_RNvMNtNtCsjMvbNGsYfvH_16wgpu_3dgs_viewer9selection22viewport_texture_brushINtB2_28ViewportTextureBrushRendererpE17create_bind_groupB6_
FNDA:0,_RNvMs0_NtNtCsjMvbNGsYfvH_16wgpu_3dgs_viewer9selection22viewport_texture_brushINtB5_28ViewportTextureBrushRendereruE16render_with_pass
FNDA:0,_RNvMs0_NtNtCsjMvbNGsYfvH_16wgpu_3dgs_viewer9selection22viewport_texture_brushINtB5_28ViewportTextureBrushRendereruE22new_without_bind_group
FNDA:0,_RNvMs0_NtNtCsjMvbNGsYfvH_16wgpu_3dgs_viewer9selection22viewport_texture_brushINtB5_28ViewportTextureBrushRendereruE6render
FNDA:0,_RNvMs_NtNtCsjMvbNGsYfvH_16wgpu_3dgs_viewer9selection22viewport_texture_brushNtB4_28ViewportTextureBrushRenderer16render_with_pass
FNDA:0,_RNvMs_NtNtCsjMvbNGsYfvH_16wgpu_3dgs_viewer9selection22viewport_texture_brushNtB4_28ViewportTextureBrushRenderer24create_bind_group_static
FNDA:0,_RNvMs_NtNtCsjMvbNGsYfvH_16wgpu_3dgs_viewer9selection22viewport_texture_brushNtB4_28ViewportTextureBrushRenderer3new
FNDA:0,_RNvMs_NtNtCsjMvbNGsYfvH_16wgpu_3dgs_viewer9selection22viewport_texture_brushNtB4_28ViewportTextureBrushRenderer6render
FNDA:0,_RNvMs0_NtNtCsjAfDNjLymyL_16wgpu_3dgs_viewer9selection22viewport_texture_brushINtB5_28ViewportTextureBrushRendereruE16render_with_pass
FNDA:1,_RNvMs0_NtNtCsjAfDNjLymyL_16wgpu_3dgs_viewer9selection22viewport_texture_brushINtB5_28ViewportTextureBrushRendereruE22new_without_bind_group
FNDA:0,_RNvMs0_NtNtCsjAfDNjLymyL_16wgpu_3dgs_viewer9selection22viewport_texture_brushINtB5_28ViewportTextureBrushRendereruE6render
FNDA:0,_RNvMs_NtNtCsjAfDNjLymyL_16wgpu_3dgs_viewer9selection22viewport_texture_brushNtB4_28ViewportTextureBrushRenderer16render_with_pass
FNDA:1,_RNvMs_NtNtCsjAfDNjLymyL_16wgpu_3dgs_viewer9selection22viewport_texture_brushNtB4_28ViewportTextureBrushRenderer24create_bind_group_static
FNDA:1,_RNvMs_NtNtCsjAfDNjLymyL_16wgpu_3dgs_viewer9selection22viewport_texture_brushNtB4_28ViewportTextureBrushRenderer3new
FNDA:0,_RNvMs_NtNtCsjAfDNjLymyL_16wgpu_3dgs_viewer9selection22viewport_texture_brushNtB4_28ViewportTextureBrushRenderer6render
FNDA:1,_RNvMNtNtCsjAfDNjLymyL_16wgpu_3dgs_viewer9selection22viewport_texture_brushINtB2_28ViewportTextureBrushRendereruE17create_bind_groupB6_
FNF:8
FNH:4
DA:22,1
DA:23,1
DA:24,1
DA:25,1
DA:26,1
DA:27,1
DA:28,1
DA:29,1
DA:30,1
DA:31,1
DA:32,1
DA:33,1
DA:34,1
DA:35,1
DA:36,1
DA:38,1
DA:95,1
DA:96,1
DA:97,1
DA:98,1
DA:99,1
DA:100,1
DA:101,1
DA:102,1
DA:103,1
DA:105,1
DA:106,1
DA:108,1
DA:109,1
DA:110,1
DA:111,1
DA:112,1
DA:113,1
DA:116,0
DA:117,0
DA:118,0
DA:119,0
DA:120,0
DA:121,0
DA:122,0
DA:123,0
DA:124,0
DA:125,0
DA:126,0
DA:127,0
DA:128,0
DA:129,0
DA:130,0
DA:131,0
DA:133,0
DA:134,0
DA:137,0
DA:138,0
DA:139,0
DA:140,0
DA:141,0
DA:144,1
DA:145,1
DA:146,1
DA:147,1
DA:148,1
DA:149,1
DA:150,1
DA:151,1
DA:152,1
DA:153,1
DA:154,1
DA:155,1
DA:156,1
DA:157,1
DA:158,1
DA:159,1
DA:160,1
DA:161,1
DA:162,1
DA:163,1
DA:164,1
DA:165,1
DA:166,1
DA:167,1
DA:168,1
DA:169,1
DA:170,1
DA:171,1
DA:172,1
DA:173,1
DA:174,1
DA:175,1
DA:176,1
DA:177,1
DA:178,1
DA:186,1
DA:187,1
DA:188,1
DA:189,1
DA:190,1
DA:191,1
DA:192,1
DA:194,1
DA:195,1
DA:196,1
DA:197,1
DA:198,1
DA:199,1
DA:201,1
DA:202,1
DA:203,1
DA:205,1
DA:206,1
DA:207,1
DA:208,1
DA:209,1
DA:210,1
DA:211,1
DA:212,0
DA:213,1
DA:214,1
DA:218,1
DA:219,1
DA:220,1
DA:221,1
DA:222,1
DA:223,1
DA:224,1
DA:225,1
DA:226,1
DA:227,1
DA:228,1
DA:229,1
DA:230,1
DA:231,1
DA:232,1
DA:233,1
DA:234,1
DA:235,1
DA:236,1
DA:237,1
DA:238,1
DA:239,1
DA:240,1
DA:241,1
DA:242,1
DA:243,1
DA:245,1
DA:247,1
DA:248,1
DA:249,1
DA:250,1
DA:251,1
DA:252,1
DA:255,0
DA:256,0
DA:257,0
DA:258,0
DA:259,0
DA:260,0
DA:261,0
DA:262,0
DA:263,0
DA:264,0
DA:265,0
DA:266,0
DA:267,0
DA:268,0
DA:269,0
DA:270,0
DA:271,0
DA:272,0
DA:273,0
DA:274,0
DA:275,0
DA:277,0
DA:278,0
DA:281,0
DA:282,0
DA:283,0
DA:284,0
DA:285,0
BRF:0
BRH:0
LF:178
LH:126
end_of_record
SF:C:\Users\s2010\Me\Codes\Rust\wgpu-3dgs-viewer\src\selection\viewport_texture_rectangle.rs
FN:22,_RNvMNtNtCsjMvbNGsYfvH_16wgpu_3dgs_viewer9selection26viewport_texture_rectangleINtB2_32ViewportTextureRectangleRendererpE17create_bind_groupB6_
FN:262,_RNvMs0_NtNtCsjMvbNGsYfvH_16wgpu_3dgs_viewer9selection26viewport_texture_rectangleINtB5_32ViewportTextureRectangleRendereruE16render_with_pass
FN:166,_RNvMs0_NtNtCsjMvbNGsYfvH_16wgpu_3dgs_viewer9selection26viewport_texture_rectangleINtB5_32ViewportTextureRectangleRendereruE22new_without_bind_group
FN:236,_RNvMs0_NtNtCsjMvbNGsYfvH_16wgpu_3dgs_viewer9selection26viewport_texture_rectangleINtB5_32ViewportTextureRectangleRendereruE6render
FN:123,_RNvMs_NtNtCsjMvbNGsYfvH_16wgpu_3dgs_viewer9selection26viewport_texture_rectangleNtB4_32ViewportTextureRectangleRenderer16render_with_pass
FN:130,_RNvMs_NtNtCsjMvbNGsYfvH_16wgpu_3dgs_viewer9selection26viewport_texture_rectangleNtB4_32ViewportTextureRectangleRenderer24create_bind_group_static
FN:82,_RNvMs_NtNtCsjMvbNGsYfvH_16wgpu_3dgs_viewer9selection26viewport_texture_rectangleNtB4_32ViewportTextureRectangleRenderer3new
FN:102,_RNvMs_NtNtCsjMvbNGsYfvH_16wgpu_3dgs_viewer9selection26viewport_texture_rectangleNtB4_32ViewportTextureRectangleRenderer6render
FN:262,_RNvMs0_NtNtCsjAfDNjLymyL_16wgpu_3dgs_viewer9selection26viewport_texture_rectangleINtB5_32ViewportTextureRectangleRendereruE16render_with_pass
FN:166,_RNvMs0_NtNtCsjAfDNjLymyL_16wgpu_3dgs_viewer9selection26viewport_texture_rectangleINtB5_32ViewportTextureRectangleRendereruE22new_without_bind_group
FN:236,_RNvMs0_NtNtCsjAfDNjLymyL_16wgpu_3dgs_viewer9selection26viewport_texture_rectangleINtB5_32ViewportTextureRectangleRendereruE6render
FN:123,_RNvMs_NtNtCsjAfDNjLymyL_16wgpu_3dgs_viewer9selection26viewport_texture_rectangleNtB4_32ViewportTextureRectangleRenderer16render_with_pass
FN:130,_RNvMs_NtNtCsjAfDNjLymyL_16wgpu_3dgs_viewer9selection26viewport_texture_rectangleNtB4_32ViewportTextureRectangleRenderer24create_bind_group_static
FN:82,_RNvMs_NtNtCsjAfDNjLymyL_16wgpu_3dgs_viewer9selection26viewport_texture_rectangleNtB4_32ViewportTextureRectangleRenderer3new
FN:102,_RNvMs_NtNtCsjAfDNjLymyL_16wgpu_3dgs_viewer9selection26viewport_texture_rectangleNtB4_32ViewportTextureRectangleRenderer6render
FN:22,_RNvMNtNtCsjAfDNjLymyL_16wgpu_3dgs_viewer9selection26viewport_texture_rectangleINtB2_32ViewportTextureRectangleRendereruE17create_bind_groupB6_
FNDA:0,_RNvMNtNtCsjMvbNGsYfvH_16wgpu_3dgs_viewer9selection26viewport_texture_rectangleINtB2_32ViewportTextureRectangleRendererpE17create_bind_groupB6_
FNDA:0,_RNvMs0_NtNtCsjMvbNGsYfvH_16wgpu_3dgs_viewer9selection26viewport_texture_rectangleINtB5_32ViewportTextureRectangleRendereruE16render_with_pass
FNDA:0,_RNvMs0_NtNtCsjMvbNGsYfvH_16wgpu_3dgs_viewer9selection26viewport_texture_rectangleINtB5_32ViewportTextureRectangleRendereruE22new_without_bind_group
FNDA:0,_RNvMs0_NtNtCsjMvbNGsYfvH_16wgpu_3dgs_viewer9selection26viewport_texture_rectangleINtB5_32ViewportTextureRectangleRendereruE6render
FNDA:0,_RNvMs_NtNtCsjMvbNGsYfvH_16wgpu_3dgs_viewer9selection26viewport_texture_rectangleNtB4_32ViewportTextureRectangleRenderer16render_with_pass
FNDA:0,_RNvMs_NtNtCsjMvbNGsYfvH_16wgpu_3dgs_viewer9selection26viewport_texture_rectangleNtB4_32ViewportTextureRectangleRenderer24create_bind_group_static
FNDA:0,_RNvMs_NtNtCsjMvbNGsYfvH_16wgpu_3dgs_viewer9selection26viewport_texture_rectangleNtB4_32ViewportTextureRectangleRenderer3new
FNDA:0,_RNvMs_NtNtCsjMvbNGsYfvH_16wgpu_3dgs_viewer9selection26viewport_texture_rectangleNtB4_32ViewportTextureRectangleRenderer6render
FNDA:0,_RNvMs0_NtNtCsjAfDNjLymyL_16wgpu_3dgs_viewer9selection26viewport_texture_rectangleINtB5_32ViewportTextureRectangleRendereruE16render_with_pass
FNDA:1,_RNvMs0_NtNtCsjAfDNjLymyL_16wgpu_3dgs_viewer9selection26viewport_texture_rectangleINtB5_32ViewportTextureRectangleRendereruE22new_without_bind_group
FNDA:0,_RNvMs0_NtNtCsjAfDNjLymyL_16wgpu_3dgs_viewer9selection26viewport_texture_rectangleINtB5_32ViewportTextureRectangleRendereruE6render
FNDA:0,_RNvMs_NtNtCsjAfDNjLymyL_16wgpu_3dgs_viewer9selection26viewport_texture_rectangleNtB4_32ViewportTextureRectangleRenderer16render_with_pass
FNDA:1,_RNvMs_NtNtCsjAfDNjLymyL_16wgpu_3dgs_viewer9selection26viewport_texture_rectangleNtB4_32ViewportTextureRectangleRenderer24create_bind_group_static
FNDA:1,_RNvMs_NtNtCsjAfDNjLymyL_16wgpu_3dgs_viewer9selection26viewport_texture_rectangleNtB4_32ViewportTextureRectangleRenderer3new
FNDA:0,_RNvMs_NtNtCsjAfDNjLymyL_16wgpu_3dgs_viewer9selection26viewport_texture_rectangleNtB4_32ViewportTextureRectangleRenderer6render
FNDA:1,_RNvMNtNtCsjAfDNjLymyL_16wgpu_3dgs_viewer9selection26viewport_texture_rectangleINtB2_32ViewportTextureRectangleRendereruE17create_bind_groupB6_
FNF:8
FNH:4
DA:22,1
DA:23,1
DA:24,1
DA:25,1
DA:26,1
DA:27,1
DA:28,1
DA:29,1
DA:30,1
DA:31,1
DA:32,1
DA:33,1
DA:34,1
DA:36,1
DA:82,1
DA:83,1
DA:84,1
DA:85,1
DA:86,1
DA:87,1
DA:88,1
DA:89,1
DA:91,1
DA:92,1
DA:94,1
DA:95,1
DA:96,1
DA:97,1
DA:98,1
DA:99,1
DA:102,0
DA:103,0
DA:104,0
DA:105,0
DA:106,0
DA:107,0
DA:108,0
DA:109,0
DA:110,0
DA:111,0
DA:112,0
DA:113,0
DA:114,0
DA:115,0
DA:116,0
DA:117,0
DA:119,0
DA:120,0
DA:123,0
DA:124,0
DA:125,0
DA:126,0
DA:127,0
DA:130,1
DA:131,1
DA:132,1
DA:133,1
DA:134,1
DA:135,1
DA:136,1
DA:137,1
DA:138,1
DA:139,1
DA:140,1
DA:141,1
DA:142,1
DA:143,1
DA:144,1
DA:145,1
DA:146,1
DA:147,1
DA:148,1
DA:149,1
DA:150,1
DA:151,1
DA:152,1
DA:153,1
DA:154,1
DA:155,1
DA:156,1
DA:157,1
DA:158,1
DA:166,1
DA:167,1
DA:168,1
DA:169,1
DA:170,1
DA:171,1
DA:172,1
DA:175,1
DA:176,1
DA:177,1
DA:178,1
DA:179,1
DA:180,1
DA:182,1
DA:183,1
DA:184,1
DA:186,1
DA:187,1
DA:188,1
DA:189,1
DA:190,1
DA:191,1
DA:192,1
DA:193,0
DA:194,1
DA:195,1
DA:199,1
DA:200,1
DA:201,1
DA:202,1
DA:203,1
DA:204,1
DA:205,1
DA:206,1
DA:207,1
DA:208,1
DA:209,1
DA:210,1
DA:211,1
DA:212,1
DA:213,1
DA:214,1
DA:215,1
DA:216,1
DA:217,1
DA:218,1
DA:219,1
DA:220,1
DA:221,1
DA:222,1
DA:223,1
DA:224,1
DA:226,1
DA:228,1
DA:229,1
DA:230,1
DA:231,1
DA:232,1
DA:233,1
DA:236,0
DA:237,0
DA:238,0
DA:239,0
DA:240,0
DA:241,0
DA:242,0
DA:243,0
DA:244,0
DA:245,0
DA:246,0
DA:247,0
DA:248,0
DA:249,0
DA:250,0
DA:251,0
DA:252,0
DA:253,0
DA:254,0
DA:255,0
DA:256,0
DA:258,0
DA:259,0
DA:262,0
DA:263,0
DA:264,0
DA:265,0
DA:266,0
BRF:0
BRH:0
LF:169
LH:117
end_of_record
SF:C:\Users\s2010\Me\Codes\Rust\wgpu-3dgs-viewer\src\wesl_utils.rs
FN:7,_RNvNtCsjAfDNjLymyL_16wgpu_3dgs_viewer10wesl_utils8resolver
FN:7,_RNvNtCsjMvbNGsYfvH_16wgpu_3dgs_viewer10wesl_utils8resolver
FNDA:38,_RNvNtCsjAfDNjLymyL_16wgpu_3dgs_viewer10wesl_utils8resolver
FNDA:0,_RNvNtCsjMvbNGsYfvH_16wgpu_3dgs_viewer10wesl_utils8resolver
FNF:1
FNH:1
DA:7,38
DA:8,38
DA:9,38
DA:10,38
DA:11,38
DA:12,38
BRF:0
BRH:0
LF:6
LH:6
end_of_record