SF:C:\Users\s2010\Me\Codes\Rust\wgpu-3dgs-viewer\src\buffer\camera.rs
FN:26,_RINvMNtNtCsjxbM5rGzzET_16wgpu_3dgs_viewer6buffer6cameraNtB3_12CameraBuffer6updateNtNtB7_6camera6CameraECsaV52F41QyKb_3mod
FN:72,_RINvMs3_NtNtCsjxbM5rGzzET_16wgpu_3dgs_viewer6buffer6cameraNtB6_9CameraPod3newNtNtBa_6camera6CameraECsaV52F41QyKb_3mod
FN:31,_RNvMNtNtCsjxbM5rGzzET_16wgpu_3dgs_viewer6buffer6cameraNtB2_12CameraBuffer15update_with_pod
FN:14,_RNvMNtNtCsjxbM5rGzzET_16wgpu_3dgs_viewer6buffer6cameraNtB2_12CameraBuffer3new
FN:51,_RNvXs1_NtNtCsjxbM5rGzzET_16wgpu_3dgs_viewer6buffer6cameraNtB5_12CameraBufferINtNtCsmHtFwzCQ9E_4core7convert7TryFromNtNtNtCs4aW9DWY8b5u_4wgpu3api6buffer6BufferE8try_from
FN:37,_RNvXs_NtNtCsjxbM5rGzzET_16wgpu_3dgs_viewer6buffer6cameraNtB4_12CameraBufferNtNtCs7uIZbJPR652_14wgpu_3dgs_core6buffer13BufferWrapper6buffer
FN:43,_RNvXs0_NtNtCsjxbM5rGzzET_16wgpu_3dgs_viewer6buffer6cameraNtNtNtCs4aW9DWY8b5u_4wgpu3api6buffer6BufferINtNtCsmHtFwzCQ9E_4core7convert4FromNtB5_12CameraBufferE4from
FN:52,_RNCNvXs1_NtNtCsjxbM5rGzzET_16wgpu_3dgs_viewer6buffer6cameraNtB7_12CameraBufferINtNtCsmHtFwzCQ9E_4core7convert7TryFromNtNtNtCs4aW9DWY8b5u_4wgpu3api6buffer6BufferE8try_from0Bb_
FN:26,_RINvMNtNtCs3CPVCLfs1uP_16wgpu_3dgs_viewer6buffer6cameraNtB3_12CameraBuffer6updatepEB7_
FN:72,_RINvMs3_NtNtCs3CPVCLfs1uP_16wgpu_3dgs_viewer6buffer6cameraNtB6_9CameraPod3newpEBa_
FN:52,_RNCNvXs1_NtNtCs3CPVCLfs1uP_16wgpu_3dgs_viewer6buffer6cameraNtB7_12CameraBufferINtNtCsmHtFwzCQ9E_4core7convert7TryFromNtNtNtCs4aW9DWY8b5u_4wgpu3api6buffer6BufferE8try_from0Bb_
FN:31,_RNvMNtNtCs3CPVCLfs1uP_16wgpu_3dgs_viewer6buffer6cameraNtB2_12CameraBuffer15update_with_pod
FN:14,_RNvMNtNtCs3CPVCLfs1uP_16wgpu_3dgs_viewer6buffer6cameraNtB2_12CameraBuffer3new
FN:43,_RNvXs0_NtNtCs3CPVCLfs1uP_16wgpu_3dgs_viewer6buffer6cameraNtNtNtCs4aW9DWY8b5u_4wgpu3api6buffer6BufferINtNtCsmHtFwzCQ9E_4core7convert4FromNtB5_12CameraBufferE4from
FN:51,_RNvXs1_NtNtCs3CPVCLfs1uP_16wgpu_3dgs_viewer6buffer6cameraNtB5_12CameraBufferINtNtCsmHtFwzCQ9E_4core7convert7TryFromNtNtNtCs4aW9DWY8b5u_4wgpu3api6buffer6BufferE8try_from
FN:37,_RNvXs_NtNtCs3CPVCLfs1uP_16wgpu_3dgs_viewer6buffer6cameraNtB4_12CameraBufferNtNtCs7uIZbJPR652_14wgpu_3dgs_core6buffer13BufferWrapper6buffer
FN:26,_RINvMNtNtCs7SKkzX9Vl5y_16wgpu_3dgs_viewer6buffer6cameraNtB3_12CameraBuffer6updateNtNtB7_6camera6CameraECs5dnHlmOWu1L_9selection
FN:72,_RINvMs3_NtNtCs7SKkzX9Vl5y_16wgpu_3dgs_viewer6buffer6cameraNtB6_9CameraPod3newNtNtBa_6camera6CameraECs5dnHlmOWu1L_9selection
FN:31,_RNvMNtNtCs7SKkzX9Vl5y_16wgpu_3dgs_viewer6buffer6cameraNtB2_12CameraBuffer15update_with_pod
FN:14,_RNvMNtNtCs7SKkzX9Vl5y_16wgpu_3dgs_viewer6buffer6cameraNtB2_12CameraBuffer3new
FN:51,_RNvXs1_NtNtCs7SKkzX9Vl5y_16wgpu_3dgs_viewer6buffer6cameraNtB5_12CameraBufferINtNtCsmHtFwzCQ9E_4core7convert7TryFromNtNtNtCs4aW9DWY8b5u_4wgpu3api6buffer6BufferE8try_from
FN:37,_RNvXs_NtNtCs7SKkzX9Vl5y_16wgpu_3dgs_viewer6buffer6cameraNtB4_12CameraBufferNtNtCs7uIZbJPR652_14wgpu_3dgs_core6buffer13BufferWrapper6buffer
FN:52,_RNCNvXs1_NtNtCs7SKkzX9Vl5y_16wgpu_3dgs_viewer6buffer6cameraNtB7_12CameraBufferINtNtCsmHtFwzCQ9E_4core7convert7TryFromNtNtNtCs4aW9DWY8b5u_4wgpu3api6buffer6BufferE8try_from0Bb_
FN:26,_RINvMNtNtCsjxbM5rGzzET_16wgpu_3dgs_viewer6buffer6cameraNtB3_12CameraBuffer6updateNtNtB7_6camera6CameraECshzTrt3y0S99_6simple
FN:72,_RINvMs3_NtNtCsjxbM5rGzzET_16wgpu_3dgs_viewer6buffer6cameraNtB6_9CameraPod3newNtNtBa_6camera6CameraECshzTrt3y0S99_6simple
FNDA:1,_RINvMNtNtCsjxbM5rGzzET_16wgpu_3dgs_viewer6buffer6cameraNtB3_12CameraBuffer6updateNtNtB7_6camera6CameraECsaV52F41QyKb_3mod
FNDA:7,_RINvMs3_NtNtCsjxbM5rGzzET_16wgpu_3dgs_viewer6buffer6cameraNtB6_9CameraPod3newNtNtBa_6camera6CameraECsaV52F41QyKb_3mod
FNDA:3,_RNvMNtNtCsjxbM5rGzzET_16wgpu_3dgs_viewer6buffer6cameraNtB2_12CameraBuffer15update_with_pod
FNDA:2,_RNvMNtNtCsjxbM5rGzzET_16wgpu_3dgs_viewer6buffer6cameraNtB2_12CameraBuffer3new
FNDA:3,_RNvXs1_NtNtCsjxbM5rGzzET_16wgpu_3dgs_viewer6buffer6cameraNtB5_12CameraBufferINtNtCsmHtFwzCQ9E_4core7convert7TryFromNtNtNtCs4aW9DWY8b5u_4wgpu3api6buffer6BufferE8try_from
FNDA:9,_RNvXs_NtNtCsjxbM5rGzzET_16wgpu_3dgs_viewer6buffer6cameraNtB4_12CameraBufferNtNtCs7uIZbJPR652_14wgpu_3dgs_core6buffer13BufferWrapper6buffer
FNDA:1,_RNvXs0_NtNtCsjxbM5rGzzET_16wgpu_3dgs_viewer6buffer6cameraNtNtNtCs4aW9DWY8b5u_4wgpu3api6buffer6BufferINtNtCsmHtFwzCQ9E_4core7convert4FromNtB5_12CameraBufferE4from
FNDA:3,_RNCNvXs1_NtNtCsjxbM5rGzzET_16wgpu_3dgs_viewer6buffer6cameraNtB7_12CameraBufferINtNtCsmHtFwzCQ9E_4core7convert7TryFromNtNtNtCs4aW9DWY8b5u_4wgpu3api6buffer6BufferE8try_from0Bb_
FNDA:0,_RINvMNtNtCs3CPVCLfs1uP_16wgpu_3dgs_viewer6buffer6cameraNtB3_12CameraBuffer6updatepEB7_
FNDA:0,_RINvMs3_NtNtCs3CPVCLfs1uP_16wgpu_3dgs_viewer6buffer6cameraNtB6_9CameraPod3newpEBa_
FNDA:0,_RNCNvXs1_NtNtCs3CPVCLfs1uP_16wgpu_3dgs_viewer6buffer6cameraNtB7_12CameraBufferINtNtCsmHtFwzCQ9E_4core7convert7TryFromNtNtNtCs4aW9DWY8b5u_4wgpu3api6buffer6BufferE8try_from0Bb_
FNDA:0,_RNvMNtNtCs3CPVCLfs1uP_16wgpu_3dgs_viewer6buffer6cameraNtB2_12CameraBuffer15update_with_pod
FNDA:0,_RNvMNtNtCs3CPVCLfs1uP_16wgpu_3dgs_viewer6buffer6cameraNtB2_12CameraBuffer3new
FNDA:0,_RNvXs0_NtNtCs3CPVCLfs1uP_16wgpu_3dgs_viewer6buffer6cameraNtNtNtCs4aW9DWY8b5u_4wgpu3api6buffer6BufferINtNtCsmHtFwzCQ9E_4core7convert4FromNtB5_12CameraBufferE4from
FNDA:0,_RNvXs1_NtNtCs3CPVCLfs1uP_16wgpu_3dgs_viewer6buffer6cameraNtB5_12CameraBufferINtNtCsmHtFwzCQ9E_4core7convert7TryFromNtNtNtCs4aW9DWY8b5u_4wgpu3api6buffer6BufferE8try_from
FNDA:0,_RNvXs_NtNtCs3CPVCLfs1uP_16wgpu_3dgs_viewer6buffer6cameraNtB4_12CameraBufferNtNtCs7uIZbJPR652_14wgpu_3dgs_core6buffer13BufferWrapper6buffer
FNDA:135,_RINvMNtNtCs7SKkzX9Vl5y_16wgpu_3dgs_viewer6buffer6cameraNtB3_12CameraBuffer6updateNtNtB7_6camera6CameraECs5dnHlmOWu1L_9selection
FNDA:135,_RINvMs3_NtNtCs7SKkzX9Vl5y_16wgpu_3dgs_viewer6buffer6cameraNtB6_9CameraPod3newNtNtBa_6camera6CameraECs5dnHlmOWu1L_9selection
FNDA:135,_RNvMNtNtCs7SKkzX9Vl5y_16wgpu_3dgs_viewer6buffer6cameraNtB2_12CameraBuffer15update_with_pod
FNDA:1,_RNvMNtNtCs7SKkzX9Vl5y_16wgpu_3dgs_viewer6buffer6cameraNtB2_12CameraBuffer3new
FNDA:0,_RNvXs1_NtNtCs7SKkzX9Vl5y_16wgpu_3dgs_viewer6buffer6cameraNtB5_12CameraBufferINtNtCsmHtFwzCQ9E_4core7convert7TryFromNtNtNtCs4aW9DWY8b5u_4wgpu3api6buffer6BufferE8try_from
FNDA:14,_RNvXs_NtNtCs7SKkzX9Vl5y_16wgpu_3dgs_viewer6buffer6cameraNtB4_12CameraBufferNtNtCs7uIZbJPR652_14wgpu_3dgs_core6buffer13BufferWrapper6buffer
FNDA:0,_RNCNvXs1_NtNtCs7SKkzX9Vl5y_16wgpu_3dgs_viewer6buffer6cameraNtB7_12CameraBufferINtNtCsmHtFwzCQ9E_4core7convert7TryFromNtNtNtCs4aW9DWY8b5u_4wgpu3api6buffer6BufferE8try_from0Bb_
FNDA:0,_RINvMNtNtCsjxbM5rGzzET_16wgpu_3dgs_viewer6buffer6cameraNtB3_12CameraBuffer6updateNtNtB7_6camera6CameraECshzTrt3y0S99_6simple
FNDA:0,_RINvMs3_NtNtCsjxbM5rGzzET_16wgpu_3dgs_viewer6buffer6cameraNtB6_9CameraPod3newNtNtBa_6camera6CameraECshzTrt3y0S99_6simple
FNF:8
FNH:8
DA:14,3
DA:15,3
DA:16,3
DA:17,3
DA:18,3
DA:19,3
DA:20,3
DA:22,3
DA:23,3
DA:26,136
DA:27,136
DA:28,136
DA:31,138
DA:32,138
DA:33,138
DA:37,23
DA:38,23
DA:39,23
DA:43,1
DA:44,1
DA:45,1
DA:51,3
DA:52,3
DA:53,3
DA:72,142
DA:73,142
DA:74,142
DA:75,142
DA:76,142
DA:77,142
DA:78,142
DA:79,142
BRF:0
BRH:0
LF:33
LH:33
end_of_record
SF:C:\Users\s2010\Me\Codes\Rust\wgpu-3dgs-viewer\src\buffer\depth.rs
FN:33,_RNvXs0_NtNtCsjxbM5rGzzET_16wgpu_3dgs_viewer6buffer5depthNtNtNtCs4aW9DWY8b5u_4wgpu3api6buffer6BufferINtNtCsmHtFwzCQ9E_4core7convert4FromNtB5_20GaussiansDepthBufferE4from
FN:9,_RNvMNtNtCsjxbM5rGzzET_16wgpu_3dgs_viewer6buffer5depthNtB2_20GaussiansDepthBuffer3new
FN:27,_RNvXs_NtNtCsjxbM5rGzzET_16wgpu_3dgs_viewer6buffer5depthNtB4_20GaussiansDepthBufferNtNtCs7uIZbJPR652_14wgpu_3dgs_core6buffer13BufferWrapper6buffer
FN:9,_RNvMNtNtCs3CPVCLfs1uP_16wgpu_3dgs_viewer6buffer5depthNtB2_20GaussiansDepthBuffer3new
FN:33,_RNvXs0_NtNtCs3CPVCLfs1uP_16wgpu_3dgs_viewer6buffer5depthNtNtNtCs4aW9DWY8b5u_4wgpu3api6buffer6BufferINtNtCsmHtFwzCQ9E_4core7convert4FromNtB5_20GaussiansDepthBufferE4from
FN:27,_RNvXs_NtNtCs3CPVCLfs1uP_16wgpu_3dgs_viewer6buffer5depthNtB4_20GaussiansDepthBufferNtNtCs7uIZbJPR652_14wgpu_3dgs_core6buffer13BufferWrapper6buffer
FN:9,_RNvMNtNtCs7SKkzX9Vl5y_16wgpu_3dgs_viewer6buffer5depthNtB2_20GaussiansDepthBuffer3new
FN:27,_RNvXs_NtNtCs7SKkzX9Vl5y_16wgpu_3dgs_viewer6buffer5depthNtB4_20GaussiansDepthBufferNtNtCs7uIZbJPR652_14wgpu_3dgs_core6buffer13BufferWrapper6buffer
FNDA:0,_RNvXs0_NtNtCsjxbM5rGzzET_16wgpu_3dgs_viewer6buffer5depthNtNtNtCs4aW9DWY8b5u_4wgpu3api6buffer6BufferINtNtCsmHtFwzCQ9E_4core7convert4FromNtB5_20GaussiansDepthBufferE4from
FNDA:1,_RNvMNtNtCsjxbM5rGzzET_16wgpu_3dgs_viewer6buffer5depthNtB2_20GaussiansDepthBuffer3new
FNDA:2,_RNvXs_NtNtCsjxbM5rGzzET_16wgpu_3dgs_viewer6buffer5depthNtB4_20GaussiansDepthBufferNtNtCs7uIZbJPR652_14wgpu_3dgs_core6buffer13BufferWrapper6buffer
FNDA:0,_RNvMNtNtCs3CPVCLfs1uP_16wgpu_3dgs_viewer6buffer5depthNtB2_20GaussiansDepthBuffer3new
FNDA:0,_RNvXs0_NtNtCs3CPVCLfs1uP_16wgpu_3dgs_viewer6buffer5depthNtNtNtCs4aW9DWY8b5u_4wgpu3api6buffer6BufferINtNtCsmHtFwzCQ9E_4core7convert4FromNtB5_20GaussiansDepthBufferE4from
FNDA:0,_RNvXs_NtNtCs3CPVCLfs1uP_16wgpu_3dgs_viewer6buffer5depthNtB4_20GaussiansDepthBufferNtNtCs7uIZbJPR652_14wgpu_3dgs_core6buffer13BufferWrapper6buffer
FNDA:1,_RNvMNtNtCs7SKkzX9Vl5y_16wgpu_3dgs_viewer6buffer5depthNtB2_20GaussiansDepthBuffer3new
FNDA:2,_RNvXs_NtNtCs7SKkzX9Vl5y_16wgpu_3dgs_viewer6buffer5depthNtB4_20GaussiansDepthBufferNtNtCs7uIZbJPR652_14wgpu_3dgs_core6buffer13BufferWrapper6buffer
FNF:3
FNH:2
DA:9,2
DA:11,2
DA:13,2
DA:14,2
DA:15,2
DA:16,2
DA:17,2
DA:18,2
DA:20,2
DA:21,2
DA:27,4
DA:28,4
DA:29,4
DA:33,0
DA:34,0
DA:35,0
BRF:0
BRH:0
LF:16
LH:13
end_of_record
SF:C:\Users\s2010\Me\Codes\Rust\wgpu-3dgs-viewer\src\buffer\indirect_args.rs
FN:40,_RNvXs0_NtNtCsjxbM5rGzzET_16wgpu_3dgs_viewer6buffer13indirect_argsNtNtNtCs4aW9DWY8b5u_4wgpu3api6buffer6BufferINtNtCsmHtFwzCQ9E_4core7convert4FromNtB5_18IndirectArgsBufferE4from
FN:85,_RNvXs5_NtNtCsjxbM5rGzzET_16wgpu_3dgs_viewer6buffer13indirect_argsNtNtNtCs4aW9DWY8b5u_4wgpu3api6buffer6BufferINtNtCsmHtFwzCQ9E_4core7convert4FromNtB5_27RadixSortIndirectArgsBufferE4from
FN:129,_RNvXsa_NtNtCsjxbM5rGzzET_16wgpu_3dgs_viewer6buffer13indirect_argsNtNtNtCs4aW9DWY8b5u_4wgpu3api6buffer6BufferINtNtCsmHtFwzCQ9E_4core7convert4FromNtB5_21IndirectIndicesBufferE4from
FN:12,_RNvMNtNtCsjxbM5rGzzET_16wgpu_3dgs_viewer6buffer13indirect_argsNtB2_18IndirectArgsBuffer3new
FN:63,_RNvMs3_NtNtCsjxbM5rGzzET_16wgpu_3dgs_viewer6buffer13indirect_argsNtB5_27RadixSortIndirectArgsBuffer3new
FN:108,_RNvMs8_NtNtCsjxbM5rGzzET_16wgpu_3dgs_viewer6buffer13indirect_argsNtB5_21IndirectIndicesBuffer3new
FN:48,_RNvXs1_NtNtCsjxbM5rGzzET_16wgpu_3dgs_viewer6buffer13indirect_argsNtB5_18IndirectArgsBufferINtNtCsmHtFwzCQ9E_4core7convert7TryFromNtNtNtCs4aW9DWY8b5u_4wgpu3api6buffer6BufferE8try_from
FN:79,_RNvXs4_NtNtCsjxbM5rGzzET_16wgpu_3dgs_viewer6buffer13indirect_argsNtB5_27RadixSortIndirectArgsBufferNtNtCs7uIZbJPR652_14wgpu_3dgs_core6buffer13BufferWrapper6buffer
FN:93,_RNvXs6_NtNtCsjxbM5rGzzET_16wgpu_3dgs_viewer6buffer13indirect_argsNtB5_27RadixSortIndirectArgsBufferINtNtCsmHtFwzCQ9E_4core7convert7TryFromNtNtNtCs4aW9DWY8b5u_4wgpu3api6buffer6BufferE8try_from
FN:123,_RNvXs9_NtNtCsjxbM5rGzzET_16wgpu_3dgs_viewer6buffer13indirect_argsNtB5_21IndirectIndicesBufferNtNtCs7uIZbJPR652_14wgpu_3dgs_core6buffer13BufferWrapper6buffer
FN:34,_RNvXs_NtNtCsjxbM5rGzzET_16wgpu_3dgs_viewer6buffer13indirect_argsNtB4_18IndirectArgsBufferNtNtCs7uIZbJPR652_14wgpu_3dgs_core6buffer13BufferWrapper6buffer
FN:135,_RNvXsb_NtNtCsjxbM5rGzzET_16wgpu_3dgs_viewer6buffer13indirect_argsNtB5_21IndirectIndicesBufferINtNtCsmHtFwzCQ9E_4core7convert4FromNtNtNtCs4aW9DWY8b5u_4wgpu3api6buffer6BufferE4from
FN:49,_RNCNvXs1_NtNtCsjxbM5rGzzET_16wgpu_3dgs_viewer6buffer13indirect_argsNtB7_18IndirectArgsBufferINtNtCsmHtFwzCQ9E_4core7convert7TryFromNtNtNtCs4aW9DWY8b5u_4wgpu3api6buffer6BufferE8try_from0Bb_
FN:94,_RNCNvXs6_NtNtCsjxbM5rGzzET_16wgpu_3dgs_viewer6buffer13indirect_argsNtB7_27RadixSortIndirectArgsBufferINtNtCsmHtFwzCQ9E_4core7convert7TryFromNtNtNtCs4aW9DWY8b5u_4wgpu3api6buffer6BufferE8try_from0Bb_
FN:49,_RNCNvXs1_NtNtCs3CPVCLfs1uP_16wgpu_3dgs_viewer6buffer13indirect_argsNtB7_18IndirectArgsBufferINtNtCsmHtFwzCQ9E_4core7convert7TryFromNtNtNtCs4aW9DWY8b5u_4wgpu3api6buffer6BufferE8try_from0Bb_
FN:94,_RNCNvXs6_NtNtCs3CPVCLfs1uP_16wgpu_3dgs_viewer6buffer13indirect_argsNtB7_27RadixSortIndirectArgsBufferINtNtCsmHtFwzCQ9E_4core7convert7TryFromNtNtNtCs4aW9DWY8b5u_4wgpu3api6buffer6BufferE8try_from0Bb_
FN:12,_RNvMNtNtCs3CPVCLfs1uP_16wgpu_3dgs_viewer6buffer13indirect_argsNtB2_18IndirectArgsBuffer3new
FN:63,_RNvMs3_NtNtCs3CPVCLfs1uP_16wgpu_3dgs_viewer6buffer13indirect_argsNtB5_27RadixSortIndirectArgsBuffer3new
FN:108,_RNvMs8_NtNtCs3CPVCLfs1uP_16wgpu_3dgs_viewer6buffer13indirect_argsNtB5_21IndirectIndicesBuffer3new
FN:40,_RNvXs0_NtNtCs3CPVCLfs1uP_16wgpu_3dgs_viewer6buffer13indirect_argsNtNtNtCs4aW9DWY8b5u_4wgpu3api6buffer6BufferINtNtCsmHtFwzCQ9E_4core7convert4FromNtB5_18IndirectArgsBufferE4from
FN:48,_RNvXs1_NtNtCs3CPVCLfs1uP_16wgpu_3dgs_viewer6buffer13indirect_argsNtB5_18IndirectArgsBufferINtNtCsmHtFwzCQ9E_4core7convert7TryFromNtNtNtCs4aW9DWY8b5u_4wgpu3api6buffer6BufferE8try_from
FN:79,_RNvXs4_NtNtCs3CPVCLfs1uP_16wgpu_3dgs_viewer6buffer13indirect_argsNtB5_27RadixSortIndirectArgsBufferNtNtCs7uIZbJPR652_14wgpu_3dgs_core6buffer13BufferWrapper6buffer
FN:85,_RNvXs5_NtNtCs3CPVCLfs1uP_16wgpu_3dgs_viewer6buffer13indirect_argsNtNtNtCs4aW9DWY8b5u_4wgpu3api6buffer6BufferINtNtCsmHtFwzCQ9E_4core7convert4FromNtB5_27RadixSortIndirectArgsBufferE4from
FN:93,_RNvXs6_NtNtCs3CPVCLfs1uP_16wgpu_3dgs_viewer6buffer13indirect_argsNtB5_27RadixSortIndirectArgsBufferINtNtCsmHtFwzCQ9E_4core7convert7TryFromNtNtNtCs4aW9DWY8b5u_4wgpu3api6buffer6BufferE8try_from
FN:123,_RNvXs9_NtNtCs3CPVCLfs1uP_16wgpu_3dgs_viewer6buffer13indirect_argsNtB5_21IndirectIndicesBufferNtNtCs7uIZbJPR652_14wgpu_3dgs_core6buffer13BufferWrapper6buffer
FN:34,_RNvXs_NtNtCs3CPVCLfs1uP_16wgpu_3dgs_viewer6buffer13indirect_argsNtB4_18IndirectArgsBufferNtNtCs7uIZbJPR652_14wgpu_3dgs_core6buffer13BufferWrapper6buffer
FN:129,_RNvXsa_NtNtCs3CPVCLfs1uP_16wgpu_3dgs_viewer6buffer13indirect_argsNtNtNtCs4aW9DWY8b5u_4wgpu3api6buffer6BufferINtNtCsmHtFwzCQ9E_4core7convert4FromNtB5_21IndirectIndicesBufferE4from
FN:135,_RNvXsb_NtNtCs3CPVCLfs1uP_16wgpu_3dgs_viewer6buffer13indirect_argsNtB5_21IndirectIndicesBufferINtNtCsmHtFwzCQ9E_4core7convert4FromNtNtNtCs4aW9DWY8b5u_4wgpu3api6buffer6BufferE4from
FN:12,_RNvMNtNtCs7SKkzX9Vl5y_16wgpu_3dgs_viewer6buffer13indirect_argsNtB2_18IndirectArgsBuffer3new
FN:63,_RNvMs3_NtNtCs7SKkzX9Vl5y_16wgpu_3dgs_viewer6buffer13indirect_argsNtB5_27RadixSortIndirectArgsBuffer3new
FN:108,_RNvMs8_NtNtCs7SKkzX9Vl5y_16wgpu_3dgs_viewer6buffer13indirect_argsNtB5_21IndirectIndicesBuffer3new
FN:48,_RNvXs1_NtNtCs7SKkzX9Vl5y_16wgpu_3dgs_viewer6buffer13indirect_argsNtB5_18IndirectArgsBufferINtNtCsmHtFwzCQ9E_4core7convert7TryFromNtNtNtCs4aW9DWY8b5u_4wgpu3api6buffer6BufferE8try_from
FN:79,_RNvXs4_NtNtCs7SKkzX9Vl5y_16wgpu_3dgs_viewer6buffer13indirect_argsNtB5_27RadixSortIndirectArgsBufferNtNtCs7uIZbJPR652_14wgpu_3dgs_core6buffer13BufferWrapper6buffer
FN:93,_RNvXs6_NtNtCs7SKkzX9Vl5y_16wgpu_3dgs_viewer6buffer13indirect_argsNtB5_27RadixSortIndirectArgsBufferINtNtCsmHtFwzCQ9E_4core7convert7TryFromNtNtNtCs4aW9DWY8b5u_4wgpu3api6buffer6BufferE8try_from
FN:123,_RNvXs9_NtNtCs7SKkzX9Vl5y_16wgpu_3dgs_viewer6buffer13indirect_argsNtB5_21IndirectIndicesBufferNtNtCs7uIZbJPR652_14wgpu_3dgs_core6buffer13BufferWrapper6buffer
FN:34,_RNvXs_NtNtCs7SKkzX9Vl5y_16wgpu_3dgs_viewer6buffer13indirect_argsNtB4_18IndirectArgsBufferNtNtCs7uIZbJPR652_14wgpu_3dgs_core6buffer13BufferWrapper6buffer
FN:135,_RNvXsb_NtNtCs7SKkzX9Vl5y_16wgpu_3dgs_viewer6buffer13indirect_argsNtB5_21IndirectIndicesBufferINtNtCsmHtFwzCQ9E_4core7convert4FromNtNtNtCs4aW9DWY8b5u_4wgpu3api6buffer6BufferE4from
FN:49,_RNCNvXs1_NtNtCs7SKkzX9Vl5y_16wgpu_3dgs_viewer6buffer13indirect_argsNtB7_18IndirectArgsBufferINtNtCsmHtFwzCQ9E_4core7convert7TryFromNtNtNtCs4aW9DWY8b5u_4wgpu3api6buffer6BufferE8try_from0Bb_
FN:94,_RNCNvXs6_NtNtCs7SKkzX9Vl5y_16wgpu_3dgs_viewer6buffer13indirect_argsNtB7_27RadixSortIndirectArgsBufferINtNtCsmHtFwzCQ9E_4core7convert7TryFromNtNtNtCs4aW9DWY8b5u_4wgpu3api6buffer6BufferE8try_from0Bb_
FNDA:1,_RNvXs0_NtNtCsjxbM5rGzzET_16wgpu_3dgs_viewer6buffer13indirect_argsNtNtNtCs4aW9DWY8b5u_4wgpu3api6buffer6BufferINtNtCsmHtFwzCQ9E_4core7convert4FromNtB5_18IndirectArgsBufferE4from
FNDA:1,_RNvXs5_NtNtCsjxbM5rGzzET_16wgpu_3dgs_viewer6buffer13indirect_argsNtNtNtCs4aW9DWY8b5u_4wgpu3api6buffer6BufferINtNtCsmHtFwzCQ9E_4core7convert4FromNtB5_27RadixSortIndirectArgsBufferE4from
FNDA:1,_RNvXsa_NtNtCsjxbM5rGzzET_16wgpu_3dgs_viewer6buffer13indirect_argsNtNtNtCs4aW9DWY8b5u_4wgpu3api6buffer6BufferINtNtCsmHtFwzCQ9E_4core7convert4FromNtB5_21IndirectIndicesBufferE4from
FNDA:2,_RNvMNtNtCsjxbM5rGzzET_16wgpu_3dgs_viewer6buffer13indirect_argsNtB2_18IndirectArgsBuffer3new
FNDA:2,_RNvMs3_NtNtCsjxbM5rGzzET_16wgpu_3dgs_viewer6buffer13indirect_argsNtB5_27RadixSortIndirectArgsBuffer3new
FNDA:7,_RNvMs8_NtNtCsjxbM5rGzzET_16wgpu_3dgs_viewer6buffer13indirect_argsNtB5_21IndirectIndicesBuffer3new
FNDA:1,_RNvXs1_NtNtCsjxbM5rGzzET_16wgpu_3dgs_viewer6buffer13indirect_argsNtB5_18IndirectArgsBufferINtNtCsmHtFwzCQ9E_4core7convert7TryFromNtNtNtCs4aW9DWY8b5u_4wgpu3api6buffer6BufferE8try_from
FNDA:5,_RNvXs4_NtNtCsjxbM5rGzzET_16wgpu_3dgs_viewer6buffer13indirect_argsNtB5_27RadixSortIndirectArgsBufferNtNtCs7uIZbJPR652_14wgpu_3dgs_core6buffer13BufferWrapper6buffer
FNDA:1,_RNvXs6_NtNtCsjxbM5rGzzET_16wgpu_3dgs_viewer6buffer13indirect_argsNtB5_27RadixSortIndirectArgsBufferINtNtCsmHtFwzCQ9E_4core7convert7TryFromNtNtNtCs4aW9DWY8b5u_4wgpu3api6buffer6BufferE8try_from
FNDA:11,_RNvXs9_NtNtCsjxbM5rGzzET_16wgpu_3dgs_viewer6buffer13indirect_argsNtB5_21IndirectIndicesBufferNtNtCs7uIZbJPR652_14wgpu_3dgs_core6buffer13BufferWrapper6buffer
FNDA:5,_RNvXs_NtNtCsjxbM5rGzzET_16wgpu_3dgs_viewer6buffer13indirect_argsNtB4_18IndirectArgsBufferNtNtCs7uIZbJPR652_14wgpu_3dgs_core6buffer13BufferWrapper6buffer
FNDA:1,_RNvXsb_NtNtCsjxbM5rGzzET_16wgpu_3dgs_viewer6buffer13indirect_argsNtB5_21IndirectIndicesBufferINtNtCsmHtFwzCQ9E_4core7convert4FromNtNtNtCs4aW9DWY8b5u_4wgpu3api6buffer6BufferE4from
FNDA:1,_RNCNvXs1_NtNtCsjxbM5rGzzET_16wgpu_3dgs_viewer6buffer13indirect_argsNtB7_18IndirectArgsBufferINtNtCsmHtFwzCQ9E_4core7convert7TryFromNtNtNtCs4aW9DWY8b5u_4wgpu3api6buffer6BufferE8try_from0Bb_
FNDA:1,_RNCNvXs6_NtNtCsjxbM5rGzzET_16wgpu_3dgs_viewer6buffer13indirect_argsNtB7_27RadixSortIndirectArgsBufferINtNtCsmHtFwzCQ9E_4core7convert7TryFromNtNtNtCs4aW9DWY8b5u_4wgpu3api6buffer6BufferE8try_from0Bb_
FNDA:0,_RNCNvXs1_NtNtCs3CPVCLfs1uP_16wgpu_3dgs_viewer6buffer13indirect_argsNtB7_18IndirectArgsBufferINtNtCsmHtFwzCQ9E_4core7convert7TryFromNtNtNtCs4aW9DWY8b5u_4wgpu3api6buffer6BufferE8try_from0Bb_
FNDA:0,_RNCNvXs6_NtNtCs3CPVCLfs1uP_16wgpu_3dgs_viewer6buffer13indirect_argsNtB7_27RadixSortIndirectArgsBufferINtNtCsmHtFwzCQ9E_4core7convert7TryFromNtNtNtCs4aW9DWY8b5u_4wgpu3api6buffer6BufferE8try_from0Bb_
FNDA:0,_RNvMNtNtCs3CPVCLfs1uP_16wgpu_3dgs_viewer6buffer13indirect_argsNtB2_18IndirectArgsBuffer3new
FNDA:0,_RNvMs3_NtNtCs3CPVCLfs1uP_16wgpu_3dgs_viewer6buffer13indirect_argsNtB5_27RadixSortIndirectArgsBuffer3new
FNDA:0,_RNvMs8_NtNtCs3CPVCLfs1uP_16wgpu_3dgs_viewer6buffer13indirect_argsNtB5_21IndirectIndicesBuffer3new
FNDA:0,_RNvXs0_NtNtCs3CPVCLfs1uP_16wgpu_3dgs_viewer6buffer13indirect_argsNtNtNtCs4aW9DWY8b5u_4wgpu3api6buffer6BufferINtNtCsmHtFwzCQ9E_4core7convert4FromNtB5_18IndirectArgsBufferE4from
FNDA:0,_RNvXs1_NtNtCs3CPVCLfs1uP_16wgpu_3dgs_viewer6buffer13indirect_argsNtB5_18IndirectArgsBufferINtNtCsmHtFwzCQ9E_4core7convert7TryFromNtNtNtCs4aW9DWY8b5u_4wgpu3api6buffer6BufferE8try_from
FNDA:0,_RNvXs4_NtNtCs3CPVCLfs1uP_16wgpu_3dgs_viewer6buffer13indirect_argsNtB5_27RadixSortIndirectArgsBufferNtNtCs7uIZbJPR652_14wgpu_3dgs_core6buffer13BufferWrapper6buffer
FNDA:0,_RNvXs5_NtNtCs3CPVCLfs1uP_16wgpu_3dgs_viewer6buffer13indirect_argsNtNtNtCs4aW9DWY8b5u_4wgpu3api6buffer6BufferINtNtCsmHtFwzCQ9E_4core7convert4FromNtB5_27RadixSortIndirectArgsBufferE4from
FNDA:0,_RNvXs6_NtNtCs3CPVCLfs1uP_16wgpu_3dgs_viewer6buffer13indirect_argsNtB5_27RadixSortIndirectArgsBufferINtNtCsmHtFwzCQ9E_4core7convert7TryFromNtNtNtCs4aW9DWY8b5u_4wgpu3api6buffer6BufferE8try_from
FNDA:0,_RNvXs9_NtNtCs3CPVCLfs1uP_16wgpu_3dgs_viewer6buffer13indirect_argsNtB5_21IndirectIndicesBufferNtNtCs7uIZbJPR652_14wgpu_3dgs_core6buffer13BufferWrapper6buffer
FNDA:0,_RNvXs_NtNtCs3CPVCLfs1uP_16wgpu_3dgs_viewer6buffer13indirect_argsNtB4_18IndirectArgsBufferNtNtCs7uIZbJPR652_14wgpu_3dgs_core6buffer13BufferWrapper6buffer
FNDA:0,_RNvXsa_NtNtCs3CPVCLfs1uP_16wgpu_3dgs_viewer6buffer13indirect_argsNtNtNtCs4aW9DWY8b5u_4wgpu3api6buffer6BufferINtNtCsmHtFwzCQ9E_4core7convert4FromNtB5_21IndirectIndicesBufferE4from
FNDA:0,_RNvXsb_NtNtCs3CPVCLfs1uP_16wgpu_3dgs_viewer6buffer13indirect_argsNtB5_21IndirectIndicesBufferINtNtCsmHtFwzCQ9E_4core7convert4FromNtNtNtCs4aW9DWY8b5u_4wgpu3api6buffer6BufferE4from
FNDA:1,_RNvMNtNtCs7SKkzX9Vl5y_16wgpu_3dgs_viewer6buffer13indirect_argsNtB2_18IndirectArgsBuffer3new
FNDA:1,_RNvMs3_NtNtCs7SKkzX9Vl5y_16wgpu_3dgs_viewer6buffer13indirect_argsNtB5_27RadixSortIndirectArgsBuffer3new
FNDA:1,_RNvMs8_NtNtCs7SKkzX9Vl5y_16wgpu_3dgs_viewer6buffer13indirect_argsNtB5_21IndirectIndicesBuffer3new
FNDA:0,_RNvXs1_NtNtCs7SKkzX9Vl5y_16wgpu_3dgs_viewer6buffer13indirect_argsNtB5_18IndirectArgsBufferINtNtCsmHtFwzCQ9E_4core7convert7TryFromNtNtNtCs4aW9DWY8b5u_4wgpu3api6buffer6BufferE8try_from
FNDA:136,_RNvXs4_NtNtCs7SKkzX9Vl5y_16wgpu_3dgs_viewer6buffer13indirect_argsNtB5_27RadixSortIndirectArgsBufferNtNtCs7uIZbJPR652_14wgpu_3dgs_core6buffer13BufferWrapper6buffer
FNDA:0,_RNvXs6_NtNtCs7SKkzX9Vl5y_16wgpu_3dgs_viewer6buffer13indirect_argsNtB5_27RadixSortIndirectArgsBufferINtNtCsmHtFwzCQ9E_4core7convert7TryFromNtNtNtCs4aW9DWY8b5u_4wgpu3api6buffer6BufferE8try_from
FNDA:3,_RNvXs9_NtNtCs7SKkzX9Vl5y_16wgpu_3dgs_viewer6buffer13indirect_argsNtB5_21IndirectIndicesBufferNtNtCs7uIZbJPR652_14wgpu_3dgs_core6buffer13BufferWrapper6buffer
FNDA:136,_RNvXs_NtNtCs7SKkzX9Vl5y_16wgpu_3dgs_viewer6buffer13indirect_argsNtB4_18IndirectArgsBufferNtNtCs7uIZbJPR652_14wgpu_3dgs_core6buffer13BufferWrapper6buffer
FNDA:0,_RNvXsb_NtNtCs7SKkzX9Vl5y_16wgpu_3dgs_viewer6buffer13indirect_argsNtB5_21IndirectIndicesBufferINtNtCsmHtFwzCQ9E_4core7convert4FromNtNtNtCs4aW9DWY8b5u_4wgpu3api6buffer6BufferE4from
FNDA:0,_RNCNvXs1_NtNtCs7SKkzX9Vl5y_16wgpu_3dgs_viewer6buffer13indirect_argsNtB7_18IndirectArgsBufferINtNtCsmHtFwzCQ9E_4core7convert7TryFromNtNtNtCs4aW9DWY8b5u_4wgpu3api6buffer6BufferE8try_from0Bb_
FNDA:0,_RNCNvXs6_NtNtCs7SKkzX9Vl5y_16wgpu_3dgs_viewer6buffer13indirect_argsNtB7_27RadixSortIndirectArgsBufferINtNtCsmHtFwzCQ9E_4core7convert7TryFromNtNtNtCs4aW9DWY8b5u_4wgpu3api6buffer6BufferE8try_from0Bb_
FNF:14
FNH:14
DA:12,3
DA:13,3
DA:14,3
DA:15,3
DA:16,3
DA:17,3
DA:18,3
DA:19,3
DA:20,3
DA:21,3
DA:22,3
DA:23,3
DA:25,3
DA:26,3
DA:34,141
DA:35,141
DA:36,141
DA:40,1
DA:41,1
DA:42,1
DA:48,1
DA:49,1
DA:50,1
DA:63,3
DA:64,3
DA:65,3
DA:66,3
DA:67,3
DA:68,3
DA:70,3
DA:71,3
DA:79,141
DA:80,141
DA:81,141
DA:85,1
DA:86,1
DA:87,1
DA:93,1
DA:94,1
DA:95,1
DA:108,8
DA:109,8
DA:110,8
DA:111,8
DA:112,8
DA:113,8
DA:114,8
DA:116,8
DA:117,8
DA:123,14
DA:124,14
DA:125,14
DA:129,1
DA:130,1
DA:131,1
DA:135,1
DA:136,1
DA:137,1
BRF:0
BRH:0
LF:60
LH:60
end_of_record
SF:C:\Users\s2010\Me\Codes\Rust\wgpu-3dgs-viewer\src\camera.rs
FN:71,_RNvMNtCsjxbM5rGzzET_16wgpu_3dgs_viewer6cameraNtB2_6Camera11get_forward
FN:40,_RNvMNtCsjxbM5rGzzET_16wgpu_3dgs_viewer6cameraNtB2_6Camera3new
FN:66,_RNvMNtCsjxbM5rGzzET_16wgpu_3dgs_viewer6cameraNtB2_6Camera6yaw_by
FN:51,_RNvMNtCsjxbM5rGzzET_16wgpu_3dgs_viewer6cameraNtB2_6Camera7move_by
FN:56,_RNvMNtCsjxbM5rGzzET_16wgpu_3dgs_viewer6cameraNtB2_6Camera7move_up
FN:61,_RNvMNtCsjxbM5rGzzET_16wgpu_3dgs_viewer6cameraNtB2_6Camera8pitch_by
FN:80,_RNvMNtCsjxbM5rGzzET_16wgpu_3dgs_viewer6cameraNtB2_6Camera9get_right
FN:90,_RNvXs_NtCsjxbM5rGzzET_16wgpu_3dgs_viewer6cameraNtB4_6CameraNtB4_11CameraTrait10projection
FN:86,_RNvXs_NtCsjxbM5rGzzET_16wgpu_3dgs_viewer6cameraNtB4_6CameraNtB4_11CameraTrait4view
FN:71,_RNvMNtCs3CPVCLfs1uP_16wgpu_3dgs_viewer6cameraNtB2_6Camera11get_forward
FN:40,_RNvMNtCs3CPVCLfs1uP_16wgpu_3dgs_viewer6cameraNtB2_6Camera3new
FN:66,_RNvMNtCs3CPVCLfs1uP_16wgpu_3dgs_viewer6cameraNtB2_6Camera6yaw_by
FN:51,_RNvMNtCs3CPVCLfs1uP_16wgpu_3dgs_viewer6cameraNtB2_6Camera7move_by
FN:56,_RNvMNtCs3CPVCLfs1uP_16wgpu_3dgs_viewer6cameraNtB2_6Camera7move_up
FN:61,_RNvMNtCs3CPVCLfs1uP_16wgpu_3dgs_viewer6cameraNtB2_6Camera8pitch_by
FN:80,_RNvMNtCs3CPVCLfs1uP_16wgpu_3dgs_viewer6cameraNtB2_6Camera9get_right
FN:90,_RNvXs_NtCs3CPVCLfs1uP_16wgpu_3dgs_viewer6cameraNtB4_6CameraNtB4_11CameraTrait10projection
FN:86,_RNvXs_NtCs3CPVCLfs1uP_16wgpu_3dgs_viewer6cameraNtB4_6CameraNtB4_11CameraTrait4view
FN:71,_RNvMNtCs7SKkzX9Vl5y_16wgpu_3dgs_viewer6cameraNtB2_6Camera11get_forward
FN:40,_RNvMNtCs7SKkzX9Vl5y_16wgpu_3dgs_viewer6cameraNtB2_6Camera3new
FN:66,_RNvMNtCs7SKkzX9Vl5y_16wgpu_3dgs_viewer6cameraNtB2_6Camera6yaw_by
FN:51,_RNvMNtCs7SKkzX9Vl5y_16wgpu_3dgs_viewer6cameraNtB2_6Camera7move_by
FN:56,_RNvMNtCs7SKkzX9Vl5y_16wgpu_3dgs_viewer6cameraNtB2_6Camera7move_up
FN:61,_RNvMNtCs7SKkzX9Vl5y_16wgpu_3dgs_viewer6cameraNtB2_6Camera8pitch_by
FN:80,_RNvMNtCs7SKkzX9Vl5y_16wgpu_3dgs_viewer6cameraNtB2_6Camera9get_right
FN:90,_RNvXs_NtCs7SKkzX9Vl5y_16wgpu_3dgs_viewer6cameraNtB4_6CameraNtB4_11CameraTrait10projection
FN:86,_RNvXs_NtCs7SKkzX9Vl5y_16wgpu_3dgs_viewer6cameraNtB4_6CameraNtB4_11CameraTrait4view
FNDA:9,_RNvMNtCsjxbM5rGzzET_16wgpu_3dgs_viewer6cameraNtB2_6Camera11get_forward
FNDA:6,_RNvMNtCsjxbM5rGzzET_16wgpu_3dgs_viewer6cameraNtB2_6Camera3new
FNDA:1,_RNvMNtCsjxbM5rGzzET_16wgpu_3dgs_viewer6cameraNtB2_6Camera6yaw_by
FNDA:0,_RNvMNtCsjxbM5rGzzET_16wgpu_3dgs_viewer6cameraNtB2_6Camera7move_by
FNDA:0,_RNvMNtCsjxbM5rGzzET_16wgpu_3dgs_viewer6cameraNtB2_6Camera7move_up
FNDA:1,_RNvMNtCsjxbM5rGzzET_16wgpu_3dgs_viewer6cameraNtB2_6Camera8pitch_by
FNDA:0,_RNvMNtCsjxbM5rGzzET_16wgpu_3dgs_viewer6cameraNtB2_6Camera9get_right
FNDA:9,_RNvXs_NtCsjxbM5rGzzET_16wgpu_3dgs_viewer6cameraNtB4_6CameraNtB4_11CameraTrait10projection
FNDA:9,_RNvXs_NtCsjxbM5rGzzET_16wgpu_3dgs_viewer6cameraNtB4_6CameraNtB4_11CameraTrait4view
FNDA:0,_RNvMNtCs3CPVCLfs1uP_16wgpu_3dgs_viewer6cameraNtB2_6Camera11get_forward
FNDA:0,_RNvMNtCs3CPVCLfs1uP_16wgpu_3dgs_viewer6cameraNtB2_6Camera3new
FNDA:0,_RNvMNtCs3CPVCLfs1uP_16wgpu_3dgs_viewer6cameraNtB2_6Camera6yaw_by
FNDA:0,_RNvMNtCs3CPVCLfs1uP_16wgpu_3dgs_viewer6cameraNtB2_6Camera7move_by
FNDA:0,_RNvMNtCs3CPVCLfs1uP_16wgpu_3dgs_viewer6cameraNtB2_6Camera7move_up
FNDA:0,_RNvMNtCs3CPVCLfs1uP_16wgpu_3dgs_viewer6cameraNtB2_6Camera8pitch_by
FNDA:0,_RNvMNtCs3CPVCLfs1uP_16wgpu_3dgs_viewer6cameraNtB2_6Camera9get_right
FNDA:0,_RNvXs_NtCs3CPVCLfs1uP_16wgpu_3dgs_viewer6cameraNtB4_6CameraNtB4_11CameraTrait10projection
FNDA:0,_RNvXs_NtCs3CPVCLfs1uP_16wgpu_3dgs_viewer6cameraNtB4_6CameraNtB4_11CameraTrait4view
FNDA:405,_RNvMNtCs7SKkzX9Vl5y_16wgpu_3dgs_viewer6cameraNtB2_6Camera11get_forward
FNDA:1,_RNvMNtCs7SKkzX9Vl5y_16wgpu_3dgs_viewer6cameraNtB2_6Camera3new
FNDA:135,_RNvMNtCs7SKkzX9Vl5y_16wgpu_3dgs_viewer6cameraNtB2_6Camera6yaw_by
FNDA:135,_RNvMNtCs7SKkzX9Vl5y_16wgpu_3dgs_viewer6cameraNtB2_6Camera7move_by
FNDA:135,_RNvMNtCs7SKkzX9Vl5y_16wgpu_3dgs_viewer6cameraNtB2_6Camera7move_up
FNDA:135,_RNvMNtCs7SKkzX9Vl5y_16wgpu_3dgs_viewer6cameraNtB2_6Camera8pitch_by
FNDA:135,_RNvMNtCs7SKkzX9Vl5y_16wgpu_3dgs_viewer6cameraNtB2_6Camera9get_right
FNDA:135,_RNvXs_NtCs7SKkzX9Vl5y_16wgpu_3dgs_viewer6cameraNtB4_6CameraNtB4_11CameraTrait10projection
FNDA:135,_RNvXs_NtCs7SKkzX9Vl5y_16wgpu_3dgs_viewer6cameraNtB4_6CameraNtB4_11CameraTrait4view
FNF:9
FNH:9
DA:40,7
DA:41,7
DA:42,7
DA:43,7
DA:44,7
DA:45,7
DA:46,7
DA:47,7
DA:48,7
DA:51,135
DA:52,135
DA:53,135
DA:56,135
DA:57,135
DA:58,135
DA:61,136
DA:62,136
DA:63,136
DA:66,136
DA:67,136
DA:68,136
DA:71,414
DA:72,414
DA:73,414
DA:74,414
DA:75,414
DA:77,414
DA:80,135
DA:81,135
DA:82,135
DA:86,144
DA:87,144
DA:88,144
DA:90,144
DA:91,144
DA:92,144
BRF:0
BRH:0
LF:36
LH:36
end_of_record
SF:C:\Users\s2010\Me\Codes\Rust\wgpu-3dgs-viewer\src\lib.rs
FN:216,_RNvMCsjxbM5rGzzET_16wgpu_3dgs_viewerNtB2_6Viewer22update_camera_with_podCsaV52F41QyKb_3mod
FN:85,_RNvMCsjxbM5rGzzET_16wgpu_3dgs_viewerNtB2_6Viewer3newCsaV52F41QyKb_3mod
FN:264,_RNvMCsjxbM5rGzzET_16wgpu_3dgs_viewerNtB2_6Viewer6renderCsaV52F41QyKb_3mod
FN:104,_RNvMCsjxbM5rGzzET_16wgpu_3dgs_viewerNtB2_6Viewer8new_withCsaV52F41QyKb_3mod
FN:206,_RINvMCs3CPVCLfs1uP_16wgpu_3dgs_viewerINtB3_6ViewerpE13update_camerapEB3_
FN:216,_RNvMCs3CPVCLfs1uP_16wgpu_3dgs_viewerINtB2_6ViewerpE22update_camera_with_podB2_
FN:221,_RNvMCs3CPVCLfs1uP_16wgpu_3dgs_viewerINtB2_6ViewerpE22update_model_transformB2_
FN:241,_RNvMCs3CPVCLfs1uP_16wgpu_3dgs_viewerINtB2_6ViewerpE25update_gaussian_transformB2_
FN:232,_RNvMCs3CPVCLfs1uP_16wgpu_3dgs_viewerINtB2_6ViewerpE31update_model_transform_with_podB2_
FN:255,_RNvMCs3CPVCLfs1uP_16wgpu_3dgs_viewerINtB2_6ViewerpE34update_gaussian_transform_with_podB2_
FN:85,_RNvMCs3CPVCLfs1uP_16wgpu_3dgs_viewerINtB2_6ViewerpE3newB2_
FN:264,_RNvMCs3CPVCLfs1uP_16wgpu_3dgs_viewerINtB2_6ViewerpE6renderB2_
FN:104,_RNvMCs3CPVCLfs1uP_16wgpu_3dgs_viewerINtB2_6ViewerpE8new_withB2_
FN:206,_RINvMCs7SKkzX9Vl5y_16wgpu_3dgs_viewerNtB3_6Viewer13update_cameraNtNtB3_6camera6CameraECs5dnHlmOWu1L_9selection
FN:221,_RNvMCs7SKkzX9Vl5y_16wgpu_3dgs_viewerNtB2_6Viewer22update_model_transformCs5dnHlmOWu1L_9selection
FN:264,_RNvMCs7SKkzX9Vl5y_16wgpu_3dgs_viewerNtB2_6Viewer6renderCs5dnHlmOWu1L_9selection
FN:104,_RNvMCs7SKkzX9Vl5y_16wgpu_3dgs_viewerNtB2_6Viewer8new_withCs5dnHlmOWu1L_9selection
FN:206,_RINvMCsjxbM5rGzzET_16wgpu_3dgs_viewerNtB3_6Viewer13update_cameraNtNtB3_6camera6CameraECshzTrt3y0S99_6simple
FN:221,_RNvMCsjxbM5rGzzET_16wgpu_3dgs_viewerNtB2_6Viewer22update_model_transformCshzTrt3y0S99_6simple
FN:241,_RNvMCsjxbM5rGzzET_16wgpu_3dgs_viewerNtB2_6Viewer25update_gaussian_transformCshzTrt3y0S99_6simple
FN:85,_RNvMCsjxbM5rGzzET_16wgpu_3dgs_viewerNtB2_6Viewer3newCshzTrt3y0S99_6simple
FN:264,_RNvMCsjxbM5rGzzET_16wgpu_3dgs_viewerNtB2_6Viewer6renderCshzTrt3y0S99_6simple
FN:104,_RNvMCsjxbM5rGzzET_16wgpu_3dgs_viewerNtB2_6Viewer8new_withCshzTrt3y0S99_6simple
FNDA:1,_RNvMCsjxbM5rGzzET_16wgpu_3dgs_viewerNtB2_6Viewer22update_camera_with_podCsaV52F41QyKb_3mod
FNDA:1,_RNvMCsjxbM5rGzzET_16wgpu_3dgs_viewerNtB2_6Viewer3newCsaV52F41QyKb_3mod
FNDA:1,_RNvMCsjxbM5rGzzET_16wgpu_3dgs_viewerNtB2_6Viewer6renderCsaV52F41QyKb_3mod
FNDA:1,_RNvMCsjxbM5rGzzET_16wgpu_3dgs_viewerNtB2_6Viewer8new_withCsaV52F41QyKb_3mod
FNDA:0,_RINvMCs3CPVCLfs1uP_16wgpu_3dgs_viewerINtB3_6ViewerpE13update_camerapEB3_
FNDA:0,_RNvMCs3CPVCLfs1uP_16wgpu_3dgs_viewerINtB2_6ViewerpE22update_camera_with_podB2_
FNDA:0,_RNvMCs3CPVCLfs1uP_16wgpu_3dgs_viewerINtB2_6ViewerpE22update_model_transformB2_
FNDA:0,_RNvMCs3CPVCLfs1uP_16wgpu_3dgs_viewerINtB2_6ViewerpE25update_gaussian_transformB2_
FNDA:0,_RNvMCs3CPVCLfs1uP_16wgpu_3dgs_viewerINtB2_6ViewerpE31update_model_transform_with_podB2_
FNDA:0,_RNvMCs3CPVCLfs1uP_16wgpu_3dgs_viewerINtB2_6ViewerpE34update_gaussian_transform_with_podB2_
FNDA:0,_RNvMCs3CPVCLfs1uP_16wgpu_3dgs_viewerINtB2_6ViewerpE3newB2_
FNDA:0,_RNvMCs3CPVCLfs1uP_16wgpu_3dgs_viewerINtB2_6ViewerpE6renderB2_
FNDA:0,_RNvMCs3CPVCLfs1uP_16wgpu_3dgs_viewerINtB2_6ViewerpE8new_withB2_
FNDA:135,_RINvMCs7SKkzX9Vl5y_16wgpu_3dgs_viewerNtB3_6Viewer13update_cameraNtNtB3_6camera6CameraECs5dnHlmOWu1L_9selection
FNDA:1,_RNvMCs7SKkzX9Vl5y_16wgpu_3dgs_viewerNtB2_6Viewer22update_model_transformCs5dnHlmOWu1L_9selection
FNDA:135,_RNvMCs7SKkzX9Vl5y_16wgpu_3dgs_viewerNtB2_6Viewer6renderCs5dnHlmOWu1L_9selection
FNDA:1,_RNvMCs7SKkzX9Vl5y_16wgpu_3dgs_viewerNtB2_6Viewer8new_withCs5dnHlmOWu1L_9selection
FNDA:0,_RINvMCsjxbM5rGzzET_16wgpu_3dgs_viewerNtB3_6Viewer13update_cameraNtNtB3_6camera6CameraECshzTrt3y0S99_6simple
FNDA:0,_RNvMCsjxbM5rGzzET_16wgpu_3dgs_viewerNtB2_6Viewer22update_model_transformCshzTrt3y0S99_6simple
FNDA:0,_RNvMCsjxbM5rGzzET_16wgpu_3dgs_viewerNtB2_6Viewer25update_gaussian_transformCshzTrt3y0S99_6simple
FNDA:0,_RNvMCsjxbM5rGzzET_16wgpu_3dgs_viewerNtB2_6Viewer3newCshzTrt3y0S99_6simple
FNDA:0,_RNvMCsjxbM5rGzzET_16wgpu_3dgs_viewerNtB2_6Viewer6renderCshzTrt3y0S99_6simple
FNDA:0,_RNvMCsjxbM5rGzzET_16wgpu_3dgs_viewerNtB2_6Viewer8new_withCshzTrt3y0S99_6simple
FNF:9
FNH:6
DA:85,1
DA:86,1
DA:87,1
DA:88,1
DA:89,1
DA:90,1
DA:91,1
DA:92,1
DA:93,1
DA:95,1
DA:97,1
DA:104,2
DA:105,2
DA:106,2
DA:107,2
DA:108,2
DA:109,2
DA:110,2
DA:111,2
DA:112,2
DA:114,2
DA:115,2
DA:117,2
DA:118,2
DA:120,2
DA:121,2
DA:122,2
DA:124,2
DA:125,2
DA:127,2
DA:128,2
DA:130,2
DA:131,2
DA:132,2
DA:134,2
DA:135,2
DA:136,2
DA:139,1
DA:140,1
DA:141,1
DA:145,1
DA:146,1
DA:147,1
DA:150,2
DA:151,2
DA:152,2
DA:153,2
DA:154,2
DA:155,2
DA:156,2
DA:157,2
DA:158,2
DA:159,2
DA:160,2
DA:162,1
DA:164,1
DA:165,0
DA:167,2
DA:168,2
DA:169,2
DA:171,2
DA:172,2
DA:173,2
DA:174,2
DA:175,2
DA:176,2
DA:177,2
DA:178,2
DA:179,2
DA:180,2
DA:181,0
DA:183,2
DA:185,2
DA:186,2
DA:187,2
DA:188,2
DA:189,2
DA:190,2
DA:191,2
DA:192,2
DA:193,2
DA:194,2
DA:195,2
DA:196,2
DA:197,2
DA:198,2
DA:199,2
DA:200,2
DA:201,2
DA:202,2
DA:203,2
DA:206,135
DA:207,135
DA:208,135
DA:209,135
DA:210,135
DA:211,135
DA:212,135
DA:213,135
DA:216,1
DA:217,1
DA:218,1
DA:221,1
DA:222,1
DA:223,1
DA:224,1
DA:225,1
DA:226,1
DA:227,1
DA:228,1
DA:229,1
DA:232,0
DA:233,0
DA:234,0
DA:235,0
DA:236,0
DA:237,0
DA:238,0
DA:241,0
DA:242,0
DA:243,0
DA:244,0
DA:245,0
DA:246,0
DA:247,0
DA:248,0
DA:249,0
DA:250,0
DA:251,0
DA:252,0
DA:255,0
DA:256,0
DA:257,0
DA:258,0
DA:259,0
DA:260,0
DA:261,0
DA:264,136
DA:265,136
DA:266,136
DA:268,136
DA:269,136
DA:271,136
DA:272,136
DA:273,136
BRF:0
BRH:0
LF:145
LH:117
end_of_record
SF:C:\Users\s2010\Me\Codes\Rust\wgpu-3dgs-viewer\src\preprocessor.rs
FN:368,_RNCNvMs0_NtCsjxbM5rGzzET_16wgpu_3dgs_viewer12preprocessorINtB7_12PreprocessorNtNtNtCs7uIZbJPR652_14wgpu_3dgs_core6buffer8gaussian41GaussianPodWithShSingleCov3dSingleConfigsuE22new_without_bind_group0CsaV52F41QyKb_3mod
FN:37,_RNvMNtCsjxbM5rGzzET_16wgpu_3dgs_viewer12preprocessorINtB2_12PreprocessorNtNtNtCs7uIZbJPR652_14wgpu_3dgs_core6buffer8gaussian41GaussianPodWithShSingleCov3dSingleConfigsuE17create_bind_groupCsaV52F41QyKb_3mod
FN:355,_RNvMs0_NtCsjxbM5rGzzET_16wgpu_3dgs_viewer12preprocessorINtB5_12PreprocessorNtNtNtCs7uIZbJPR652_14wgpu_3dgs_core6buffer8gaussian41GaussianPodWithShSingleCov3dSingleConfigsuE22new_without_bind_groupCsaV52F41QyKb_3mod
FN:263,_RNvMs_NtCsjxbM5rGzzET_16wgpu_3dgs_viewer12preprocessorINtB4_12PreprocessorNtNtNtCs7uIZbJPR652_14wgpu_3dgs_core6buffer8gaussian41GaussianPodWithShSingleCov3dSingleConfigsE10preprocessCsaV52F41QyKb_3mod
FN:274,_RNvMs_NtCsjxbM5rGzzET_16wgpu_3dgs_viewer12preprocessorINtB4_12PreprocessorNtNtNtCs7uIZbJPR652_14wgpu_3dgs_core6buffer8gaussian41GaussianPodWithShSingleCov3dSingleConfigsE24create_bind_group_staticCsaV52F41QyKb_3mod
FN:210,_RNvMs_NtCsjxbM5rGzzET_16wgpu_3dgs_viewer12preprocessorINtB4_12PreprocessorNtNtNtCs7uIZbJPR652_14wgpu_3dgs_core6buffer8gaussian41GaussianPodWithShSingleCov3dSingleConfigsE3newCsaV52F41QyKb_3mod
FN:368,_RNCNvMs0_NtCs3CPVCLfs1uP_16wgpu_3dgs_viewer12preprocessorINtB7_12PreprocessorpuE22new_without_bind_group0B9_
FN:71,_RNvMNtCs3CPVCLfs1uP_16wgpu_3dgs_viewer12preprocessorINtB2_12PreprocessorppE14workgroup_sizeB4_
FN:76,_RNvMNtCs3CPVCLfs1uP_16wgpu_3dgs_viewer12preprocessorINtB2_12PreprocessorppE17bind_group_layoutB4_
FN:37,_RNvMNtCs3CPVCLfs1uP_16wgpu_3dgs_viewer12preprocessorINtB2_12PreprocessorppE17create_bind_groupB4_
FN:418,_RNvMs0_NtCs3CPVCLfs1uP_16wgpu_3dgs_viewer12preprocessorINtB5_12PreprocessorpuE10preprocessB7_
FN:355,_RNvMs0_NtCs3CPVCLfs1uP_16wgpu_3dgs_viewer12preprocessorINtB5_12PreprocessorpuE22new_without_bind_groupB7_
FN:263,_RNvMs_NtCs3CPVCLfs1uP_16wgpu_3dgs_viewer12preprocessorINtB4_12PreprocessorpE10preprocessB6_
FN:274,_RNvMs_NtCs3CPVCLfs1uP_16wgpu_3dgs_viewer12preprocessorINtB4_12PreprocessorpE24create_bind_group_staticB6_
FN:210,_RNvMs_NtCs3CPVCLfs1uP_16wgpu_3dgs_viewer12preprocessorINtB4_12PreprocessorpE3newB6_
FN:368,_RNCNvMs0_NtCs7SKkzX9Vl5y_16wgpu_3dgs_viewer12preprocessorINtB7_12PreprocessorNtNtNtCs7uIZbJPR652_14wgpu_3dgs_core6buffer8gaussian41GaussianPodWithShSingleCov3dSingleConfigsuE22new_without_bind_group0Cs5dnHlmOWu1L_9selection
FN:37,_RNvMNtCs7SKkzX9Vl5y_16wgpu_3dgs_viewer12preprocessorINtB2_12PreprocessorNtNtNtCs7uIZbJPR652_14wgpu_3dgs_core6buffer8gaussian41GaussianPodWithShSingleCov3dSingleConfigsuE17create_bind_groupCs5dnHlmOWu1L_9selection
FN:355,_RNvMs0_NtCs7SKkzX9Vl5y_16wgpu_3dgs_viewer12preprocessorINtB5_12PreprocessorNtNtNtCs7uIZbJPR652_14wgpu_3dgs_core6buffer8gaussian41GaussianPodWithShSingleCov3dSingleConfigsuE22new_without_bind_groupCs5dnHlmOWu1L_9selection
FN:263,_RNvMs_NtCs7SKkzX9Vl5y_16wgpu_3dgs_viewer12preprocessorINtB4_12PreprocessorNtNtNtCs7uIZbJPR652_14wgpu_3dgs_core6buffer8gaussian41GaussianPodWithShSingleCov3dSingleConfigsE10preprocessCs5dnHlmOWu1L_9selection
FN:274,_RNvMs_NtCs7SKkzX9Vl5y_16wgpu_3dgs_viewer12preprocessorINtB4_12PreprocessorNtNtNtCs7uIZbJPR652_14wgpu_3dgs_core6buffer8gaussian41GaussianPodWithShSingleCov3dSingleConfigsE24create_bind_group_staticCs5dnHlmOWu1L_9selection
FN:210,_RNvMs_NtCs7SKkzX9Vl5y_16wgpu_3dgs_viewer12preprocessorINtB4_12PreprocessorNtNtNtCs7uIZbJPR652_14wgpu_3dgs_core6buffer8gaussian41GaussianPodWithShSingleCov3dSingleConfigsE3newCs5dnHlmOWu1L_9selection
FN:368,_RNCNvMs0_NtCsjxbM5rGzzET_16wgpu_3dgs_viewer12preprocessorINtB7_12PreprocessorNtNtNtCs7uIZbJPR652_14wgpu_3dgs_core6buffer8gaussian41GaussianPodWithShSingleCov3dSingleConfigsuE22new_without_bind_group0CshzTrt3y0S99_6simple
FN:37,_RNvMNtCsjxbM5rGzzET_16wgpu_3dgs_viewer12preprocessorINtB2_12PreprocessorNtNtNtCs7uIZbJPR652_14wgpu_3dgs_core6buffer8gaussian41GaussianPodWithShSingleCov3dSingleConfigsuE17create_bind_groupCshzTrt3y0S99_6simple
FN:355,_RNvMs0_NtCsjxbM5rGzzET_16wgpu_3dgs_viewer12preprocessorINtB5_12PreprocessorNtNtNtCs7uIZbJPR652_14wgpu_3dgs_core6buffer8gaussian41GaussianPodWithShSingleCov3dSingleConfigsuE22new_without_bind_groupCshzTrt3y0S99_6simple
FN:263,_RNvMs_NtCsjxbM5rGzzET_16wgpu_3dgs_viewer12preprocessorINtB4_12PreprocessorNtNtNtCs7uIZbJPR652_14wgpu_3dgs_core6buffer8gaussian41GaussianPodWithShSingleCov3dSingleConfigsE10preprocessCshzTrt3y0S99_6simple
FN:274,_RNvMs_NtCsjxbM5rGzzET_16wgpu_3dgs_viewer12preprocessorINtB4_12PreprocessorNtNtNtCs7uIZbJPR652_14wgpu_3dgs_core6buffer8gaussian41GaussianPodWithShSingleCov3dSingleConfigsE24create_bind_group_staticCshzTrt3y0S99_6simple
FN:210,_RNvMs_NtCsjxbM5rGzzET_16wgpu_3dgs_viewer12preprocessorINtB4_12PreprocessorNtNtNtCs7uIZbJPR652_14wgpu_3dgs_core6buffer8gaussian41GaussianPodWithShSingleCov3dSingleConfigsE3newCshzTrt3y0S99_6simple
FNDA:8,_RNCNvMs0_NtCsjxbM5rGzzET_16wgpu_3dgs_viewer12preprocessorINtB7_12PreprocessorNtNtNtCs7uIZbJPR652_14wgpu_3dgs_core6buffer8gaussian41GaussianPodWithShSingleCov3dSingleConfigsuE22new_without_bind_group0CsaV52F41QyKb_3mod
FNDA:1,_RNvMNtCsjxbM5rGzzET_16wgpu_3dgs_viewer12preprocessorINtB2_12PreprocessorNtNtNtCs7uIZbJPR652_14wgpu_3dgs_core6buffer8gaussian41GaussianPodWithShSingleCov3dSingleConfigsuE17create_bind_groupCsaV52F41QyKb_3mod
FNDA:1,_RNvMs0_NtCsjxbM5rGzzET_16wgpu_3dgs_viewer12preprocessorINtB5_12PreprocessorNtNtNtCs7uIZbJPR652_14wgpu_3dgs_core6buffer8gaussian41GaussianPodWithShSingleCov3dSingleConfigsuE22new_without_bind_groupCsaV52F41QyKb_3mod
FNDA:1,_RNvMs_NtCsjxbM5rGzzET_16wgpu_3dgs_viewer12preprocessorINtB4_12PreprocessorNtNtNtCs7uIZbJPR652_14wgpu_3dgs_core6buffer8gaussian41GaussianPodWithShSingleCov3dSingleConfigsE10preprocessCsaV52F41QyKb_3mod
FNDA:1,_RNvMs_NtCsjxbM5rGzzET_16wgpu_3dgs_viewer12preprocessorINtB4_12PreprocessorNtNtNtCs7uIZbJPR652_14wgpu_3dgs_core6buffer8gaussian41GaussianPodWithShSingleCov3dSingleConfigsE24create_bind_group_staticCsaV52F41QyKb_3mod
FNDA:1,_RNvMs_NtCsjxbM5rGzzET_16wgpu_3dgs_viewer12preprocessorINtB4_12PreprocessorNtNtNtCs7uIZbJPR652_14wgpu_3dgs_core6buffer8gaussian41GaussianPodWithShSingleCov3dSingleConfigsE3newCsaV52F41QyKb_3mod
FNDA:0,_RNCNvMs0_NtCs3CPVCLfs1uP_16wgpu_3dgs_viewer12preprocessorINtB7_12PreprocessorpuE22new_without_bind_group0B9_
FNDA:0,_RNvMNtCs3CPVCLfs1uP_16wgpu_3dgs_viewer12preprocessorINtB2_12PreprocessorppE14workgroup_sizeB4_
FNDA:0,_RNvMNtCs3CPVCLfs1uP_16wgpu_3dgs_viewer12preprocessorINtB2_12PreprocessorppE17bind_group_layoutB4_
FNDA:0,_RNvMNtCs3CPVCLfs1uP_16wgpu_3dgs_viewer12preprocessorINtB2_12PreprocessorppE17create_bind_groupB4_
FNDA:0,_RNvMs0_NtCs3CPVCLfs1uP_16wgpu_3dgs_viewer12preprocessorINtB5_12PreprocessorpuE10preprocessB7_
FNDA:0,_RNvMs0_NtCs3CPVCLfs1uP_16wgpu_3dgs_viewer12preprocessorINtB5_12PreprocessorpuE22new_without_bind_groupB7_
FNDA:0,_RNvMs_NtCs3CPVCLfs1uP_16wgpu_3dgs_viewer12preprocessorINtB4_12PreprocessorpE10preprocessB6_
FNDA:0,_RNvMs_NtCs3CPVCLfs1uP_16wgpu_3dgs_viewer12preprocessorINtB4_12PreprocessorpE24create_bind_group_staticB6_
FNDA:0,_RNvMs_NtCs3CPVCLfs1uP_16wgpu_3dgs_viewer12preprocessorINtB4_12PreprocessorpE3newB6_
FNDA:8,_RNCNvMs0_NtCs7SKkzX9Vl5y_16wgpu_3dgs_viewer12preprocessorINtB7_12PreprocessorNtNtNtCs7uIZbJPR652_14wgpu_3dgs_core6buffer8gaussian41GaussianPodWithShSingleCov3dSingleConfigsuE22new_without_bind_group0Cs5dnHlmOWu1L_9selection
FNDA:1,_RNvMNtCs7SKkzX9Vl5y_16wgpu_3dgs_viewer12preprocessorINtB2_12PreprocessorNtNtNtCs7uIZbJPR652_14wgpu_3dgs_core6buffer8gaussian41GaussianPodWithShSingleCov3dSingleConfigsuE17create_bind_groupCs5dnHlmOWu1L_9selection
FNDA:1,_RNvMs0_NtCs7SKkzX9Vl5y_16wgpu_3dgs_viewer12preprocessorINtB5_12PreprocessorNtNtNtCs7uIZbJPR652_14wgpu_3dgs_core6buffer8gaussian41GaussianPodWithShSingleCov3dSingleConfigsuE22new_without_bind_groupCs5dnHlmOWu1L_9selection
FNDA:135,_RNvMs_NtCs7SKkzX9Vl5y_16wgpu_3dgs_viewer12preprocessorINtB4_12PreprocessorNtNtNtCs7uIZbJPR652_14wgpu_3dgs_core6buffer8gaussian41GaussianPodWithShSingleCov3dSingleConfigsE10preprocessCs5dnHlmOWu1L_9selection
FNDA:1,_RNvMs_NtCs7SKkzX9Vl5y_16wgpu_3dgs_viewer12preprocessorINtB4_12PreprocessorNtNtNtCs7uIZbJPR652_14wgpu_3dgs_core6buffer8gaussian41GaussianPodWithShSingleCov3dSingleConfigsE24create_bind_group_staticCs5dnHlmOWu1L_9selection
FNDA:1,_RNvMs_NtCs7SKkzX9Vl5y_16wgpu_3dgs_viewer12preprocessorINtB4_12PreprocessorNtNtNtCs7uIZbJPR652_14wgpu_3dgs_core6buffer8gaussian41GaussianPodWithShSingleCov3dSingleConfigsE3newCs5dnHlmOWu1L_9selection
FNDA:0,_RNCNvMs0_NtCsjxbM5rGzzET_16wgpu_3dgs_viewer12preprocessorINtB7_12PreprocessorNtNtNtCs7uIZbJPR652_14wgpu_3dgs_core6buffer8gaussian41GaussianPodWithShSingleCov3dSingleConfigsuE22new_without_bind_group0CshzTrt3y0S99_6simple
FNDA:0,_RNvMNtCsjxbM5rGzzET_16wgpu_3dgs_viewer12preprocessorINtB2_12PreprocessorNtNtNtCs7uIZbJPR652_14wgpu_3dgs_core6buffer8gaussian41GaussianPodWithShSingleCov3dSingleConfigsuE17create_bind_groupCshzTrt3y0S99_6simple
FNDA:0,_RNvMs0_NtCsjxbM5rGzzET_16wgpu_3dgs_viewer12preprocessorINtB5_12PreprocessorNtNtNtCs7uIZbJPR652_14wgpu_3dgs_core6buffer8gaussian41GaussianPodWithShSingleCov3dSingleConfigsuE22new_without_bind_groupCshzTrt3y0S99_6simple
FNDA:0,_RNvMs_NtCsjxbM5rGzzET_16wgpu_3dgs_viewer12preprocessorINtB4_12PreprocessorNtNtNtCs7uIZbJPR652_14wgpu_3dgs_core6buffer8gaussian41GaussianPodWithShSingleCov3dSingleConfigsE10preprocessCshzTrt3y0S99_6simple
FNDA:0,_RNvMs_NtCsjxbM5rGzzET_16wgpu_3dgs_viewer12preprocessorINtB4_12PreprocessorNtNtNtCs7uIZbJPR652_14wgpu_3dgs_core6buffer8gaussian41GaussianPodWithShSingleCov3dSingleConfigsE24create_bind_group_staticCshzTrt3y0S99_6simple
FNDA:0,_RNvMs_NtCsjxbM5rGzzET_16wgpu_3dgs_viewer12preprocessorINtB4_12PreprocessorNtNtNtCs7uIZbJPR652_14wgpu_3dgs_core6buffer8gaussian41GaussianPodWithShSingleCov3dSingleConfigsE3newCshzTrt3y0S99_6simple
FNF:9
FNH:6
DA:37,2
DA:38,2
DA:39,2
DA:40,2
DA:41,2
DA:42,2
DA:43,2
DA:44,2
DA:45,2
DA:46,2
DA:47,2
DA:48,2
DA:49,2
DA:50,2
DA:51,2
DA:52,2
DA:53,2
DA:54,2
DA:55,2
DA:56,2
DA:57,2
DA:58,2
DA:59,2
DA:60,2
DA:61,2
DA:62,2
DA:64,1
DA:66,1
DA:68,2
DA:71,0
DA:72,0
DA:73,0
DA:76,0
DA:77,0
DA:78,0
DA:210,2
DA:211,2
DA:212,2
DA:213,2
DA:214,2
DA:215,2
DA:216,2
DA:217,2
DA:218,2
DA:219,2
DA:220,2
DA:221,2
DA:222,2
DA:223,2
DA:224,2
DA:225,2
DA:227,0
DA:228,0
DA:229,0
DA:230,0
DA:231,2
DA:233,2
DA:235,2
DA:236,2
DA:237,2
DA:238,2
DA:239,2
DA:240,2
DA:241,2
DA:242,2
DA:243,2
DA:244,2
DA:245,2
DA:247,1
DA:249,1
DA:252,2
DA:253,2
DA:254,2
DA:255,2
DA:256,2
DA:257,2
DA:258,2
DA:259,2
DA:260,2
DA:263,136
DA:264,136
DA:266,136
DA:267,136
DA:269,136
DA:270,136
DA:274,2
DA:275,2
DA:276,2
DA:277,2
DA:278,2
DA:279,2
DA:280,2
DA:281,2
DA:282,2
DA:283,2
DA:284,2
DA:285,2
DA:286,2
DA:287,2
DA:288,2
DA:289,2
DA:290,2
DA:291,2
DA:292,2
DA:293,2
DA:294,2
DA:295,2
DA:296,2
DA:297,2
DA:298,2
DA:299,2
DA:300,2
DA:301,2
DA:302,2
DA:303,2
DA:304,2
DA:305,2
DA:306,2
DA:307,2
DA:308,2
DA:309,2
DA:310,2
DA:311,2
DA:312,2
DA:313,2
DA:314,2
DA:315,2
DA:316,2
DA:317,2
DA:318,2
DA:319,2
DA:320,2
DA:321,2
DA:322,2
DA:323,2
DA:324,2
DA:325,2
DA:326,2
DA:327,2
DA:328,2
DA:329,2
DA:330,1
DA:331,1
DA:332,1
DA:333,2
DA:334,2
DA:335,2
DA:336,1
DA:337,1
DA:338,1
DA:339,2
DA:340,2
DA:341,2
DA:342,2
DA:343,2
DA:344,2
DA:345,2
DA:346,2
DA:347,2
DA:355,2
DA:356,2
DA:357,2
DA:358,2
DA:360,2
DA:362,2
DA:363,2
DA:364,2
DA:365,2
DA:366,2
DA:367,2
DA:368,16
DA:369,2
DA:370,2
DA:372,2
DA:375,2
DA:376,2
DA:378,2
DA:379,2
DA:380,2
DA:381,2
DA:382,2
DA:383,2
DA:384,2
DA:385,2
DA:387,2
DA:388,2
DA:389,2
DA:390,2
DA:391,2
DA:392,2
DA:393,2
DA:394,2
DA:396,2
DA:397,2
DA:398,2
DA:399,2
DA:400,2
DA:401,2
DA:402,2
DA:403,2
DA:405,2
DA:407,2
DA:408,2
DA:409,2
DA:410,2
DA:411,2
DA:412,2
DA:413,2
DA:414,2
DA:415,2
DA:418,0
DA:419,0
DA:420,0
DA:421,0
DA:422,0
DA:423,0
DA:424,0
DA:426,0
DA:428,0
DA:429,0
BRF:0
BRH:0
LF:221
LH:201
end_of_record
SF:C:\Users\s2010\Me\Codes\Rust\wgpu-3dgs-viewer\src\radix_sorter.rs
FN:71,_RNvMs0_NtCsjxbM5rGzzET_16wgpu_3dgs_viewer12radix_sorterINtB5_11RadixSorteruE23new_without_bind_groups
FN:87,_RNvMs0_NtCsjxbM5rGzzET_16wgpu_3dgs_viewer12radix_sorterINtB5_11RadixSorteruE4sort
FN:36,_RNvMs_NtCsjxbM5rGzzET_16wgpu_3dgs_viewer12radix_sorterNtB4_11RadixSorter3new
FN:56,_RNvMs_NtCsjxbM5rGzzET_16wgpu_3dgs_viewer12radix_sorterNtB4_11RadixSorter4sort
FN:314,_RNvMNtNtCsjxbM5rGzzET_16wgpu_3dgs_viewer12radix_sorter9wgpu_sortNtB2_9GPUSorter17bind_group_layout
FN:485,_RNvMNtNtCsjxbM5rGzzET_16wgpu_3dgs_viewer12radix_sorter9wgpu_sortNtB2_9GPUSorter17general_info_data
FN:556,_RNvMNtNtCsjxbM5rGzzET_16wgpu_3dgs_viewer12radix_sorter9wgpu_sortNtB2_9GPUSorter23record_prefix_histogram
FN:459,_RNvMNtNtCsjxbM5rGzzET_16wgpu_3dgs_viewer12radix_sorter9wgpu_sortNtB2_9GPUSorter26create_internal_mem_buffer
FN:735,_RNvMNtNtCsjxbM5rGzzET_16wgpu_3dgs_viewer12radix_sorter9wgpu_sortNtB2_9GPUSorter28create_internal_sort_buffers
FN:598,_RNvMNtNtCsjxbM5rGzzET_16wgpu_3dgs_viewer12radix_sorter9wgpu_sortNtB2_9GPUSorter28record_scatter_keys_indirect
FN:429,_RNvMNtNtCsjxbM5rGzzET_16wgpu_3dgs_viewer12radix_sorter9wgpu_sortNtB2_9GPUSorter30create_internal_keyval_buffers
FN:526,_RNvMNtNtCsjxbM5rGzzET_16wgpu_3dgs_viewer12radix_sorter9wgpu_sortNtB2_9GPUSorter35record_calculate_histogram_indirect
FN:199,_RNvMNtNtCsjxbM5rGzzET_16wgpu_3dgs_viewer12radix_sorter9wgpu_sortNtB2_9GPUSorter3new
FN:927,_RNvNtNtCsjxbM5rGzzET_16wgpu_3dgs_viewer12radix_sorter9wgpu_sort15histo_blocks_ru
FN:932,_RNvNtNtCsjxbM5rGzzET_16wgpu_3dgs_viewer12radix_sorter9wgpu_sort16keys_buffer_size
FN:922,_RNvNtNtCsjxbM5rGzzET_16wgpu_3dgs_viewer12radix_sorter9wgpu_sort17scatter_blocks_ru
FN:937,_RNvNtNtCsjxbM5rGzzET_16wgpu_3dgs_viewer12radix_sorter9wgpu_sort22keys_buffer_size_bytes
FN:872,_RNvXs0_NtNtCsjxbM5rGzzET_16wgpu_3dgs_viewer12radix_sorter9wgpu_sortNtB5_11SortBuffersNtB5_16SortBuffersTrait10bind_group
FN:876,_RNvXs0_NtNtCsjxbM5rGzzET_16wgpu_3dgs_viewer12radix_sorter9wgpu_sortNtB5_11SortBuffersNtB5_16SortBuffersTrait12state_buffer
FN:868,_RNvXs0_NtNtCsjxbM5rGzzET_16wgpu_3dgs_viewer12radix_sorter9wgpu_sortNtB5_11SortBuffersNtB5_16SortBuffersTrait3len
FN:913,_RNvXs1_NtNtCsjxbM5rGzzET_16wgpu_3dgs_viewer12radix_sorter9wgpu_sortNtB5_19InternalSortBuffersNtB5_16SortBuffersTrait10bind_group
FN:917,_RNvXs1_NtNtCsjxbM5rGzzET_16wgpu_3dgs_viewer12radix_sorter9wgpu_sortNtB5_19InternalSortBuffersNtB5_16SortBuffersTrait12state_buffer
FN:909,_RNvXs1_NtNtCsjxbM5rGzzET_16wgpu_3dgs_viewer12radix_sorter9wgpu_sortNtB5_19InternalSortBuffersNtB5_16SortBuffersTrait3len
FN:20,_RNvMNtCsjxbM5rGzzET_16wgpu_3dgs_viewer12radix_sorterINtB2_11RadixSorteruE18create_bind_groupsB4_
FN:658,_RINvMNtNtCsjxbM5rGzzET_16wgpu_3dgs_viewer12radix_sorter9wgpu_sortNtB3_9GPUSorter13sort_indirectNtB3_19InternalSortBuffersEB7_
FN:658,_RINvMNtNtCs3CPVCLfs1uP_16wgpu_3dgs_viewer12radix_sorter9wgpu_sortNtB3_9GPUSorter13sort_indirectpEB7_
FN:628,_RINvMNtNtCs3CPVCLfs1uP_16wgpu_3dgs_viewer12radix_sorter9wgpu_sortNtB3_9GPUSorter4sortpEB7_
FN:20,_RNvMNtCs3CPVCLfs1uP_16wgpu_3dgs_viewer12radix_sorterINtB2_11RadixSorterpE18create_bind_groupsB4_
FN:314,_RNvMNtNtCs3CPVCLfs1uP_16wgpu_3dgs_viewer12radix_sorter9wgpu_sortNtB2_9GPUSorter17bind_group_layout
FN:485,_RNvMNtNtCs3CPVCLfs1uP_16wgpu_3dgs_viewer12radix_sorter9wgpu_sortNtB2_9GPUSorter17general_info_data
FN:672,_RNvMNtNtCs3CPVCLfs1uP_16wgpu_3dgs_viewer12radix_sorter9wgpu_sortNtB2_9GPUSorter19create_sort_buffers
FN:571,_RNvMNtNtCs3CPVCLfs1uP_16wgpu_3dgs_viewer12radix_sorter9wgpu_sortNtB2_9GPUSorter19record_scatter_keys
FN:384,_RNvMNtNtCs3CPVCLfs1uP_16wgpu_3dgs_viewer12radix_sorter9wgpu_sortNtB2_9GPUSorter21create_keyval_buffers
FN:556,_RNvMNtNtCs3CPVCLfs1uP_16wgpu_3dgs_viewer12radix_sorter9wgpu_sortNtB2_9GPUSorter23record_prefix_histogram
FN:459,_RNvMNtNtCs3CPVCLfs1uP_16wgpu_3dgs_viewer12radix_sorter9wgpu_sortNtB2_9GPUSorter26create_internal_mem_buffer
FN:494,_RNvMNtNtCs3CPVCLfs1uP_16wgpu_3dgs_viewer12radix_sorter9wgpu_sortNtB2_9GPUSorter26record_calculate_histogram
FN:735,_RNvMNtNtCs3CPVCLfs1uP_16wgpu_3dgs_viewer12radix_sorter9wgpu_sortNtB2_9GPUSorter28create_internal_sort_buffers
FN:598,_RNvMNtNtCs3CPVCLfs1uP_16wgpu_3dgs_viewer12radix_sorter9wgpu_sortNtB2_9GPUSorter28record_scatter_keys_indirect
FN:429,_RNvMNtNtCs3CPVCLfs1uP_16wgpu_3dgs_viewer12radix_sorter9wgpu_sortNtB2_9GPUSorter30create_internal_keyval_buffers
FN:526,_RNvMNtNtCs3CPVCLfs1uP_16wgpu_3dgs_viewer12radix_sorter9wgpu_sortNtB2_9GPUSorter35record_calculate_histogram_indirect
FN:199,_RNvMNtNtCs3CPVCLfs1uP_16wgpu_3dgs_viewer12radix_sorter9wgpu_sortNtB2_9GPUSorter3new
FN:71,_RNvMs0_NtCs3CPVCLfs1uP_16wgpu_3dgs_viewer12radix_sorterINtB5_11RadixSorteruE23new_without_bind_groups
FN:87,_RNvMs0_NtCs3CPVCLfs1uP_16wgpu_3dgs_viewer12radix_sorterINtB5_11RadixSorteruE4sort
FN:36,_RNvMs_NtCs3CPVCLfs1uP_16wgpu_3dgs_viewer12radix_sorterNtB4_11RadixSorter3new
FN:56,_RNvMs_NtCs3CPVCLfs1uP_16wgpu_3dgs_viewer12radix_sorterNtB4_11RadixSorter4sort
FN:857,_RNvMs_NtNtCs3CPVCLfs1uP_16wgpu_3dgs_viewer12radix_sorter9wgpu_sortNtB4_11SortBuffers4keys
FN:862,_RNvMs_NtNtCs3CPVCLfs1uP_16wgpu_3dgs_viewer12radix_sorter9wgpu_sortNtB4_11SortBuffers6values
FN:927,_RNvNtNtCs3CPVCLfs1uP_16wgpu_3dgs_viewer12radix_sorter9wgpu_sort15histo_blocks_ru
FN:932,_RNvNtNtCs3CPVCLfs1uP_16wgpu_3dgs_viewer12radix_sorter9wgpu_sort16keys_buffer_size
FN:922,_RNvNtNtCs3CPVCLfs1uP_16wgpu_3dgs_viewer12radix_sorter9wgpu_sort17scatter_blocks_ru
FN:937,_RNvNtNtCs3CPVCLfs1uP_16wgpu_3dgs_viewer12radix_sorter9wgpu_sort22keys_buffer_size_bytes
FN:872,_RNvXs0_NtNtCs3CPVCLfs1uP_16wgpu_3dgs_viewer12radix_sorter9wgpu_sortNtB5_11SortBuffersNtB5_16SortBuffersTrait10bind_group
FN:876,_RNvXs0_NtNtCs3CPVCLfs1uP_16wgpu_3dgs_viewer12radix_sorter9wgpu_sortNtB5_11SortBuffersNtB5_16SortBuffersTrait12state_buffer
FN:868,_RNvXs0_NtNtCs3CPVCLfs1uP_16wgpu_3dgs_viewer12radix_sorter9wgpu_sortNtB5_11SortBuffersNtB5_16SortBuffersTrait3len
FN:913,_RNvXs1_NtNtCs3CPVCLfs1uP_16wgpu_3dgs_viewer12radix_sorter9wgpu_sortNtB5_19InternalSortBuffersNtB5_16SortBuffersTrait10bind_group
FN:917,_RNvXs1_NtNtCs3CPVCLfs1uP_16wgpu_3dgs_viewer12radix_sorter9wgpu_sortNtB5_19InternalSortBuffersNtB5_16SortBuffersTrait12state_buffer
FN:909,_RNvXs1_NtNtCs3CPVCLfs1uP_16wgpu_3dgs_viewer12radix_sorter9wgpu_sortNtB5_19InternalSortBuffersNtB5_16SortBuffersTrait3len
FN:812,_RNvYpNtNtNtCs3CPVCLfs1uP_16wgpu_3dgs_viewer12radix_sorter9wgpu_sort16SortBuffersTrait15keys_valid_sizeB9_
FN:71,_RNvMs0_NtCs7SKkzX9Vl5y_16wgpu_3dgs_viewer12radix_sorterINtB5_11RadixSorteruE23new_without_bind_groups
FN:87,_RNvMs0_NtCs7SKkzX9Vl5y_16wgpu_3dgs_viewer12radix_sorterINtB5_11RadixSorteruE4sort
FN:36,_RNvMs_NtCs7SKkzX9Vl5y_16wgpu_3dgs_viewer12radix_sorterNtB4_11RadixSorter3new
FN:56,_RNvMs_NtCs7SKkzX9Vl5y_16wgpu_3dgs_viewer12radix_sorterNtB4_11RadixSorter4sort
FN:314,_RNvMNtNtCs7SKkzX9Vl5y_16wgpu_3dgs_viewer12radix_sorter9wgpu_sortNtB2_9GPUSorter17bind_group_layout
FN:485,_RNvMNtNtCs7SKkzX9Vl5y_16wgpu_3dgs_viewer12radix_sorter9wgpu_sortNtB2_9GPUSorter17general_info_data
FN:556,_RNvMNtNtCs7SKkzX9Vl5y_16wgpu_3dgs_viewer12radix_sorter9wgpu_sortNtB2_9GPUSorter23record_prefix_histogram
FN:459,_RNvMNtNtCs7SKkzX9Vl5y_16wgpu_3dgs_viewer12radix_sorter9wgpu_sortNtB2_9GPUSorter26create_internal_mem_buffer
FN:735,_RNvMNtNtCs7SKkzX9Vl5y_16wgpu_3dgs_viewer12radix_sorter9wgpu_sortNtB2_9GPUSorter28create_internal_sort_buffers
FN:598,_RNvMNtNtCs7SKkzX9Vl5y_16wgpu_3dgs_viewer12radix_sorter9wgpu_sortNtB2_9GPUSorter28record_scatter_keys_indirect
FN:429,_RNvMNtNtCs7SKkzX9Vl5y_16wgpu_3dgs_viewer12radix_sorter9wgpu_sortNtB2_9GPUSorter30create_internal_keyval_buffers
FN:526,_RNvMNtNtCs7SKkzX9Vl5y_16wgpu_3dgs_viewer12radix_sorter9wgpu_sortNtB2_9GPUSorter35record_calculate_histogram_indirect
FN:199,_RNvMNtNtCs7SKkzX9Vl5y_16wgpu_3dgs_viewer12radix_sorter9wgpu_sortNtB2_9GPUSorter3new
FN:927,_RNvNtNtCs7SKkzX9Vl5y_16wgpu_3dgs_viewer12radix_sorter9wgpu_sort15histo_blocks_ru
FN:932,_RNvNtNtCs7SKkzX9Vl5y_16wgpu_3dgs_viewer12radix_sorter9wgpu_sort16keys_buffer_size
FN:922,_RNvNtNtCs7SKkzX9Vl5y_16wgpu_3dgs_viewer12radix_sorter9wgpu_sort17scatter_blocks_ru
FN:937,_RNvNtNtCs7SKkzX9Vl5y_16wgpu_3dgs_viewer12radix_sorter9wgpu_sort22keys_buffer_size_bytes
FN:872,_RNvXs0_NtNtCs7SKkzX9Vl5y_16wgpu_3dgs_viewer12radix_sorter9wgpu_sortNtB5_11SortBuffersNtB5_16SortBuffersTrait10bind_group
FN:876,_RNvXs0_NtNtCs7SKkzX9Vl5y_16wgpu_3dgs_viewer12radix_sorter9wgpu_sortNtB5_11SortBuffersNtB5_16SortBuffersTrait12state_buffer
FN:868,_RNvXs0_NtNtCs7SKkzX9Vl5y_16wgpu_3dgs_viewer12radix_sorter9wgpu_sortNtB5_11SortBuffersNtB5_16SortBuffersTrait3len
FN:913,_RNvXs1_NtNtCs7SKkzX9Vl5y_16wgpu_3dgs_viewer12radix_sorter9wgpu_sortNtB5_19InternalSortBuffersNtB5_16SortBuffersTrait10bind_group
FN:917,_RNvXs1_NtNtCs7SKkzX9Vl5y_16wgpu_3dgs_viewer12radix_sorter9wgpu_sortNtB5_19InternalSortBuffersNtB5_16SortBuffersTrait12state_buffer
FN:909,_RNvXs1_NtNtCs7SKkzX9Vl5y_16wgpu_3dgs_viewer12radix_sorter9wgpu_sortNtB5_19InternalSortBuffersNtB5_16SortBuffersTrait3len
FN:20,_RNvMNtCs7SKkzX9Vl5y_16wgpu_3dgs_viewer12radix_sorterINtB2_11RadixSorteruE18create_bind_groupsB4_
FN:658,_RINvMNtNtCs7SKkzX9Vl5y_16wgpu_3dgs_viewer12radix_sorter9wgpu_sortNtB3_9GPUSorter13sort_indirectNtB3_19InternalSortBuffersEB7_
FNDA:1,_RNvMs0_NtCsjxbM5rGzzET_16wgpu_3dgs_viewer12radix_sorterINtB5_11RadixSorteruE23new_without_bind_groups
FNDA:0,_RNvMs0_NtCsjxbM5rGzzET_16wgpu_3dgs_viewer12radix_sorterINtB5_11RadixSorteruE4sort
FNDA:1,_RNvMs_NtCsjxbM5rGzzET_16wgpu_3dgs_viewer12radix_sorterNtB4_11RadixSorter3new
FNDA:1,_RNvMs_NtCsjxbM5rGzzET_16wgpu_3dgs_viewer12radix_sorterNtB4_11RadixSorter4sort
FNDA:2,_RNvMNtNtCsjxbM5rGzzET_16wgpu_3dgs_viewer12radix_sorter9wgpu_sortNtB2_9GPUSorter17bind_group_layout
FNDA:1,_RNvMNtNtCsjxbM5rGzzET_16wgpu_3dgs_viewer12radix_sorter9wgpu_sortNtB2_9GPUSorter17general_info_data
FNDA:1,_RNvMNtNtCsjxbM5rGzzET_16wgpu_3dgs_viewer12radix_sorter9wgpu_sortNtB2_9GPUSorter23record_prefix_histogram
FNDA:1,_RNvMNtNtCsjxbM5rGzzET_16wgpu_3dgs_viewer12radix_sorter9wgpu_sortNtB2_9GPUSorter26create_internal_mem_buffer
FNDA:1,_RNvMNtNtCsjxbM5rGzzET_16wgpu_3dgs_viewer12radix_sorter9wgpu_sortNtB2_9GPUSorter28create_internal_sort_buffers
FNDA:1,_RNvMNtNtCsjxbM5rGzzET_16wgpu_3dgs_viewer12radix_sorter9wgpu_sortNtB2_9GPUSorter28record_scatter_keys_indirect
FNDA:1,_RNvMNtNtCsjxbM5rGzzET_16wgpu_3dgs_viewer12radix_sorter9wgpu_sortNtB2_9GPUSorter30create_internal_keyval_buffers
FNDA:1,_RNvMNtNtCsjxbM5rGzzET_16wgpu_3dgs_viewer12radix_sorter9wgpu_sortNtB2_9GPUSorter35record_calculate_histogram_indirect
FNDA:1,_RNvMNtNtCsjxbM5rGzzET_16wgpu_3dgs_viewer12radix_sorter9wgpu_sortNtB2_9GPUSorter3new
FNDA:3,_RNvNtNtCsjxbM5rGzzET_16wgpu_3dgs_viewer12radix_sorter9wgpu_sort15histo_blocks_ru
FNDA:3,_RNvNtNtCsjxbM5rGzzET_16wgpu_3dgs_viewer12radix_sorter9wgpu_sort16keys_buffer_size
FNDA:4,_RNvNtNtCsjxbM5rGzzET_16wgpu_3dgs_viewer12radix_sorter9wgpu_sort17scatter_blocks_ru
FNDA:1,_RNvNtNtCsjxbM5rGzzET_16wgpu_3dgs_viewer12radix_sorter9wgpu_sort22keys_buffer_size_bytes
FNDA:0,_RNvXs0_NtNtCsjxbM5rGzzET_16wgpu_3dgs_viewer12radix_sorter9wgpu_sortNtB5_11SortBuffersNtB5_16SortBuffersTrait10bind_group
FNDA:0,_RNvXs0_NtNtCsjxbM5rGzzET_16wgpu_3dgs_viewer12radix_sorter9wgpu_sortNtB5_11SortBuffersNtB5_16SortBuffersTrait12state_buffer
FNDA:0,_RNvXs0_NtNtCsjxbM5rGzzET_16wgpu_3dgs_viewer12radix_sorter9wgpu_sortNtB5_11SortBuffersNtB5_16SortBuffersTrait3len
FNDA:1,_RNvXs1_NtNtCsjxbM5rGzzET_16wgpu_3dgs_viewer12radix_sorter9wgpu_sortNtB5_19InternalSortBuffersNtB5_16SortBuffersTrait10bind_group
FNDA:0,_RNvXs1_NtNtCsjxbM5rGzzET_16wgpu_3dgs_viewer12radix_sorter9wgpu_sortNtB5_19InternalSortBuffersNtB5_16SortBuffersTrait12state_buffer
FNDA:0,_RNvXs1_NtNtCsjxbM5rGzzET_16wgpu_3dgs_viewer12radix_sorter9wgpu_sortNtB5_19InternalSortBuffersNtB5_16SortBuffersTrait3len
FNDA:1,_RNvMNtCsjxbM5rGzzET_16wgpu_3dgs_viewer12radix_sorterINtB2_11RadixSorteruE18create_bind_groupsB4_
FNDA:1,_RINvMNtNtCsjxbM5rGzzET_16wgpu_3dgs_viewer12radix_sorter9wgpu_sortNtB3_9GPUSorter13sort_indirectNtB3_19InternalSortBuffersEB7_
FNDA:0,_RINvMNtNtCs3CPVCLfs1uP_16wgpu_3dgs_viewer12radix_sorter9wgpu_sortNtB3_9GPUSorter13sort_indirectpEB7_
FNDA:0,_RINvMNtNtCs3CPVCLfs1uP_16wgpu_3dgs_viewer12radix_sorter9wgpu_sortNtB3_9GPUSorter4sortpEB7_
FNDA:0,_RNvMNtCs3CPVCLfs1uP_16wgpu_3dgs_viewer12radix_sorterINtB2_11RadixSorterpE18create_bind_groupsB4_
FNDA:0,_RNvMNtNtCs3CPVCLfs1uP_16wgpu_3dgs_viewer12radix_sorter9wgpu_sortNtB2_9GPUSorter17bind_group_layout
FNDA:0,_RNvMNtNtCs3CPVCLfs1uP_16wgpu_3dgs_viewer12radix_sorter9wgpu_sortNtB2_9GPUSorter17general_info_data
FNDA:0,_RNvMNtNtCs3CPVCLfs1uP_16wgpu_3dgs_viewer12radix_sorter9wgpu_sortNtB2_9GPUSorter19create_sort_buffers
FNDA:0,_RNvMNtNtCs3CPVCLfs1uP_16wgpu_3dgs_viewer12radix_sorter9wgpu_sortNtB2_9GPUSorter19record_scatter_keys
FNDA:0,_RNvMNtNtCs3CPVCLfs1uP_16wgpu_3dgs_viewer12radix_sorter9wgpu_sortNtB2_9GPUSorter21create_keyval_buffers
FNDA:0,_RNvMNtNtCs3CPVCLfs1uP_16wgpu_3dgs_viewer12radix_sorter9wgpu_sortNtB2_9GPUSorter23record_prefix_histogram
FNDA:0,_RNvMNtNtCs3CPVCLfs1uP_16wgpu_3dgs_viewer12radix_sorter9wgpu_sortNtB2_9GPUSorter26create_internal_mem_buffer
FNDA:0,_RNvMNtNtCs3CPVCLfs1uP_16wgpu_3dgs_viewer12radix_sorter9wgpu_sortNtB2_9GPUSorter26record_calculate_histogram
FNDA:0,_RNvMNtNtCs3CPVCLfs1uP_16wgpu_3dgs_viewer12radix_sorter9wgpu_sortNtB2_9GPUSorter28create_internal_sort_buffers
FNDA:0,_RNvMNtNtCs3CPVCLfs1uP_16wgpu_3dgs_viewer12radix_sorter9wgpu_sortNtB2_9GPUSorter28record_scatter_keys_indirect
FNDA:0,_RNvMNtNtCs3CPVCLfs1uP_16wgpu_3dgs_viewer12radix_sorter9wgpu_sortNtB2_9GPUSorter30create_internal_keyval_buffers
FNDA:0,_RNvMNtNtCs3CPVCLfs1uP_16wgpu_3dgs_viewer12radix_sorter9wgpu_sortNtB2_9GPUSorter35record_calculate_histogram_indirect
FNDA:0,_RNvMNtNtCs3CPVCLfs1uP_16wgpu_3dgs_viewer12radix_sorter9wgpu_sortNtB2_9GPUSorter3new
FNDA:0,_RNvMs0_NtCs3CPVCLfs1uP_16wgpu_3dgs_viewer12radix_sorterINtB5_11RadixSorteruE23new_without_bind_groups
FNDA:0,_RNvMs0_NtCs3CPVCLfs1uP_16wgpu_3dgs_viewer12radix_sorterINtB5_11RadixSorteruE4sort
FNDA:0,_RNvMs_NtCs3CPVCLfs1uP_16wgpu_3dgs_viewer12radix_sorterNtB4_11RadixSorter3new
FNDA:0,_RNvMs_NtCs3CPVCLfs1uP_16wgpu_3dgs_viewer12radix_sorterNtB4_11RadixSorter4sort
FNDA:0,_RNvMs_NtNtCs3CPVCLfs1uP_16wgpu_3dgs_viewer12radix_sorter9wgpu_sortNtB4_11SortBuffers4keys
FNDA:0,_RNvMs_NtNtCs3CPVCLfs1uP_16wgpu_3dgs_viewer12radix_sorter9wgpu_sortNtB4_11SortBuffers6values
FNDA:0,_RNvNtNtCs3CPVCLfs1uP_16wgpu_3dgs_viewer12radix_sorter9wgpu_sort15histo_blocks_ru
FNDA:0,_RNvNtNtCs3CPVCLfs1uP_16wgpu_3dgs_viewer12radix_sorter9wgpu_sort16keys_buffer_size
FNDA:0,_RNvNtNtCs3CPVCLfs1uP_16wgpu_3dgs_viewer12radix_sorter9wgpu_sort17scatter_blocks_ru
FNDA:0,_RNvNtNtCs3CPVCLfs1uP_16wgpu_3dgs_viewer12radix_sorter9wgpu_sort22keys_buffer_size_bytes
FNDA:0,_RNvXs0_NtNtCs3CPVCLfs1uP_16wgpu_3dgs_viewer12radix_sorter9wgpu_sortNtB5_11SortBuffersNtB5_16SortBuffersTrait10bind_group
FNDA:0,_RNvXs0_NtNtCs3CPVCLfs1uP_16wgpu_3dgs_viewer12radix_sorter9wgpu_sortNtB5_11SortBuffersNtB5_16SortBuffersTrait12state_buffer
FNDA:0,_RNvXs0_NtNtCs3CPVCLfs1uP_16wgpu_3dgs_viewer12radix_sorter9wgpu_sortNtB5_11SortBuffersNtB5_16SortBuffersTrait3len
FNDA:0,_RNvXs1_NtNtCs3CPVCLfs1uP_16wgpu_3dgs_viewer12radix_sorter9wgpu_sortNtB5_19InternalSortBuffersNtB5_16SortBuffersTrait10bind_group
FNDA:0,_RNvXs1_NtNtCs3CPVCLfs1uP_16wgpu_3dgs_viewer12radix_sorter9wgpu_sortNtB5_19InternalSortBuffersNtB5_16SortBuffersTrait12state_buffer
FNDA:0,_RNvXs1_NtNtCs3CPVCLfs1uP_16wgpu_3dgs_viewer12radix_sorter9wgpu_sortNtB5_19InternalSortBuffersNtB5_16SortBuffersTrait3len
FNDA:0,_RNvYpNtNtNtCs3CPVCLfs1uP_16wgpu_3dgs_viewer12radix_sorter9wgpu_sort16SortBuffersTrait15keys_valid_sizeB9_
FNDA:1,_RNvMs0_NtCs7SKkzX9Vl5y_16wgpu_3dgs_viewer12radix_sorterINtB5_11RadixSorteruE23new_without_bind_groups
FNDA:0,_RNvMs0_NtCs7SKkzX9Vl5y_16wgpu_3dgs_viewer12radix_sorterINtB5_11RadixSorteruE4sort
FNDA:1,_RNvMs_NtCs7SKkzX9Vl5y_16wgpu_3dgs_viewer12radix_sorterNtB4_11RadixSorter3new
FNDA:135,_RNvMs_NtCs7SKkzX9Vl5y_16wgpu_3dgs_viewer12radix_sorterNtB4_11RadixSorter4sort
FNDA:2,_RNvMNtNtCs7SKkzX9Vl5y_16wgpu_3dgs_viewer12radix_sorter9wgpu_sortNtB2_9GPUSorter17bind_group_layout
FNDA:1,_RNvMNtNtCs7SKkzX9Vl5y_16wgpu_3dgs_viewer12radix_sorter9wgpu_sortNtB2_9GPUSorter17general_info_data
FNDA:135,_RNvMNtNtCs7SKkzX9Vl5y_16wgpu_3dgs_viewer12radix_sorter9wgpu_sortNtB2_9GPUSorter23record_prefix_histogram
FNDA:1,_RNvMNtNtCs7SKkzX9Vl5y_16wgpu_3dgs_viewer12radix_sorter9wgpu_sortNtB2_9GPUSorter26create_internal_mem_buffer
FNDA:1,_RNvMNtNtCs7SKkzX9Vl5y_16wgpu_3dgs_viewer12radix_sorter9wgpu_sortNtB2_9GPUSorter28create_internal_sort_buffers
FNDA:135,_RNvMNtNtCs7SKkzX9Vl5y_16wgpu_3dgs_viewer12radix_sorter9wgpu_sortNtB2_9GPUSorter28record_scatter_keys_indirect
FNDA:1,_RNvMNtNtCs7SKkzX9Vl5y_16wgpu_3dgs_viewer12radix_sorter9wgpu_sortNtB2_9GPUSorter30create_internal_keyval_buffers
FNDA:135,_RNvMNtNtCs7SKkzX9Vl5y_16wgpu_3dgs_viewer12radix_sorter9wgpu_sortNtB2_9GPUSorter35record_calculate_histogram_indirect
FNDA:1,_RNvMNtNtCs7SKkzX9Vl5y_16wgpu_3dgs_viewer12radix_sorter9wgpu_sortNtB2_9GPUSorter3new
FNDA:3,_RNvNtNtCs7SKkzX9Vl5y_16wgpu_3dgs_viewer12radix_sorter9wgpu_sort15histo_blocks_ru
FNDA:3,_RNvNtNtCs7SKkzX9Vl5y_16wgpu_3dgs_viewer12radix_sorter9wgpu_sort16keys_buffer_size
FNDA:4,_RNvNtNtCs7SKkzX9Vl5y_16wgpu_3dgs_viewer12radix_sorter9wgpu_sort17scatter_blocks_ru
FNDA:1,_RNvNtNtCs7SKkzX9Vl5y_16wgpu_3dgs_viewer12radix_sorter9wgpu_sort22keys_buffer_size_bytes
FNDA:0,_RNvXs0_NtNtCs7SKkzX9Vl5y_16wgpu_3dgs_viewer12radix_sorter9wgpu_sortNtB5_11SortBuffersNtB5_16SortBuffersTrait10bind_group
FNDA:0,_RNvXs0_NtNtCs7SKkzX9Vl5y_16wgpu_3dgs_viewer12radix_sorter9wgpu_sortNtB5_11SortBuffersNtB5_16SortBuffersTrait12state_buffer
FNDA:0,_RNvXs0_NtNtCs7SKkzX9Vl5y_16wgpu_3dgs_viewer12radix_sorter9wgpu_sortNtB5_11SortBuffersNtB5_16SortBuffersTrait3len
FNDA:135,_RNvXs1_NtNtCs7SKkzX9Vl5y_16wgpu_3dgs_viewer12radix_sorter9wgpu_sortNtB5_19InternalSortBuffersNtB5_16SortBuffersTrait10bind_group
FNDA:0,_RNvXs1_NtNtCs7SKkzX9Vl5y_16wgpu_3dgs_viewer12radix_sorter9wgpu_sortNtB5_19InternalSortBuffersNtB5_16SortBuffersTrait12state_buffer
FNDA:0,_RNvXs1_NtNtCs7SKkzX9Vl5y_16wgpu_3dgs_viewer12radix_sorter9wgpu_sortNtB5_19InternalSortBuffersNtB5_16SortBuffersTrait3len
FNDA:1,_RNvMNtCs7SKkzX9Vl5y_16wgpu_3dgs_viewer12radix_sorterINtB2_11RadixSorteruE18create_bind_groupsB4_
FNDA:135,_RINvMNtNtCs7SKkzX9Vl5y_16wgpu_3dgs_viewer12radix_sorter9wgpu_sortNtB3_9GPUSorter13sort_indirectNtB3_19InternalSortBuffersEB7_
FNF:33
FNH:19
DA:20,2
DA:21,2
DA:22,2
DA:23,2
DA:24,2
DA:25,2
DA:26,2
DA:27,2
DA:28,2
DA:29,2
DA:31,2
DA:36,2
DA:37,2
DA:38,2
DA:39,2
DA:40,2
DA:41,2
DA:43,2
DA:44,2
DA:45,2
DA:47,2
DA:49,2
DA:50,2
DA:51,2
DA:52,2
DA:53,2
DA:56,136
DA:57,136
DA:58,136
DA:59,136
DA:60,136
DA:61,136
DA:62,136
DA:63,136
DA:64,136
DA:66,136
DA:71,2
DA:72,2
DA:73,2
DA:75,2
DA:77,2
DA:78,2
DA:79,2
DA:80,2
DA:81,2
DA:87,0
DA:88,0
DA:89,0
DA:90,0
DA:91,0
DA:92,0
DA:93,0
DA:94,0
DA:95,0
DA:199,2
DA:201,2
DA:202,2
DA:203,2
DA:204,2
DA:205,2
DA:206,2
DA:207,2
DA:209,2
DA:210,2
DA:211,2
DA:212,2
DA:214,2
DA:216,2
DA:217,2
DA:218,2
DA:219,2
DA:220,2
DA:221,2
DA:223,2
DA:227,2
DA:228,2
DA:229,2
DA:230,2
DA:231,2
DA:232,2
DA:233,2
DA:234,2
DA:235,2
DA:236,2
DA:237,2
DA:238,2
DA:252,2
DA:253,2
DA:254,2
DA:255,2
DA:256,2
DA:257,2
DA:258,2
DA:260,2
DA:261,2
DA:262,2
DA:263,2
DA:264,2
DA:265,2
DA:266,2
DA:267,2
DA:268,2
DA:269,2
DA:270,2
DA:271,2
DA:272,2
DA:273,2
DA:274,2
DA:275,2
DA:276,2
DA:277,2
DA:278,2
DA:279,2
DA:280,2
DA:281,2
DA:282,2
DA:283,2
DA:284,2
DA:285,2
DA:286,2
DA:287,2
DA:288,2
DA:289,2
DA:290,2
DA:291,2
DA:292,2
DA:293,2
DA:294,2
DA:295,2
DA:296,2
DA:297,2
DA:298,2
DA:299,2
DA:300,2
DA:301,2
DA:302,2
DA:303,2
DA:305,2
DA:306,2
DA:307,2
DA:308,2
DA:309,2
DA:310,2
DA:311,2
DA:312,2
DA:314,4
DA:315,4
DA:316,4
DA:317,4
DA:318,4
DA:319,4
DA:320,4
DA:321,4
DA:322,4
DA:323,4
DA:324,4
DA:325,4
DA:326,4
DA:327,4
DA:328,4
DA:329,4
DA:330,4
DA:331,4
DA:332,4
DA:333,4
DA:334,4
DA:335,4
DA:336,4
DA:337,4
DA:338,4
DA:339,4
DA:340,4
DA:341,4
DA:342,4
DA:343,4
DA:344,4
DA:345,4
DA:346,4
DA:347,4
DA:348,4
DA:349,4
DA:350,4
DA:351,4
DA:352,4
DA:353,4
DA:354,4
DA:355,4
DA:356,4
DA:357,4
DA:358,4
DA:359,4
DA:360,4
DA:361,4
DA:362,4
DA:363,4
DA:364,4
DA:365,4
DA:366,4
DA:367,4
DA:368,4
DA:369,4
DA:370,4
DA:371,4
DA:372,4
DA:373,4
DA:374,4
DA:375,4
DA:376,4
DA:377,4
DA:378,4
DA:379,4
DA:380,4
DA:381,4
DA:382,4
DA:384,0
DA:385,0
DA:386,0
DA:387,0
DA:389,0
DA:392,0
DA:393,0
DA:394,0
DA:395,0
DA:396,0
DA:397,0
DA:398,0
DA:399,0
DA:402,0
DA:403,0
DA:404,0
DA:405,0
DA:406,0
DA:407,0
DA:409,0
DA:410,0
DA:411,0
DA:412,0
DA:413,0
DA:414,0
DA:415,0
DA:416,0
DA:417,0
DA:419,0
DA:420,0
DA:421,0
DA:422,0
DA:423,0
DA:424,0
DA:425,0
DA:426,0
DA:429,2
DA:430,2
DA:431,2
DA:432,2
DA:434,2
DA:437,2
DA:438,2
DA:439,2
DA:440,2
DA:441,2
DA:442,2
DA:444,2
DA:447,2
DA:448,2
DA:449,2
DA:450,2
DA:451,2
DA:452,2
DA:453,2
DA:454,2
DA:459,2
DA:471,2
DA:473,2
DA:475,2
DA:477,2
DA:478,2
DA:479,2
DA:480,2
DA:481,2
DA:482,2
DA:483,2
DA:485,2
DA:486,2
DA:487,2
DA:488,2
DA:489,2
DA:490,2
DA:491,2
DA:492,2
DA:494,0
DA:495,0
DA:496,0
DA:497,0
DA:498,0
DA:499,0
DA:501,0
DA:503,0
DA:504,0
DA:505,0
DA:506,0
DA:507,0
DA:508,0
DA:509,0
DA:510,0
DA:511,0
DA:512,0
DA:514,0
DA:515,0
DA:516,0
DA:517,0
DA:518,0
DA:519,0
DA:520,0
DA:521,0
DA:522,0
DA:523,0
DA:524,0
DA:526,136
DA:527,136
DA:528,136
DA:529,136
DA:530,136
DA:531,136
DA:532,136
DA:533,136
DA:534,136
DA:535,136
DA:536,136
DA:537,136
DA:538,136
DA:539,136
DA:540,136
DA:541,136
DA:543,136
DA:544,136
DA:545,136
DA:546,136
DA:547,136
DA:548,136
DA:549,136
DA:550,136
DA:551,136
DA:552,136
DA:553,136
DA:556,136
DA:557,136
DA:558,136
DA:559,136
DA:560,136
DA:561,136
DA:562,136
DA:563,136
DA:564,136
DA:566,136
DA:567,136
DA:568,136
DA:569,136
DA:571,0
DA:572,0
DA:573,0
DA:574,0
DA:575,0
DA:576,0
DA:577,0
DA:579,0
DA:580,0
DA:581,0
DA:582,0
DA:584,0
DA:585,0
DA:586,0
DA:588,0
DA:589,0
DA:591,0
DA:592,0
DA:594,0
DA:595,0
DA:596,0
DA:598,136
DA:599,136
DA:600,136
DA:601,136
DA:602,136
DA:603,136
DA:604,136
DA:605,136
DA:606,136
DA:607,136
DA:609,136
DA:610,136
DA:611,136
DA:613,136
DA:614,136
DA:616,136
DA:617,136
DA:619,136
DA:620,136
DA:621,136
DA:628,0
DA:629,0
DA:630,0
DA:631,0
DA:632,0
DA:633,0
DA:634,0
DA:635,0
DA:636,0
DA:639,0
DA:641,0
DA:642,0
DA:643,0
DA:644,0
DA:658,136
DA:659,136
DA:660,136
DA:661,136
DA:662,136
DA:663,136
DA:664,136
DA:666,136
DA:667,136
DA:668,136
DA:669,136
DA:672,0
DA:673,0
DA:674,0
DA:675,0
DA:676,0
DA:677,0
DA:679,0
DA:680,0
DA:681,0
DA:683,0
DA:684,0
DA:685,0
DA:686,0
DA:687,0
DA:688,0
DA:689,0
DA:690,0
DA:691,0
DA:692,0
DA:693,0
DA:694,0
DA:695,0
DA:696,0
DA:697,0
DA:698,0
DA:699,0
DA:700,0
DA:701,0
DA:702,0
DA:703,0
DA:704,0
DA:705,0
DA:706,0
DA:707,0
DA:708,0
DA:709,0
DA:710,0
DA:711,0
DA:712,0
DA:713,0
DA:714,0
DA:715,0
DA:716,0
DA:717,0
DA:718,0
DA:720,0
DA:721,0
DA:722,0
DA:723,0
DA:724,0
DA:725,0
DA:726,0
DA:727,0
DA:728,0
DA:729,0
DA:730,0
DA:735,2
DA:736,2
DA:737,2
DA:738,2
DA:739,2
DA:740,2
DA:741,2
DA:743,2
DA:744,2
DA:746,2
DA:747,2
DA:748,2
DA:749,2
DA:750,2
DA:751,2
DA:752,2
DA:753,2
DA:754,2
DA:755,2
DA:756,2
DA:757,2
DA:758,2
DA:759,2
DA:760,2
DA:761,2
DA:762,2
DA:763,2
DA:764,2
DA:765,2
DA:766,2
DA:767,2
DA:768,2
DA:769,2
DA:770,2
DA:771,2
DA:772,2
DA:773,2
DA:774,2
DA:775,2
DA:776,2
DA:777,2
DA:778,2
DA:779,2
DA:780,2
DA:781,2
DA:783,2
DA:784,2
DA:785,2
DA:786,2
DA:787,2
DA:788,2
DA:789,2
DA:790,2
DA:791,2
DA:812,0
DA:813,0
DA:814,0
DA:857,0
DA:858,0
DA:859,0
DA:862,0
DA:863,0
DA:864,0
DA:868,0
DA:869,0
DA:870,0
DA:872,0
DA:873,0
DA:874,0
DA:876,0
DA:877,0
DA:878,0
DA:909,0
DA:910,0
DA:911,0
DA:913,136
DA:914,136
DA:915,136
DA:917,0
DA:918,0
DA:919,0
DA:922,8
DA:923,8
DA:924,8
DA:927,6
DA:928,6
DA:929,6
DA:932,6
DA:933,6
DA:934,6
DA:937,2
DA:938,2
DA:939,2
BRF:0
BRH:0
LF:572
LH:384
end_of_record
SF:C:\Users\s2010\Me\Codes\Rust\wgpu-3dgs-viewer\src\renderer.rs
FN:24,_RNvMNtCsjxbM5rGzzET_16wgpu_3dgs_viewer8rendererINtB2_8RendererNtNtNtCs7uIZbJPR652_14wgpu_3dgs_core6buffer8gaussian41GaussianPodWithShSingleCov3dSingleConfigsuE17create_bind_groupCsaV52F41QyKb_3mod
FN:235,_RNvMs0_NtCsjxbM5rGzzET_16wgpu_3dgs_viewer8rendererINtB5_8RendererNtNtNtCs7uIZbJPR652_14wgpu_3dgs_core6buffer8gaussian41GaussianPodWithShSingleCov3dSingleConfigsuE22new_without_bind_groupCsaV52F41QyKb_3mod
FN:175,_RNvMs_NtCsjxbM5rGzzET_16wgpu_3dgs_viewer8rendererINtB4_8RendererNtNtNtCs7uIZbJPR652_14wgpu_3dgs_core6buffer8gaussian41GaussianPodWithShSingleCov3dSingleConfigsE16render_with_passCsaV52F41QyKb_3mod
FN:187,_RNvMs_NtCsjxbM5rGzzET_16wgpu_3dgs_viewer8rendererINtB4_8RendererNtNtNtCs7uIZbJPR652_14wgpu_3dgs_core6buffer8gaussian41GaussianPodWithShSingleCov3dSingleConfigsE24create_bind_group_staticCsaV52F41QyKb_3mod
FN:111,_RNvMs_NtCsjxbM5rGzzET_16wgpu_3dgs_viewer8rendererINtB4_8RendererNtNtNtCs7uIZbJPR652_14wgpu_3dgs_core6buffer8gaussian41GaussianPodWithShSingleCov3dSingleConfigsE3newCsaV52F41QyKb_3mod
FN:149,_RNvMs_NtCsjxbM5rGzzET_16wgpu_3dgs_viewer8rendererINtB4_8RendererNtNtNtCs7uIZbJPR652_14wgpu_3dgs_core6buffer8gaussian41GaussianPodWithShSingleCov3dSingleConfigsE6renderCsaV52F41QyKb_3mod
FN:24,_RNvMNtCs3CPVCLfs1uP_16wgpu_3dgs_viewer8rendererINtB2_8RendererppE17create_bind_groupB4_
FN:336,_RNvMs0_NtCs3CPVCLfs1uP_16wgpu_3dgs_viewer8rendererINtB5_8RendererpuE16render_with_passB7_
FN:235,_RNvMs0_NtCs3CPVCLfs1uP_16wgpu_3dgs_viewer8rendererINtB5_8RendererpuE22new_without_bind_groupB7_
FN:309,_RNvMs0_NtCs3CPVCLfs1uP_16wgpu_3dgs_viewer8rendererINtB5_8RendererpuE6renderB7_
FN:175,_RNvMs_NtCs3CPVCLfs1uP_16wgpu_3dgs_viewer8rendererINtB4_8RendererpE16render_with_passB6_
FN:187,_RNvMs_NtCs3CPVCLfs1uP_16wgpu_3dgs_viewer8rendererINtB4_8RendererpE24create_bind_group_staticB6_
FN:111,_RNvMs_NtCs3CPVCLfs1uP_16wgpu_3dgs_viewer8rendererINtB4_8RendererpE3newB6_
FN:149,_RNvMs_NtCs3CPVCLfs1uP_16wgpu_3dgs_viewer8rendererINtB4_8RendererpE6renderB6_
FN:24,_RNvMNtCs7SKkzX9Vl5y_16wgpu_3dgs_viewer8rendererINtB2_8RendererNtNtNtCs7uIZbJPR652_14wgpu_3dgs_core6buffer8gaussian41GaussianPodWithShSingleCov3dSingleConfigsuE17create_bind_groupCs5dnHlmOWu1L_9selection
FN:235,_RNvMs0_NtCs7SKkzX9Vl5y_16wgpu_3dgs_viewer8rendererINtB5_8RendererNtNtNtCs7uIZbJPR652_14wgpu_3dgs_core6buffer8gaussian41GaussianPodWithShSingleCov3dSingleConfigsuE22new_without_bind_groupCs5dnHlmOWu1L_9selection
FN:175,_RNvMs_NtCs7SKkzX9Vl5y_16wgpu_3dgs_viewer8rendererINtB4_8RendererNtNtNtCs7uIZbJPR652_14wgpu_3dgs_core6buffer8gaussian41GaussianPodWithShSingleCov3dSingleConfigsE16render_with_passCs5dnHlmOWu1L_9selection
FN:187,_RNvMs_NtCs7SKkzX9Vl5y_16wgpu_3dgs_viewer8rendererINtB4_8RendererNtNtNtCs7uIZbJPR652_14wgpu_3dgs_core6buffer8gaussian41GaussianPodWithShSingleCov3dSingleConfigsE24create_bind_group_staticCs5dnHlmOWu1L_9selection
FN:111,_RNvMs_NtCs7SKkzX9Vl5y_16wgpu_3dgs_viewer8rendererINtB4_8RendererNtNtNtCs7uIZbJPR652_14wgpu_3dgs_core6buffer8gaussian41GaussianPodWithShSingleCov3dSingleConfigsE3newCs5dnHlmOWu1L_9selection
FN:149,_RNvMs_NtCs7SKkzX9Vl5y_16wgpu_3dgs_viewer8rendererINtB4_8RendererNtNtNtCs7uIZbJPR652_14wgpu_3dgs_core6buffer8gaussian41GaussianPodWithShSingleCov3dSingleConfigsE6renderCs5dnHlmOWu1L_9selection
FN:24,_RNvMNtCsjxbM5rGzzET_16wgpu_3dgs_viewer8rendererINtB2_8RendererNtNtNtCs7uIZbJPR652_14wgpu_3dgs_core6buffer8gaussian41GaussianPodWithShSingleCov3dSingleConfigsuE17create_bind_groupCshzTrt3y0S99_6simple
FN:235,_RNvMs0_NtCsjxbM5rGzzET_16wgpu_3dgs_viewer8rendererINtB5_8RendererNtNtNtCs7uIZbJPR652_14wgpu_3dgs_core6buffer8gaussian41GaussianPodWithShSingleCov3dSingleConfigsuE22new_without_bind_groupCshzTrt3y0S99_6simple
FN:175,_RNvMs_NtCsjxbM5rGzzET_16wgpu_3dgs_viewer8rendererINtB4_8RendererNtNtNtCs7uIZbJPR652_14wgpu_3dgs_core6buffer8gaussian41GaussianPodWithShSingleCov3dSingleConfigsE16render_with_passCshzTrt3y0S99_6simple
FN:187,_RNvMs_NtCsjxbM5rGzzET_16wgpu_3dgs_viewer8rendererINtB4_8RendererNtNtNtCs7uIZbJPR652_14wgpu_3dgs_core6buffer8gaussian41GaussianPodWithShSingleCov3dSingleConfigsE24create_bind_group_staticCshzTrt3y0S99_6simple
FN:111,_RNvMs_NtCsjxbM5rGzzET_16wgpu_3dgs_viewer8rendererINtB4_8RendererNtNtNtCs7uIZbJPR652_14wgpu_3dgs_core6buffer8gaussian41GaussianPodWithShSingleCov3dSingleConfigsE3newCshzTrt3y0S99_6simple
FN:149,_RNvMs_NtCsjxbM5rGzzET_16wgpu_3dgs_viewer8rendererINtB4_8RendererNtNtNtCs7uIZbJPR652_14wgpu_3dgs_core6buffer8gaussian41GaussianPodWithShSingleCov3dSingleConfigsE6renderCshzTrt3y0S99_6simple
FNDA:1,_RNvMNtCsjxbM5rGzzET_16wgpu_3dgs_viewer8rendererINtB2_8RendererNtNtNtCs7uIZbJPR652_14wgpu_3dgs_core6buffer8gaussian41GaussianPodWithShSingleCov3dSingleConfigsuE17create_bind_groupCsaV52F41QyKb_3mod
FNDA:1,_RNvMs0_NtCsjxbM5rGzzET_16wgpu_3dgs_viewer8rendererINtB5_8RendererNtNtNtCs7uIZbJPR652_14wgpu_3dgs_core6buffer8gaussian41GaussianPodWithShSingleCov3dSingleConfigsuE22new_without_bind_groupCsaV52F41QyKb_3mod
FNDA:1,_RNvMs_NtCsjxbM5rGzzET_16wgpu_3dgs_viewer8rendererINtB4_8RendererNtNtNtCs7uIZbJPR652_14wgpu_3dgs_core6buffer8gaussian41GaussianPodWithShSingleCov3dSingleConfigsE16render_with_passCsaV52F41QyKb_3mod
FNDA:1,_RNvMs_NtCsjxbM5rGzzET_16wgpu_3dgs_viewer8rendererINtB4_8RendererNtNtNtCs7uIZbJPR652_14wgpu_3dgs_core6buffer8gaussian41GaussianPodWithShSingleCov3dSingleConfigsE24create_bind_group_staticCsaV52F41QyKb_3mod
FNDA:1,_RNvMs_NtCsjxbM5rGzzET_16wgpu_3dgs_viewer8rendererINtB4_8RendererNtNtNtCs7uIZbJPR652_14wgpu_3dgs_core6buffer8gaussian41GaussianPodWithShSingleCov3dSingleConfigsE3newCsaV52F41QyKb_3mod
FNDA:1,_RNvMs_NtCsjxbM5rGzzET_16wgpu_3dgs_viewer8rendererINtB4_8RendererNtNtNtCs7uIZbJPR652_14wgpu_3dgs_core6buffer8gaussian41GaussianPodWithShSingleCov3dSingleConfigsE6renderCsaV52F41QyKb_3mod
FNDA:0,_RNvMNtCs3CPVCLfs1uP_16wgpu_3dgs_viewer8rendererINtB2_8RendererppE17create_bind_groupB4_
FNDA:0,_RNvMs0_NtCs3CPVCLfs1uP_16wgpu_3dgs_viewer8rendererINtB5_8RendererpuE16render_with_passB7_
FNDA:0,_RNvMs0_NtCs3CPVCLfs1uP_16wgpu_3dgs_viewer8rendererINtB5_8RendererpuE22new_without_bind_groupB7_
FNDA:0,_RNvMs0_NtCs3CPVCLfs1uP_16wgpu_3dgs_viewer8rendererINtB5_8RendererpuE6renderB7_
FNDA:0,_RNvMs_NtCs3CPVCLfs1uP_16wgpu_3dgs_viewer8rendererINtB4_8RendererpE16render_with_passB6_
FNDA:0,_RNvMs_NtCs3CPVCLfs1uP_16wgpu_3dgs_viewer8rendererINtB4_8RendererpE24create_bind_group_staticB6_
FNDA:0,_RNvMs_NtCs3CPVCLfs1uP_16wgpu_3dgs_viewer8rendererINtB4_8RendererpE3newB6_
FNDA:0,_RNvMs_NtCs3CPVCLfs1uP_16wgpu_3dgs_viewer8rendererINtB4_8RendererpE6renderB6_
FNDA:1,_RNvMNtCs7SKkzX9Vl5y_16wgpu_3dgs_viewer8rendererINtB2_8RendererNtNtNtCs7uIZbJPR652_14wgpu_3dgs_core6buffer8gaussian41GaussianPodWithShSingleCov3dSingleConfigsuE17create_bind_groupCs5dnHlmOWu1L_9selection
FNDA:1,_RNvMs0_NtCs7SKkzX9Vl5y_16wgpu_3dgs_viewer8rendererINtB5_8RendererNtNtNtCs7uIZbJPR652_14wgpu_3dgs_core6buffer8gaussian41GaussianPodWithShSingleCov3dSingleConfigsuE22new_without_bind_groupCs5dnHlmOWu1L_9selection
FNDA:135,_RNvMs_NtCs7SKkzX9Vl5y_16wgpu_3dgs_viewer8rendererINtB4_8RendererNtNtNtCs7uIZbJPR652_14wgpu_3dgs_core6buffer8gaussian41GaussianPodWithShSingleCov3dSingleConfigsE16render_with_passCs5dnHlmOWu1L_9selection
FNDA:1,_RNvMs_NtCs7SKkzX9Vl5y_16wgpu_3dgs_viewer8rendererINtB4_8RendererNtNtNtCs7uIZbJPR652_14wgpu_3dgs_core6buffer8gaussian41GaussianPodWithShSingleCov3dSingleConfigsE24create_bind_group_staticCs5dnHlmOWu1L_9selection
FNDA:1,_RNvMs_NtCs7SKkzX9Vl5y_16wgpu_3dgs_viewer8rendererINtB4_8RendererNtNtNtCs7uIZbJPR652_14wgpu_3dgs_core6buffer8gaussian41GaussianPodWithShSingleCov3dSingleConfigsE3newCs5dnHlmOWu1L_9selection
FNDA:135,_RNvMs_NtCs7SKkzX9Vl5y_16wgpu_3dgs_viewer8rendererINtB4_8RendererNtNtNtCs7uIZbJPR652_14wgpu_3dgs_core6buffer8gaussian41GaussianPodWithShSingleCov3dSingleConfigsE6renderCs5dnHlmOWu1L_9selection
FNDA:0,_RNvMNtCsjxbM5rGzzET_16wgpu_3dgs_viewer8rendererINtB2_8RendererNtNtNtCs7uIZbJPR652_14wgpu_3dgs_core6buffer8gaussian41GaussianPodWithShSingleCov3dSingleConfigsuE17create_bind_groupCshzTrt3y0S99_6simple
FNDA:0,_RNvMs0_NtCsjxbM5rGzzET_16wgpu_3dgs_viewer8rendererINtB5_8RendererNtNtNtCs7uIZbJPR652_14wgpu_3dgs_core6buffer8gaussian41GaussianPodWithShSingleCov3dSingleConfigsuE22new_without_bind_groupCshzTrt3y0S99_6simple
FNDA:0,_RNvMs_NtCsjxbM5rGzzET_16wgpu_3dgs_viewer8rendererINtB4_8RendererNtNtNtCs7uIZbJPR652_14wgpu_3dgs_core6buffer8gaussian41GaussianPodWithShSingleCov3dSingleConfigsE16render_with_passCshzTrt3y0S99_6simple
FNDA:0,_RNvMs_NtCsjxbM5rGzzET_16wgpu_3dgs_viewer8rendererINtB4_8RendererNtNtNtCs7uIZbJPR652_14wgpu_3dgs_core6buffer8gaussian41GaussianPodWithShSingleCov3dSingleConfigsE24create_bind_group_staticCshzTrt3y0S99_6simple
FNDA:0,_RNvMs_NtCsjxbM5rGzzET_16wgpu_3dgs_viewer8rendererINtB4_8RendererNtNtNtCs7uIZbJPR652_14wgpu_3dgs_core6buffer8gaussian41GaussianPodWithShSingleCov3dSingleConfigsE3newCshzTrt3y0S99_6simple
FNDA:0,_RNvMs_NtCsjxbM5rGzzET_16wgpu_3dgs_viewer8rendererINtB4_8RendererNtNtNtCs7uIZbJPR652_14wgpu_3dgs_core6buffer8gaussian41GaussianPodWithShSingleCov3dSingleConfigsE6renderCshzTrt3y0S99_6simple
FNF:8
FNH:6
DA:24,2
DA:25,2
DA:26,2
DA:27,2
DA:28,2
DA:29,2
DA:30,2
DA:31,2
DA:32,2
DA:33,2
DA:34,2
DA:35,2
DA:36,2
DA:37,2
DA:38,2
DA:39,2
DA:40,2
DA:42,2
DA:111,2
DA:112,2
DA:113,2
DA:114,2
DA:115,2
DA:116,2
DA:117,2
DA:118,2
DA:119,2
DA:120,2
DA:121,2
DA:122,0
DA:123,0
DA:124,0
DA:125,0
DA:126,2
DA:128,2
DA:130,2
DA:131,2
DA:132,2
DA:133,2
DA:134,2
DA:135,2
DA:136,2
DA:137,2
DA:140,2
DA:141,2
DA:142,2
DA:143,2
DA:144,2
DA:145,2
DA:146,2
DA:149,136
DA:150,136
DA:151,136
DA:152,136
DA:153,136
DA:154,136
DA:155,136
DA:156,136
DA:157,136
DA:158,136
DA:159,136
DA:160,136
DA:161,136
DA:162,136
DA:163,136
DA:164,136
DA:165,136
DA:166,136
DA:167,136
DA:168,136
DA:169,136
DA:171,136
DA:172,136
DA:175,136
DA:176,136
DA:177,136
DA:178,136
DA:179,136
DA:180,136
DA:181,136
DA:182,136
DA:183,136
DA:187,2
DA:188,2
DA:189,2
DA:190,2
DA:191,2
DA:192,2
DA:193,2
DA:194,2
DA:195,2
DA:196,2
DA:197,2
DA:198,2
DA:199,2
DA:200,2
DA:201,2
DA:202,2
DA:203,2
DA:204,2
DA:205,2
DA:206,2
DA:207,2
DA:208,2
DA:209,2
DA:210,2
DA:211,2
DA:212,2
DA:213,2
DA:214,2
DA:215,2
DA:216,2
DA:217,2
DA:218,2
DA:219,2
DA:220,2
DA:221,2
DA:222,2
DA:223,2
DA:224,2
DA:225,2
DA:226,2
DA:227,2
DA:235,2
DA:236,2
DA:237,2
DA:238,2
DA:239,2
DA:240,2
DA:241,2
DA:242,2
DA:244,2
DA:245,2
DA:246,2
DA:247,2
DA:248,2
DA:249,2
DA:251,2
DA:252,2
DA:253,2
DA:255,2
DA:256,2
DA:257,2
DA:258,2
DA:259,2
DA:260,2
DA:261,2
DA:262,2
DA:263,2
DA:264,2
DA:265,0
DA:266,2
DA:267,2
DA:271,2
DA:272,2
DA:273,2
DA:274,2
DA:275,2
DA:276,2
DA:277,2
DA:278,2
DA:279,2
DA:280,2
DA:281,2
DA:282,2
DA:283,2
DA:284,2
DA:285,2
DA:286,2
DA:287,2
DA:288,2
DA:289,2
DA:290,2
DA:291,2
DA:292,2
DA:293,2
DA:294,2
DA:295,2
DA:296,2
DA:298,2
DA:300,2
DA:301,2
DA:302,2
DA:303,2
DA:304,2
DA:305,2
DA:306,2
DA:309,0
DA:310,0
DA:311,0
DA:312,0
DA:313,0
DA:314,0
DA:315,0
DA:316,0
DA:317,0
DA:318,0
DA:319,0
DA:320,0
DA:321,0
DA:322,0
DA:323,0
DA:324,0
DA:325,0
DA:326,0
DA:327,0
DA:328,0
DA:329,0
DA:330,0
DA:332,0
DA:333,0
DA:336,0
DA:337,0
DA:338,0
DA:339,0
DA:340,0
DA:341,0
DA:342,0
DA:343,0
DA:344,0
DA:345,0
BRF:0
BRH:0
LF:221
LH:182
end_of_record
SF:C:\Users\s2010\Me\Codes\Rust\wgpu-3dgs-viewer\src\selection\buffer.rs
FN:16,_RNvMNtNtCs7SKkzX9Vl5y_16wgpu_3dgs_viewer9selection6bufferNtB2_15ViewportTexture3new
FN:43,_RNvMNtNtCs7SKkzX9Vl5y_16wgpu_3dgs_viewer9selection6bufferNtB2_15ViewportTexture4view
FN:38,_RNvMNtNtCs7SKkzX9Vl5y_16wgpu_3dgs_viewer9selection6bufferNtB2_15ViewportTexture7texture
FN:106,_RNvMs4_NtNtCs7SKkzX9Vl5y_16wgpu_3dgs_viewer9selection6bufferNtB5_24ViewportTextureF32Buffer3new
FN:118,_RNvMs4_NtNtCs7SKkzX9Vl5y_16wgpu_3dgs_viewer9selection6bufferNtB5_24ViewportTextureF32Buffer6update
FN:157,_RNvMs9_NtNtCs7SKkzX9Vl5y_16wgpu_3dgs_viewer9selection6bufferNtB5_33PreprocessorInvertSelectionBuffer3new
FN:168,_RNvMs9_NtNtCs7SKkzX9Vl5y_16wgpu_3dgs_viewer9selection6bufferNtB5_33PreprocessorInvertSelectionBuffer6update
FN:57,_RNvMs_NtNtCs7SKkzX9Vl5y_16wgpu_3dgs_viewer9selection6bufferNtB4_24ViewportTexturePosBuffer3new
FN:69,_RNvMs_NtNtCs7SKkzX9Vl5y_16wgpu_3dgs_viewer9selection6bufferNtB4_24ViewportTexturePosBuffer6update
FN:75,_RNvXs0_NtNtCs7SKkzX9Vl5y_16wgpu_3dgs_viewer9selection6bufferNtB5_24ViewportTexturePosBufferNtNtCs7uIZbJPR652_14wgpu_3dgs_core6buffer13BufferWrapper6buffer
FN:89,_RNvXs2_NtNtCs7SKkzX9Vl5y_16wgpu_3dgs_viewer9selection6bufferNtB5_24ViewportTexturePosBufferINtNtCsmHtFwzCQ9E_4core7convert7TryFromNtNtNtCs4aW9DWY8b5u_4wgpu3api6buffer6BufferE8try_from
FN:124,_RNvXs5_NtNtCs7SKkzX9Vl5y_16wgpu_3dgs_viewer9selection6bufferNtB5_24ViewportTextureF32BufferNtNtCs7uIZbJPR652_14wgpu_3dgs_core6buffer13BufferWrapper6buffer
FN:138,_RNvXs7_NtNtCs7SKkzX9Vl5y_16wgpu_3dgs_viewer9selection6bufferNtB5_24ViewportTextureF32BufferINtNtCsmHtFwzCQ9E_4core7convert7TryFromNtNtNtCs4aW9DWY8b5u_4wgpu3api6buffer6BufferE8try_from
FN:175,_RNvXsa_NtNtCs7SKkzX9Vl5y_16wgpu_3dgs_viewer9selection6bufferNtB5_33PreprocessorInvertSelectionBufferNtNtCs7uIZbJPR652_14wgpu_3dgs_core6buffer13BufferWrapper6buffer
FN:189,_RNvXsc_NtNtCs7SKkzX9Vl5y_16wgpu_3dgs_viewer9selection6bufferNtB5_33PreprocessorInvertSelectionBufferINtNtCsmHtFwzCQ9E_4core7convert7TryFromNtNtNtCs4aW9DWY8b5u_4wgpu3api6buffer6BufferE8try_from
FN:90,_RNCNvXs2_NtNtCs7SKkzX9Vl5y_16wgpu_3dgs_viewer9selection6bufferNtB7_24ViewportTexturePosBufferINtNtCsmHtFwzCQ9E_4core7convert7TryFromNtNtNtCs4aW9DWY8b5u_4wgpu3api6buffer6BufferE8try_from0Bb_
FN:139,_RNCNvXs7_NtNtCs7SKkzX9Vl5y_16wgpu_3dgs_viewer9selection6bufferNtB7_24ViewportTextureF32BufferINtNtCsmHtFwzCQ9E_4core7convert7TryFromNtNtNtCs4aW9DWY8b5u_4wgpu3api6buffer6BufferE8try_from0Bb_
FN:190,_RNCNvXsc_NtNtCs7SKkzX9Vl5y_16wgpu_3dgs_viewer9selection6bufferNtB7_33PreprocessorInvertSelectionBufferINtNtCsmHtFwzCQ9E_4core7convert7TryFromNtNtNtCs4aW9DWY8b5u_4wgpu3api6buffer6BufferE8try_from0Bb_
FNDA:10,_RNvMNtNtCs7SKkzX9Vl5y_16wgpu_3dgs_viewer9selection6bufferNtB2_15ViewportTexture3new
FNDA:20,_RNvMNtNtCs7SKkzX9Vl5y_16wgpu_3dgs_viewer9selection6bufferNtB2_15ViewportTexture4view
FNDA:2,_RNvMNtNtCs7SKkzX9Vl5y_16wgpu_3dgs_viewer9selection6bufferNtB2_15ViewportTexture7texture
FNDA:1,_RNvMs4_NtNtCs7SKkzX9Vl5y_16wgpu_3dgs_viewer9selection6bufferNtB5_24ViewportTextureF32Buffer3new
FNDA:1,_RNvMs4_NtNtCs7SKkzX9Vl5y_16wgpu_3dgs_viewer9selection6bufferNtB5_24ViewportTextureF32Buffer6update
FNDA:1,_RNvMs9_NtNtCs7SKkzX9Vl5y_16wgpu_3dgs_viewer9selection6bufferNtB5_33PreprocessorInvertSelectionBuffer3new
FNDA:0,_RNvMs9_NtNtCs7SKkzX9Vl5y_16wgpu_3dgs_viewer9selection6bufferNtB5_33PreprocessorInvertSelectionBuffer6update
FNDA:2,_RNvMs_NtNtCs7SKkzX9Vl5y_16wgpu_3dgs_viewer9selection6bufferNtB4_24ViewportTexturePosBuffer3new
FNDA:0,_RNvMs_NtNtCs7SKkzX9Vl5y_16wgpu_3dgs_viewer9selection6bufferNtB4_24ViewportTexturePosBuffer6update
FNDA:4,_RNvXs0_NtNtCs7SKkzX9Vl5y_16wgpu_3dgs_viewer9selection6bufferNtB5_24ViewportTexturePosBufferNtNtCs7uIZbJPR652_14wgpu_3dgs_core6buffer13BufferWrapper6buffer
FNDA:0,_RNvXs2_NtNtCs7SKkzX9Vl5y_16wgpu_3dgs_viewer9selection6bufferNtB5_24ViewportTexturePosBufferINtNtCsmHtFwzCQ9E_4core7convert7TryFromNtNtNtCs4aW9DWY8b5u_4wgpu3api6buffer6BufferE8try_from
FNDA:1,_RNvXs5_NtNtCs7SKkzX9Vl5y_16wgpu_3dgs_viewer9selection6bufferNtB5_24ViewportTextureF32BufferNtNtCs7uIZbJPR652_14wgpu_3dgs_core6buffer13BufferWrapper6buffer
FNDA:0,_RNvXs7_NtNtCs7SKkzX9Vl5y_16wgpu_3dgs_viewer9selection6bufferNtB5_24ViewportTextureF32BufferINtNtCsmHtFwzCQ9E_4core7convert7TryFromNtNtNtCs4aW9DWY8b5u_4wgpu3api6buffer6BufferE8try_from
FNDA:1,_RNvXsa_NtNtCs7SKkzX9Vl5y_16wgpu_3dgs_viewer9selection6bufferNtB5_33PreprocessorInvertSelectionBufferNtNtCs7uIZbJPR652_14wgpu_3dgs_core6buffer13BufferWrapper6buffer
FNDA:0,_RNvXsc_NtNtCs7SKkzX9Vl5y_16wgpu_3dgs_viewer9selection6bufferNtB5_33PreprocessorInvertSelectionBufferINtNtCsmHtFwzCQ9E_4core7convert7TryFromNtNtNtCs4aW9DWY8b5u_4wgpu3api6buffer6BufferE8try_from
FNDA:0,_RNCNvXs2_NtNtCs7SKkzX9Vl5y_16wgpu_3dgs_viewer9selection6bufferNtB7_24ViewportTexturePosBufferINtNtCsmHtFwzCQ9E_4core7convert7TryFromNtNtNtCs4aW9DWY8b5u_4wgpu3api6buffer6BufferE8try_from0Bb_
FNDA:0,_RNCNvXs7_NtNtCs7SKkzX9Vl5y_16wgpu_3dgs_viewer9selection6bufferNtB7_24ViewportTextureF32BufferINtNtCsmHtFwzCQ9E_4core7convert7TryFromNtNtNtCs4aW9DWY8b5u_4wgpu3api6buffer6BufferE8try_from0Bb_
FNDA:0,_RNCNvXsc_NtNtCs7SKkzX9Vl5y_16wgpu_3dgs_viewer9selection6bufferNtB7_33PreprocessorInvertSelectionBufferINtNtCsmHtFwzCQ9E_4core7convert7TryFromNtNtNtCs4aW9DWY8b5u_4wgpu3api6buffer6BufferE8try_from0Bb_
FNF:18
FNH:10
DA:16,10
DA:17,10
DA:18,10
DA:19,10
DA:20,10
DA:21,10
DA:22,10
DA:23,10
DA:24,10
DA:25,10
DA:26,10
DA:27,10
DA:28,10
DA:29,10
DA:30,10
DA:32,10
DA:34,10
DA:35,10
DA:38,2
DA:39,2
DA:40,2
DA:43,20
DA:44,20
DA:45,20
DA:57,2
DA:58,2
DA:59,2
DA:60,2
DA:61,2
DA:62,2
DA:63,2
DA:65,2
DA:66,2
DA:69,0
DA:70,0
DA:71,0
DA:75,4
DA:76,4
DA:77,4
DA:89,0
DA:90,0
DA:91,0
DA:106,1
DA:107,1
DA:108,1
DA:109,1
DA:110,1
DA:111,1
DA:112,1
DA:114,1
DA:115,1
DA:118,1
DA:119,1
DA:120,1
DA:124,1
DA:125,1
DA:126,1
DA:138,0
DA:139,0
DA:140,0
DA:157,1
DA:158,1
DA:159,1
DA:160,1
DA:161,1
DA:162,1
DA:164,1
DA:165,1
DA:168,0
DA:169,0
DA:170,0
DA:171,0
DA:175,1
DA:176,1
DA:177,1
DA:189,0
DA:190,0
DA:191,0
BRF:0
BRH:0
LF:81
LH:62
end_of_record
SF:C:\Users\s2010\Me\Codes\Rust\wgpu-3dgs-viewer\src\selection\viewport.rs
FN:41,_RINvNtNtCs7SKkzX9Vl5y_16wgpu_3dgs_viewer9selection8viewport22create_viewport_bundleNtNtNtCs7uIZbJPR652_14wgpu_3dgs_core6buffer8gaussian41GaussianPodWithShSingleCov3dSingleConfigsECs5dnHlmOWu1L_9selection
FN:64,_RNCINvNtNtCs7SKkzX9Vl5y_16wgpu_3dgs_viewer9selection8viewport22create_viewport_bundleNtNtNtCs7uIZbJPR652_14wgpu_3dgs_core6buffer8gaussian41GaussianPodWithShSingleCov3dSingleConfigsE0Cs5dnHlmOWu1L_9selection
FNDA:1,_RINvNtNtCs7SKkzX9Vl5y_16wgpu_3dgs_viewer9selection8viewport22create_viewport_bundleNtNtNtCs7uIZbJPR652_14wgpu_3dgs_core6buffer8gaussian41GaussianPodWithShSingleCov3dSingleConfigsECs5dnHlmOWu1L_9selection
FNDA:0,_RNCINvNtNtCs7SKkzX9Vl5y_16wgpu_3dgs_viewer9selection8viewport22create_viewport_bundleNtNtNtCs7uIZbJPR652_14wgpu_3dgs_core6buffer8gaussian41GaussianPodWithShSingleCov3dSingleConfigsE0Cs5dnHlmOWu1L_9selection
FNF:2
FNH:1
DA:41,1
DA:42,1
DA:43,1
DA:44,1
DA:46,1
DA:47,1
DA:48,1
DA:49,1
DA:50,1
DA:51,1
DA:52,1
DA:53,1
DA:54,1
DA:55,1
DA:57,1
DA:58,1
DA:59,1
DA:60,1
DA:61,1
DA:62,1
DA:63,1
DA:64,1
DA:65,1
DA:66,1
BRF:0
BRH:0
LF:25
LH:24
end_of_record
SF:C:\Users\s2010\Me\Codes\Rust\wgpu-3dgs-viewer\src\selection\viewport_selector.rs
FN:313,_RNvMNtNtCs7SKkzX9Vl5y_16wgpu_3dgs_viewer9selection17viewport_selectorNtB2_16ViewportSelector16set_brush_radius
FN:206,_RNvMNtNtCs7SKkzX9Vl5y_16wgpu_3dgs_viewer9selection17viewport_selectorNtB2_16ViewportSelector3new
FN:277,_RNvMNtNtCs7SKkzX9Vl5y_16wgpu_3dgs_viewer9selection17viewport_selectorNtB2_16ViewportSelector5clear
FN:252,_RNvMNtNtCs7SKkzX9Vl5y_16wgpu_3dgs_viewer9selection17viewport_selectorNtB2_16ViewportSelector5start
FN:296,_RNvMNtNtCs7SKkzX9Vl5y_16wgpu_3dgs_viewer9selection17viewport_selectorNtB2_16ViewportSelector6render
FN:321,_RNvMNtNtCs7SKkzX9Vl5y_16wgpu_3dgs_viewer9selection17viewport_selectorNtB2_16ViewportSelector6resize
FN:260,_RNvMNtNtCs7SKkzX9Vl5y_16wgpu_3dgs_viewer9selection17viewport_selectorNtB2_16ViewportSelector6update
FN:308,_RNvMNtNtCs7SKkzX9Vl5y_16wgpu_3dgs_viewer9selection17viewport_selectorNtB2_16ViewportSelector7texture
FNDA:0,_RNvMNtNtCs7SKkzX9Vl5y_16wgpu_3dgs_viewer9selection17viewport_selectorNtB2_16ViewportSelector16set_brush_radius
FNDA:1,_RNvMNtNtCs7SKkzX9Vl5y_16wgpu_3dgs_viewer9selection17viewport_selectorNtB2_16ViewportSelector3new
FNDA:0,_RNvMNtNtCs7SKkzX9Vl5y_16wgpu_3dgs_viewer9selection17viewport_selectorNtB2_16ViewportSelector5clear
FNDA:0,_RNvMNtNtCs7SKkzX9Vl5y_16wgpu_3dgs_viewer9selection17viewport_selectorNtB2_16ViewportSelector5start
FNDA:0,_RNvMNtNtCs7SKkzX9Vl5y_16wgpu_3dgs_viewer9selection17viewport_selectorNtB2_16ViewportSelector6render
FNDA:9,_RNvMNtNtCs7SKkzX9Vl5y_16wgpu_3dgs_viewer9selection17viewport_selectorNtB2_16ViewportSelector6resize
FNDA:0,_RNvMNtNtCs7SKkzX9Vl5y_16wgpu_3dgs_viewer9selection17viewport_selectorNtB2_16ViewportSelector6update
FNDA:20,_RNvMNtNtCs7SKkzX9Vl5y_16wgpu_3dgs_viewer9selection17viewport_selectorNtB2_16ViewportSelector7texture
FNF:8
FNH:3
DA:206,1
DA:207,1
DA:208,1
DA:209,1
DA:210,1
DA:211,1
DA:212,1
DA:213,1
DA:214,1
DA:215,1
DA:216,1
DA:217,1
DA:218,1
DA:219,1
DA:220,1
DA:221,1
DA:222,1
DA:223,0
DA:224,1
DA:225,1
DA:226,1
DA:227,1
DA:228,1
DA:229,1
DA:230,1
DA:231,0
DA:233,1
DA:234,1
DA:235,1
DA:236,1
DA:237,1
DA:238,1
DA:239,1
DA:240,1
DA:241,1
DA:242,1
DA:243,1
DA:244,1
DA:245,1
DA:246,1
DA:247,1
DA:248,1
DA:249,1
DA:252,0
DA:253,0
DA:254,0
DA:255,0
DA:256,0
DA:257,0
DA:260,0
DA:261,0
DA:262,0
DA:263,0
DA:264,0
DA:265,0
DA:266,0
DA:267,0
DA:268,0
DA:269,0
DA:270,0
DA:271,0
DA:272,0
DA:274,0
DA:277,0
DA:278,0
DA:279,0
DA:280,0
DA:281,0
DA:282,0
DA:283,0
DA:284,0
DA:285,0
DA:286,0
DA:287,0
DA:288,0
DA:289,0
DA:290,0
DA:291,0
DA:292,0
DA:293,0
DA:296,0
DA:297,0
DA:298,0
DA:299,0
DA:300,0
DA:302,0
DA:305,0
DA:308,20
DA:309,20
DA:310,20
DA:313,0
DA:314,0
DA:315,0
DA:316,0
DA:321,9
DA:322,9
DA:323,9
BRF:0
BRH:0
LF:97
LH:47
end_of_record
SF:C:\Users\s2010\Me\Codes\Rust\wgpu-3dgs-viewer\src\selection\viewport_texture_brush.rs
FN:281,_RNvMs0_NtNtCs7SKkzX9Vl5y_16wgpu_3dgs_viewer9selection22viewport_texture_brushINtB5_28ViewportTextureBrushRendereruE16render_with_pass
FN:186,_RNvMs0_NtNtCs7SKkzX9Vl5y_16wgpu_3dgs_viewer9selection22viewport_texture_brushINtB5_28ViewportTextureBrushRendereruE22new_without_bind_group
FN:255,_RNvMs0_NtNtCs7SKkzX9Vl5y_16wgpu_3dgs_viewer9selection22viewport_texture_brushINtB5_28ViewportTextureBrushRendereruE6render
FN:137,_RNvMs_NtNtCs7SKkzX9Vl5y_16wgpu_3dgs_viewer9selection22viewport_texture_brushNtB4_28ViewportTextureBrushRenderer16render_with_pass
FN:144,_RNvMs_NtNtCs7SKkzX9Vl5y_16wgpu_3dgs_viewer9selection22viewport_texture_brushNtB4_28ViewportTextureBrushRenderer24create_bind_group_static
FN:95,_RNvMs_NtNtCs7SKkzX9Vl5y_16wgpu_3dgs_viewer9selection22viewport_texture_brushNtB4_28ViewportTextureBrushRenderer3new
FN:116,_RNvMs_NtNtCs7SKkzX9Vl5y_16wgpu_3dgs_viewer9selection22viewport_texture_brushNtB4_28ViewportTextureBrushRenderer6render
FN:22,_RNvMNtNtCs7SKkzX9Vl5y_16wgpu_3dgs_viewer9selection22viewport_texture_brushINtB2_28ViewportTextureBrushRendereruE17create_bind_groupB6_
FNDA:0,_RNvMs0_NtNtCs7SKkzX9Vl5y_16wgpu_3dgs_viewer9selection22viewport_texture_brushINtB5_28ViewportTextureBrushRendereruE16render_with_pass
FNDA:1,_RNvMs0_NtNtCs7SKkzX9Vl5y_16wgpu_3dgs_viewer9selection22viewport_texture_brushINtB5_28ViewportTextureBrushRendereruE22new_without_bind_group
FNDA:0,_RNvMs0_NtNtCs7SKkzX9Vl5y_16wgpu_3dgs_viewer9selection22viewport_texture_brushINtB5_28ViewportTextureBrushRendereruE6render
FNDA:0,_RNvMs_NtNtCs7SKkzX9Vl5y_16wgpu_3dgs_viewer9selection22viewport_texture_brushNtB4_28ViewportTextureBrushRenderer16render_with_pass
FNDA:1,_RNvMs_NtNtCs7SKkzX9Vl5y_16wgpu_3dgs_viewer9selection22viewport_texture_brushNtB4_28ViewportTextureBrushRenderer24create_bind_group_static
FNDA:1,_RNvMs_NtNtCs7SKkzX9Vl5y_16wgpu_3dgs_viewer9selection22viewport_texture_brushNtB4_28ViewportTextureBrushRenderer3new
FNDA:0,_RNvMs_NtNtCs7SKkzX9Vl5y_16wgpu_3dgs_viewer9selection22viewport_texture_brushNtB4_28ViewportTextureBrushRenderer6render
FNDA:1,_RNvMNtNtCs7SKkzX9Vl5y_16wgpu_3dgs_viewer9selection22viewport_texture_brushINtB2_28ViewportTextureBrushRendereruE17create_bind_groupB6_
FNF:8
FNH:4
DA:22,1
DA:23,1
DA:24,1
DA:25,1
DA:26,1
DA:27,1
DA:28,1
DA:29,1
DA:30,1
DA:31,1
DA:32,1
DA:33,1
DA:34,1
DA:35,1
DA:36,1
DA:38,1
DA:95,1
DA:96,1
DA:97,1
DA:98,1
DA:99,1
DA:100,1
DA:101,1
DA:102,1
DA:103,1
DA:105,1
DA:106,1
DA:108,1
DA:109,1
DA:110,1
DA:111,1
DA:112,1
DA:113,1
DA:116,0
DA:117,0
DA:118,0
DA:119,0
DA:120,0
DA:121,0
DA:122,0
DA:123,0
DA:124,0
DA:125,0
DA:126,0
DA:127,0
DA:128,0
DA:129,0
DA:130,0
DA:131,0
DA:133,0
DA:134,0
DA:137,0
DA:138,0
DA:139,0
DA:140,0
DA:141,0
DA:144,1
DA:145,1
DA:146,1
DA:147,1
DA:148,1
DA:149,1
DA:150,1
DA:151,1
DA:152,1
DA:153,1
DA:154,1
DA:155,1
DA:156,1
DA:157,1
DA:158,1
DA:159,1
DA:160,1
DA:161,1
DA:162,1
DA:163,1
DA:164,1
DA:165,1
DA:166,1
DA:167,1
DA:168,1
DA:169,1
DA:170,1
DA:171,1
DA:172,1
DA:173,1
DA:174,1
DA:175,1
DA:176,1
DA:177,1
DA:178,1
DA:186,1
DA:187,1
DA:188,1
DA:189,1
DA:190,1
DA:191,1
DA:192,1
DA:194,1
DA:195,1
DA:196,1
DA:197,1
DA:198,1
DA:199,1
DA:201,1
DA:202,1
DA:203,1
DA:205,1
DA:206,1
DA:207,1
DA:208,1
DA:209,1
DA:210,1
DA:211,1
DA:212,0
DA:213,1
DA:214,1
DA:218,1
DA:219,1
DA:220,1
DA:221,1
DA:222,1
DA:223,1
DA:224,1
DA:225,1
DA:226,1
DA:227,1
DA:228,1
DA:229,1
DA:230,1
DA:231,1
DA:232,1
DA:233,1
DA:234,1
DA:235,1
DA:236,1
DA:237,1
DA:238,1
DA:239,1
DA:240,1
DA:241,1
DA:242,1
DA:243,1
DA:245,1
DA:247,1
DA:248,1
DA:249,1
DA:250,1
DA:251,1
DA:252,1
DA:255,0
DA:256,0
DA:257,0
DA:258,0
DA:259,0
DA:260,0
DA:261,0
DA:262,0
DA:263,0
DA:264,0
DA:265,0
DA:266,0
DA:267,0
DA:268,0
DA:269,0
DA:270,0
DA:271,0
DA:272,0
DA:273,0
DA:274,0
DA:275,0
DA:277,0
DA:278,0
DA:281,0
DA:282,0
DA:283,0
DA:284,0
DA:285,0
BRF:0
BRH:0
LF:178
LH:126
end_of_record
SF:C:\Users\s2010\Me\Codes\Rust\wgpu-3dgs-viewer\src\selection\viewport_texture_rectangle.rs
FN:262,_RNvMs0_NtNtCs7SKkzX9Vl5y_16wgpu_3dgs_viewer9selection26viewport_texture_rectangleINtB5_32ViewportTextureRectangleRendereruE16render_with_pass
FN:166,_RNvMs0_NtNtCs7SKkzX9Vl5y_16wgpu_3dgs_viewer9selection26viewport_texture_rectangleINtB5_32ViewportTextureRectangleRendereruE22new_without_bind_group
FN:236,_RNvMs0_NtNtCs7SKkzX9Vl5y_16wgpu_3dgs_viewer9selection26viewport_texture_rectangleINtB5_32ViewportTextureRectangleRendereruE6render
FN:123,_RNvMs_NtNtCs7SKkzX9Vl5y_16wgpu_3dgs_viewer9selection26viewport_texture_rectangleNtB4_32ViewportTextureRectangleRenderer16render_with_pass
FN:130,_RNvMs_NtNtCs7SKkzX9Vl5y_16wgpu_3dgs_viewer9selection26viewport_texture_rectangleNtB4_32ViewportTextureRectangleRenderer24create_bind_group_static
FN:82,_RNvMs_NtNtCs7SKkzX9Vl5y_16wgpu_3dgs_viewer9selection26viewport_texture_rectangleNtB4_32ViewportTextureRectangleRenderer3new
FN:102,_RNvMs_NtNtCs7SKkzX9Vl5y_16wgpu_3dgs_viewer9selection26viewport_texture_rectangleNtB4_32ViewportTextureRectangleRenderer6render
FN:22,_RNvMNtNtCs7SKkzX9Vl5y_16wgpu_3dgs_viewer9selection26viewport_texture_rectangleINtB2_32ViewportTextureRectangleRendereruE17create_bind_groupB6_
FNDA:0,_RNvMs0_NtNtCs7SKkzX9Vl5y_16wgpu_3dgs_viewer9selection26viewport_texture_rectangleINtB5_32ViewportTextureRectangleRendereruE16render_with_pass
FNDA:1,_RNvMs0_NtNtCs7SKkzX9Vl5y_16wgpu_3dgs_viewer9selection26viewport_texture_rectangleINtB5_32ViewportTextureRectangleRendereruE22new_without_bind_group
FNDA:0,_RNvMs0_NtNtCs7SKkzX9Vl5y_16wgpu_3dgs_viewer9selection26viewport_texture_rectangleINtB5_32ViewportTextureRectangleRendereruE6render
FNDA:0,_RNvMs_NtNtCs7SKkzX9Vl5y_16wgpu_3dgs_viewer9selection26viewport_texture_rectangleNtB4_32ViewportTextureRectangleRenderer16render_with_pass
FNDA:1,_RNvMs_NtNtCs7SKkzX9Vl5y_16wgpu_3dgs_viewer9selection26viewport_texture_rectangleNtB4_32ViewportTextureRectangleRenderer24create_bind_group_static
FNDA:1,_RNvMs_NtNtCs7SKkzX9Vl5y_16wgpu_3dgs_viewer9selection26viewport_texture_rectangleNtB4_32ViewportTextureRectangleRenderer3new
FNDA:0,_RNvMs_NtNtCs7SKkzX9Vl5y_16wgpu_3dgs_viewer9selection26viewport_texture_rectangleNtB4_32ViewportTextureRectangleRenderer6render
FNDA:1,_RNvMNtNtCs7SKkzX9Vl5y_16wgpu_3dgs_viewer9selection26viewport_texture_rectangleINtB2_32ViewportTextureRectangleRendereruE17create_bind_groupB6_
FNF:8
FNH:4
DA:22,1
DA:23,1
DA:24,1
DA:25,1
DA:26,1
DA:27,1
DA:28,1
DA:29,1
DA:30,1
DA:31,1
DA:32,1
DA:33,1
DA:34,1
DA:36,1
DA:82,1
DA:83,1
DA:84,1
DA:85,1
DA:86,1
DA:87,1
DA:88,1
DA:89,1
DA:91,1
DA:92,1
DA:94,1
DA:95,1
DA:96,1
DA:97,1
DA:98,1
DA:99,1
DA:102,0
DA:103,0
DA:104,0
DA:105,0
DA:106,0
DA:107,0
DA:108,0
DA:109,0
DA:110,0
DA:111,0
DA:112,0
DA:113,0
DA:114,0
DA:115,0
DA:116,0
DA:117,0
DA:119,0
DA:120,0
DA:123,0
DA:124,0
DA:125,0
DA:126,0
DA:127,0
DA:130,1
DA:131,1
DA:132,1
DA:133,1
DA:134,1
DA:135,1
DA:136,1
DA:137,1
DA:138,1
DA:139,1
DA:140,1
DA:141,1
DA:142,1
DA:143,1
DA:144,1
DA:145,1
DA:146,1
DA:147,1
DA:148,1
DA:149,1
DA:150,1
DA:151,1
DA:152,1
DA:153,1
DA:154,1
DA:155,1
DA:156,1
DA:157,1
DA:158,1
DA:166,1
DA:167,1
DA:168,1
DA:169,1
DA:170,1
DA:171,1
DA:172,1
DA:175,1
DA:176,1
DA:177,1
DA:178,1
DA:179,1
DA:180,1
DA:182,1
DA:183,1
DA:184,1
DA:186,1
DA:187,1
DA:188,1
DA:189,1
DA:190,1
DA:191,1
DA:192,1
DA:193,0
DA:194,1
DA:195,1
DA:199,1
DA:200,1
DA:201,1
DA:202,1
DA:203,1
DA:204,1
DA:205,1
DA:206,1
DA:207,1
DA:208,1
DA:209,1
DA:210,1
DA:211,1
DA:212,1
DA:213,1
DA:214,1
DA:215,1
DA:216,1
DA:217,1
DA:218,1
DA:219,1
DA:220,1
DA:221,1
DA:222,1
DA:223,1
DA:224,1
DA:226,1
DA:228,1
DA:229,1
DA:230,1
DA:231,1
DA:232,1
DA:233,1
DA:236,0
DA:237,0
DA:238,0
DA:239,0
DA:240,0
DA:241,0
DA:242,0
DA:243,0
DA:244,0
DA:245,0
DA:246,0
DA:247,0
DA:248,0
DA:249,0
DA:250,0
DA:251,0
DA:252,0
DA:253,0
DA:254,0
DA:255,0
DA:256,0
DA:258,0
DA:259,0
DA:262,0
DA:263,0
DA:264,0
DA:265,0
DA:266,0
BRF:0
BRH:0
LF:169
LH:117
end_of_record
SF:C:\Users\s2010\Me\Codes\Rust\wgpu-3dgs-viewer\src\wesl_utils.rs
FN:7,_RNvNtCsjxbM5rGzzET_16wgpu_3dgs_viewer10wesl_utils8resolver
FN:7,_RNvNtCs3CPVCLfs1uP_16wgpu_3dgs_viewer10wesl_utils8resolver
FN:7,_RNvNtCs7SKkzX9Vl5y_16wgpu_3dgs_viewer10wesl_utils8resolver
FNDA:4,_RNvNtCsjxbM5rGzzET_16wgpu_3dgs_viewer10wesl_utils8resolver
FNDA:0,_RNvNtCs3CPVCLfs1uP_16wgpu_3dgs_viewer10wesl_utils8resolver
FNDA:6,_RNvNtCs7SKkzX9Vl5y_16wgpu_3dgs_viewer10wesl_utils8resolver
FNF:1
FNH:1
DA:7,10
DA:8,10
DA:9,10
DA:10,10
DA:11,10
DA:12,10
BRF:0
BRH:0
LF:6
LH:6
end_of_record