SF:C:\Users\s2010\Me\Codes\Rust\wgpu-3dgs-viewer\src\buffer\camera.rs
FN:26,_RINvMNtNtCsbNX9HHuxWdy_16wgpu_3dgs_viewer6buffer6cameraNtB3_12CameraBuffer6updateNtNtB7_6camera6CameraECsd19xnTb4ujY_3mod
FN:72,_RINvMs3_NtNtCsbNX9HHuxWdy_16wgpu_3dgs_viewer6buffer6cameraNtB6_9CameraPod3newNtNtBa_6camera6CameraECsd19xnTb4ujY_3mod
FN:43,_RNvXs0_NtNtCsbNX9HHuxWdy_16wgpu_3dgs_viewer6buffer6cameraNtNtNtCslUPZSKK4PRh_4wgpu3api6buffer6BufferINtNtCs9OCfJ4KTcUD_4core7convert4FromNtB5_12CameraBufferE4from
FN:31,_RNvMNtNtCsbNX9HHuxWdy_16wgpu_3dgs_viewer6buffer6cameraNtB2_12CameraBuffer15update_with_pod
FN:14,_RNvMNtNtCsbNX9HHuxWdy_16wgpu_3dgs_viewer6buffer6cameraNtB2_12CameraBuffer3new
FN:51,_RNvXs1_NtNtCsbNX9HHuxWdy_16wgpu_3dgs_viewer6buffer6cameraNtB5_12CameraBufferINtNtCs9OCfJ4KTcUD_4core7convert7TryFromNtNtNtCslUPZSKK4PRh_4wgpu3api6buffer6BufferE8try_from
FN:37,_RNvXs_NtNtCsbNX9HHuxWdy_16wgpu_3dgs_viewer6buffer6cameraNtB4_12CameraBufferNtNtCsgVYjDsZAYrh_14wgpu_3dgs_core6buffer13BufferWrapper6buffer
FN:52,_RNCNvXs1_NtNtCsbNX9HHuxWdy_16wgpu_3dgs_viewer6buffer6cameraNtB7_12CameraBufferINtNtCs9OCfJ4KTcUD_4core7convert7TryFromNtNtNtCslUPZSKK4PRh_4wgpu3api6buffer6BufferE8try_from0Bb_
FN:26,_RINvMNtNtCsbNX9HHuxWdy_16wgpu_3dgs_viewer6buffer6cameraNtB3_12CameraBuffer6updatepEB7_
FN:72,_RINvMs3_NtNtCsbNX9HHuxWdy_16wgpu_3dgs_viewer6buffer6cameraNtB6_9CameraPod3newpEBa_
FN:26,_RINvMNtNtCsjtpqP8IvRXl_16wgpu_3dgs_viewer6buffer6cameraNtB3_12CameraBuffer6updatepEB7_
FN:72,_RINvMs3_NtNtCsjtpqP8IvRXl_16wgpu_3dgs_viewer6buffer6cameraNtB6_9CameraPod3newpEBa_
FN:52,_RNCNvXs1_NtNtCsjtpqP8IvRXl_16wgpu_3dgs_viewer6buffer6cameraNtB7_12CameraBufferINtNtCs9OCfJ4KTcUD_4core7convert7TryFromNtNtNtCslUPZSKK4PRh_4wgpu3api6buffer6BufferE8try_from0Bb_
FN:31,_RNvMNtNtCsjtpqP8IvRXl_16wgpu_3dgs_viewer6buffer6cameraNtB2_12CameraBuffer15update_with_pod
FN:14,_RNvMNtNtCsjtpqP8IvRXl_16wgpu_3dgs_viewer6buffer6cameraNtB2_12CameraBuffer3new
FN:43,_RNvXs0_NtNtCsjtpqP8IvRXl_16wgpu_3dgs_viewer6buffer6cameraNtNtNtCslUPZSKK4PRh_4wgpu3api6buffer6BufferINtNtCs9OCfJ4KTcUD_4core7convert4FromNtB5_12CameraBufferE4from
FN:51,_RNvXs1_NtNtCsjtpqP8IvRXl_16wgpu_3dgs_viewer6buffer6cameraNtB5_12CameraBufferINtNtCs9OCfJ4KTcUD_4core7convert7TryFromNtNtNtCslUPZSKK4PRh_4wgpu3api6buffer6BufferE8try_from
FN:37,_RNvXs_NtNtCsjtpqP8IvRXl_16wgpu_3dgs_viewer6buffer6cameraNtB4_12CameraBufferNtNtCsgVYjDsZAYrh_14wgpu_3dgs_core6buffer13BufferWrapper6buffer
FN:26,_RINvMNtNtCsbNX9HHuxWdy_16wgpu_3dgs_viewer6buffer6cameraNtB3_12CameraBuffer6updateNtNtB7_6camera6CameraECsUZ5IE1q7M0_11multi_model
FN:72,_RINvMs3_NtNtCsbNX9HHuxWdy_16wgpu_3dgs_viewer6buffer6cameraNtB6_9CameraPod3newNtNtBa_6camera6CameraECsUZ5IE1q7M0_11multi_model
FN:26,_RINvMNtNtCsbNX9HHuxWdy_16wgpu_3dgs_viewer6buffer6cameraNtB3_12CameraBuffer6updateNtNtB7_6camera6CameraECskUugRX239Y1_9selection
FN:72,_RINvMs3_NtNtCsbNX9HHuxWdy_16wgpu_3dgs_viewer6buffer6cameraNtB6_9CameraPod3newNtNtBa_6camera6CameraECskUugRX239Y1_9selection
FN:26,_RINvMNtNtCsbNX9HHuxWdy_16wgpu_3dgs_viewer6buffer6cameraNtB3_12CameraBuffer6updateNtNtB7_6camera6CameraECs8Ms6z1a2Slm_6simple
FN:72,_RINvMs3_NtNtCsbNX9HHuxWdy_16wgpu_3dgs_viewer6buffer6cameraNtB6_9CameraPod3newNtNtBa_6camera6CameraECs8Ms6z1a2Slm_6simple
FNDA:3,_RINvMNtNtCsbNX9HHuxWdy_16wgpu_3dgs_viewer6buffer6cameraNtB3_12CameraBuffer6updateNtNtB7_6camera6CameraECsd19xnTb4ujY_3mod
FNDA:27,_RINvMs3_NtNtCsbNX9HHuxWdy_16wgpu_3dgs_viewer6buffer6cameraNtB6_9CameraPod3newNtNtBa_6camera6CameraECsd19xnTb4ujY_3mod
FNDA:1,_RNvXs0_NtNtCsbNX9HHuxWdy_16wgpu_3dgs_viewer6buffer6cameraNtNtNtCslUPZSKK4PRh_4wgpu3api6buffer6BufferINtNtCs9OCfJ4KTcUD_4core7convert4FromNtB5_12CameraBufferE4from
FNDA:219,_RNvMNtNtCsbNX9HHuxWdy_16wgpu_3dgs_viewer6buffer6cameraNtB2_12CameraBuffer15update_with_pod
FNDA:24,_RNvMNtNtCsbNX9HHuxWdy_16wgpu_3dgs_viewer6buffer6cameraNtB2_12CameraBuffer3new
FNDA:3,_RNvXs1_NtNtCsbNX9HHuxWdy_16wgpu_3dgs_viewer6buffer6cameraNtB5_12CameraBufferINtNtCs9OCfJ4KTcUD_4core7convert7TryFromNtNtNtCslUPZSKK4PRh_4wgpu3api6buffer6BufferE8try_from
FNDA:93,_RNvXs_NtNtCsbNX9HHuxWdy_16wgpu_3dgs_viewer6buffer6cameraNtB4_12CameraBufferNtNtCsgVYjDsZAYrh_14wgpu_3dgs_core6buffer13BufferWrapper6buffer
FNDA:3,_RNCNvXs1_NtNtCsbNX9HHuxWdy_16wgpu_3dgs_viewer6buffer6cameraNtB7_12CameraBufferINtNtCs9OCfJ4KTcUD_4core7convert7TryFromNtNtNtCslUPZSKK4PRh_4wgpu3api6buffer6BufferE8try_from0Bb_
FNDA:0,_RINvMNtNtCsbNX9HHuxWdy_16wgpu_3dgs_viewer6buffer6cameraNtB3_12CameraBuffer6updatepEB7_
FNDA:0,_RINvMs3_NtNtCsbNX9HHuxWdy_16wgpu_3dgs_viewer6buffer6cameraNtB6_9CameraPod3newpEBa_
FNDA:0,_RINvMNtNtCsjtpqP8IvRXl_16wgpu_3dgs_viewer6buffer6cameraNtB3_12CameraBuffer6updatepEB7_
FNDA:0,_RINvMs3_NtNtCsjtpqP8IvRXl_16wgpu_3dgs_viewer6buffer6cameraNtB6_9CameraPod3newpEBa_
FNDA:0,_RNCNvXs1_NtNtCsjtpqP8IvRXl_16wgpu_3dgs_viewer6buffer6cameraNtB7_12CameraBufferINtNtCs9OCfJ4KTcUD_4core7convert7TryFromNtNtNtCslUPZSKK4PRh_4wgpu3api6buffer6BufferE8try_from0Bb_
FNDA:0,_RNvMNtNtCsjtpqP8IvRXl_16wgpu_3dgs_viewer6buffer6cameraNtB2_12CameraBuffer15update_with_pod
FNDA:0,_RNvMNtNtCsjtpqP8IvRXl_16wgpu_3dgs_viewer6buffer6cameraNtB2_12CameraBuffer3new
FNDA:0,_RNvXs0_NtNtCsjtpqP8IvRXl_16wgpu_3dgs_viewer6buffer6cameraNtNtNtCslUPZSKK4PRh_4wgpu3api6buffer6BufferINtNtCs9OCfJ4KTcUD_4core7convert4FromNtB5_12CameraBufferE4from
FNDA:0,_RNvXs1_NtNtCsjtpqP8IvRXl_16wgpu_3dgs_viewer6buffer6cameraNtB5_12CameraBufferINtNtCs9OCfJ4KTcUD_4core7convert7TryFromNtNtNtCslUPZSKK4PRh_4wgpu3api6buffer6BufferE8try_from
FNDA:0,_RNvXs_NtNtCsjtpqP8IvRXl_16wgpu_3dgs_viewer6buffer6cameraNtB4_12CameraBufferNtNtCsgVYjDsZAYrh_14wgpu_3dgs_core6buffer13BufferWrapper6buffer
FNDA:0,_RINvMNtNtCsbNX9HHuxWdy_16wgpu_3dgs_viewer6buffer6cameraNtB3_12CameraBuffer6updateNtNtB7_6camera6CameraECsUZ5IE1q7M0_11multi_model
FNDA:0,_RINvMs3_NtNtCsbNX9HHuxWdy_16wgpu_3dgs_viewer6buffer6cameraNtB6_9CameraPod3newNtNtBa_6camera6CameraECsUZ5IE1q7M0_11multi_model
FNDA:196,_RINvMNtNtCsbNX9HHuxWdy_16wgpu_3dgs_viewer6buffer6cameraNtB3_12CameraBuffer6updateNtNtB7_6camera6CameraECskUugRX239Y1_9selection
FNDA:196,_RINvMs3_NtNtCsbNX9HHuxWdy_16wgpu_3dgs_viewer6buffer6cameraNtB6_9CameraPod3newNtNtBa_6camera6CameraECskUugRX239Y1_9selection
FNDA:0,_RINvMNtNtCsbNX9HHuxWdy_16wgpu_3dgs_viewer6buffer6cameraNtB3_12CameraBuffer6updateNtNtB7_6camera6CameraECs8Ms6z1a2Slm_6simple
FNDA:0,_RINvMs3_NtNtCsbNX9HHuxWdy_16wgpu_3dgs_viewer6buffer6cameraNtB6_9CameraPod3newNtNtBa_6camera6CameraECs8Ms6z1a2Slm_6simple
FNF:8
FNH:8
DA:14,24
DA:15,24
DA:16,24
DA:17,24
DA:18,24
DA:19,24
DA:20,24
DA:22,24
DA:23,24
DA:26,199
DA:27,199
DA:28,199
DA:31,219
DA:32,219
DA:33,219
DA:37,93
DA:38,93
DA:39,93
DA:43,1
DA:44,1
DA:45,1
DA:51,3
DA:52,3
DA:53,3
DA:72,223
DA:73,223
DA:74,223
DA:75,223
DA:76,223
DA:77,223
DA:78,223
DA:79,223
BRF:0
BRH:0
LF:33
LH:33
end_of_record
SF:C:\Users\s2010\Me\Codes\Rust\wgpu-3dgs-viewer\src\buffer\depth.rs
FN:33,_RNvXs0_NtNtCsbNX9HHuxWdy_16wgpu_3dgs_viewer6buffer5depthNtNtNtCslUPZSKK4PRh_4wgpu3api6buffer6BufferINtNtCs9OCfJ4KTcUD_4core7convert4FromNtB5_20GaussiansDepthBufferE4from
FN:9,_RNvMNtNtCsbNX9HHuxWdy_16wgpu_3dgs_viewer6buffer5depthNtB2_20GaussiansDepthBuffer3new
FN:27,_RNvXs_NtNtCsbNX9HHuxWdy_16wgpu_3dgs_viewer6buffer5depthNtB4_20GaussiansDepthBufferNtNtCsgVYjDsZAYrh_14wgpu_3dgs_core6buffer13BufferWrapper6buffer
FN:9,_RNvMNtNtCsjtpqP8IvRXl_16wgpu_3dgs_viewer6buffer5depthNtB2_20GaussiansDepthBuffer3new
FN:33,_RNvXs0_NtNtCsjtpqP8IvRXl_16wgpu_3dgs_viewer6buffer5depthNtNtNtCslUPZSKK4PRh_4wgpu3api6buffer6BufferINtNtCs9OCfJ4KTcUD_4core7convert4FromNtB5_20GaussiansDepthBufferE4from
FN:27,_RNvXs_NtNtCsjtpqP8IvRXl_16wgpu_3dgs_viewer6buffer5depthNtB4_20GaussiansDepthBufferNtNtCsgVYjDsZAYrh_14wgpu_3dgs_core6buffer13BufferWrapper6buffer
FNDA:0,_RNvXs0_NtNtCsbNX9HHuxWdy_16wgpu_3dgs_viewer6buffer5depthNtNtNtCslUPZSKK4PRh_4wgpu3api6buffer6BufferINtNtCs9OCfJ4KTcUD_4core7convert4FromNtB5_20GaussiansDepthBufferE4from
FNDA:32,_RNvMNtNtCsbNX9HHuxWdy_16wgpu_3dgs_viewer6buffer5depthNtB2_20GaussiansDepthBuffer3new
FNDA:61,_RNvXs_NtNtCsbNX9HHuxWdy_16wgpu_3dgs_viewer6buffer5depthNtB4_20GaussiansDepthBufferNtNtCsgVYjDsZAYrh_14wgpu_3dgs_core6buffer13BufferWrapper6buffer
FNDA:0,_RNvMNtNtCsjtpqP8IvRXl_16wgpu_3dgs_viewer6buffer5depthNtB2_20GaussiansDepthBuffer3new
FNDA:0,_RNvXs0_NtNtCsjtpqP8IvRXl_16wgpu_3dgs_viewer6buffer5depthNtNtNtCslUPZSKK4PRh_4wgpu3api6buffer6BufferINtNtCs9OCfJ4KTcUD_4core7convert4FromNtB5_20GaussiansDepthBufferE4from
FNDA:0,_RNvXs_NtNtCsjtpqP8IvRXl_16wgpu_3dgs_viewer6buffer5depthNtB4_20GaussiansDepthBufferNtNtCsgVYjDsZAYrh_14wgpu_3dgs_core6buffer13BufferWrapper6buffer
FNF:3
FNH:2
DA:9,32
DA:11,32
DA:13,32
DA:14,32
DA:15,32
DA:16,32
DA:17,32
DA:18,32
DA:20,32
DA:21,32
DA:27,61
DA:28,61
DA:29,61
DA:33,0
DA:34,0
DA:35,0
BRF:0
BRH:0
LF:16
LH:13
end_of_record
SF:C:\Users\s2010\Me\Codes\Rust\wgpu-3dgs-viewer\src\buffer\indirect_args.rs
FN:40,_RNvXs0_NtNtCsbNX9HHuxWdy_16wgpu_3dgs_viewer6buffer13indirect_argsNtNtNtCslUPZSKK4PRh_4wgpu3api6buffer6BufferINtNtCs9OCfJ4KTcUD_4core7convert4FromNtB5_18IndirectArgsBufferE4from
FN:85,_RNvXs5_NtNtCsbNX9HHuxWdy_16wgpu_3dgs_viewer6buffer13indirect_argsNtNtNtCslUPZSKK4PRh_4wgpu3api6buffer6BufferINtNtCs9OCfJ4KTcUD_4core7convert4FromNtB5_27DepthSortIndirectArgsBufferE4from
FN:129,_RNvXsa_NtNtCsbNX9HHuxWdy_16wgpu_3dgs_viewer6buffer13indirect_argsNtNtNtCslUPZSKK4PRh_4wgpu3api6buffer6BufferINtNtCs9OCfJ4KTcUD_4core7convert4FromNtB5_21IndirectIndicesBufferE4from
FN:12,_RNvMNtNtCsbNX9HHuxWdy_16wgpu_3dgs_viewer6buffer13indirect_argsNtB2_18IndirectArgsBuffer3new
FN:63,_RNvMs3_NtNtCsbNX9HHuxWdy_16wgpu_3dgs_viewer6buffer13indirect_argsNtB5_27DepthSortIndirectArgsBuffer3new
FN:108,_RNvMs8_NtNtCsbNX9HHuxWdy_16wgpu_3dgs_viewer6buffer13indirect_argsNtB5_21IndirectIndicesBuffer3new
FN:48,_RNvXs1_NtNtCsbNX9HHuxWdy_16wgpu_3dgs_viewer6buffer13indirect_argsNtB5_18IndirectArgsBufferINtNtCs9OCfJ4KTcUD_4core7convert7TryFromNtNtNtCslUPZSKK4PRh_4wgpu3api6buffer6BufferE8try_from
FN:79,_RNvXs4_NtNtCsbNX9HHuxWdy_16wgpu_3dgs_viewer6buffer13indirect_argsNtB5_27DepthSortIndirectArgsBufferNtNtCsgVYjDsZAYrh_14wgpu_3dgs_core6buffer13BufferWrapper6buffer
FN:93,_RNvXs6_NtNtCsbNX9HHuxWdy_16wgpu_3dgs_viewer6buffer13indirect_argsNtB5_27DepthSortIndirectArgsBufferINtNtCs9OCfJ4KTcUD_4core7convert7TryFromNtNtNtCslUPZSKK4PRh_4wgpu3api6buffer6BufferE8try_from
FN:123,_RNvXs9_NtNtCsbNX9HHuxWdy_16wgpu_3dgs_viewer6buffer13indirect_argsNtB5_21IndirectIndicesBufferNtNtCsgVYjDsZAYrh_14wgpu_3dgs_core6buffer13BufferWrapper6buffer
FN:34,_RNvXs_NtNtCsbNX9HHuxWdy_16wgpu_3dgs_viewer6buffer13indirect_argsNtB4_18IndirectArgsBufferNtNtCsgVYjDsZAYrh_14wgpu_3dgs_core6buffer13BufferWrapper6buffer
FN:135,_RNvXsb_NtNtCsbNX9HHuxWdy_16wgpu_3dgs_viewer6buffer13indirect_argsNtB5_21IndirectIndicesBufferINtNtCs9OCfJ4KTcUD_4core7convert4FromNtNtNtCslUPZSKK4PRh_4wgpu3api6buffer6BufferE4from
FN:49,_RNCNvXs1_NtNtCsbNX9HHuxWdy_16wgpu_3dgs_viewer6buffer13indirect_argsNtB7_18IndirectArgsBufferINtNtCs9OCfJ4KTcUD_4core7convert7TryFromNtNtNtCslUPZSKK4PRh_4wgpu3api6buffer6BufferE8try_from0Bb_
FN:94,_RNCNvXs6_NtNtCsbNX9HHuxWdy_16wgpu_3dgs_viewer6buffer13indirect_argsNtB7_27DepthSortIndirectArgsBufferINtNtCs9OCfJ4KTcUD_4core7convert7TryFromNtNtNtCslUPZSKK4PRh_4wgpu3api6buffer6BufferE8try_from0Bb_
FN:49,_RNCNvXs1_NtNtCsjtpqP8IvRXl_16wgpu_3dgs_viewer6buffer13indirect_argsNtB7_18IndirectArgsBufferINtNtCs9OCfJ4KTcUD_4core7convert7TryFromNtNtNtCslUPZSKK4PRh_4wgpu3api6buffer6BufferE8try_from0Bb_
FN:94,_RNCNvXs6_NtNtCsjtpqP8IvRXl_16wgpu_3dgs_viewer6buffer13indirect_argsNtB7_27DepthSortIndirectArgsBufferINtNtCs9OCfJ4KTcUD_4core7convert7TryFromNtNtNtCslUPZSKK4PRh_4wgpu3api6buffer6BufferE8try_from0Bb_
FN:12,_RNvMNtNtCsjtpqP8IvRXl_16wgpu_3dgs_viewer6buffer13indirect_argsNtB2_18IndirectArgsBuffer3new
FN:63,_RNvMs3_NtNtCsjtpqP8IvRXl_16wgpu_3dgs_viewer6buffer13indirect_argsNtB5_27DepthSortIndirectArgsBuffer3new
FN:108,_RNvMs8_NtNtCsjtpqP8IvRXl_16wgpu_3dgs_viewer6buffer13indirect_argsNtB5_21IndirectIndicesBuffer3new
FN:40,_RNvXs0_NtNtCsjtpqP8IvRXl_16wgpu_3dgs_viewer6buffer13indirect_argsNtNtNtCslUPZSKK4PRh_4wgpu3api6buffer6BufferINtNtCs9OCfJ4KTcUD_4core7convert4FromNtB5_18IndirectArgsBufferE4from
FN:48,_RNvXs1_NtNtCsjtpqP8IvRXl_16wgpu_3dgs_viewer6buffer13indirect_argsNtB5_18IndirectArgsBufferINtNtCs9OCfJ4KTcUD_4core7convert7TryFromNtNtNtCslUPZSKK4PRh_4wgpu3api6buffer6BufferE8try_from
FN:79,_RNvXs4_NtNtCsjtpqP8IvRXl_16wgpu_3dgs_viewer6buffer13indirect_argsNtB5_27DepthSortIndirectArgsBufferNtNtCsgVYjDsZAYrh_14wgpu_3dgs_core6buffer13BufferWrapper6buffer
FN:85,_RNvXs5_NtNtCsjtpqP8IvRXl_16wgpu_3dgs_viewer6buffer13indirect_argsNtNtNtCslUPZSKK4PRh_4wgpu3api6buffer6BufferINtNtCs9OCfJ4KTcUD_4core7convert4FromNtB5_27DepthSortIndirectArgsBufferE4from
FN:93,_RNvXs6_NtNtCsjtpqP8IvRXl_16wgpu_3dgs_viewer6buffer13indirect_argsNtB5_27DepthSortIndirectArgsBufferINtNtCs9OCfJ4KTcUD_4core7convert7TryFromNtNtNtCslUPZSKK4PRh_4wgpu3api6buffer6BufferE8try_from
FN:123,_RNvXs9_NtNtCsjtpqP8IvRXl_16wgpu_3dgs_viewer6buffer13indirect_argsNtB5_21IndirectIndicesBufferNtNtCsgVYjDsZAYrh_14wgpu_3dgs_core6buffer13BufferWrapper6buffer
FN:34,_RNvXs_NtNtCsjtpqP8IvRXl_16wgpu_3dgs_viewer6buffer13indirect_argsNtB4_18IndirectArgsBufferNtNtCsgVYjDsZAYrh_14wgpu_3dgs_core6buffer13BufferWrapper6buffer
FN:129,_RNvXsa_NtNtCsjtpqP8IvRXl_16wgpu_3dgs_viewer6buffer13indirect_argsNtNtNtCslUPZSKK4PRh_4wgpu3api6buffer6BufferINtNtCs9OCfJ4KTcUD_4core7convert4FromNtB5_21IndirectIndicesBufferE4from
FN:135,_RNvXsb_NtNtCsjtpqP8IvRXl_16wgpu_3dgs_viewer6buffer13indirect_argsNtB5_21IndirectIndicesBufferINtNtCs9OCfJ4KTcUD_4core7convert4FromNtNtNtCslUPZSKK4PRh_4wgpu3api6buffer6BufferE4from
FNDA:1,_RNvXs0_NtNtCsbNX9HHuxWdy_16wgpu_3dgs_viewer6buffer13indirect_argsNtNtNtCslUPZSKK4PRh_4wgpu3api6buffer6BufferINtNtCs9OCfJ4KTcUD_4core7convert4FromNtB5_18IndirectArgsBufferE4from
FNDA:1,_RNvXs5_NtNtCsbNX9HHuxWdy_16wgpu_3dgs_viewer6buffer13indirect_argsNtNtNtCslUPZSKK4PRh_4wgpu3api6buffer6BufferINtNtCs9OCfJ4KTcUD_4core7convert4FromNtB5_27DepthSortIndirectArgsBufferE4from
FNDA:1,_RNvXsa_NtNtCsbNX9HHuxWdy_16wgpu_3dgs_viewer6buffer13indirect_argsNtNtNtCslUPZSKK4PRh_4wgpu3api6buffer6BufferINtNtCs9OCfJ4KTcUD_4core7convert4FromNtB5_21IndirectIndicesBufferE4from
FNDA:33,_RNvMNtNtCsbNX9HHuxWdy_16wgpu_3dgs_viewer6buffer13indirect_argsNtB2_18IndirectArgsBuffer3new
FNDA:33,_RNvMs3_NtNtCsbNX9HHuxWdy_16wgpu_3dgs_viewer6buffer13indirect_argsNtB5_27DepthSortIndirectArgsBuffer3new
FNDA:38,_RNvMs8_NtNtCsbNX9HHuxWdy_16wgpu_3dgs_viewer6buffer13indirect_argsNtB5_21IndirectIndicesBuffer3new
FNDA:1,_RNvXs1_NtNtCsbNX9HHuxWdy_16wgpu_3dgs_viewer6buffer13indirect_argsNtB5_18IndirectArgsBufferINtNtCs9OCfJ4KTcUD_4core7convert7TryFromNtNtNtCslUPZSKK4PRh_4wgpu3api6buffer6BufferE8try_from
FNDA:258,_RNvXs4_NtNtCsbNX9HHuxWdy_16wgpu_3dgs_viewer6buffer13indirect_argsNtB5_27DepthSortIndirectArgsBufferNtNtCsgVYjDsZAYrh_14wgpu_3dgs_core6buffer13BufferWrapper6buffer
FNDA:1,_RNvXs6_NtNtCsbNX9HHuxWdy_16wgpu_3dgs_viewer6buffer13indirect_argsNtB5_27DepthSortIndirectArgsBufferINtNtCs9OCfJ4KTcUD_4core7convert7TryFromNtNtNtCslUPZSKK4PRh_4wgpu3api6buffer6BufferE8try_from
FNDA:100,_RNvXs9_NtNtCsbNX9HHuxWdy_16wgpu_3dgs_viewer6buffer13indirect_argsNtB5_21IndirectIndicesBufferNtNtCsgVYjDsZAYrh_14wgpu_3dgs_core6buffer13BufferWrapper6buffer
FNDA:259,_RNvXs_NtNtCsbNX9HHuxWdy_16wgpu_3dgs_viewer6buffer13indirect_argsNtB4_18IndirectArgsBufferNtNtCsgVYjDsZAYrh_14wgpu_3dgs_core6buffer13BufferWrapper6buffer
FNDA:1,_RNvXsb_NtNtCsbNX9HHuxWdy_16wgpu_3dgs_viewer6buffer13indirect_argsNtB5_21IndirectIndicesBufferINtNtCs9OCfJ4KTcUD_4core7convert4FromNtNtNtCslUPZSKK4PRh_4wgpu3api6buffer6BufferE4from
FNDA:1,_RNCNvXs1_NtNtCsbNX9HHuxWdy_16wgpu_3dgs_viewer6buffer13indirect_argsNtB7_18IndirectArgsBufferINtNtCs9OCfJ4KTcUD_4core7convert7TryFromNtNtNtCslUPZSKK4PRh_4wgpu3api6buffer6BufferE8try_from0Bb_
FNDA:1,_RNCNvXs6_NtNtCsbNX9HHuxWdy_16wgpu_3dgs_viewer6buffer13indirect_argsNtB7_27DepthSortIndirectArgsBufferINtNtCs9OCfJ4KTcUD_4core7convert7TryFromNtNtNtCslUPZSKK4PRh_4wgpu3api6buffer6BufferE8try_from0Bb_
FNDA:0,_RNCNvXs1_NtNtCsjtpqP8IvRXl_16wgpu_3dgs_viewer6buffer13indirect_argsNtB7_18IndirectArgsBufferINtNtCs9OCfJ4KTcUD_4core7convert7TryFromNtNtNtCslUPZSKK4PRh_4wgpu3api6buffer6BufferE8try_from0Bb_
FNDA:0,_RNCNvXs6_NtNtCsjtpqP8IvRXl_16wgpu_3dgs_viewer6buffer13indirect_argsNtB7_27DepthSortIndirectArgsBufferINtNtCs9OCfJ4KTcUD_4core7convert7TryFromNtNtNtCslUPZSKK4PRh_4wgpu3api6buffer6BufferE8try_from0Bb_
FNDA:0,_RNvMNtNtCsjtpqP8IvRXl_16wgpu_3dgs_viewer6buffer13indirect_argsNtB2_18IndirectArgsBuffer3new
FNDA:0,_RNvMs3_NtNtCsjtpqP8IvRXl_16wgpu_3dgs_viewer6buffer13indirect_argsNtB5_27DepthSortIndirectArgsBuffer3new
FNDA:0,_RNvMs8_NtNtCsjtpqP8IvRXl_16wgpu_3dgs_viewer6buffer13indirect_argsNtB5_21IndirectIndicesBuffer3new
FNDA:0,_RNvXs0_NtNtCsjtpqP8IvRXl_16wgpu_3dgs_viewer6buffer13indirect_argsNtNtNtCslUPZSKK4PRh_4wgpu3api6buffer6BufferINtNtCs9OCfJ4KTcUD_4core7convert4FromNtB5_18IndirectArgsBufferE4from
FNDA:0,_RNvXs1_NtNtCsjtpqP8IvRXl_16wgpu_3dgs_viewer6buffer13indirect_argsNtB5_18IndirectArgsBufferINtNtCs9OCfJ4KTcUD_4core7convert7TryFromNtNtNtCslUPZSKK4PRh_4wgpu3api6buffer6BufferE8try_from
FNDA:0,_RNvXs4_NtNtCsjtpqP8IvRXl_16wgpu_3dgs_viewer6buffer13indirect_argsNtB5_27DepthSortIndirectArgsBufferNtNtCsgVYjDsZAYrh_14wgpu_3dgs_core6buffer13BufferWrapper6buffer
FNDA:0,_RNvXs5_NtNtCsjtpqP8IvRXl_16wgpu_3dgs_viewer6buffer13indirect_argsNtNtNtCslUPZSKK4PRh_4wgpu3api6buffer6BufferINtNtCs9OCfJ4KTcUD_4core7convert4FromNtB5_27DepthSortIndirectArgsBufferE4from
FNDA:0,_RNvXs6_NtNtCsjtpqP8IvRXl_16wgpu_3dgs_viewer6buffer13indirect_argsNtB5_27DepthSortIndirectArgsBufferINtNtCs9OCfJ4KTcUD_4core7convert7TryFromNtNtNtCslUPZSKK4PRh_4wgpu3api6buffer6BufferE8try_from
FNDA:0,_RNvXs9_NtNtCsjtpqP8IvRXl_16wgpu_3dgs_viewer6buffer13indirect_argsNtB5_21IndirectIndicesBufferNtNtCsgVYjDsZAYrh_14wgpu_3dgs_core6buffer13BufferWrapper6buffer
FNDA:0,_RNvXs_NtNtCsjtpqP8IvRXl_16wgpu_3dgs_viewer6buffer13indirect_argsNtB4_18IndirectArgsBufferNtNtCsgVYjDsZAYrh_14wgpu_3dgs_core6buffer13BufferWrapper6buffer
FNDA:0,_RNvXsa_NtNtCsjtpqP8IvRXl_16wgpu_3dgs_viewer6buffer13indirect_argsNtNtNtCslUPZSKK4PRh_4wgpu3api6buffer6BufferINtNtCs9OCfJ4KTcUD_4core7convert4FromNtB5_21IndirectIndicesBufferE4from
FNDA:0,_RNvXsb_NtNtCsjtpqP8IvRXl_16wgpu_3dgs_viewer6buffer13indirect_argsNtB5_21IndirectIndicesBufferINtNtCs9OCfJ4KTcUD_4core7convert4FromNtNtNtCslUPZSKK4PRh_4wgpu3api6buffer6BufferE4from
FNF:14
FNH:14
DA:12,33
DA:13,33
DA:14,33
DA:15,33
DA:16,33
DA:17,33
DA:18,33
DA:19,33
DA:20,33
DA:21,33
DA:22,33
DA:23,33
DA:25,33
DA:26,33
DA:34,259
DA:35,259
DA:36,259
DA:40,1
DA:41,1
DA:42,1
DA:48,1
DA:49,1
DA:50,1
DA:63,33
DA:64,33
DA:65,33
DA:66,33
DA:67,33
DA:68,33
DA:70,33
DA:71,33
DA:79,258
DA:80,258
DA:81,258
DA:85,1
DA:86,1
DA:87,1
DA:93,1
DA:94,1
DA:95,1
DA:108,38
DA:109,38
DA:110,38
DA:111,38
DA:112,38
DA:113,38
DA:114,38
DA:116,38
DA:117,38
DA:123,100
DA:124,100
DA:125,100
DA:129,1
DA:130,1
DA:131,1
DA:135,1
DA:136,1
DA:137,1
BRF:0
BRH:0
LF:60
LH:60
end_of_record
SF:C:\Users\s2010\Me\Codes\Rust\wgpu-3dgs-viewer\src\camera.rs
FN:71,_RNvMNtCsbNX9HHuxWdy_16wgpu_3dgs_viewer6cameraNtB2_6Camera11get_forward
FN:40,_RNvMNtCsbNX9HHuxWdy_16wgpu_3dgs_viewer6cameraNtB2_6Camera3new
FN:66,_RNvMNtCsbNX9HHuxWdy_16wgpu_3dgs_viewer6cameraNtB2_6Camera6yaw_by
FN:51,_RNvMNtCsbNX9HHuxWdy_16wgpu_3dgs_viewer6cameraNtB2_6Camera7move_by
FN:56,_RNvMNtCsbNX9HHuxWdy_16wgpu_3dgs_viewer6cameraNtB2_6Camera7move_up
FN:61,_RNvMNtCsbNX9HHuxWdy_16wgpu_3dgs_viewer6cameraNtB2_6Camera8pitch_by
FN:80,_RNvMNtCsbNX9HHuxWdy_16wgpu_3dgs_viewer6cameraNtB2_6Camera9get_right
FN:90,_RNvXs_NtCsbNX9HHuxWdy_16wgpu_3dgs_viewer6cameraNtB4_6CameraNtB4_11CameraTrait10projection
FN:86,_RNvXs_NtCsbNX9HHuxWdy_16wgpu_3dgs_viewer6cameraNtB4_6CameraNtB4_11CameraTrait4view
FN:71,_RNvMNtCsjtpqP8IvRXl_16wgpu_3dgs_viewer6cameraNtB2_6Camera11get_forward
FN:40,_RNvMNtCsjtpqP8IvRXl_16wgpu_3dgs_viewer6cameraNtB2_6Camera3new
FN:66,_RNvMNtCsjtpqP8IvRXl_16wgpu_3dgs_viewer6cameraNtB2_6Camera6yaw_by
FN:51,_RNvMNtCsjtpqP8IvRXl_16wgpu_3dgs_viewer6cameraNtB2_6Camera7move_by
FN:56,_RNvMNtCsjtpqP8IvRXl_16wgpu_3dgs_viewer6cameraNtB2_6Camera7move_up
FN:61,_RNvMNtCsjtpqP8IvRXl_16wgpu_3dgs_viewer6cameraNtB2_6Camera8pitch_by
FN:80,_RNvMNtCsjtpqP8IvRXl_16wgpu_3dgs_viewer6cameraNtB2_6Camera9get_right
FN:90,_RNvXs_NtCsjtpqP8IvRXl_16wgpu_3dgs_viewer6cameraNtB4_6CameraNtB4_11CameraTrait10projection
FN:86,_RNvXs_NtCsjtpqP8IvRXl_16wgpu_3dgs_viewer6cameraNtB4_6CameraNtB4_11CameraTrait4view
FNDA:617,_RNvMNtCsbNX9HHuxWdy_16wgpu_3dgs_viewer6cameraNtB2_6Camera11get_forward
FNDA:25,_RNvMNtCsbNX9HHuxWdy_16wgpu_3dgs_viewer6cameraNtB2_6Camera3new
FNDA:197,_RNvMNtCsbNX9HHuxWdy_16wgpu_3dgs_viewer6cameraNtB2_6Camera6yaw_by
FNDA:196,_RNvMNtCsbNX9HHuxWdy_16wgpu_3dgs_viewer6cameraNtB2_6Camera7move_by
FNDA:196,_RNvMNtCsbNX9HHuxWdy_16wgpu_3dgs_viewer6cameraNtB2_6Camera7move_up
FNDA:197,_RNvMNtCsbNX9HHuxWdy_16wgpu_3dgs_viewer6cameraNtB2_6Camera8pitch_by
FNDA:196,_RNvMNtCsbNX9HHuxWdy_16wgpu_3dgs_viewer6cameraNtB2_6Camera9get_right
FNDA:225,_RNvXs_NtCsbNX9HHuxWdy_16wgpu_3dgs_viewer6cameraNtB4_6CameraNtB4_11CameraTrait10projection
FNDA:225,_RNvXs_NtCsbNX9HHuxWdy_16wgpu_3dgs_viewer6cameraNtB4_6CameraNtB4_11CameraTrait4view
FNDA:0,_RNvMNtCsjtpqP8IvRXl_16wgpu_3dgs_viewer6cameraNtB2_6Camera11get_forward
FNDA:0,_RNvMNtCsjtpqP8IvRXl_16wgpu_3dgs_viewer6cameraNtB2_6Camera3new
FNDA:0,_RNvMNtCsjtpqP8IvRXl_16wgpu_3dgs_viewer6cameraNtB2_6Camera6yaw_by
FNDA:0,_RNvMNtCsjtpqP8IvRXl_16wgpu_3dgs_viewer6cameraNtB2_6Camera7move_by
FNDA:0,_RNvMNtCsjtpqP8IvRXl_16wgpu_3dgs_viewer6cameraNtB2_6Camera7move_up
FNDA:0,_RNvMNtCsjtpqP8IvRXl_16wgpu_3dgs_viewer6cameraNtB2_6Camera8pitch_by
FNDA:0,_RNvMNtCsjtpqP8IvRXl_16wgpu_3dgs_viewer6cameraNtB2_6Camera9get_right
FNDA:0,_RNvXs_NtCsjtpqP8IvRXl_16wgpu_3dgs_viewer6cameraNtB4_6CameraNtB4_11CameraTrait10projection
FNDA:0,_RNvXs_NtCsjtpqP8IvRXl_16wgpu_3dgs_viewer6cameraNtB4_6CameraNtB4_11CameraTrait4view
FNF:9
FNH:9
DA:40,25
DA:41,25
DA:42,25
DA:43,25
DA:44,25
DA:45,25
DA:46,25
DA:47,25
DA:48,25
DA:51,196
DA:52,196
DA:53,196
DA:56,196
DA:57,196
DA:58,196
DA:61,197
DA:62,197
DA:63,197
DA:66,197
DA:67,197
DA:68,197
DA:71,617
DA:72,617
DA:73,617
DA:74,617
DA:75,617
DA:77,617
DA:80,196
DA:81,196
DA:82,196
DA:86,225
DA:87,225
DA:88,225
DA:90,225
DA:91,225
DA:92,225
DA:93,225
DA:94,225
DA:95,225
DA:97,225
BRF:0
BRH:0
LF:40
LH:40
end_of_record
SF:C:\Users\s2010\Me\Codes\Rust\wgpu-3dgs-viewer\src\depth_sorter.rs
FN:113,_RNvMs0_NtCsbNX9HHuxWdy_16wgpu_3dgs_viewer12depth_sorterINtB5_11RadixSorteruE23new_without_bind_groups
FN:129,_RNvMs0_NtCsbNX9HHuxWdy_16wgpu_3dgs_viewer12depth_sorterINtB5_11RadixSorteruE4sort
FN:78,_RNvMs_NtCsbNX9HHuxWdy_16wgpu_3dgs_viewer12depth_sorterNtB4_11RadixSorter3new
FN:98,_RNvMs_NtCsbNX9HHuxWdy_16wgpu_3dgs_viewer12depth_sorterNtB4_11RadixSorter4sort
FN:141,_RNvXs1_NtCsbNX9HHuxWdy_16wgpu_3dgs_viewer12depth_sorterNtB5_11RadixSorterNtB5_11DepthSorter4sort
FN:153,_RNvXs2_NtCsbNX9HHuxWdy_16wgpu_3dgs_viewer12depth_sorterINtB5_11RadixSorteruENtB5_28DepthSorterWithoutBindGroups18create_bind_groups
FN:162,_RNvXs2_NtCsbNX9HHuxWdy_16wgpu_3dgs_viewer12depth_sorterINtB5_11RadixSorteruENtB5_28DepthSorterWithoutBindGroups4sort
FN:702,_RINvMNtNtCsbNX9HHuxWdy_16wgpu_3dgs_viewer12depth_sorter9wgpu_sortNtB3_9GPUSorter4sortpEB7_
FN:746,_RNvMNtNtCsbNX9HHuxWdy_16wgpu_3dgs_viewer12depth_sorter9wgpu_sortNtB2_9GPUSorter19create_sort_buffers
FN:645,_RNvMNtNtCsbNX9HHuxWdy_16wgpu_3dgs_viewer12depth_sorter9wgpu_sortNtB2_9GPUSorter19record_scatter_keys
FN:458,_RNvMNtNtCsbNX9HHuxWdy_16wgpu_3dgs_viewer12depth_sorter9wgpu_sortNtB2_9GPUSorter21create_keyval_buffers
FN:568,_RNvMNtNtCsbNX9HHuxWdy_16wgpu_3dgs_viewer12depth_sorter9wgpu_sortNtB2_9GPUSorter26record_calculate_histogram
FN:931,_RNvMs_NtNtCsbNX9HHuxWdy_16wgpu_3dgs_viewer12depth_sorter9wgpu_sortNtB4_11SortBuffers4keys
FN:936,_RNvMs_NtNtCsbNX9HHuxWdy_16wgpu_3dgs_viewer12depth_sorter9wgpu_sortNtB4_11SortBuffers6values
FN:886,_RNvYpNtNtNtCsbNX9HHuxWdy_16wgpu_3dgs_viewer12depth_sorter9wgpu_sort16SortBuffersTrait15keys_valid_sizeB9_
FN:388,_RNvMNtNtCsbNX9HHuxWdy_16wgpu_3dgs_viewer12depth_sorter9wgpu_sortNtB2_9GPUSorter17bind_group_layout
FN:559,_RNvMNtNtCsbNX9HHuxWdy_16wgpu_3dgs_viewer12depth_sorter9wgpu_sortNtB2_9GPUSorter17general_info_data
FN:630,_RNvMNtNtCsbNX9HHuxWdy_16wgpu_3dgs_viewer12depth_sorter9wgpu_sortNtB2_9GPUSorter23record_prefix_histogram
FN:533,_RNvMNtNtCsbNX9HHuxWdy_16wgpu_3dgs_viewer12depth_sorter9wgpu_sortNtB2_9GPUSorter26create_internal_mem_buffer
FN:809,_RNvMNtNtCsbNX9HHuxWdy_16wgpu_3dgs_viewer12depth_sorter9wgpu_sortNtB2_9GPUSorter28create_internal_sort_buffers
FN:672,_RNvMNtNtCsbNX9HHuxWdy_16wgpu_3dgs_viewer12depth_sorter9wgpu_sortNtB2_9GPUSorter28record_scatter_keys_indirect
FN:503,_RNvMNtNtCsbNX9HHuxWdy_16wgpu_3dgs_viewer12depth_sorter9wgpu_sortNtB2_9GPUSorter30create_internal_keyval_buffers
FN:600,_RNvMNtNtCsbNX9HHuxWdy_16wgpu_3dgs_viewer12depth_sorter9wgpu_sortNtB2_9GPUSorter35record_calculate_histogram_indirect
FN:273,_RNvMNtNtCsbNX9HHuxWdy_16wgpu_3dgs_viewer12depth_sorter9wgpu_sortNtB2_9GPUSorter3new
FN:1001,_RNvNtNtCsbNX9HHuxWdy_16wgpu_3dgs_viewer12depth_sorter9wgpu_sort15histo_blocks_ru
FN:1006,_RNvNtNtCsbNX9HHuxWdy_16wgpu_3dgs_viewer12depth_sorter9wgpu_sort16keys_buffer_size
FN:996,_RNvNtNtCsbNX9HHuxWdy_16wgpu_3dgs_viewer12depth_sorter9wgpu_sort17scatter_blocks_ru
FN:1011,_RNvNtNtCsbNX9HHuxWdy_16wgpu_3dgs_viewer12depth_sorter9wgpu_sort22keys_buffer_size_bytes
FN:946,_RNvXs0_NtNtCsbNX9HHuxWdy_16wgpu_3dgs_viewer12depth_sorter9wgpu_sortNtB5_11SortBuffersNtB5_16SortBuffersTrait10bind_group
FN:950,_RNvXs0_NtNtCsbNX9HHuxWdy_16wgpu_3dgs_viewer12depth_sorter9wgpu_sortNtB5_11SortBuffersNtB5_16SortBuffersTrait12state_buffer
FN:942,_RNvXs0_NtNtCsbNX9HHuxWdy_16wgpu_3dgs_viewer12depth_sorter9wgpu_sortNtB5_11SortBuffersNtB5_16SortBuffersTrait3len
FN:987,_RNvXs1_NtNtCsbNX9HHuxWdy_16wgpu_3dgs_viewer12depth_sorter9wgpu_sortNtB5_19InternalSortBuffersNtB5_16SortBuffersTrait10bind_group
FN:991,_RNvXs1_NtNtCsbNX9HHuxWdy_16wgpu_3dgs_viewer12depth_sorter9wgpu_sortNtB5_19InternalSortBuffersNtB5_16SortBuffersTrait12state_buffer
FN:983,_RNvXs1_NtNtCsbNX9HHuxWdy_16wgpu_3dgs_viewer12depth_sorter9wgpu_sortNtB5_19InternalSortBuffersNtB5_16SortBuffersTrait3len
FN:732,_RINvMNtNtCsbNX9HHuxWdy_16wgpu_3dgs_viewer12depth_sorter9wgpu_sortNtB3_9GPUSorter13sort_indirectNtB3_19InternalSortBuffersEB7_
FN:62,_RNvMNtCsbNX9HHuxWdy_16wgpu_3dgs_viewer12depth_sorterINtB2_11RadixSorteruE18create_bind_groupsB4_
FN:732,_RINvMNtNtCsjtpqP8IvRXl_16wgpu_3dgs_viewer12depth_sorter9wgpu_sortNtB3_9GPUSorter13sort_indirectpEB7_
FN:702,_RINvMNtNtCsjtpqP8IvRXl_16wgpu_3dgs_viewer12depth_sorter9wgpu_sortNtB3_9GPUSorter4sortpEB7_
FN:62,_RNvMNtCsjtpqP8IvRXl_16wgpu_3dgs_viewer12depth_sorterINtB2_11RadixSorterpE18create_bind_groupsB4_
FN:388,_RNvMNtNtCsjtpqP8IvRXl_16wgpu_3dgs_viewer12depth_sorter9wgpu_sortNtB2_9GPUSorter17bind_group_layout
FN:559,_RNvMNtNtCsjtpqP8IvRXl_16wgpu_3dgs_viewer12depth_sorter9wgpu_sortNtB2_9GPUSorter17general_info_data
FN:746,_RNvMNtNtCsjtpqP8IvRXl_16wgpu_3dgs_viewer12depth_sorter9wgpu_sortNtB2_9GPUSorter19create_sort_buffers
FN:645,_RNvMNtNtCsjtpqP8IvRXl_16wgpu_3dgs_viewer12depth_sorter9wgpu_sortNtB2_9GPUSorter19record_scatter_keys
FN:458,_RNvMNtNtCsjtpqP8IvRXl_16wgpu_3dgs_viewer12depth_sorter9wgpu_sortNtB2_9GPUSorter21create_keyval_buffers
FN:630,_RNvMNtNtCsjtpqP8IvRXl_16wgpu_3dgs_viewer12depth_sorter9wgpu_sortNtB2_9GPUSorter23record_prefix_histogram
FN:533,_RNvMNtNtCsjtpqP8IvRXl_16wgpu_3dgs_viewer12depth_sorter9wgpu_sortNtB2_9GPUSorter26create_internal_mem_buffer
FN:568,_RNvMNtNtCsjtpqP8IvRXl_16wgpu_3dgs_viewer12depth_sorter9wgpu_sortNtB2_9GPUSorter26record_calculate_histogram
FN:809,_RNvMNtNtCsjtpqP8IvRXl_16wgpu_3dgs_viewer12depth_sorter9wgpu_sortNtB2_9GPUSorter28create_internal_sort_buffers
FN:672,_RNvMNtNtCsjtpqP8IvRXl_16wgpu_3dgs_viewer12depth_sorter9wgpu_sortNtB2_9GPUSorter28record_scatter_keys_indirect
FN:503,_RNvMNtNtCsjtpqP8IvRXl_16wgpu_3dgs_viewer12depth_sorter9wgpu_sortNtB2_9GPUSorter30create_internal_keyval_buffers
FN:600,_RNvMNtNtCsjtpqP8IvRXl_16wgpu_3dgs_viewer12depth_sorter9wgpu_sortNtB2_9GPUSorter35record_calculate_histogram_indirect
FN:273,_RNvMNtNtCsjtpqP8IvRXl_16wgpu_3dgs_viewer12depth_sorter9wgpu_sortNtB2_9GPUSorter3new
FN:113,_RNvMs0_NtCsjtpqP8IvRXl_16wgpu_3dgs_viewer12depth_sorterINtB5_11RadixSorteruE23new_without_bind_groups
FN:129,_RNvMs0_NtCsjtpqP8IvRXl_16wgpu_3dgs_viewer12depth_sorterINtB5_11RadixSorteruE4sort
FN:78,_RNvMs_NtCsjtpqP8IvRXl_16wgpu_3dgs_viewer12depth_sorterNtB4_11RadixSorter3new
FN:98,_RNvMs_NtCsjtpqP8IvRXl_16wgpu_3dgs_viewer12depth_sorterNtB4_11RadixSorter4sort
FN:931,_RNvMs_NtNtCsjtpqP8IvRXl_16wgpu_3dgs_viewer12depth_sorter9wgpu_sortNtB4_11SortBuffers4keys
FN:936,_RNvMs_NtNtCsjtpqP8IvRXl_16wgpu_3dgs_viewer12depth_sorter9wgpu_sortNtB4_11SortBuffers6values
FN:1001,_RNvNtNtCsjtpqP8IvRXl_16wgpu_3dgs_viewer12depth_sorter9wgpu_sort15histo_blocks_ru
FN:1006,_RNvNtNtCsjtpqP8IvRXl_16wgpu_3dgs_viewer12depth_sorter9wgpu_sort16keys_buffer_size
FN:996,_RNvNtNtCsjtpqP8IvRXl_16wgpu_3dgs_viewer12depth_sorter9wgpu_sort17scatter_blocks_ru
FN:1011,_RNvNtNtCsjtpqP8IvRXl_16wgpu_3dgs_viewer12depth_sorter9wgpu_sort22keys_buffer_size_bytes
FN:946,_RNvXs0_NtNtCsjtpqP8IvRXl_16wgpu_3dgs_viewer12depth_sorter9wgpu_sortNtB5_11SortBuffersNtB5_16SortBuffersTrait10bind_group
FN:950,_RNvXs0_NtNtCsjtpqP8IvRXl_16wgpu_3dgs_viewer12depth_sorter9wgpu_sortNtB5_11SortBuffersNtB5_16SortBuffersTrait12state_buffer
FN:942,_RNvXs0_NtNtCsjtpqP8IvRXl_16wgpu_3dgs_viewer12depth_sorter9wgpu_sortNtB5_11SortBuffersNtB5_16SortBuffersTrait3len
FN:141,_RNvXs1_NtCsjtpqP8IvRXl_16wgpu_3dgs_viewer12depth_sorterNtB5_11RadixSorterNtB5_11DepthSorter4sort
FN:987,_RNvXs1_NtNtCsjtpqP8IvRXl_16wgpu_3dgs_viewer12depth_sorter9wgpu_sortNtB5_19InternalSortBuffersNtB5_16SortBuffersTrait10bind_group
FN:991,_RNvXs1_NtNtCsjtpqP8IvRXl_16wgpu_3dgs_viewer12depth_sorter9wgpu_sortNtB5_19InternalSortBuffersNtB5_16SortBuffersTrait12state_buffer
FN:983,_RNvXs1_NtNtCsjtpqP8IvRXl_16wgpu_3dgs_viewer12depth_sorter9wgpu_sortNtB5_19InternalSortBuffersNtB5_16SortBuffersTrait3len
FN:153,_RNvXs2_NtCsjtpqP8IvRXl_16wgpu_3dgs_viewer12depth_sorterINtB5_11RadixSorteruENtB5_28DepthSorterWithoutBindGroups18create_bind_groups
FN:162,_RNvXs2_NtCsjtpqP8IvRXl_16wgpu_3dgs_viewer12depth_sorterINtB5_11RadixSorteruENtB5_28DepthSorterWithoutBindGroups4sort
FN:886,_RNvYpNtNtNtCsjtpqP8IvRXl_16wgpu_3dgs_viewer12depth_sorter9wgpu_sort16SortBuffersTrait15keys_valid_sizeB9_
FNDA:22,_RNvMs0_NtCsbNX9HHuxWdy_16wgpu_3dgs_viewer12depth_sorterINtB5_11RadixSorteruE23new_without_bind_groups
FNDA:15,_RNvMs0_NtCsbNX9HHuxWdy_16wgpu_3dgs_viewer12depth_sorterINtB5_11RadixSorteruE4sort
FNDA:14,_RNvMs_NtCsbNX9HHuxWdy_16wgpu_3dgs_viewer12depth_sorterNtB4_11RadixSorter3new
FNDA:209,_RNvMs_NtCsbNX9HHuxWdy_16wgpu_3dgs_viewer12depth_sorterNtB4_11RadixSorter4sort
FNDA:209,_RNvXs1_NtCsbNX9HHuxWdy_16wgpu_3dgs_viewer12depth_sorterNtB5_11RadixSorterNtB5_11DepthSorter4sort
FNDA:16,_RNvXs2_NtCsbNX9HHuxWdy_16wgpu_3dgs_viewer12depth_sorterINtB5_11RadixSorteruENtB5_28DepthSorterWithoutBindGroups18create_bind_groups
FNDA:15,_RNvXs2_NtCsbNX9HHuxWdy_16wgpu_3dgs_viewer12depth_sorterINtB5_11RadixSorteruENtB5_28DepthSorterWithoutBindGroups4sort
FNDA:0,_RINvMNtNtCsbNX9HHuxWdy_16wgpu_3dgs_viewer12depth_sorter9wgpu_sortNtB3_9GPUSorter4sortpEB7_
FNDA:0,_RNvMNtNtCsbNX9HHuxWdy_16wgpu_3dgs_viewer12depth_sorter9wgpu_sortNtB2_9GPUSorter19create_sort_buffers
FNDA:0,_RNvMNtNtCsbNX9HHuxWdy_16wgpu_3dgs_viewer12depth_sorter9wgpu_sortNtB2_9GPUSorter19record_scatter_keys
FNDA:0,_RNvMNtNtCsbNX9HHuxWdy_16wgpu_3dgs_viewer12depth_sorter9wgpu_sortNtB2_9GPUSorter21create_keyval_buffers
FNDA:0,_RNvMNtNtCsbNX9HHuxWdy_16wgpu_3dgs_viewer12depth_sorter9wgpu_sortNtB2_9GPUSorter26record_calculate_histogram
FNDA:0,_RNvMs_NtNtCsbNX9HHuxWdy_16wgpu_3dgs_viewer12depth_sorter9wgpu_sortNtB4_11SortBuffers4keys
FNDA:0,_RNvMs_NtNtCsbNX9HHuxWdy_16wgpu_3dgs_viewer12depth_sorter9wgpu_sortNtB4_11SortBuffers6values
FNDA:0,_RNvYpNtNtNtCsbNX9HHuxWdy_16wgpu_3dgs_viewer12depth_sorter9wgpu_sort16SortBuffersTrait15keys_valid_sizeB9_
FNDA:52,_RNvMNtNtCsbNX9HHuxWdy_16wgpu_3dgs_viewer12depth_sorter9wgpu_sortNtB2_9GPUSorter17bind_group_layout
FNDA:30,_RNvMNtNtCsbNX9HHuxWdy_16wgpu_3dgs_viewer12depth_sorter9wgpu_sortNtB2_9GPUSorter17general_info_data
FNDA:224,_RNvMNtNtCsbNX9HHuxWdy_16wgpu_3dgs_viewer12depth_sorter9wgpu_sortNtB2_9GPUSorter23record_prefix_histogram
FNDA:30,_RNvMNtNtCsbNX9HHuxWdy_16wgpu_3dgs_viewer12depth_sorter9wgpu_sortNtB2_9GPUSorter26create_internal_mem_buffer
FNDA:30,_RNvMNtNtCsbNX9HHuxWdy_16wgpu_3dgs_viewer12depth_sorter9wgpu_sortNtB2_9GPUSorter28create_internal_sort_buffers
FNDA:224,_RNvMNtNtCsbNX9HHuxWdy_16wgpu_3dgs_viewer12depth_sorter9wgpu_sortNtB2_9GPUSorter28record_scatter_keys_indirect
FNDA:30,_RNvMNtNtCsbNX9HHuxWdy_16wgpu_3dgs_viewer12depth_sorter9wgpu_sortNtB2_9GPUSorter30create_internal_keyval_buffers
FNDA:224,_RNvMNtNtCsbNX9HHuxWdy_16wgpu_3dgs_viewer12depth_sorter9wgpu_sortNtB2_9GPUSorter35record_calculate_histogram_indirect
FNDA:22,_RNvMNtNtCsbNX9HHuxWdy_16wgpu_3dgs_viewer12depth_sorter9wgpu_sortNtB2_9GPUSorter3new
FNDA:92,_RNvNtNtCsbNX9HHuxWdy_16wgpu_3dgs_viewer12depth_sorter9wgpu_sort15histo_blocks_ru
FNDA:92,_RNvNtNtCsbNX9HHuxWdy_16wgpu_3dgs_viewer12depth_sorter9wgpu_sort16keys_buffer_size
FNDA:122,_RNvNtNtCsbNX9HHuxWdy_16wgpu_3dgs_viewer12depth_sorter9wgpu_sort17scatter_blocks_ru
FNDA:32,_RNvNtNtCsbNX9HHuxWdy_16wgpu_3dgs_viewer12depth_sorter9wgpu_sort22keys_buffer_size_bytes
FNDA:0,_RNvXs0_NtNtCsbNX9HHuxWdy_16wgpu_3dgs_viewer12depth_sorter9wgpu_sortNtB5_11SortBuffersNtB5_16SortBuffersTrait10bind_group
FNDA:0,_RNvXs0_NtNtCsbNX9HHuxWdy_16wgpu_3dgs_viewer12depth_sorter9wgpu_sortNtB5_11SortBuffersNtB5_16SortBuffersTrait12state_buffer
FNDA:0,_RNvXs0_NtNtCsbNX9HHuxWdy_16wgpu_3dgs_viewer12depth_sorter9wgpu_sortNtB5_11SortBuffersNtB5_16SortBuffersTrait3len
FNDA:224,_RNvXs1_NtNtCsbNX9HHuxWdy_16wgpu_3dgs_viewer12depth_sorter9wgpu_sortNtB5_19InternalSortBuffersNtB5_16SortBuffersTrait10bind_group
FNDA:0,_RNvXs1_NtNtCsbNX9HHuxWdy_16wgpu_3dgs_viewer12depth_sorter9wgpu_sortNtB5_19InternalSortBuffersNtB5_16SortBuffersTrait12state_buffer
FNDA:0,_RNvXs1_NtNtCsbNX9HHuxWdy_16wgpu_3dgs_viewer12depth_sorter9wgpu_sortNtB5_19InternalSortBuffersNtB5_16SortBuffersTrait3len
FNDA:224,_RINvMNtNtCsbNX9HHuxWdy_16wgpu_3dgs_viewer12depth_sorter9wgpu_sortNtB3_9GPUSorter13sort_indirectNtB3_19InternalSortBuffersEB7_
FNDA:30,_RNvMNtCsbNX9HHuxWdy_16wgpu_3dgs_viewer12depth_sorterINtB2_11RadixSorteruE18create_bind_groupsB4_
FNDA:0,_RINvMNtNtCsjtpqP8IvRXl_16wgpu_3dgs_viewer12depth_sorter9wgpu_sortNtB3_9GPUSorter13sort_indirectpEB7_
FNDA:0,_RINvMNtNtCsjtpqP8IvRXl_16wgpu_3dgs_viewer12depth_sorter9wgpu_sortNtB3_9GPUSorter4sortpEB7_
FNDA:0,_RNvMNtCsjtpqP8IvRXl_16wgpu_3dgs_viewer12depth_sorterINtB2_11RadixSorterpE18create_bind_groupsB4_
FNDA:0,_RNvMNtNtCsjtpqP8IvRXl_16wgpu_3dgs_viewer12depth_sorter9wgpu_sortNtB2_9GPUSorter17bind_group_layout
FNDA:0,_RNvMNtNtCsjtpqP8IvRXl_16wgpu_3dgs_viewer12depth_sorter9wgpu_sortNtB2_9GPUSorter17general_info_data
FNDA:0,_RNvMNtNtCsjtpqP8IvRXl_16wgpu_3dgs_viewer12depth_sorter9wgpu_sortNtB2_9GPUSorter19create_sort_buffers
FNDA:0,_RNvMNtNtCsjtpqP8IvRXl_16wgpu_3dgs_viewer12depth_sorter9wgpu_sortNtB2_9GPUSorter19record_scatter_keys
FNDA:0,_RNvMNtNtCsjtpqP8IvRXl_16wgpu_3dgs_viewer12depth_sorter9wgpu_sortNtB2_9GPUSorter21create_keyval_buffers
FNDA:0,_RNvMNtNtCsjtpqP8IvRXl_16wgpu_3dgs_viewer12depth_sorter9wgpu_sortNtB2_9GPUSorter23record_prefix_histogram
FNDA:0,_RNvMNtNtCsjtpqP8IvRXl_16wgpu_3dgs_viewer12depth_sorter9wgpu_sortNtB2_9GPUSorter26create_internal_mem_buffer
FNDA:0,_RNvMNtNtCsjtpqP8IvRXl_16wgpu_3dgs_viewer12depth_sorter9wgpu_sortNtB2_9GPUSorter26record_calculate_histogram
FNDA:0,_RNvMNtNtCsjtpqP8IvRXl_16wgpu_3dgs_viewer12depth_sorter9wgpu_sortNtB2_9GPUSorter28create_internal_sort_buffers
FNDA:0,_RNvMNtNtCsjtpqP8IvRXl_16wgpu_3dgs_viewer12depth_sorter9wgpu_sortNtB2_9GPUSorter28record_scatter_keys_indirect
FNDA:0,_RNvMNtNtCsjtpqP8IvRXl_16wgpu_3dgs_viewer12depth_sorter9wgpu_sortNtB2_9GPUSorter30create_internal_keyval_buffers
FNDA:0,_RNvMNtNtCsjtpqP8IvRXl_16wgpu_3dgs_viewer12depth_sorter9wgpu_sortNtB2_9GPUSorter35record_calculate_histogram_indirect
FNDA:0,_RNvMNtNtCsjtpqP8IvRXl_16wgpu_3dgs_viewer12depth_sorter9wgpu_sortNtB2_9GPUSorter3new
FNDA:0,_RNvMs0_NtCsjtpqP8IvRXl_16wgpu_3dgs_viewer12depth_sorterINtB5_11RadixSorteruE23new_without_bind_groups
FNDA:0,_RNvMs0_NtCsjtpqP8IvRXl_16wgpu_3dgs_viewer12depth_sorterINtB5_11RadixSorteruE4sort
FNDA:0,_RNvMs_NtCsjtpqP8IvRXl_16wgpu_3dgs_viewer12depth_sorterNtB4_11RadixSorter3new
FNDA:0,_RNvMs_NtCsjtpqP8IvRXl_16wgpu_3dgs_viewer12depth_sorterNtB4_11RadixSorter4sort
FNDA:0,_RNvMs_NtNtCsjtpqP8IvRXl_16wgpu_3dgs_viewer12depth_sorter9wgpu_sortNtB4_11SortBuffers4keys
FNDA:0,_RNvMs_NtNtCsjtpqP8IvRXl_16wgpu_3dgs_viewer12depth_sorter9wgpu_sortNtB4_11SortBuffers6values
FNDA:0,_RNvNtNtCsjtpqP8IvRXl_16wgpu_3dgs_viewer12depth_sorter9wgpu_sort15histo_blocks_ru
FNDA:0,_RNvNtNtCsjtpqP8IvRXl_16wgpu_3dgs_viewer12depth_sorter9wgpu_sort16keys_buffer_size
FNDA:0,_RNvNtNtCsjtpqP8IvRXl_16wgpu_3dgs_viewer12depth_sorter9wgpu_sort17scatter_blocks_ru
FNDA:0,_RNvNtNtCsjtpqP8IvRXl_16wgpu_3dgs_viewer12depth_sorter9wgpu_sort22keys_buffer_size_bytes
FNDA:0,_RNvXs0_NtNtCsjtpqP8IvRXl_16wgpu_3dgs_viewer12depth_sorter9wgpu_sortNtB5_11SortBuffersNtB5_16SortBuffersTrait10bind_group
FNDA:0,_RNvXs0_NtNtCsjtpqP8IvRXl_16wgpu_3dgs_viewer12depth_sorter9wgpu_sortNtB5_11SortBuffersNtB5_16SortBuffersTrait12state_buffer
FNDA:0,_RNvXs0_NtNtCsjtpqP8IvRXl_16wgpu_3dgs_viewer12depth_sorter9wgpu_sortNtB5_11SortBuffersNtB5_16SortBuffersTrait3len
FNDA:0,_RNvXs1_NtCsjtpqP8IvRXl_16wgpu_3dgs_viewer12depth_sorterNtB5_11RadixSorterNtB5_11DepthSorter4sort
FNDA:0,_RNvXs1_NtNtCsjtpqP8IvRXl_16wgpu_3dgs_viewer12depth_sorter9wgpu_sortNtB5_19InternalSortBuffersNtB5_16SortBuffersTrait10bind_group
FNDA:0,_RNvXs1_NtNtCsjtpqP8IvRXl_16wgpu_3dgs_viewer12depth_sorter9wgpu_sortNtB5_19InternalSortBuffersNtB5_16SortBuffersTrait12state_buffer
FNDA:0,_RNvXs1_NtNtCsjtpqP8IvRXl_16wgpu_3dgs_viewer12depth_sorter9wgpu_sortNtB5_19InternalSortBuffersNtB5_16SortBuffersTrait3len
FNDA:0,_RNvXs2_NtCsjtpqP8IvRXl_16wgpu_3dgs_viewer12depth_sorterINtB5_11RadixSorteruENtB5_28DepthSorterWithoutBindGroups18create_bind_groups
FNDA:0,_RNvXs2_NtCsjtpqP8IvRXl_16wgpu_3dgs_viewer12depth_sorterINtB5_11RadixSorteruENtB5_28DepthSorterWithoutBindGroups4sort
FNDA:0,_RNvYpNtNtNtCsjtpqP8IvRXl_16wgpu_3dgs_viewer12depth_sorter9wgpu_sort16SortBuffersTrait15keys_valid_sizeB9_
FNF:36
FNH:23
DA:62,30
DA:63,30
DA:64,30
DA:65,30
DA:66,30
DA:67,30
DA:68,30
DA:69,30
DA:70,30
DA:71,30
DA:73,30
DA:78,14
DA:79,14
DA:80,14
DA:81,14
DA:82,14
DA:83,14
DA:85,14
DA:86,14
DA:87,14
DA:89,14
DA:91,14
DA:92,14
DA:93,14
DA:94,14
DA:95,14
DA:98,209
DA:99,209
DA:100,209
DA:101,209
DA:102,209
DA:103,209
DA:104,209
DA:105,209
DA:106,209
DA:108,209
DA:113,22
DA:114,22
DA:115,22
DA:117,22
DA:119,22
DA:120,22
DA:121,22
DA:122,22
DA:123,22
DA:129,15
DA:130,15
DA:131,15
DA:132,15
DA:133,15
DA:134,15
DA:135,15
DA:136,15
DA:137,15
DA:141,209
DA:142,209
DA:143,209
DA:144,209
DA:145,209
DA:146,209
DA:147,209
DA:153,16
DA:154,16
DA:155,16
DA:156,16
DA:157,16
DA:158,16
DA:159,16
DA:160,16
DA:162,15
DA:163,15
DA:164,15
DA:165,15
DA:166,15
DA:167,15
DA:168,15
DA:169,15
DA:273,22
DA:275,22
DA:276,22
DA:277,22
DA:278,22
DA:279,22
DA:280,22
DA:281,22
DA:283,22
DA:284,22
DA:285,22
DA:286,22
DA:288,22
DA:290,22
DA:291,22
DA:292,22
DA:293,22
DA:294,22
DA:295,22
DA:297,22
DA:301,22
DA:326,22
DA:327,22
DA:328,22
DA:329,22
DA:330,22
DA:331,22
DA:332,22
DA:334,22
DA:335,22
DA:336,22
DA:337,22
DA:338,22
DA:339,22
DA:340,22
DA:341,22
DA:342,22
DA:343,22
DA:344,22
DA:345,22
DA:346,22
DA:347,22
DA:348,22
DA:349,22
DA:350,22
DA:351,22
DA:352,22
DA:353,22
DA:354,22
DA:355,22
DA:356,22
DA:357,22
DA:358,22
DA:359,22
DA:360,22
DA:361,22
DA:362,22
DA:363,22
DA:364,22
DA:365,22
DA:366,22
DA:367,22
DA:368,22
DA:369,22
DA:370,22
DA:371,22
DA:372,22
DA:373,22
DA:374,22
DA:375,22
DA:376,22
DA:377,22
DA:379,22
DA:380,22
DA:381,22
DA:382,22
DA:383,22
DA:384,22
DA:385,22
DA:386,22
DA:388,52
DA:389,52
DA:390,52
DA:391,52
DA:392,52
DA:393,52
DA:394,52
DA:395,52
DA:396,52
DA:397,52
DA:398,52
DA:399,52
DA:400,52
DA:401,52
DA:402,52
DA:403,52
DA:404,52
DA:405,52
DA:406,52
DA:407,52
DA:408,52
DA:409,52
DA:410,52
DA:411,52
DA:412,52
DA:413,52
DA:414,52
DA:415,52
DA:416,52
DA:417,52
DA:418,52
DA:419,52
DA:420,52
DA:421,52
DA:422,52
DA:423,52
DA:424,52
DA:425,52
DA:426,52
DA:427,52
DA:428,52
DA:429,52
DA:430,52
DA:431,52
DA:432,52
DA:433,52
DA:434,52
DA:435,52
DA:436,52
DA:437,52
DA:438,52
DA:439,52
DA:440,52
DA:441,52
DA:442,52
DA:443,52
DA:444,52
DA:445,52
DA:446,52
DA:447,52
DA:448,52
DA:449,52
DA:450,52
DA:451,52
DA:452,52
DA:453,52
DA:454,52
DA:455,52
DA:456,52
DA:458,0
DA:459,0
DA:460,0
DA:461,0
DA:463,0
DA:466,0
DA:467,0
DA:468,0
DA:469,0
DA:470,0
DA:471,0
DA:472,0
DA:473,0
DA:476,0
DA:477,0
DA:478,0
DA:479,0
DA:480,0
DA:481,0
DA:483,0
DA:484,0
DA:485,0
DA:486,0
DA:487,0
DA:488,0
DA:489,0
DA:490,0
DA:491,0
DA:493,0
DA:494,0
DA:495,0
DA:496,0
DA:497,0
DA:498,0
DA:499,0
DA:500,0
DA:503,30
DA:504,30
DA:505,30
DA:506,30
DA:508,30
DA:511,30
DA:512,30
DA:513,30
DA:514,30
DA:515,30
DA:516,30
DA:518,30
DA:521,30
DA:522,30
DA:523,30
DA:524,30
DA:525,30
DA:526,30
DA:527,30
DA:528,30
DA:533,30
DA:545,30
DA:547,30
DA:549,30
DA:551,30
DA:552,30
DA:553,30
DA:554,30
DA:555,30
DA:556,30
DA:557,30
DA:559,30
DA:560,30
DA:561,30
DA:562,30
DA:563,30
DA:564,30
DA:565,30
DA:566,30
DA:568,0
DA:569,0
DA:570,0
DA:571,0
DA:572,0
DA:573,0
DA:575,0
DA:577,0
DA:578,0
DA:579,0
DA:580,0
DA:581,0
DA:582,0
DA:583,0
DA:584,0
DA:585,0
DA:586,0
DA:588,0
DA:589,0
DA:590,0
DA:591,0
DA:592,0
DA:593,0
DA:594,0
DA:595,0
DA:596,0
DA:597,0
DA:598,0
DA:600,224
DA:601,224
DA:602,224
DA:603,224
DA:604,224
DA:605,224
DA:606,224
DA:607,224
DA:608,224
DA:609,224
DA:610,224
DA:611,224
DA:612,224
DA:613,224
DA:614,224
DA:615,224
DA:617,224
DA:618,224
DA:619,224
DA:620,224
DA:621,224
DA:622,224
DA:623,224
DA:624,224
DA:625,224
DA:626,224
DA:627,224
DA:630,224
DA:631,224
DA:632,224
DA:633,224
DA:634,224
DA:635,224
DA:636,224
DA:637,224
DA:638,224
DA:640,224
DA:641,224
DA:642,224
DA:643,224
DA:645,0
DA:646,0
DA:647,0
DA:648,0
DA:649,0
DA:650,0
DA:651,0
DA:653,0
DA:654,0
DA:655,0
DA:656,0
DA:658,0
DA:659,0
DA:660,0
DA:662,0
DA:663,0
DA:665,0
DA:666,0
DA:668,0
DA:669,0
DA:670,0
DA:672,224
DA:673,224
DA:674,224
DA:675,224
DA:676,224
DA:677,224
DA:678,224
DA:679,224
DA:680,224
DA:681,224
DA:683,224
DA:684,224
DA:685,224
DA:687,224
DA:688,224
DA:690,224
DA:691,224
DA:693,224
DA:694,224
DA:695,224
DA:702,0
DA:703,0
DA:704,0
DA:705,0
DA:706,0
DA:707,0
DA:708,0
DA:709,0
DA:710,0
DA:713,0
DA:715,0
DA:716,0
DA:717,0
DA:718,0
DA:732,224
DA:733,224
DA:734,224
DA:735,224
DA:736,224
DA:737,224
DA:738,224
DA:740,224
DA:741,224
DA:742,224
DA:743,224
DA:746,0
DA:747,0
DA:748,0
DA:749,0
DA:750,0
DA:751,0
DA:753,0
DA:754,0
DA:755,0
DA:757,0
DA:758,0
DA:759,0
DA:760,0
DA:761,0
DA:762,0
DA:763,0
DA:764,0
DA:765,0
DA:766,0
DA:767,0
DA:768,0
DA:769,0
DA:770,0
DA:771,0
DA:772,0
DA:773,0
DA:774,0
DA:775,0
DA:776,0
DA:777,0
DA:778,0
DA:779,0
DA:780,0
DA:781,0
DA:782,0
DA:783,0
DA:784,0
DA:785,0
DA:786,0
DA:787,0
DA:788,0
DA:789,0
DA:790,0
DA:791,0
DA:792,0
DA:794,0
DA:795,0
DA:796,0
DA:797,0
DA:798,0
DA:799,0
DA:800,0
DA:801,0
DA:802,0
DA:803,0
DA:804,0
DA:809,30
DA:810,30
DA:811,30
DA:812,30
DA:813,30
DA:814,30
DA:815,30
DA:817,30
DA:818,30
DA:820,30
DA:821,30
DA:822,30
DA:823,30
DA:824,30
DA:825,30
DA:826,30
DA:827,30
DA:828,30
DA:829,30
DA:830,30
DA:831,30
DA:832,30
DA:833,30
DA:834,30
DA:835,30
DA:836,30
DA:837,30
DA:838,30
DA:839,30
DA:840,30
DA:841,30
DA:842,30
DA:843,30
DA:844,30
DA:845,30
DA:846,30
DA:847,30
DA:848,30
DA:849,30
DA:850,30
DA:851,30
DA:852,30
DA:853,30
DA:854,30
DA:855,30
DA:857,30
DA:858,30
DA:859,30
DA:860,30
DA:861,30
DA:862,30
DA:863,30
DA:864,30
DA:865,30
DA:886,0
DA:887,0
DA:888,0
DA:931,0
DA:932,0
DA:933,0
DA:936,0
DA:937,0
DA:938,0
DA:942,0
DA:943,0
DA:944,0
DA:946,0
DA:947,0
DA:948,0
DA:950,0
DA:951,0
DA:952,0
DA:983,0
DA:984,0
DA:985,0
DA:987,224
DA:988,224
DA:989,224
DA:991,0
DA:992,0
DA:993,0
DA:996,122
DA:997,122
DA:998,122
DA:1001,92
DA:1002,92
DA:1003,92
DA:1006,92
DA:1007,92
DA:1008,92
DA:1011,32
DA:1012,32
DA:1013,32
BRF:0
BRH:0
LF:584
LH:405
end_of_record
SF:C:\Users\s2010\Me\Codes\Rust\wgpu-3dgs-viewer\src\lib.rs
FN:92,_RINvMCsbNX9HHuxWdy_16wgpu_3dgs_viewerNtB3_6Viewer3newINtNtCsckSb6QcKe7J_5alloc3vec3VecNtNtCsgVYjDsZAYrh_14wgpu_3dgs_core8gaussian8GaussianEECsd19xnTb4ujY_3mod
FN:108,_RINvMs_CsbNX9HHuxWdy_16wgpu_3dgs_viewerINtB5_6ViewerNtNtNtCsgVYjDsZAYrh_14wgpu_3dgs_core6buffer8gaussian41GaussianPodWithShSingleCov3dSingleConfigsNtNvNtNtCsd19xnTb4ujY_3mod3e2e6viewers_44test_viewer_uses_custom_depth_sorter_factory14CountingSorterE16new_with_optionsINtNtCsckSb6QcKe7J_5alloc3vec3VecNtNtBU_8gaussian8GaussianEEB2t_
FN:233,_RINvMs_CsbNX9HHuxWdy_16wgpu_3dgs_viewerNtB5_6Viewer13update_cameraNtNtB5_6camera6CameraECsd19xnTb4ujY_3mod
FN:108,_RINvMs_CsbNX9HHuxWdy_16wgpu_3dgs_viewerNtB5_6Viewer16new_with_optionsINtNtCsckSb6QcKe7J_5alloc3vec3VecNtNtCsgVYjDsZAYrh_14wgpu_3dgs_core8gaussian8GaussianEECsd19xnTb4ujY_3mod
FN:362,_RNCNvXs0_CsbNX9HHuxWdy_16wgpu_3dgs_viewerINtB7_19ViewerCreateOptionsNtNtNtCsgVYjDsZAYrh_14wgpu_3dgs_core6buffer8gaussian41GaussianPodWithShSingleCov3dSingleConfigsNtNtB7_12depth_sorter11RadixSorterFG_INtB7_37ViewerCreateDepthSorterFactoryContextL0_B14_EEB2B_ENtNtCs9OCfJ4KTcUD_4core7default7Default7default0Csd19xnTb4ujY_3mod
FN:297,_RNvMs_CsbNX9HHuxWdy_16wgpu_3dgs_viewerINtB4_6ViewerNtNtNtCsgVYjDsZAYrh_14wgpu_3dgs_core6buffer8gaussian41GaussianPodWithShSingleCov3dSingleConfigsNtNvNtNtCsd19xnTb4ujY_3mod3e2e6viewers_44test_viewer_uses_custom_depth_sorter_factory14CountingSorterE6renderB2s_
FN:243,_RNvMs_CsbNX9HHuxWdy_16wgpu_3dgs_viewerNtB4_6Viewer22update_camera_with_podCsd19xnTb4ujY_3mod
FN:248,_RNvMs_CsbNX9HHuxWdy_16wgpu_3dgs_viewerNtB4_6Viewer22update_model_transformCsd19xnTb4ujY_3mod
FN:268,_RNvMs_CsbNX9HHuxWdy_16wgpu_3dgs_viewerNtB4_6Viewer25update_gaussian_transformCsd19xnTb4ujY_3mod
FN:259,_RNvMs_CsbNX9HHuxWdy_16wgpu_3dgs_viewerNtB4_6Viewer31update_model_transform_with_podCsd19xnTb4ujY_3mod
FN:288,_RNvMs_CsbNX9HHuxWdy_16wgpu_3dgs_viewerNtB4_6Viewer34update_gaussian_transform_with_podCsd19xnTb4ujY_3mod
FN:297,_RNvMs_CsbNX9HHuxWdy_16wgpu_3dgs_viewerNtB4_6Viewer6renderCsd19xnTb4ujY_3mod
FN:356,_RNvXs0_CsbNX9HHuxWdy_16wgpu_3dgs_viewerINtB5_19ViewerCreateOptionsNtNtNtCsgVYjDsZAYrh_14wgpu_3dgs_core6buffer8gaussian41GaussianPodWithShSingleCov3dSingleConfigsNtNtB5_12depth_sorter11RadixSorterFG_INtB5_37ViewerCreateDepthSorterFactoryContextL0_B12_EEB2z_ENtNtCs9OCfJ4KTcUD_4core7default7Default7defaultCsd19xnTb4ujY_3mod
FN:92,_RINvMCsbNX9HHuxWdy_16wgpu_3dgs_viewerINtB3_6ViewerpE3newpEB3_
FN:233,_RINvMs_CsbNX9HHuxWdy_16wgpu_3dgs_viewerINtB5_6ViewerppE13update_camerapEB5_
FN:108,_RINvMs_CsbNX9HHuxWdy_16wgpu_3dgs_viewerINtB5_6ViewerppE16new_with_optionspEB5_
FN:362,_RNCNvXINICsbNX9HHuxWdy_16wgpu_3dgs_viewers0_0pEINtB7_19ViewerCreateOptionspNtNtB7_12depth_sorter11RadixSorterFG_INtB7_37ViewerCreateDepthSorterFactoryContextL0_pEEB1b_ENtNtCs9OCfJ4KTcUD_4core7default7Default7default0B7_
FN:243,_RNvMs_CsbNX9HHuxWdy_16wgpu_3dgs_viewerINtB4_6ViewerppE22update_camera_with_podB4_
FN:248,_RNvMs_CsbNX9HHuxWdy_16wgpu_3dgs_viewerINtB4_6ViewerppE22update_model_transformB4_
FN:268,_RNvMs_CsbNX9HHuxWdy_16wgpu_3dgs_viewerINtB4_6ViewerppE25update_gaussian_transformB4_
FN:259,_RNvMs_CsbNX9HHuxWdy_16wgpu_3dgs_viewerINtB4_6ViewerppE31update_model_transform_with_podB4_
FN:288,_RNvMs_CsbNX9HHuxWdy_16wgpu_3dgs_viewerINtB4_6ViewerppE34update_gaussian_transform_with_podB4_
FN:297,_RNvMs_CsbNX9HHuxWdy_16wgpu_3dgs_viewerINtB4_6ViewerppE6renderB4_
FN:356,_RNvXINICsbNX9HHuxWdy_16wgpu_3dgs_viewers0_0pEINtB5_19ViewerCreateOptionspNtNtB5_12depth_sorter11RadixSorterFG_INtB5_37ViewerCreateDepthSorterFactoryContextL0_pEEB19_ENtNtCs9OCfJ4KTcUD_4core7default7Default7defaultB5_
FN:92,_RINvMCsjtpqP8IvRXl_16wgpu_3dgs_viewerINtB3_6ViewerpE3newpEB3_
FN:233,_RINvMs_CsjtpqP8IvRXl_16wgpu_3dgs_viewerINtB5_6ViewerppE13update_camerapEB5_
FN:108,_RINvMs_CsjtpqP8IvRXl_16wgpu_3dgs_viewerINtB5_6ViewerppE16new_with_optionspEB5_
FN:362,_RNCNvXINICsjtpqP8IvRXl_16wgpu_3dgs_viewers0_0pEINtB7_19ViewerCreateOptionspNtNtB7_12depth_sorter11RadixSorterFG_INtB7_37ViewerCreateDepthSorterFactoryContextL0_pEEB1b_ENtNtCs9OCfJ4KTcUD_4core7default7Default7default0B7_
FN:243,_RNvMs_CsjtpqP8IvRXl_16wgpu_3dgs_viewerINtB4_6ViewerppE22update_camera_with_podB4_
FN:248,_RNvMs_CsjtpqP8IvRXl_16wgpu_3dgs_viewerINtB4_6ViewerppE22update_model_transformB4_
FN:268,_RNvMs_CsjtpqP8IvRXl_16wgpu_3dgs_viewerINtB4_6ViewerppE25update_gaussian_transformB4_
FN:259,_RNvMs_CsjtpqP8IvRXl_16wgpu_3dgs_viewerINtB4_6ViewerppE31update_model_transform_with_podB4_
FN:288,_RNvMs_CsjtpqP8IvRXl_16wgpu_3dgs_viewerINtB4_6ViewerppE34update_gaussian_transform_with_podB4_
FN:297,_RNvMs_CsjtpqP8IvRXl_16wgpu_3dgs_viewerINtB4_6ViewerppE6renderB4_
FN:356,_RNvXINICsjtpqP8IvRXl_16wgpu_3dgs_viewers0_0pEINtB5_19ViewerCreateOptionspNtNtB5_12depth_sorter11RadixSorterFG_INtB5_37ViewerCreateDepthSorterFactoryContextL0_pEEB19_ENtNtCs9OCfJ4KTcUD_4core7default7Default7defaultB5_
FN:233,_RINvMs_CsbNX9HHuxWdy_16wgpu_3dgs_viewerNtB5_6Viewer13update_cameraNtNtB5_6camera6CameraECskUugRX239Y1_9selection
FN:108,_RINvMs_CsbNX9HHuxWdy_16wgpu_3dgs_viewerNtB5_6Viewer16new_with_optionsNtNtCsgVYjDsZAYrh_14wgpu_3dgs_core8gaussian9GaussiansECskUugRX239Y1_9selection
FN:362,_RNCNvXs0_CsbNX9HHuxWdy_16wgpu_3dgs_viewerINtB7_19ViewerCreateOptionsNtNtNtCsgVYjDsZAYrh_14wgpu_3dgs_core6buffer8gaussian41GaussianPodWithShSingleCov3dSingleConfigsNtNtB7_12depth_sorter11RadixSorterFG_INtB7_37ViewerCreateDepthSorterFactoryContextL0_B14_EEB2B_ENtNtCs9OCfJ4KTcUD_4core7default7Default7default0CskUugRX239Y1_9selection
FN:248,_RNvMs_CsbNX9HHuxWdy_16wgpu_3dgs_viewerNtB4_6Viewer22update_model_transformCskUugRX239Y1_9selection
FN:297,_RNvMs_CsbNX9HHuxWdy_16wgpu_3dgs_viewerNtB4_6Viewer6renderCskUugRX239Y1_9selection
FN:356,_RNvXs0_CsbNX9HHuxWdy_16wgpu_3dgs_viewerINtB5_19ViewerCreateOptionsNtNtNtCsgVYjDsZAYrh_14wgpu_3dgs_core6buffer8gaussian41GaussianPodWithShSingleCov3dSingleConfigsNtNtB5_12depth_sorter11RadixSorterFG_INtB5_37ViewerCreateDepthSorterFactoryContextL0_B12_EEB2z_ENtNtCs9OCfJ4KTcUD_4core7default7Default7defaultCskUugRX239Y1_9selection
FN:92,_RINvMCsbNX9HHuxWdy_16wgpu_3dgs_viewerNtB3_6Viewer3newNtNtCsgVYjDsZAYrh_14wgpu_3dgs_core8gaussian9GaussiansECs8Ms6z1a2Slm_6simple
FN:233,_RINvMs_CsbNX9HHuxWdy_16wgpu_3dgs_viewerNtB5_6Viewer13update_cameraNtNtB5_6camera6CameraECs8Ms6z1a2Slm_6simple
FN:108,_RINvMs_CsbNX9HHuxWdy_16wgpu_3dgs_viewerNtB5_6Viewer16new_with_optionsNtNtCsgVYjDsZAYrh_14wgpu_3dgs_core8gaussian9GaussiansECs8Ms6z1a2Slm_6simple
FN:362,_RNCNvXs0_CsbNX9HHuxWdy_16wgpu_3dgs_viewerINtB7_19ViewerCreateOptionsNtNtNtCsgVYjDsZAYrh_14wgpu_3dgs_core6buffer8gaussian41GaussianPodWithShSingleCov3dSingleConfigsNtNtB7_12depth_sorter11RadixSorterFG_INtB7_37ViewerCreateDepthSorterFactoryContextL0_B14_EEB2B_ENtNtCs9OCfJ4KTcUD_4core7default7Default7default0Cs8Ms6z1a2Slm_6simple
FN:248,_RNvMs_CsbNX9HHuxWdy_16wgpu_3dgs_viewerNtB4_6Viewer22update_model_transformCs8Ms6z1a2Slm_6simple
FN:268,_RNvMs_CsbNX9HHuxWdy_16wgpu_3dgs_viewerNtB4_6Viewer25update_gaussian_transformCs8Ms6z1a2Slm_6simple
FN:297,_RNvMs_CsbNX9HHuxWdy_16wgpu_3dgs_viewerNtB4_6Viewer6renderCs8Ms6z1a2Slm_6simple
FN:356,_RNvXs0_CsbNX9HHuxWdy_16wgpu_3dgs_viewerINtB5_19ViewerCreateOptionsNtNtNtCsgVYjDsZAYrh_14wgpu_3dgs_core6buffer8gaussian41GaussianPodWithShSingleCov3dSingleConfigsNtNtB5_12depth_sorter11RadixSorterFG_INtB5_37ViewerCreateDepthSorterFactoryContextL0_B12_EEB2z_ENtNtCs9OCfJ4KTcUD_4core7default7Default7defaultCs8Ms6z1a2Slm_6simple
FNDA:7,_RINvMCsbNX9HHuxWdy_16wgpu_3dgs_viewerNtB3_6Viewer3newINtNtCsckSb6QcKe7J_5alloc3vec3VecNtNtCsgVYjDsZAYrh_14wgpu_3dgs_core8gaussian8GaussianEECsd19xnTb4ujY_3mod
FNDA:1,_RINvMs_CsbNX9HHuxWdy_16wgpu_3dgs_viewerINtB5_6ViewerNtNtNtCsgVYjDsZAYrh_14wgpu_3dgs_core6buffer8gaussian41GaussianPodWithShSingleCov3dSingleConfigsNtNvNtNtCsd19xnTb4ujY_3mod3e2e6viewers_44test_viewer_uses_custom_depth_sorter_factory14CountingSorterE16new_with_optionsINtNtCsckSb6QcKe7J_5alloc3vec3VecNtNtBU_8gaussian8GaussianEEB2t_
FNDA:1,_RINvMs_CsbNX9HHuxWdy_16wgpu_3dgs_viewerNtB5_6Viewer13update_cameraNtNtB5_6camera6CameraECsd19xnTb4ujY_3mod
FNDA:13,_RINvMs_CsbNX9HHuxWdy_16wgpu_3dgs_viewerNtB5_6Viewer16new_with_optionsINtNtCsckSb6QcKe7J_5alloc3vec3VecNtNtCsgVYjDsZAYrh_14wgpu_3dgs_core8gaussian8GaussianEECsd19xnTb4ujY_3mod
FNDA:13,_RNCNvXs0_CsbNX9HHuxWdy_16wgpu_3dgs_viewerINtB7_19ViewerCreateOptionsNtNtNtCsgVYjDsZAYrh_14wgpu_3dgs_core6buffer8gaussian41GaussianPodWithShSingleCov3dSingleConfigsNtNtB7_12depth_sorter11RadixSorterFG_INtB7_37ViewerCreateDepthSorterFactoryContextL0_B14_EEB2B_ENtNtCs9OCfJ4KTcUD_4core7default7Default7default0Csd19xnTb4ujY_3mod
FNDA:1,_RNvMs_CsbNX9HHuxWdy_16wgpu_3dgs_viewerINtB4_6ViewerNtNtNtCsgVYjDsZAYrh_14wgpu_3dgs_core6buffer8gaussian41GaussianPodWithShSingleCov3dSingleConfigsNtNvNtNtCsd19xnTb4ujY_3mod3e2e6viewers_44test_viewer_uses_custom_depth_sorter_factory14CountingSorterE6renderB2s_
FNDA:12,_RNvMs_CsbNX9HHuxWdy_16wgpu_3dgs_viewerNtB4_6Viewer22update_camera_with_podCsd19xnTb4ujY_3mod
FNDA:1,_RNvMs_CsbNX9HHuxWdy_16wgpu_3dgs_viewerNtB4_6Viewer22update_model_transformCsd19xnTb4ujY_3mod
FNDA:1,_RNvMs_CsbNX9HHuxWdy_16wgpu_3dgs_viewerNtB4_6Viewer25update_gaussian_transformCsd19xnTb4ujY_3mod
FNDA:1,_RNvMs_CsbNX9HHuxWdy_16wgpu_3dgs_viewerNtB4_6Viewer31update_model_transform_with_podCsd19xnTb4ujY_3mod
FNDA:1,_RNvMs_CsbNX9HHuxWdy_16wgpu_3dgs_viewerNtB4_6Viewer34update_gaussian_transform_with_podCsd19xnTb4ujY_3mod
FNDA:13,_RNvMs_CsbNX9HHuxWdy_16wgpu_3dgs_viewerNtB4_6Viewer6renderCsd19xnTb4ujY_3mod
FNDA:13,_RNvXs0_CsbNX9HHuxWdy_16wgpu_3dgs_viewerINtB5_19ViewerCreateOptionsNtNtNtCsgVYjDsZAYrh_14wgpu_3dgs_core6buffer8gaussian41GaussianPodWithShSingleCov3dSingleConfigsNtNtB5_12depth_sorter11RadixSorterFG_INtB5_37ViewerCreateDepthSorterFactoryContextL0_B12_EEB2z_ENtNtCs9OCfJ4KTcUD_4core7default7Default7defaultCsd19xnTb4ujY_3mod
FNDA:0,_RINvMCsbNX9HHuxWdy_16wgpu_3dgs_viewerINtB3_6ViewerpE3newpEB3_
FNDA:0,_RINvMs_CsbNX9HHuxWdy_16wgpu_3dgs_viewerINtB5_6ViewerppE13update_camerapEB5_
FNDA:0,_RINvMs_CsbNX9HHuxWdy_16wgpu_3dgs_viewerINtB5_6ViewerppE16new_with_optionspEB5_
FNDA:0,_RNCNvXINICsbNX9HHuxWdy_16wgpu_3dgs_viewers0_0pEINtB7_19ViewerCreateOptionspNtNtB7_12depth_sorter11RadixSorterFG_INtB7_37ViewerCreateDepthSorterFactoryContextL0_pEEB1b_ENtNtCs9OCfJ4KTcUD_4core7default7Default7default0B7_
FNDA:0,_RNvMs_CsbNX9HHuxWdy_16wgpu_3dgs_viewerINtB4_6ViewerppE22update_camera_with_podB4_
FNDA:0,_RNvMs_CsbNX9HHuxWdy_16wgpu_3dgs_viewerINtB4_6ViewerppE22update_model_transformB4_
FNDA:0,_RNvMs_CsbNX9HHuxWdy_16wgpu_3dgs_viewerINtB4_6ViewerppE25update_gaussian_transformB4_
FNDA:0,_RNvMs_CsbNX9HHuxWdy_16wgpu_3dgs_viewerINtB4_6ViewerppE31update_model_transform_with_podB4_
FNDA:0,_RNvMs_CsbNX9HHuxWdy_16wgpu_3dgs_viewerINtB4_6ViewerppE34update_gaussian_transform_with_podB4_
FNDA:0,_RNvMs_CsbNX9HHuxWdy_16wgpu_3dgs_viewerINtB4_6ViewerppE6renderB4_
FNDA:0,_RNvXINICsbNX9HHuxWdy_16wgpu_3dgs_viewers0_0pEINtB5_19ViewerCreateOptionspNtNtB5_12depth_sorter11RadixSorterFG_INtB5_37ViewerCreateDepthSorterFactoryContextL0_pEEB19_ENtNtCs9OCfJ4KTcUD_4core7default7Default7defaultB5_
FNDA:0,_RINvMCsjtpqP8IvRXl_16wgpu_3dgs_viewerINtB3_6ViewerpE3newpEB3_
FNDA:0,_RINvMs_CsjtpqP8IvRXl_16wgpu_3dgs_viewerINtB5_6ViewerppE13update_camerapEB5_
FNDA:0,_RINvMs_CsjtpqP8IvRXl_16wgpu_3dgs_viewerINtB5_6ViewerppE16new_with_optionspEB5_
FNDA:0,_RNCNvXINICsjtpqP8IvRXl_16wgpu_3dgs_viewers0_0pEINtB7_19ViewerCreateOptionspNtNtB7_12depth_sorter11RadixSorterFG_INtB7_37ViewerCreateDepthSorterFactoryContextL0_pEEB1b_ENtNtCs9OCfJ4KTcUD_4core7default7Default7default0B7_
FNDA:0,_RNvMs_CsjtpqP8IvRXl_16wgpu_3dgs_viewerINtB4_6ViewerppE22update_camera_with_podB4_
FNDA:0,_RNvMs_CsjtpqP8IvRXl_16wgpu_3dgs_viewerINtB4_6ViewerppE22update_model_transformB4_
FNDA:0,_RNvMs_CsjtpqP8IvRXl_16wgpu_3dgs_viewerINtB4_6ViewerppE25update_gaussian_transformB4_
FNDA:0,_RNvMs_CsjtpqP8IvRXl_16wgpu_3dgs_viewerINtB4_6ViewerppE31update_model_transform_with_podB4_
FNDA:0,_RNvMs_CsjtpqP8IvRXl_16wgpu_3dgs_viewerINtB4_6ViewerppE34update_gaussian_transform_with_podB4_
FNDA:0,_RNvMs_CsjtpqP8IvRXl_16wgpu_3dgs_viewerINtB4_6ViewerppE6renderB4_
FNDA:0,_RNvXINICsjtpqP8IvRXl_16wgpu_3dgs_viewers0_0pEINtB5_19ViewerCreateOptionspNtNtB5_12depth_sorter11RadixSorterFG_INtB5_37ViewerCreateDepthSorterFactoryContextL0_pEEB19_ENtNtCs9OCfJ4KTcUD_4core7default7Default7defaultB5_
FNDA:196,_RINvMs_CsbNX9HHuxWdy_16wgpu_3dgs_viewerNtB5_6Viewer13update_cameraNtNtB5_6camera6CameraECskUugRX239Y1_9selection
FNDA:1,_RINvMs_CsbNX9HHuxWdy_16wgpu_3dgs_viewerNtB5_6Viewer16new_with_optionsNtNtCsgVYjDsZAYrh_14wgpu_3dgs_core8gaussian9GaussiansECskUugRX239Y1_9selection
FNDA:1,_RNCNvXs0_CsbNX9HHuxWdy_16wgpu_3dgs_viewerINtB7_19ViewerCreateOptionsNtNtNtCsgVYjDsZAYrh_14wgpu_3dgs_core6buffer8gaussian41GaussianPodWithShSingleCov3dSingleConfigsNtNtB7_12depth_sorter11RadixSorterFG_INtB7_37ViewerCreateDepthSorterFactoryContextL0_B14_EEB2B_ENtNtCs9OCfJ4KTcUD_4core7default7Default7default0CskUugRX239Y1_9selection
FNDA:1,_RNvMs_CsbNX9HHuxWdy_16wgpu_3dgs_viewerNtB4_6Viewer22update_model_transformCskUugRX239Y1_9selection
FNDA:196,_RNvMs_CsbNX9HHuxWdy_16wgpu_3dgs_viewerNtB4_6Viewer6renderCskUugRX239Y1_9selection
FNDA:1,_RNvXs0_CsbNX9HHuxWdy_16wgpu_3dgs_viewerINtB5_19ViewerCreateOptionsNtNtNtCsgVYjDsZAYrh_14wgpu_3dgs_core6buffer8gaussian41GaussianPodWithShSingleCov3dSingleConfigsNtNtB5_12depth_sorter11RadixSorterFG_INtB5_37ViewerCreateDepthSorterFactoryContextL0_B12_EEB2z_ENtNtCs9OCfJ4KTcUD_4core7default7Default7defaultCskUugRX239Y1_9selection
FNDA:0,_RINvMCsbNX9HHuxWdy_16wgpu_3dgs_viewerNtB3_6Viewer3newNtNtCsgVYjDsZAYrh_14wgpu_3dgs_core8gaussian9GaussiansECs8Ms6z1a2Slm_6simple
FNDA:0,_RINvMs_CsbNX9HHuxWdy_16wgpu_3dgs_viewerNtB5_6Viewer13update_cameraNtNtB5_6camera6CameraECs8Ms6z1a2Slm_6simple
FNDA:0,_RINvMs_CsbNX9HHuxWdy_16wgpu_3dgs_viewerNtB5_6Viewer16new_with_optionsNtNtCsgVYjDsZAYrh_14wgpu_3dgs_core8gaussian9GaussiansECs8Ms6z1a2Slm_6simple
FNDA:0,_RNCNvXs0_CsbNX9HHuxWdy_16wgpu_3dgs_viewerINtB7_19ViewerCreateOptionsNtNtNtCsgVYjDsZAYrh_14wgpu_3dgs_core6buffer8gaussian41GaussianPodWithShSingleCov3dSingleConfigsNtNtB7_12depth_sorter11RadixSorterFG_INtB7_37ViewerCreateDepthSorterFactoryContextL0_B14_EEB2B_ENtNtCs9OCfJ4KTcUD_4core7default7Default7default0Cs8Ms6z1a2Slm_6simple
FNDA:0,_RNvMs_CsbNX9HHuxWdy_16wgpu_3dgs_viewerNtB4_6Viewer22update_model_transformCs8Ms6z1a2Slm_6simple
FNDA:0,_RNvMs_CsbNX9HHuxWdy_16wgpu_3dgs_viewerNtB4_6Viewer25update_gaussian_transformCs8Ms6z1a2Slm_6simple
FNDA:0,_RNvMs_CsbNX9HHuxWdy_16wgpu_3dgs_viewerNtB4_6Viewer6renderCs8Ms6z1a2Slm_6simple
FNDA:0,_RNvXs0_CsbNX9HHuxWdy_16wgpu_3dgs_viewerINtB5_19ViewerCreateOptionsNtNtNtCsgVYjDsZAYrh_14wgpu_3dgs_core6buffer8gaussian41GaussianPodWithShSingleCov3dSingleConfigsNtNtB5_12depth_sorter11RadixSorterFG_INtB5_37ViewerCreateDepthSorterFactoryContextL0_B12_EEB2z_ENtNtCs9OCfJ4KTcUD_4core7default7Default7defaultCs8Ms6z1a2Slm_6simple
FNF:11
FNH:11
DA:92,7
DA:93,7
DA:94,7
DA:95,7
DA:96,7
DA:97,7
DA:98,7
DA:99,7
DA:100,7
DA:101,7
DA:103,7
DA:108,15
DA:109,15
DA:110,15
DA:111,15
DA:112,15
DA:113,15
DA:114,15
DA:115,15
DA:117,15
DA:118,15
DA:120,15
DA:121,15
DA:123,15
DA:124,15
DA:125,15
DA:127,15
DA:128,15
DA:130,15
DA:131,15
DA:134,15
DA:136,15
DA:137,15
DA:139,15
DA:140,15
DA:143,15
DA:144,15
DA:145,15
DA:149,15
DA:150,15
DA:151,15
DA:154,15
DA:155,15
DA:156,15
DA:157,15
DA:158,15
DA:159,15
DA:160,15
DA:161,15
DA:162,15
DA:163,15
DA:164,15
DA:166,15
DA:168,15
DA:169,0
DA:171,15
DA:172,15
DA:173,15
DA:174,15
DA:175,15
DA:176,15
DA:177,15
DA:178,15
DA:179,15
DA:180,15
DA:181,15
DA:182,15
DA:183,15
DA:184,15
DA:185,15
DA:186,15
DA:187,15
DA:188,15
DA:190,15
DA:193,15
DA:194,15
DA:195,15
DA:196,15
DA:197,15
DA:198,15
DA:199,15
DA:200,15
DA:201,15
DA:202,15
DA:203,15
DA:204,15
DA:205,15
DA:206,15
DA:207,15
DA:208,0
DA:210,15
DA:212,15
DA:213,15
DA:214,15
DA:215,15
DA:216,15
DA:217,15
DA:218,15
DA:219,15
DA:220,15
DA:221,15
DA:222,15
DA:223,15
DA:224,15
DA:225,15
DA:226,15
DA:227,15
DA:228,15
DA:229,15
DA:230,15
DA:233,197
DA:234,197
DA:235,197
DA:236,197
DA:237,197
DA:238,197
DA:239,197
DA:240,197
DA:243,12
DA:244,12
DA:245,12
DA:248,2
DA:249,2
DA:250,2
DA:251,2
DA:252,2
DA:253,2
DA:254,2
DA:255,2
DA:256,2
DA:259,1
DA:260,1
DA:261,1
DA:262,1
DA:263,1
DA:264,1
DA:265,1
DA:268,1
DA:269,1
DA:270,1
DA:271,1
DA:272,1
DA:273,1
DA:274,1
DA:275,1
DA:276,1
DA:277,1
DA:278,1
DA:279,1
DA:280,1
DA:281,1
DA:282,1
DA:283,1
DA:285,1
DA:288,1
DA:289,1
DA:290,1
DA:291,1
DA:292,1
DA:293,1
DA:294,1
DA:297,210
DA:298,210
DA:299,210
DA:301,210
DA:302,210
DA:304,210
DA:305,210
DA:306,210
DA:356,14
DA:358,14
DA:361,14
DA:362,14
DA:363,14
DA:364,14
DA:365,14
DA:366,14
DA:368,14
DA:369,14
DA:371,14
BRF:0
BRH:0
LF:180
LH:178
end_of_record
SF:C:\Users\s2010\Me\Codes\Rust\wgpu-3dgs-viewer\src\multi_model.rs
FN:28,_RINvMNtCsbNX9HHuxWdy_16wgpu_3dgs_viewer11multi_modelNtB3_28MultiModelViewerWorldBuffers13update_cameraNtNtB5_6camera6CameraECsd19xnTb4ujY_3mod
FN:236,_RINvMs0_NtCsbNX9HHuxWdy_16wgpu_3dgs_viewer11multi_modelNtB6_26MultiModelViewerBindGroups3newNtNtNtCsgVYjDsZAYrh_14wgpu_3dgs_core6buffer8gaussian41GaussianPodWithShSingleCov3dSingleConfigsECsd19xnTb4ujY_3mod
FN:384,_RINvMs2_NtCsbNX9HHuxWdy_16wgpu_3dgs_viewer11multi_modelINtB6_16MultiModelViewerNtNtNtCsgVYjDsZAYrh_14wgpu_3dgs_core6buffer8gaussian41GaussianPodWithShSingleCov3dSingleConfigsINtNtB8_12depth_sorter11RadixSorteruEReE12insert_modelINtNtCsckSb6QcKe7J_5alloc3vec3VecNtNtB1l_8gaussian8GaussianEECsd19xnTb4ujY_3mod
FN:429,_RINvMs2_NtCsbNX9HHuxWdy_16wgpu_3dgs_viewer11multi_modelINtB6_16MultiModelViewerNtNtNtCsgVYjDsZAYrh_14wgpu_3dgs_core6buffer8gaussian41GaussianPodWithShSingleCov3dSingleConfigsINtNtB8_12depth_sorter11RadixSorteruEReE13update_cameraNtNtB8_6camera6CameraECsd19xnTb4ujY_3mod
FN:397,_RINvMs2_NtCsbNX9HHuxWdy_16wgpu_3dgs_viewer11multi_modelINtB6_16MultiModelViewerNtNtNtCsgVYjDsZAYrh_14wgpu_3dgs_core6buffer8gaussian41GaussianPodWithShSingleCov3dSingleConfigsINtNtB8_12depth_sorter11RadixSorteruEReE17insert_model_withINtNtCsckSb6QcKe7J_5alloc3vec3VecNtNtB1l_8gaussian8GaussianEECsd19xnTb4ujY_3mod
FN:94,_RINvMs_NtCsbNX9HHuxWdy_16wgpu_3dgs_viewer11multi_modelNtB5_31MultiModelViewerGaussianBuffers8new_withINtNtCsckSb6QcKe7J_5alloc3vec3VecNtNtCsgVYjDsZAYrh_14wgpu_3dgs_core8gaussian8GaussianEECsd19xnTb4ujY_3mod
FN:515,_RNCNvMs2_NtCsbNX9HHuxWdy_16wgpu_3dgs_viewer11multi_modelINtB7_16MultiModelViewerNtNtNtCsgVYjDsZAYrh_14wgpu_3dgs_core6buffer8gaussian41GaussianPodWithShSingleCov3dSingleConfigsINtNtB9_12depth_sorter11RadixSorteruEReE6render0Csd19xnTb4ujY_3mod
FN:606,_RNCNvXs3_NtCsbNX9HHuxWdy_16wgpu_3dgs_viewer11multi_modelINtB7_29MultiModelViewerCreateOptionsNtNtNtCsgVYjDsZAYrh_14wgpu_3dgs_core6buffer8gaussian41GaussianPodWithShSingleCov3dSingleConfigsINtNtB9_12depth_sorter11RadixSorteruEFG_INtB7_47MultiModelViewerCreateDepthSorterFactoryContextL0_EEB30_ENtNtCs9OCfJ4KTcUD_4core7default7Default7default0Csd19xnTb4ujY_3mod
FN:318,_RNvMs1_NtCsbNX9HHuxWdy_16wgpu_3dgs_viewer11multi_modelINtB5_16MultiModelViewerNtNtNtCsgVYjDsZAYrh_14wgpu_3dgs_core6buffer8gaussian41GaussianPodWithShSingleCov3dSingleConfigsINtNtB7_12depth_sorter11RadixSorteruEReE3newCsd19xnTb4ujY_3mod
FN:424,_RNvMs2_NtCsbNX9HHuxWdy_16wgpu_3dgs_viewer11multi_modelINtB5_16MultiModelViewerNtNtNtCsgVYjDsZAYrh_14wgpu_3dgs_core6buffer8gaussian41GaussianPodWithShSingleCov3dSingleConfigsINtNtB7_12depth_sorter11RadixSorteruEReE12remove_modelCsd19xnTb4ujY_3mod
FN:338,_RNvMs2_NtCsbNX9HHuxWdy_16wgpu_3dgs_viewer11multi_modelINtB5_16MultiModelViewerNtNtNtCsgVYjDsZAYrh_14wgpu_3dgs_core6buffer8gaussian41GaussianPodWithShSingleCov3dSingleConfigsINtNtB7_12depth_sorter11RadixSorteruEReE16new_with_optionsCsd19xnTb4ujY_3mod
FN:440,_RNvMs2_NtCsbNX9HHuxWdy_16wgpu_3dgs_viewer11multi_modelINtB5_16MultiModelViewerNtNtNtCsgVYjDsZAYrh_14wgpu_3dgs_core6buffer8gaussian41GaussianPodWithShSingleCov3dSingleConfigsINtNtB7_12depth_sorter11RadixSorteruEReE22update_camera_with_podCsd19xnTb4ujY_3mod
FN:445,_RNvMs2_NtCsbNX9HHuxWdy_16wgpu_3dgs_viewer11multi_modelINtB5_16MultiModelViewerNtNtNtCsgVYjDsZAYrh_14wgpu_3dgs_core6buffer8gaussian41GaussianPodWithShSingleCov3dSingleConfigsINtNtB7_12depth_sorter11RadixSorteruEReE22update_model_transformCsd19xnTb4ujY_3mod
FN:477,_RNvMs2_NtCsbNX9HHuxWdy_16wgpu_3dgs_viewer11multi_modelINtB5_16MultiModelViewerNtNtNtCsgVYjDsZAYrh_14wgpu_3dgs_core6buffer8gaussian41GaussianPodWithShSingleCov3dSingleConfigsINtNtB7_12depth_sorter11RadixSorteruEReE25update_gaussian_transformCsd19xnTb4ujY_3mod
FN:462,_RNvMs2_NtCsbNX9HHuxWdy_16wgpu_3dgs_viewer11multi_modelINtB5_16MultiModelViewerNtNtNtCsgVYjDsZAYrh_14wgpu_3dgs_core6buffer8gaussian41GaussianPodWithShSingleCov3dSingleConfigsINtNtB7_12depth_sorter11RadixSorteruEReE31update_model_transform_with_podCsd19xnTb4ujY_3mod
FN:497,_RNvMs2_NtCsbNX9HHuxWdy_16wgpu_3dgs_viewer11multi_modelINtB5_16MultiModelViewerNtNtNtCsgVYjDsZAYrh_14wgpu_3dgs_core6buffer8gaussian41GaussianPodWithShSingleCov3dSingleConfigsINtNtB7_12depth_sorter11RadixSorteruEReE34update_gaussian_transform_with_podCsd19xnTb4ujY_3mod
FN:507,_RNvMs2_NtCsbNX9HHuxWdy_16wgpu_3dgs_viewer11multi_modelINtB5_16MultiModelViewerNtNtNtCsgVYjDsZAYrh_14wgpu_3dgs_core6buffer8gaussian41GaussianPodWithShSingleCov3dSingleConfigsINtNtB7_12depth_sorter11RadixSorteruEReE6renderCsd19xnTb4ujY_3mod
FN:153,_RNvMs_NtCsbNX9HHuxWdy_16wgpu_3dgs_viewer11multi_modelNtB4_31MultiModelViewerGaussianBuffers14new_empty_withCsd19xnTb4ujY_3mod
FN:204,_RNvMs_NtCsbNX9HHuxWdy_16wgpu_3dgs_viewer11multi_modelNtB4_31MultiModelViewerGaussianBuffers22update_model_transformCsd19xnTb4ujY_3mod
FN:215,_RNvMs_NtCsbNX9HHuxWdy_16wgpu_3dgs_viewer11multi_modelNtB4_31MultiModelViewerGaussianBuffers31update_model_transform_with_podCsd19xnTb4ujY_3mod
FN:148,_RNvMs_NtCsbNX9HHuxWdy_16wgpu_3dgs_viewer11multi_modelNtB4_31MultiModelViewerGaussianBuffers9new_emptyCsd19xnTb4ujY_3mod
FN:600,_RNvXs3_NtCsbNX9HHuxWdy_16wgpu_3dgs_viewer11multi_modelINtB5_29MultiModelViewerCreateOptionsNtNtNtCsgVYjDsZAYrh_14wgpu_3dgs_core6buffer8gaussian41GaussianPodWithShSingleCov3dSingleConfigsINtNtB7_12depth_sorter11RadixSorteruEFG_INtB5_47MultiModelViewerCreateDepthSorterFactoryContextL0_EEB2Y_ENtNtCs9OCfJ4KTcUD_4core7default7Default7defaultCsd19xnTb4ujY_3mod
FN:38,_RNvMNtCsbNX9HHuxWdy_16wgpu_3dgs_viewer11multi_modelNtB2_28MultiModelViewerWorldBuffers22update_camera_with_pod
FN:43,_RNvMNtCsbNX9HHuxWdy_16wgpu_3dgs_viewer11multi_modelNtB2_28MultiModelViewerWorldBuffers25update_gaussian_transform
FN:63,_RNvMNtCsbNX9HHuxWdy_16wgpu_3dgs_viewer11multi_modelNtB2_28MultiModelViewerWorldBuffers34update_gaussian_transform_with_pod
FN:14,_RNvMNtCsbNX9HHuxWdy_16wgpu_3dgs_viewer11multi_modelNtB2_28MultiModelViewerWorldBuffers3new
FN:28,_RINvMNtCsbNX9HHuxWdy_16wgpu_3dgs_viewer11multi_modelNtB3_28MultiModelViewerWorldBuffers13update_camerapEB5_
FN:236,_RINvMs0_NtCsbNX9HHuxWdy_16wgpu_3dgs_viewer11multi_modelINtB6_26MultiModelViewerBindGroupspE3newpEB8_
FN:384,_RINvMs2_NtCsbNX9HHuxWdy_16wgpu_3dgs_viewer11multi_modelINtB6_16MultiModelViewerpppE12insert_modelpEB8_
FN:429,_RINvMs2_NtCsbNX9HHuxWdy_16wgpu_3dgs_viewer11multi_modelINtB6_16MultiModelViewerpppE13update_camerapEB8_
FN:397,_RINvMs2_NtCsbNX9HHuxWdy_16wgpu_3dgs_viewer11multi_modelINtB6_16MultiModelViewerpppE17insert_model_withpEB8_
FN:89,_RINvMs_NtCsbNX9HHuxWdy_16wgpu_3dgs_viewer11multi_modelINtB5_31MultiModelViewerGaussianBufferspE3newpEB7_
FN:94,_RINvMs_NtCsbNX9HHuxWdy_16wgpu_3dgs_viewer11multi_modelINtB5_31MultiModelViewerGaussianBufferspE8new_withpEB7_
FN:515,_RNCNvMs2_NtCsbNX9HHuxWdy_16wgpu_3dgs_viewer11multi_modelINtB7_16MultiModelViewerpppE6render0B9_
FN:606,_RNCNvXININtCsbNX9HHuxWdy_16wgpu_3dgs_viewer11multi_models3_0pEINtB7_29MultiModelViewerCreateOptionspINtNtB9_12depth_sorter11RadixSorteruEFG_INtB7_47MultiModelViewerCreateDepthSorterFactoryContextL0_EEB1A_ENtNtCs9OCfJ4KTcUD_4core7default7Default7default0B9_
FN:318,_RNvMs1_NtCsbNX9HHuxWdy_16wgpu_3dgs_viewer11multi_modelINtB5_16MultiModelViewerpINtNtB7_12depth_sorter11RadixSorteruEpE3newB7_
FN:424,_RNvMs2_NtCsbNX9HHuxWdy_16wgpu_3dgs_viewer11multi_modelINtB5_16MultiModelViewerpppE12remove_modelB7_
FN:338,_RNvMs2_NtCsbNX9HHuxWdy_16wgpu_3dgs_viewer11multi_modelINtB5_16MultiModelViewerpppE16new_with_optionsB7_
FN:440,_RNvMs2_NtCsbNX9HHuxWdy_16wgpu_3dgs_viewer11multi_modelINtB5_16MultiModelViewerpppE22update_camera_with_podB7_
FN:445,_RNvMs2_NtCsbNX9HHuxWdy_16wgpu_3dgs_viewer11multi_modelINtB5_16MultiModelViewerpppE22update_model_transformB7_
FN:477,_RNvMs2_NtCsbNX9HHuxWdy_16wgpu_3dgs_viewer11multi_modelINtB5_16MultiModelViewerpppE25update_gaussian_transformB7_
FN:462,_RNvMs2_NtCsbNX9HHuxWdy_16wgpu_3dgs_viewer11multi_modelINtB5_16MultiModelViewerpppE31update_model_transform_with_podB7_
FN:497,_RNvMs2_NtCsbNX9HHuxWdy_16wgpu_3dgs_viewer11multi_modelINtB5_16MultiModelViewerpppE34update_gaussian_transform_with_podB7_
FN:507,_RNvMs2_NtCsbNX9HHuxWdy_16wgpu_3dgs_viewer11multi_modelINtB5_16MultiModelViewerpppE6renderB7_
FN:153,_RNvMs_NtCsbNX9HHuxWdy_16wgpu_3dgs_viewer11multi_modelINtB4_31MultiModelViewerGaussianBufferspE14new_empty_withB6_
FN:204,_RNvMs_NtCsbNX9HHuxWdy_16wgpu_3dgs_viewer11multi_modelINtB4_31MultiModelViewerGaussianBufferspE22update_model_transformB6_
FN:215,_RNvMs_NtCsbNX9HHuxWdy_16wgpu_3dgs_viewer11multi_modelINtB4_31MultiModelViewerGaussianBufferspE31update_model_transform_with_podB6_
FN:148,_RNvMs_NtCsbNX9HHuxWdy_16wgpu_3dgs_viewer11multi_modelINtB4_31MultiModelViewerGaussianBufferspE9new_emptyB6_
FN:600,_RNvXININtCsbNX9HHuxWdy_16wgpu_3dgs_viewer11multi_models3_0pEINtB5_29MultiModelViewerCreateOptionspINtNtB7_12depth_sorter11RadixSorteruEFG_INtB5_47MultiModelViewerCreateDepthSorterFactoryContextL0_EEB1y_ENtNtCs9OCfJ4KTcUD_4core7default7Default7defaultB7_
FN:28,_RINvMNtCsjtpqP8IvRXl_16wgpu_3dgs_viewer11multi_modelNtB3_28MultiModelViewerWorldBuffers13update_camerapEB5_
FN:236,_RINvMs0_NtCsjtpqP8IvRXl_16wgpu_3dgs_viewer11multi_modelINtB6_26MultiModelViewerBindGroupspE3newpEB8_
FN:384,_RINvMs2_NtCsjtpqP8IvRXl_16wgpu_3dgs_viewer11multi_modelINtB6_16MultiModelViewerpppE12insert_modelpEB8_
FN:429,_RINvMs2_NtCsjtpqP8IvRXl_16wgpu_3dgs_viewer11multi_modelINtB6_16MultiModelViewerpppE13update_camerapEB8_
FN:397,_RINvMs2_NtCsjtpqP8IvRXl_16wgpu_3dgs_viewer11multi_modelINtB6_16MultiModelViewerpppE17insert_model_withpEB8_
FN:89,_RINvMs_NtCsjtpqP8IvRXl_16wgpu_3dgs_viewer11multi_modelINtB5_31MultiModelViewerGaussianBufferspE3newpEB7_
FN:94,_RINvMs_NtCsjtpqP8IvRXl_16wgpu_3dgs_viewer11multi_modelINtB5_31MultiModelViewerGaussianBufferspE8new_withpEB7_
FN:515,_RNCNvMs2_NtCsjtpqP8IvRXl_16wgpu_3dgs_viewer11multi_modelINtB7_16MultiModelViewerpppE6render0B9_
FN:606,_RNCNvXININtCsjtpqP8IvRXl_16wgpu_3dgs_viewer11multi_models3_0pEINtB7_29MultiModelViewerCreateOptionspINtNtB9_12depth_sorter11RadixSorteruEFG_INtB7_47MultiModelViewerCreateDepthSorterFactoryContextL0_EEB1A_ENtNtCs9OCfJ4KTcUD_4core7default7Default7default0B9_
FN:38,_RNvMNtCsjtpqP8IvRXl_16wgpu_3dgs_viewer11multi_modelNtB2_28MultiModelViewerWorldBuffers22update_camera_with_pod
FN:43,_RNvMNtCsjtpqP8IvRXl_16wgpu_3dgs_viewer11multi_modelNtB2_28MultiModelViewerWorldBuffers25update_gaussian_transform
FN:63,_RNvMNtCsjtpqP8IvRXl_16wgpu_3dgs_viewer11multi_modelNtB2_28MultiModelViewerWorldBuffers34update_gaussian_transform_with_pod
FN:14,_RNvMNtCsjtpqP8IvRXl_16wgpu_3dgs_viewer11multi_modelNtB2_28MultiModelViewerWorldBuffers3new
FN:318,_RNvMs1_NtCsjtpqP8IvRXl_16wgpu_3dgs_viewer11multi_modelINtB5_16MultiModelViewerpINtNtB7_12depth_sorter11RadixSorteruEpE3newB7_
FN:424,_RNvMs2_NtCsjtpqP8IvRXl_16wgpu_3dgs_viewer11multi_modelINtB5_16MultiModelViewerpppE12remove_modelB7_
FN:338,_RNvMs2_NtCsjtpqP8IvRXl_16wgpu_3dgs_viewer11multi_modelINtB5_16MultiModelViewerpppE16new_with_optionsB7_
FN:440,_RNvMs2_NtCsjtpqP8IvRXl_16wgpu_3dgs_viewer11multi_modelINtB5_16MultiModelViewerpppE22update_camera_with_podB7_
FN:445,_RNvMs2_NtCsjtpqP8IvRXl_16wgpu_3dgs_viewer11multi_modelINtB5_16MultiModelViewerpppE22update_model_transformB7_
FN:477,_RNvMs2_NtCsjtpqP8IvRXl_16wgpu_3dgs_viewer11multi_modelINtB5_16MultiModelViewerpppE25update_gaussian_transformB7_
FN:462,_RNvMs2_NtCsjtpqP8IvRXl_16wgpu_3dgs_viewer11multi_modelINtB5_16MultiModelViewerpppE31update_model_transform_with_podB7_
FN:497,_RNvMs2_NtCsjtpqP8IvRXl_16wgpu_3dgs_viewer11multi_modelINtB5_16MultiModelViewerpppE34update_gaussian_transform_with_podB7_
FN:507,_RNvMs2_NtCsjtpqP8IvRXl_16wgpu_3dgs_viewer11multi_modelINtB5_16MultiModelViewerpppE6renderB7_
FN:153,_RNvMs_NtCsjtpqP8IvRXl_16wgpu_3dgs_viewer11multi_modelINtB4_31MultiModelViewerGaussianBufferspE14new_empty_withB6_
FN:204,_RNvMs_NtCsjtpqP8IvRXl_16wgpu_3dgs_viewer11multi_modelINtB4_31MultiModelViewerGaussianBufferspE22update_model_transformB6_
FN:215,_RNvMs_NtCsjtpqP8IvRXl_16wgpu_3dgs_viewer11multi_modelINtB4_31MultiModelViewerGaussianBufferspE31update_model_transform_with_podB6_
FN:148,_RNvMs_NtCsjtpqP8IvRXl_16wgpu_3dgs_viewer11multi_modelINtB4_31MultiModelViewerGaussianBufferspE9new_emptyB6_
FN:600,_RNvXININtCsjtpqP8IvRXl_16wgpu_3dgs_viewer11multi_models3_0pEINtB5_29MultiModelViewerCreateOptionspINtNtB7_12depth_sorter11RadixSorteruEFG_INtB5_47MultiModelViewerCreateDepthSorterFactoryContextL0_EEB1y_ENtNtCs9OCfJ4KTcUD_4core7default7Default7defaultB7_
FN:28,_RINvMNtCsbNX9HHuxWdy_16wgpu_3dgs_viewer11multi_modelNtB3_28MultiModelViewerWorldBuffers13update_cameraNtNtB5_6camera6CameraECsUZ5IE1q7M0_11multi_model
FN:236,_RINvMs0_NtCsbNX9HHuxWdy_16wgpu_3dgs_viewer11multi_modelNtB6_26MultiModelViewerBindGroups3newNtNtNtCsgVYjDsZAYrh_14wgpu_3dgs_core6buffer8gaussian41GaussianPodWithShSingleCov3dSingleConfigsECsUZ5IE1q7M0_11multi_model
FN:384,_RINvMs2_NtCsbNX9HHuxWdy_16wgpu_3dgs_viewer11multi_modelINtB6_16MultiModelViewerNtNtNtCsgVYjDsZAYrh_14wgpu_3dgs_core6buffer8gaussian41GaussianPodWithShSingleCov3dSingleConfigsINtNtB8_12depth_sorter11RadixSorteruEjE12insert_modelNtNtB1l_8gaussian9GaussiansECsUZ5IE1q7M0_11multi_model
FN:429,_RINvMs2_NtCsbNX9HHuxWdy_16wgpu_3dgs_viewer11multi_modelINtB6_16MultiModelViewerNtNtNtCsgVYjDsZAYrh_14wgpu_3dgs_core6buffer8gaussian41GaussianPodWithShSingleCov3dSingleConfigsINtNtB8_12depth_sorter11RadixSorteruEjE13update_cameraNtNtB8_6camera6CameraECsUZ5IE1q7M0_11multi_model
FN:397,_RINvMs2_NtCsbNX9HHuxWdy_16wgpu_3dgs_viewer11multi_modelINtB6_16MultiModelViewerNtNtNtCsgVYjDsZAYrh_14wgpu_3dgs_core6buffer8gaussian41GaussianPodWithShSingleCov3dSingleConfigsINtNtB8_12depth_sorter11RadixSorteruEjE17insert_model_withNtNtB1l_8gaussian9GaussiansECsUZ5IE1q7M0_11multi_model
FN:94,_RINvMs_NtCsbNX9HHuxWdy_16wgpu_3dgs_viewer11multi_modelNtB5_31MultiModelViewerGaussianBuffers8new_withNtNtCsgVYjDsZAYrh_14wgpu_3dgs_core8gaussian9GaussiansECsUZ5IE1q7M0_11multi_model
FN:515,_RNCNvMs2_NtCsbNX9HHuxWdy_16wgpu_3dgs_viewer11multi_modelINtB7_16MultiModelViewerNtNtNtCsgVYjDsZAYrh_14wgpu_3dgs_core6buffer8gaussian41GaussianPodWithShSingleCov3dSingleConfigsINtNtB9_12depth_sorter11RadixSorteruEjE6render0CsUZ5IE1q7M0_11multi_model
FN:606,_RNCNvXs3_NtCsbNX9HHuxWdy_16wgpu_3dgs_viewer11multi_modelINtB7_29MultiModelViewerCreateOptionsNtNtNtCsgVYjDsZAYrh_14wgpu_3dgs_core6buffer8gaussian41GaussianPodWithShSingleCov3dSingleConfigsINtNtB9_12depth_sorter11RadixSorteruEFG_INtB7_47MultiModelViewerCreateDepthSorterFactoryContextL0_EEB30_ENtNtCs9OCfJ4KTcUD_4core7default7Default7default0CsUZ5IE1q7M0_11multi_model
FN:318,_RNvMs1_NtCsbNX9HHuxWdy_16wgpu_3dgs_viewer11multi_modelINtB5_16MultiModelViewerNtNtNtCsgVYjDsZAYrh_14wgpu_3dgs_core6buffer8gaussian41GaussianPodWithShSingleCov3dSingleConfigsINtNtB7_12depth_sorter11RadixSorteruEjE3newCsUZ5IE1q7M0_11multi_model
FN:338,_RNvMs2_NtCsbNX9HHuxWdy_16wgpu_3dgs_viewer11multi_modelINtB5_16MultiModelViewerNtNtNtCsgVYjDsZAYrh_14wgpu_3dgs_core6buffer8gaussian41GaussianPodWithShSingleCov3dSingleConfigsINtNtB7_12depth_sorter11RadixSorteruEjE16new_with_optionsCsUZ5IE1q7M0_11multi_model
FN:445,_RNvMs2_NtCsbNX9HHuxWdy_16wgpu_3dgs_viewer11multi_modelINtB5_16MultiModelViewerNtNtNtCsgVYjDsZAYrh_14wgpu_3dgs_core6buffer8gaussian41GaussianPodWithShSingleCov3dSingleConfigsINtNtB7_12depth_sorter11RadixSorteruEjE22update_model_transformCsUZ5IE1q7M0_11multi_model
FN:507,_RNvMs2_NtCsbNX9HHuxWdy_16wgpu_3dgs_viewer11multi_modelINtB5_16MultiModelViewerNtNtNtCsgVYjDsZAYrh_14wgpu_3dgs_core6buffer8gaussian41GaussianPodWithShSingleCov3dSingleConfigsINtNtB7_12depth_sorter11RadixSorteruEjE6renderCsUZ5IE1q7M0_11multi_model
FN:204,_RNvMs_NtCsbNX9HHuxWdy_16wgpu_3dgs_viewer11multi_modelNtB4_31MultiModelViewerGaussianBuffers22update_model_transformCsUZ5IE1q7M0_11multi_model
FN:600,_RNvXs3_NtCsbNX9HHuxWdy_16wgpu_3dgs_viewer11multi_modelINtB5_29MultiModelViewerCreateOptionsNtNtNtCsgVYjDsZAYrh_14wgpu_3dgs_core6buffer8gaussian41GaussianPodWithShSingleCov3dSingleConfigsINtNtB7_12depth_sorter11RadixSorteruEFG_INtB5_47MultiModelViewerCreateDepthSorterFactoryContextL0_EEB2Y_ENtNtCs9OCfJ4KTcUD_4core7default7Default7defaultCsUZ5IE1q7M0_11multi_model
FNDA:1,_RINvMNtCsbNX9HHuxWdy_16wgpu_3dgs_viewer11multi_modelNtB3_28MultiModelViewerWorldBuffers13update_cameraNtNtB5_6camera6CameraECsd19xnTb4ujY_3mod
FNDA:16,_RINvMs0_NtCsbNX9HHuxWdy_16wgpu_3dgs_viewer11multi_modelNtB6_26MultiModelViewerBindGroups3newNtNtNtCsgVYjDsZAYrh_14wgpu_3dgs_core6buffer8gaussian41GaussianPodWithShSingleCov3dSingleConfigsECsd19xnTb4ujY_3mod
FNDA:16,_RINvMs2_NtCsbNX9HHuxWdy_16wgpu_3dgs_viewer11multi_modelINtB6_16MultiModelViewerNtNtNtCsgVYjDsZAYrh_14wgpu_3dgs_core6buffer8gaussian41GaussianPodWithShSingleCov3dSingleConfigsINtNtB8_12depth_sorter11RadixSorteruEReE12insert_modelINtNtCsckSb6QcKe7J_5alloc3vec3VecNtNtB1l_8gaussian8GaussianEECsd19xnTb4ujY_3mod
FNDA:1,_RINvMs2_NtCsbNX9HHuxWdy_16wgpu_3dgs_viewer11multi_modelINtB6_16MultiModelViewerNtNtNtCsgVYjDsZAYrh_14wgpu_3dgs_core6buffer8gaussian41GaussianPodWithShSingleCov3dSingleConfigsINtNtB8_12depth_sorter11RadixSorteruEReE13update_cameraNtNtB8_6camera6CameraECsd19xnTb4ujY_3mod
FNDA:16,_RINvMs2_NtCsbNX9HHuxWdy_16wgpu_3dgs_viewer11multi_modelINtB6_16MultiModelViewerNtNtNtCsgVYjDsZAYrh_14wgpu_3dgs_core6buffer8gaussian41GaussianPodWithShSingleCov3dSingleConfigsINtNtB8_12depth_sorter11RadixSorteruEReE17insert_model_withINtNtCsckSb6QcKe7J_5alloc3vec3VecNtNtB1l_8gaussian8GaussianEECsd19xnTb4ujY_3mod
FNDA:16,_RINvMs_NtCsbNX9HHuxWdy_16wgpu_3dgs_viewer11multi_modelNtB5_31MultiModelViewerGaussianBuffers8new_withINtNtCsckSb6QcKe7J_5alloc3vec3VecNtNtCsgVYjDsZAYrh_14wgpu_3dgs_core8gaussian8GaussianEECsd19xnTb4ujY_3mod
FNDA:15,_RNCNvMs2_NtCsbNX9HHuxWdy_16wgpu_3dgs_viewer11multi_modelINtB7_16MultiModelViewerNtNtNtCsgVYjDsZAYrh_14wgpu_3dgs_core6buffer8gaussian41GaussianPodWithShSingleCov3dSingleConfigsINtNtB9_12depth_sorter11RadixSorteruEReE6render0Csd19xnTb4ujY_3mod
FNDA:8,_RNCNvXs3_NtCsbNX9HHuxWdy_16wgpu_3dgs_viewer11multi_modelINtB7_29MultiModelViewerCreateOptionsNtNtNtCsgVYjDsZAYrh_14wgpu_3dgs_core6buffer8gaussian41GaussianPodWithShSingleCov3dSingleConfigsINtNtB9_12depth_sorter11RadixSorteruEFG_INtB7_47MultiModelViewerCreateDepthSorterFactoryContextL0_EEB30_ENtNtCs9OCfJ4KTcUD_4core7default7Default7default0Csd19xnTb4ujY_3mod
FNDA:8,_RNvMs1_NtCsbNX9HHuxWdy_16wgpu_3dgs_viewer11multi_modelINtB5_16MultiModelViewerNtNtNtCsgVYjDsZAYrh_14wgpu_3dgs_core6buffer8gaussian41GaussianPodWithShSingleCov3dSingleConfigsINtNtB7_12depth_sorter11RadixSorteruEReE3newCsd19xnTb4ujY_3mod
FNDA:1,_RNvMs2_NtCsbNX9HHuxWdy_16wgpu_3dgs_viewer11multi_modelINtB5_16MultiModelViewerNtNtNtCsgVYjDsZAYrh_14wgpu_3dgs_core6buffer8gaussian41GaussianPodWithShSingleCov3dSingleConfigsINtNtB7_12depth_sorter11RadixSorteruEReE12remove_modelCsd19xnTb4ujY_3mod
FNDA:8,_RNvMs2_NtCsbNX9HHuxWdy_16wgpu_3dgs_viewer11multi_modelINtB5_16MultiModelViewerNtNtNtCsgVYjDsZAYrh_14wgpu_3dgs_core6buffer8gaussian41GaussianPodWithShSingleCov3dSingleConfigsINtNtB7_12depth_sorter11RadixSorteruEReE16new_with_optionsCsd19xnTb4ujY_3mod
FNDA:7,_RNvMs2_NtCsbNX9HHuxWdy_16wgpu_3dgs_viewer11multi_modelINtB5_16MultiModelViewerNtNtNtCsgVYjDsZAYrh_14wgpu_3dgs_core6buffer8gaussian41GaussianPodWithShSingleCov3dSingleConfigsINtNtB7_12depth_sorter11RadixSorteruEReE22update_camera_with_podCsd19xnTb4ujY_3mod
[...]
FNDA:0,_RNvXsc_NtNtCsjtpqP8IvRXl_16wgpu_3dgs_viewer9selection6bufferNtB5_33PreprocessorInvertSelectionBufferINtNtCs9OCfJ4KTcUD_4core7convert7TryFromNtNtNtCslUPZSKK4PRh_4wgpu3api6buffer6BufferE8try_from
FNF:21
FNH:21
DA:16,11
DA:17,11
DA:18,11
DA:19,11
DA:20,11
DA:21,11
DA:22,11
DA:23,11
DA:24,11
DA:25,11
DA:26,11
DA:27,11
DA:28,11
DA:29,11
DA:30,11
DA:32,11
DA:34,11
DA:35,11
DA:38,23
DA:39,23
DA:40,23
DA:43,21
DA:44,21
DA:45,21
DA:57,15
DA:58,15
DA:59,15
DA:60,15
DA:61,15
DA:62,15
DA:63,15
DA:65,15
DA:66,15
DA:69,22
DA:70,22
DA:71,22
DA:75,34
DA:76,34
DA:77,34
DA:81,1
DA:82,1
DA:83,1
DA:89,2
DA:90,2
DA:91,2
DA:106,8
DA:107,8
DA:108,8
DA:109,8
DA:110,8
DA:111,8
DA:112,8
DA:114,8
DA:115,8
DA:118,9
DA:119,9
DA:120,9
DA:124,13
DA:125,13
DA:126,13
DA:130,1
DA:131,1
DA:132,1
DA:138,2
DA:139,2
DA:140,2
DA:157,33
DA:158,33
DA:159,33
DA:160,33
DA:161,33
DA:162,33
DA:164,33
DA:165,33
DA:168,2
DA:169,2
DA:170,2
DA:171,2
DA:175,39
DA:176,39
DA:177,39
DA:181,1
DA:182,1
DA:183,1
DA:189,2
DA:190,2
DA:191,2
BRF:0
BRH:0
LF:90
LH:90
end_of_record
SF:C:\Users\s2010\Me\Codes\Rust\wgpu-3dgs-viewer\src\selection\viewport.rs
FN:41,_RINvNtNtCsbNX9HHuxWdy_16wgpu_3dgs_viewer9selection8viewport22create_viewport_bundleNtNtNtCsgVYjDsZAYrh_14wgpu_3dgs_core6buffer8gaussian41GaussianPodWithShSingleCov3dSingleConfigsECsd19xnTb4ujY_3mod
FN:41,_RINvNtNtCsbNX9HHuxWdy_16wgpu_3dgs_viewer9selection8viewport22create_viewport_bundlepEB6_
FN:41,_RINvNtNtCsjtpqP8IvRXl_16wgpu_3dgs_viewer9selection8viewport22create_viewport_bundlepEB6_
FN:41,_RINvNtNtCsbNX9HHuxWdy_16wgpu_3dgs_viewer9selection8viewport22create_viewport_bundleNtNtNtCsgVYjDsZAYrh_14wgpu_3dgs_core6buffer8gaussian41GaussianPodWithShSingleCov3dSingleConfigsECskUugRX239Y1_9selection
FNDA:6,_RINvNtNtCsbNX9HHuxWdy_16wgpu_3dgs_viewer9selection8viewport22create_viewport_bundleNtNtNtCsgVYjDsZAYrh_14wgpu_3dgs_core6buffer8gaussian41GaussianPodWithShSingleCov3dSingleConfigsECsd19xnTb4ujY_3mod
FNDA:0,_RINvNtNtCsbNX9HHuxWdy_16wgpu_3dgs_viewer9selection8viewport22create_viewport_bundlepEB6_
FNDA:0,_RINvNtNtCsjtpqP8IvRXl_16wgpu_3dgs_viewer9selection8viewport22create_viewport_bundlepEB6_
FNDA:1,_RINvNtNtCsbNX9HHuxWdy_16wgpu_3dgs_viewer9selection8viewport22create_viewport_bundleNtNtNtCsgVYjDsZAYrh_14wgpu_3dgs_core6buffer8gaussian41GaussianPodWithShSingleCov3dSingleConfigsECskUugRX239Y1_9selection
FNF:1
FNH:1
DA:41,7
DA:42,7
DA:43,7
DA:44,7
DA:46,7
DA:47,7
DA:48,7
DA:49,7
DA:50,7
DA:51,7
DA:52,7
DA:53,7
DA:54,7
DA:55,7
DA:57,7
DA:58,7
DA:59,7
DA:60,7
DA:61,7
DA:62,7
DA:63,7
DA:64,7
DA:65,7
BRF:0
BRH:0
LF:23
LH:23
end_of_record
SF:C:\Users\s2010\Me\Codes\Rust\wgpu-3dgs-viewer\src\selection\viewport_selector.rs
FN:311,_RNvMNtNtCsbNX9HHuxWdy_16wgpu_3dgs_viewer9selection17viewport_selectorNtB2_16ViewportSelector16set_brush_radius
FN:206,_RNvMNtNtCsbNX9HHuxWdy_16wgpu_3dgs_viewer9selection17viewport_selectorNtB2_16ViewportSelector3new
FN:277,_RNvMNtNtCsbNX9HHuxWdy_16wgpu_3dgs_viewer9selection17viewport_selectorNtB2_16ViewportSelector5clear
FN:252,_RNvMNtNtCsbNX9HHuxWdy_16wgpu_3dgs_viewer9selection17viewport_selectorNtB2_16ViewportSelector5start
FN:294,_RNvMNtNtCsbNX9HHuxWdy_16wgpu_3dgs_viewer9selection17viewport_selectorNtB2_16ViewportSelector6render
FN:319,_RNvMNtNtCsbNX9HHuxWdy_16wgpu_3dgs_viewer9selection17viewport_selectorNtB2_16ViewportSelector6resize
FN:260,_RNvMNtNtCsbNX9HHuxWdy_16wgpu_3dgs_viewer9selection17viewport_selectorNtB2_16ViewportSelector6update
FN:306,_RNvMNtNtCsbNX9HHuxWdy_16wgpu_3dgs_viewer9selection17viewport_selectorNtB2_16ViewportSelector7texture
FN:311,_RNvMNtNtCsjtpqP8IvRXl_16wgpu_3dgs_viewer9selection17viewport_selectorNtB2_16ViewportSelector16set_brush_radius
FN:206,_RNvMNtNtCsjtpqP8IvRXl_16wgpu_3dgs_viewer9selection17viewport_selectorNtB2_16ViewportSelector3new
FN:277,_RNvMNtNtCsjtpqP8IvRXl_16wgpu_3dgs_viewer9selection17viewport_selectorNtB2_16ViewportSelector5clear
FN:252,_RNvMNtNtCsjtpqP8IvRXl_16wgpu_3dgs_viewer9selection17viewport_selectorNtB2_16ViewportSelector5start
FN:294,_RNvMNtNtCsjtpqP8IvRXl_16wgpu_3dgs_viewer9selection17viewport_selectorNtB2_16ViewportSelector6render
FN:319,_RNvMNtNtCsjtpqP8IvRXl_16wgpu_3dgs_viewer9selection17viewport_selectorNtB2_16ViewportSelector6resize
FN:260,_RNvMNtNtCsjtpqP8IvRXl_16wgpu_3dgs_viewer9selection17viewport_selectorNtB2_16ViewportSelector6update
FN:306,_RNvMNtNtCsjtpqP8IvRXl_16wgpu_3dgs_viewer9selection17viewport_selectorNtB2_16ViewportSelector7texture
FNDA:1,_RNvMNtNtCsbNX9HHuxWdy_16wgpu_3dgs_viewer9selection17viewport_selectorNtB2_16ViewportSelector16set_brush_radius
FNDA:7,_RNvMNtNtCsbNX9HHuxWdy_16wgpu_3dgs_viewer9selection17viewport_selectorNtB2_16ViewportSelector3new
FNDA:1,_RNvMNtNtCsbNX9HHuxWdy_16wgpu_3dgs_viewer9selection17viewport_selectorNtB2_16ViewportSelector5clear
FNDA:6,_RNvMNtNtCsbNX9HHuxWdy_16wgpu_3dgs_viewer9selection17viewport_selectorNtB2_16ViewportSelector5start
FNDA:6,_RNvMNtNtCsbNX9HHuxWdy_16wgpu_3dgs_viewer9selection17viewport_selectorNtB2_16ViewportSelector6render
FNDA:3,_RNvMNtNtCsbNX9HHuxWdy_16wgpu_3dgs_viewer9selection17viewport_selectorNtB2_16ViewportSelector6resize
FNDA:6,_RNvMNtNtCsbNX9HHuxWdy_16wgpu_3dgs_viewer9selection17viewport_selectorNtB2_16ViewportSelector6update
FNDA:14,_RNvMNtNtCsbNX9HHuxWdy_16wgpu_3dgs_viewer9selection17viewport_selectorNtB2_16ViewportSelector7texture
FNDA:0,_RNvMNtNtCsjtpqP8IvRXl_16wgpu_3dgs_viewer9selection17viewport_selectorNtB2_16ViewportSelector16set_brush_radius
FNDA:0,_RNvMNtNtCsjtpqP8IvRXl_16wgpu_3dgs_viewer9selection17viewport_selectorNtB2_16ViewportSelector3new
FNDA:0,_RNvMNtNtCsjtpqP8IvRXl_16wgpu_3dgs_viewer9selection17viewport_selectorNtB2_16ViewportSelector5clear
FNDA:0,_RNvMNtNtCsjtpqP8IvRXl_16wgpu_3dgs_viewer9selection17viewport_selectorNtB2_16ViewportSelector5start
FNDA:0,_RNvMNtNtCsjtpqP8IvRXl_16wgpu_3dgs_viewer9selection17viewport_selectorNtB2_16ViewportSelector6render
FNDA:0,_RNvMNtNtCsjtpqP8IvRXl_16wgpu_3dgs_viewer9selection17viewport_selectorNtB2_16ViewportSelector6resize
FNDA:0,_RNvMNtNtCsjtpqP8IvRXl_16wgpu_3dgs_viewer9selection17viewport_selectorNtB2_16ViewportSelector6update
FNDA:0,_RNvMNtNtCsjtpqP8IvRXl_16wgpu_3dgs_viewer9selection17viewport_selectorNtB2_16ViewportSelector7texture
FNF:8
FNH:8
DA:206,7
DA:207,7
DA:208,7
DA:209,7
DA:210,7
DA:211,7
DA:212,7
DA:213,7
DA:214,7
DA:215,7
DA:216,7
DA:217,7
DA:218,7
DA:219,7
DA:220,7
DA:221,7
DA:222,7
DA:223,0
DA:224,7
DA:225,7
DA:226,7
DA:227,7
DA:228,7
DA:229,7
DA:230,7
DA:231,0
DA:233,7
DA:234,7
DA:235,7
DA:236,7
DA:237,7
DA:238,7
DA:239,7
DA:240,7
DA:241,7
DA:242,7
DA:243,7
DA:244,7
DA:245,7
DA:246,7
DA:247,7
DA:248,7
DA:249,7
DA:252,6
DA:253,6
DA:254,6
DA:255,6
DA:256,6
DA:257,6
DA:260,6
DA:261,6
DA:262,3
DA:263,3
DA:264,3
DA:265,3
DA:266,3
DA:267,3
DA:268,3
DA:269,3
DA:270,3
DA:271,3
DA:272,3
DA:274,6
DA:277,1
DA:278,1
DA:279,1
DA:280,1
DA:281,1
DA:282,1
DA:283,1
DA:284,1
DA:285,1
DA:286,1
DA:287,1
DA:288,1
DA:289,1
DA:290,1
DA:291,1
DA:294,6
DA:295,6
DA:296,3
DA:297,3
DA:298,3
DA:300,3
DA:303,6
DA:306,14
DA:307,14
DA:308,14
DA:311,1
DA:312,1
DA:313,1
DA:314,1
DA:319,3
DA:320,3
DA:321,3
BRF:0
BRH:0
LF:95
LH:93
end_of_record
SF:C:\Users\s2010\Me\Codes\Rust\wgpu-3dgs-viewer\src\selection\viewport_texture_brush.rs
FN:277,_RNvMs0_NtNtCsbNX9HHuxWdy_16wgpu_3dgs_viewer9selection22viewport_texture_brushINtB5_28ViewportTextureBrushRendereruE16render_with_pass
FN:184,_RNvMs0_NtNtCsbNX9HHuxWdy_16wgpu_3dgs_viewer9selection22viewport_texture_brushINtB5_28ViewportTextureBrushRendereruE22new_without_bind_group
FN:253,_RNvMs0_NtNtCsbNX9HHuxWdy_16wgpu_3dgs_viewer9selection22viewport_texture_brushINtB5_28ViewportTextureBrushRendereruE6render
FN:135,_RNvMs_NtNtCsbNX9HHuxWdy_16wgpu_3dgs_viewer9selection22viewport_texture_brushNtB4_28ViewportTextureBrushRenderer16render_with_pass
FN:142,_RNvMs_NtNtCsbNX9HHuxWdy_16wgpu_3dgs_viewer9selection22viewport_texture_brushNtB4_28ViewportTextureBrushRenderer24create_bind_group_static
FN:95,_RNvMs_NtNtCsbNX9HHuxWdy_16wgpu_3dgs_viewer9selection22viewport_texture_brushNtB4_28ViewportTextureBrushRenderer3new
FN:116,_RNvMs_NtNtCsbNX9HHuxWdy_16wgpu_3dgs_viewer9selection22viewport_texture_brushNtB4_28ViewportTextureBrushRenderer6render
FN:22,_RNvMNtNtCsbNX9HHuxWdy_16wgpu_3dgs_viewer9selection22viewport_texture_brushINtB2_28ViewportTextureBrushRendereruE17create_bind_groupB6_
FN:22,_RNvMNtNtCsjtpqP8IvRXl_16wgpu_3dgs_viewer9selection22viewport_texture_brushINtB2_28ViewportTextureBrushRendererpE17create_bind_groupB6_
FN:277,_RNvMs0_NtNtCsjtpqP8IvRXl_16wgpu_3dgs_viewer9selection22viewport_texture_brushINtB5_28ViewportTextureBrushRendereruE16render_with_pass
FN:184,_RNvMs0_NtNtCsjtpqP8IvRXl_16wgpu_3dgs_viewer9selection22viewport_texture_brushINtB5_28ViewportTextureBrushRendereruE22new_without_bind_group
FN:253,_RNvMs0_NtNtCsjtpqP8IvRXl_16wgpu_3dgs_viewer9selection22viewport_texture_brushINtB5_28ViewportTextureBrushRendereruE6render
FN:135,_RNvMs_NtNtCsjtpqP8IvRXl_16wgpu_3dgs_viewer9selection22viewport_texture_brushNtB4_28ViewportTextureBrushRenderer16render_with_pass
FN:142,_RNvMs_NtNtCsjtpqP8IvRXl_16wgpu_3dgs_viewer9selection22viewport_texture_brushNtB4_28ViewportTextureBrushRenderer24create_bind_group_static
FN:95,_RNvMs_NtNtCsjtpqP8IvRXl_16wgpu_3dgs_viewer9selection22viewport_texture_brushNtB4_28ViewportTextureBrushRenderer3new
FN:116,_RNvMs_NtNtCsjtpqP8IvRXl_16wgpu_3dgs_viewer9selection22viewport_texture_brushNtB4_28ViewportTextureBrushRenderer6render
FNDA:0,_RNvMs0_NtNtCsbNX9HHuxWdy_16wgpu_3dgs_viewer9selection22viewport_texture_brushINtB5_28ViewportTextureBrushRendereruE16render_with_pass
FNDA:7,_RNvMs0_NtNtCsbNX9HHuxWdy_16wgpu_3dgs_viewer9selection22viewport_texture_brushINtB5_28ViewportTextureBrushRendereruE22new_without_bind_group
FNDA:0,_RNvMs0_NtNtCsbNX9HHuxWdy_16wgpu_3dgs_viewer9selection22viewport_texture_brushINtB5_28ViewportTextureBrushRendereruE6render
FNDA:3,_RNvMs_NtNtCsbNX9HHuxWdy_16wgpu_3dgs_viewer9selection22viewport_texture_brushNtB4_28ViewportTextureBrushRenderer16render_with_pass
FNDA:7,_RNvMs_NtNtCsbNX9HHuxWdy_16wgpu_3dgs_viewer9selection22viewport_texture_brushNtB4_28ViewportTextureBrushRenderer24create_bind_group_static
FNDA:7,_RNvMs_NtNtCsbNX9HHuxWdy_16wgpu_3dgs_viewer9selection22viewport_texture_brushNtB4_28ViewportTextureBrushRenderer3new
FNDA:3,_RNvMs_NtNtCsbNX9HHuxWdy_16wgpu_3dgs_viewer9selection22viewport_texture_brushNtB4_28ViewportTextureBrushRenderer6render
FNDA:7,_RNvMNtNtCsbNX9HHuxWdy_16wgpu_3dgs_viewer9selection22viewport_texture_brushINtB2_28ViewportTextureBrushRendereruE17create_bind_groupB6_
FNDA:0,_RNvMNtNtCsjtpqP8IvRXl_16wgpu_3dgs_viewer9selection22viewport_texture_brushINtB2_28ViewportTextureBrushRendererpE17create_bind_groupB6_
FNDA:0,_RNvMs0_NtNtCsjtpqP8IvRXl_16wgpu_3dgs_viewer9selection22viewport_texture_brushINtB5_28ViewportTextureBrushRendereruE16render_with_pass
FNDA:0,_RNvMs0_NtNtCsjtpqP8IvRXl_16wgpu_3dgs_viewer9selection22viewport_texture_brushINtB5_28ViewportTextureBrushRendereruE22new_without_bind_group
FNDA:0,_RNvMs0_NtNtCsjtpqP8IvRXl_16wgpu_3dgs_viewer9selection22viewport_texture_brushINtB5_28ViewportTextureBrushRendereruE6render
FNDA:0,_RNvMs_NtNtCsjtpqP8IvRXl_16wgpu_3dgs_viewer9selection22viewport_texture_brushNtB4_28ViewportTextureBrushRenderer16render_with_pass
FNDA:0,_RNvMs_NtNtCsjtpqP8IvRXl_16wgpu_3dgs_viewer9selection22viewport_texture_brushNtB4_28ViewportTextureBrushRenderer24create_bind_group_static
FNDA:0,_RNvMs_NtNtCsjtpqP8IvRXl_16wgpu_3dgs_viewer9selection22viewport_texture_brushNtB4_28ViewportTextureBrushRenderer3new
FNDA:0,_RNvMs_NtNtCsjtpqP8IvRXl_16wgpu_3dgs_viewer9selection22viewport_texture_brushNtB4_28ViewportTextureBrushRenderer6render
FNF:8
FNH:6
DA:22,7
DA:23,7
DA:24,7
DA:25,7
DA:26,7
DA:27,7
DA:28,7
DA:29,7
DA:30,7
DA:31,7
DA:32,7
DA:33,7
DA:34,7
DA:35,7
DA:36,7
DA:38,7
DA:95,7
DA:96,7
DA:97,7
DA:98,7
DA:99,7
DA:100,7
DA:101,7
DA:102,7
DA:103,7
DA:105,7
DA:106,7
DA:108,7
DA:109,7
DA:110,7
DA:111,7
DA:112,7
DA:113,7
DA:116,3
DA:117,3
DA:118,3
DA:119,3
DA:120,3
DA:121,3
DA:122,3
DA:123,3
DA:124,3
DA:125,3
DA:126,3
DA:127,3
DA:128,3
DA:129,3
DA:131,3
DA:132,3
DA:135,3
DA:136,3
DA:137,3
DA:138,3
DA:139,3
DA:142,7
DA:143,7
DA:144,7
DA:145,7
DA:146,7
DA:147,7
DA:148,7
DA:149,7
DA:150,7
DA:151,7
DA:152,7
DA:153,7
DA:154,7
DA:155,7
DA:156,7
DA:157,7
DA:158,7
DA:159,7
DA:160,7
DA:161,7
DA:162,7
DA:163,7
DA:164,7
DA:165,7
DA:166,7
DA:167,7
DA:168,7
DA:169,7
DA:170,7
DA:171,7
DA:172,7
DA:173,7
DA:174,7
DA:175,7
DA:176,7
DA:184,7
DA:185,7
DA:186,7
DA:187,7
DA:188,7
DA:189,7
DA:190,7
DA:192,7
DA:193,7
DA:194,7
DA:195,7
DA:196,7
DA:197,7
DA:199,7
DA:200,7
DA:201,7
DA:203,7
DA:204,7
DA:205,7
DA:206,7
DA:207,7
DA:208,7
DA:209,7
DA:210,0
DA:211,7
DA:212,7
DA:216,7
DA:217,7
DA:218,7
DA:219,7
DA:220,7
DA:221,7
DA:222,7
DA:223,7
DA:224,7
DA:225,7
DA:226,7
DA:227,7
DA:228,7
DA:229,7
DA:230,7
DA:231,7
DA:232,7
DA:233,7
DA:234,7
DA:235,7
DA:236,7
DA:237,7
DA:238,7
DA:239,7
DA:240,7
DA:241,7
DA:243,7
DA:245,7
DA:246,7
DA:247,7
DA:248,7
DA:249,7
DA:250,7
DA:253,0
DA:254,0
DA:255,0
DA:256,0
DA:257,0
DA:258,0
DA:259,0
DA:260,0
DA:261,0
DA:262,0
DA:263,0
DA:264,0
DA:265,0
DA:266,0
DA:267,0
DA:268,0
DA:269,0
DA:270,0
DA:271,0
DA:273,0
DA:274,0
DA:277,0
DA:278,0
DA:279,0
DA:280,0
DA:281,0
BRF:0
BRH:0
LF:174
LH:147
end_of_record
SF:C:\Users\s2010\Me\Codes\Rust\wgpu-3dgs-viewer\src\selection\viewport_texture_rectangle.rs
FN:258,_RNvMs0_NtNtCsbNX9HHuxWdy_16wgpu_3dgs_viewer9selection26viewport_texture_rectangleINtB5_32ViewportTextureRectangleRendereruE16render_with_pass
FN:164,_RNvMs0_NtNtCsbNX9HHuxWdy_16wgpu_3dgs_viewer9selection26viewport_texture_rectangleINtB5_32ViewportTextureRectangleRendereruE22new_without_bind_group
FN:234,_RNvMs0_NtNtCsbNX9HHuxWdy_16wgpu_3dgs_viewer9selection26viewport_texture_rectangleINtB5_32ViewportTextureRectangleRendereruE6render
FN:121,_RNvMs_NtNtCsbNX9HHuxWdy_16wgpu_3dgs_viewer9selection26viewport_texture_rectangleNtB4_32ViewportTextureRectangleRenderer16render_with_pass
FN:128,_RNvMs_NtNtCsbNX9HHuxWdy_16wgpu_3dgs_viewer9selection26viewport_texture_rectangleNtB4_32ViewportTextureRectangleRenderer24create_bind_group_static
FN:82,_RNvMs_NtNtCsbNX9HHuxWdy_16wgpu_3dgs_viewer9selection26viewport_texture_rectangleNtB4_32ViewportTextureRectangleRenderer3new
FN:102,_RNvMs_NtNtCsbNX9HHuxWdy_16wgpu_3dgs_viewer9selection26viewport_texture_rectangleNtB4_32ViewportTextureRectangleRenderer6render
FN:22,_RNvMNtNtCsbNX9HHuxWdy_16wgpu_3dgs_viewer9selection26viewport_texture_rectangleINtB2_32ViewportTextureRectangleRendereruE17create_bind_groupB6_
FN:22,_RNvMNtNtCsjtpqP8IvRXl_16wgpu_3dgs_viewer9selection26viewport_texture_rectangleINtB2_32ViewportTextureRectangleRendererpE17create_bind_groupB6_
FN:258,_RNvMs0_NtNtCsjtpqP8IvRXl_16wgpu_3dgs_viewer9selection26viewport_texture_rectangleINtB5_32ViewportTextureRectangleRendereruE16render_with_pass
FN:164,_RNvMs0_NtNtCsjtpqP8IvRXl_16wgpu_3dgs_viewer9selection26viewport_texture_rectangleINtB5_32ViewportTextureRectangleRendereruE22new_without_bind_group
FN:234,_RNvMs0_NtNtCsjtpqP8IvRXl_16wgpu_3dgs_viewer9selection26viewport_texture_rectangleINtB5_32ViewportTextureRectangleRendereruE6render
FN:121,_RNvMs_NtNtCsjtpqP8IvRXl_16wgpu_3dgs_viewer9selection26viewport_texture_rectangleNtB4_32ViewportTextureRectangleRenderer16render_with_pass
FN:128,_RNvMs_NtNtCsjtpqP8IvRXl_16wgpu_3dgs_viewer9selection26viewport_texture_rectangleNtB4_32ViewportTextureRectangleRenderer24create_bind_group_static
FN:82,_RNvMs_NtNtCsjtpqP8IvRXl_16wgpu_3dgs_viewer9selection26viewport_texture_rectangleNtB4_32ViewportTextureRectangleRenderer3new
FN:102,_RNvMs_NtNtCsjtpqP8IvRXl_16wgpu_3dgs_viewer9selection26viewport_texture_rectangleNtB4_32ViewportTextureRectangleRenderer6render
FNDA:0,_RNvMs0_NtNtCsbNX9HHuxWdy_16wgpu_3dgs_viewer9selection26viewport_texture_rectangleINtB5_32ViewportTextureRectangleRendereruE16render_with_pass
FNDA:7,_RNvMs0_NtNtCsbNX9HHuxWdy_16wgpu_3dgs_viewer9selection26viewport_texture_rectangleINtB5_32ViewportTextureRectangleRendereruE22new_without_bind_group
FNDA:0,_RNvMs0_NtNtCsbNX9HHuxWdy_16wgpu_3dgs_viewer9selection26viewport_texture_rectangleINtB5_32ViewportTextureRectangleRendereruE6render
FNDA:3,_RNvMs_NtNtCsbNX9HHuxWdy_16wgpu_3dgs_viewer9selection26viewport_texture_rectangleNtB4_32ViewportTextureRectangleRenderer16render_with_pass
FNDA:7,_RNvMs_NtNtCsbNX9HHuxWdy_16wgpu_3dgs_viewer9selection26viewport_texture_rectangleNtB4_32ViewportTextureRectangleRenderer24create_bind_group_static
FNDA:7,_RNvMs_NtNtCsbNX9HHuxWdy_16wgpu_3dgs_viewer9selection26viewport_texture_rectangleNtB4_32ViewportTextureRectangleRenderer3new
FNDA:3,_RNvMs_NtNtCsbNX9HHuxWdy_16wgpu_3dgs_viewer9selection26viewport_texture_rectangleNtB4_32ViewportTextureRectangleRenderer6render
FNDA:7,_RNvMNtNtCsbNX9HHuxWdy_16wgpu_3dgs_viewer9selection26viewport_texture_rectangleINtB2_32ViewportTextureRectangleRendereruE17create_bind_groupB6_
FNDA:0,_RNvMNtNtCsjtpqP8IvRXl_16wgpu_3dgs_viewer9selection26viewport_texture_rectangleINtB2_32ViewportTextureRectangleRendererpE17create_bind_groupB6_
FNDA:0,_RNvMs0_NtNtCsjtpqP8IvRXl_16wgpu_3dgs_viewer9selection26viewport_texture_rectangleINtB5_32ViewportTextureRectangleRendereruE16render_with_pass
FNDA:0,_RNvMs0_NtNtCsjtpqP8IvRXl_16wgpu_3dgs_viewer9selection26viewport_texture_rectangleINtB5_32ViewportTextureRectangleRendereruE22new_without_bind_group
FNDA:0,_RNvMs0_NtNtCsjtpqP8IvRXl_16wgpu_3dgs_viewer9selection26viewport_texture_rectangleINtB5_32ViewportTextureRectangleRendereruE6render
FNDA:0,_RNvMs_NtNtCsjtpqP8IvRXl_16wgpu_3dgs_viewer9selection26viewport_texture_rectangleNtB4_32ViewportTextureRectangleRenderer16render_with_pass
FNDA:0,_RNvMs_NtNtCsjtpqP8IvRXl_16wgpu_3dgs_viewer9selection26viewport_texture_rectangleNtB4_32ViewportTextureRectangleRenderer24create_bind_group_static
FNDA:0,_RNvMs_NtNtCsjtpqP8IvRXl_16wgpu_3dgs_viewer9selection26viewport_texture_rectangleNtB4_32ViewportTextureRectangleRenderer3new
FNDA:0,_RNvMs_NtNtCsjtpqP8IvRXl_16wgpu_3dgs_viewer9selection26viewport_texture_rectangleNtB4_32ViewportTextureRectangleRenderer6render
FNF:8
FNH:6
DA:22,7
DA:23,7
DA:24,7
DA:25,7
DA:26,7
DA:27,7
DA:28,7
DA:29,7
DA:30,7
DA:31,7
DA:32,7
DA:33,7
DA:34,7
DA:36,7
DA:82,7
DA:83,7
DA:84,7
DA:85,7
DA:86,7
DA:87,7
DA:88,7
DA:89,7
DA:91,7
DA:92,7
DA:94,7
DA:95,7
DA:96,7
DA:97,7
DA:98,7
DA:99,7
DA:102,3
DA:103,3
DA:104,3
DA:105,3
DA:106,3
DA:107,3
DA:108,3
DA:109,3
DA:110,3
DA:111,3
DA:112,3
DA:113,3
DA:114,3
DA:115,3
DA:117,3
DA:118,3
DA:121,3
DA:122,3
DA:123,3
DA:124,3
DA:125,3
DA:128,7
DA:129,7
DA:130,7
DA:131,7
DA:132,7
DA:133,7
DA:134,7
DA:135,7
DA:136,7
DA:137,7
DA:138,7
DA:139,7
DA:140,7
DA:141,7
DA:142,7
DA:143,7
DA:144,7
DA:145,7
DA:146,7
DA:147,7
DA:148,7
DA:149,7
DA:150,7
DA:151,7
DA:152,7
DA:153,7
DA:154,7
DA:155,7
DA:156,7
DA:164,7
DA:165,7
DA:166,7
DA:167,7
DA:168,7
DA:169,7
DA:170,7
DA:173,7
DA:174,7
DA:175,7
DA:176,7
DA:177,7
DA:178,7
DA:180,7
DA:181,7
DA:182,7
DA:184,7
DA:185,7
DA:186,7
DA:187,7
DA:188,7
DA:189,7
DA:190,7
DA:191,0
DA:192,7
DA:193,7
DA:197,7
DA:198,7
DA:199,7
DA:200,7
DA:201,7
DA:202,7
DA:203,7
DA:204,7
DA:205,7
DA:206,7
DA:207,7
DA:208,7
DA:209,7
DA:210,7
DA:211,7
DA:212,7
DA:213,7
DA:214,7
DA:215,7
DA:216,7
DA:217,7
DA:218,7
DA:219,7
DA:220,7
DA:221,7
DA:222,7
DA:224,7
DA:226,7
DA:227,7
DA:228,7
DA:229,7
DA:230,7
DA:231,7
DA:234,0
DA:235,0
DA:236,0
DA:237,0
DA:238,0
DA:239,0
DA:240,0
DA:241,0
DA:242,0
DA:243,0
DA:244,0
DA:245,0
DA:246,0
DA:247,0
DA:248,0
DA:249,0
DA:250,0
DA:251,0
DA:252,0
DA:254,0
DA:255,0
DA:258,0
DA:259,0
DA:260,0
DA:261,0
DA:262,0
BRF:0
BRH:0
LF:165
LH:138
end_of_record
SF:C:\Users\s2010\Me\Codes\Rust\wgpu-3dgs-viewer\src\wesl_utils.rs
FN:7,_RNvNtCsbNX9HHuxWdy_16wgpu_3dgs_viewer10wesl_utils8resolver
FN:7,_RNvNtCsjtpqP8IvRXl_16wgpu_3dgs_viewer10wesl_utils8resolver
FNDA:106,_RNvNtCsbNX9HHuxWdy_16wgpu_3dgs_viewer10wesl_utils8resolver
FNDA:0,_RNvNtCsjtpqP8IvRXl_16wgpu_3dgs_viewer10wesl_utils8resolver
FNF:1
FNH:1
DA:7,106
DA:8,106
DA:9,106
DA:10,106
DA:11,106
DA:12,106
BRF:0
BRH:0
LF:6
LH:6
end_of_record