SF:C:\Users\s2010\Me\Codes\Rust\wgpu-3dgs-viewer\src\buffer\camera.rs
FN:26,_RINvMNtNtCsh1qtJxU4GWl_16wgpu_3dgs_viewer6buffer6cameraNtB3_12CameraBuffer6updateNtNtB7_6camera6CameraECs8HrPP4l0PAj_3mod
FN:72,_RINvMs3_NtNtCsh1qtJxU4GWl_16wgpu_3dgs_viewer6buffer6cameraNtB6_9CameraPod3newNtNtBa_6camera6CameraECs8HrPP4l0PAj_3mod
FN:31,_RNvMNtNtCsh1qtJxU4GWl_16wgpu_3dgs_viewer6buffer6cameraNtB2_12CameraBuffer15update_with_pod
FN:14,_RNvMNtNtCsh1qtJxU4GWl_16wgpu_3dgs_viewer6buffer6cameraNtB2_12CameraBuffer3new
FN:51,_RNvXs1_NtNtCsh1qtJxU4GWl_16wgpu_3dgs_viewer6buffer6cameraNtB5_12CameraBufferINtNtCs6joXTnudZij_4core7convert7TryFromNtNtNtCslVmKeilYcE_4wgpu3api6buffer6BufferE8try_from
FN:37,_RNvXs_NtNtCsh1qtJxU4GWl_16wgpu_3dgs_viewer6buffer6cameraNtB4_12CameraBufferNtNtCs3BY6ADzPIDT_14wgpu_3dgs_core6buffer13BufferWrapper6buffer
FN:43,_RNvXs0_NtNtCsh1qtJxU4GWl_16wgpu_3dgs_viewer6buffer6cameraNtNtNtCslVmKeilYcE_4wgpu3api6buffer6BufferINtNtCs6joXTnudZij_4core7convert4FromNtB5_12CameraBufferE4from
FN:52,_RNCNvXs1_NtNtCsh1qtJxU4GWl_16wgpu_3dgs_viewer6buffer6cameraNtB7_12CameraBufferINtNtCs6joXTnudZij_4core7convert7TryFromNtNtNtCslVmKeilYcE_4wgpu3api6buffer6BufferE8try_from0Bb_
FN:26,_RINvMNtNtCsegerxfp6ECu_16wgpu_3dgs_viewer6buffer6cameraNtB3_12CameraBuffer6updatepEB7_
FN:72,_RINvMs3_NtNtCsegerxfp6ECu_16wgpu_3dgs_viewer6buffer6cameraNtB6_9CameraPod3newpEBa_
FN:52,_RNCNvXs1_NtNtCsegerxfp6ECu_16wgpu_3dgs_viewer6buffer6cameraNtB7_12CameraBufferINtNtCs6joXTnudZij_4core7convert7TryFromNtNtNtCslVmKeilYcE_4wgpu3api6buffer6BufferE8try_from0Bb_
FN:31,_RNvMNtNtCsegerxfp6ECu_16wgpu_3dgs_viewer6buffer6cameraNtB2_12CameraBuffer15update_with_pod
FN:14,_RNvMNtNtCsegerxfp6ECu_16wgpu_3dgs_viewer6buffer6cameraNtB2_12CameraBuffer3new
FN:43,_RNvXs0_NtNtCsegerxfp6ECu_16wgpu_3dgs_viewer6buffer6cameraNtNtNtCslVmKeilYcE_4wgpu3api6buffer6BufferINtNtCs6joXTnudZij_4core7convert4FromNtB5_12CameraBufferE4from
FN:51,_RNvXs1_NtNtCsegerxfp6ECu_16wgpu_3dgs_viewer6buffer6cameraNtB5_12CameraBufferINtNtCs6joXTnudZij_4core7convert7TryFromNtNtNtCslVmKeilYcE_4wgpu3api6buffer6BufferE8try_from
FN:37,_RNvXs_NtNtCsegerxfp6ECu_16wgpu_3dgs_viewer6buffer6cameraNtB4_12CameraBufferNtNtCs3BY6ADzPIDT_14wgpu_3dgs_core6buffer13BufferWrapper6buffer
FN:26,_RINvMNtNtCsh1qtJxU4GWl_16wgpu_3dgs_viewer6buffer6cameraNtB3_12CameraBuffer6updateNtNtB7_6camera6CameraECs5eqtLxP0hPX_11multi_model
FN:72,_RINvMs3_NtNtCsh1qtJxU4GWl_16wgpu_3dgs_viewer6buffer6cameraNtB6_9CameraPod3newNtNtBa_6camera6CameraECs5eqtLxP0hPX_11multi_model
FN:26,_RINvMNtNtCsh1qtJxU4GWl_16wgpu_3dgs_viewer6buffer6cameraNtB3_12CameraBuffer6updateNtNtB7_6camera6CameraECs8i3LEZ4i8f6_9selection
FN:72,_RINvMs3_NtNtCsh1qtJxU4GWl_16wgpu_3dgs_viewer6buffer6cameraNtB6_9CameraPod3newNtNtBa_6camera6CameraECs8i3LEZ4i8f6_9selection
FN:26,_RINvMNtNtCsh1qtJxU4GWl_16wgpu_3dgs_viewer6buffer6cameraNtB3_12CameraBuffer6updateNtNtB7_6camera6CameraECs49roiI3Bpf9_6simple
FN:72,_RINvMs3_NtNtCsh1qtJxU4GWl_16wgpu_3dgs_viewer6buffer6cameraNtB6_9CameraPod3newNtNtBa_6camera6CameraECs49roiI3Bpf9_6simple
FNDA:3,_RINvMNtNtCsh1qtJxU4GWl_16wgpu_3dgs_viewer6buffer6cameraNtB3_12CameraBuffer6updateNtNtB7_6camera6CameraECs8HrPP4l0PAj_3mod
FNDA:27,_RINvMs3_NtNtCsh1qtJxU4GWl_16wgpu_3dgs_viewer6buffer6cameraNtB6_9CameraPod3newNtNtBa_6camera6CameraECs8HrPP4l0PAj_3mod
FNDA:271,_RNvMNtNtCsh1qtJxU4GWl_16wgpu_3dgs_viewer6buffer6cameraNtB2_12CameraBuffer15update_with_pod
FNDA:23,_RNvMNtNtCsh1qtJxU4GWl_16wgpu_3dgs_viewer6buffer6cameraNtB2_12CameraBuffer3new
FNDA:3,_RNvXs1_NtNtCsh1qtJxU4GWl_16wgpu_3dgs_viewer6buffer6cameraNtB5_12CameraBufferINtNtCs6joXTnudZij_4core7convert7TryFromNtNtNtCslVmKeilYcE_4wgpu3api6buffer6BufferE8try_from
FNDA:98,_RNvXs_NtNtCsh1qtJxU4GWl_16wgpu_3dgs_viewer6buffer6cameraNtB4_12CameraBufferNtNtCs3BY6ADzPIDT_14wgpu_3dgs_core6buffer13BufferWrapper6buffer
FNDA:1,_RNvXs0_NtNtCsh1qtJxU4GWl_16wgpu_3dgs_viewer6buffer6cameraNtNtNtCslVmKeilYcE_4wgpu3api6buffer6BufferINtNtCs6joXTnudZij_4core7convert4FromNtB5_12CameraBufferE4from
FNDA:3,_RNCNvXs1_NtNtCsh1qtJxU4GWl_16wgpu_3dgs_viewer6buffer6cameraNtB7_12CameraBufferINtNtCs6joXTnudZij_4core7convert7TryFromNtNtNtCslVmKeilYcE_4wgpu3api6buffer6BufferE8try_from0Bb_
FNDA:0,_RINvMNtNtCsegerxfp6ECu_16wgpu_3dgs_viewer6buffer6cameraNtB3_12CameraBuffer6updatepEB7_
FNDA:0,_RINvMs3_NtNtCsegerxfp6ECu_16wgpu_3dgs_viewer6buffer6cameraNtB6_9CameraPod3newpEBa_
FNDA:0,_RNCNvXs1_NtNtCsegerxfp6ECu_16wgpu_3dgs_viewer6buffer6cameraNtB7_12CameraBufferINtNtCs6joXTnudZij_4core7convert7TryFromNtNtNtCslVmKeilYcE_4wgpu3api6buffer6BufferE8try_from0Bb_
FNDA:0,_RNvMNtNtCsegerxfp6ECu_16wgpu_3dgs_viewer6buffer6cameraNtB2_12CameraBuffer15update_with_pod
FNDA:0,_RNvMNtNtCsegerxfp6ECu_16wgpu_3dgs_viewer6buffer6cameraNtB2_12CameraBuffer3new
FNDA:0,_RNvXs0_NtNtCsegerxfp6ECu_16wgpu_3dgs_viewer6buffer6cameraNtNtNtCslVmKeilYcE_4wgpu3api6buffer6BufferINtNtCs6joXTnudZij_4core7convert4FromNtB5_12CameraBufferE4from
FNDA:0,_RNvXs1_NtNtCsegerxfp6ECu_16wgpu_3dgs_viewer6buffer6cameraNtB5_12CameraBufferINtNtCs6joXTnudZij_4core7convert7TryFromNtNtNtCslVmKeilYcE_4wgpu3api6buffer6BufferE8try_from
FNDA:0,_RNvXs_NtNtCsegerxfp6ECu_16wgpu_3dgs_viewer6buffer6cameraNtB4_12CameraBufferNtNtCs3BY6ADzPIDT_14wgpu_3dgs_core6buffer13BufferWrapper6buffer
FNDA:0,_RINvMNtNtCsh1qtJxU4GWl_16wgpu_3dgs_viewer6buffer6cameraNtB3_12CameraBuffer6updateNtNtB7_6camera6CameraECs5eqtLxP0hPX_11multi_model
FNDA:0,_RINvMs3_NtNtCsh1qtJxU4GWl_16wgpu_3dgs_viewer6buffer6cameraNtB6_9CameraPod3newNtNtBa_6camera6CameraECs5eqtLxP0hPX_11multi_model
FNDA:248,_RINvMNtNtCsh1qtJxU4GWl_16wgpu_3dgs_viewer6buffer6cameraNtB3_12CameraBuffer6updateNtNtB7_6camera6CameraECs8i3LEZ4i8f6_9selection
FNDA:248,_RINvMs3_NtNtCsh1qtJxU4GWl_16wgpu_3dgs_viewer6buffer6cameraNtB6_9CameraPod3newNtNtBa_6camera6CameraECs8i3LEZ4i8f6_9selection
FNDA:0,_RINvMNtNtCsh1qtJxU4GWl_16wgpu_3dgs_viewer6buffer6cameraNtB3_12CameraBuffer6updateNtNtB7_6camera6CameraECs49roiI3Bpf9_6simple
FNDA:0,_RINvMs3_NtNtCsh1qtJxU4GWl_16wgpu_3dgs_viewer6buffer6cameraNtB6_9CameraPod3newNtNtBa_6camera6CameraECs49roiI3Bpf9_6simple
FNF:8
FNH:8
DA:14,23
DA:15,23
DA:16,23
DA:17,23
DA:18,23
DA:19,23
DA:20,23
DA:22,23
DA:23,23
DA:26,251
DA:27,251
DA:28,251
DA:31,271
DA:32,271
DA:33,271
DA:37,98
DA:38,98
DA:39,98
DA:43,1
DA:44,1
DA:45,1
DA:51,3
DA:52,3
DA:53,3
DA:72,275
DA:73,275
DA:74,275
DA:75,275
DA:76,275
DA:77,275
DA:78,275
DA:79,275
BRF:0
BRH:0
LF:33
LH:33
end_of_record
SF:C:\Users\s2010\Me\Codes\Rust\wgpu-3dgs-viewer\src\buffer\depth.rs
FN:33,_RNvXs0_NtNtCsh1qtJxU4GWl_16wgpu_3dgs_viewer6buffer5depthNtNtNtCslVmKeilYcE_4wgpu3api6buffer6BufferINtNtCs6joXTnudZij_4core7convert4FromNtB5_20GaussiansDepthBufferE4from
FN:9,_RNvMNtNtCsh1qtJxU4GWl_16wgpu_3dgs_viewer6buffer5depthNtB2_20GaussiansDepthBuffer3new
FN:27,_RNvXs_NtNtCsh1qtJxU4GWl_16wgpu_3dgs_viewer6buffer5depthNtB4_20GaussiansDepthBufferNtNtCs3BY6ADzPIDT_14wgpu_3dgs_core6buffer13BufferWrapper6buffer
FN:9,_RNvMNtNtCsegerxfp6ECu_16wgpu_3dgs_viewer6buffer5depthNtB2_20GaussiansDepthBuffer3new
FN:33,_RNvXs0_NtNtCsegerxfp6ECu_16wgpu_3dgs_viewer6buffer5depthNtNtNtCslVmKeilYcE_4wgpu3api6buffer6BufferINtNtCs6joXTnudZij_4core7convert4FromNtB5_20GaussiansDepthBufferE4from
FN:27,_RNvXs_NtNtCsegerxfp6ECu_16wgpu_3dgs_viewer6buffer5depthNtB4_20GaussiansDepthBufferNtNtCs3BY6ADzPIDT_14wgpu_3dgs_core6buffer13BufferWrapper6buffer
FNDA:0,_RNvXs0_NtNtCsh1qtJxU4GWl_16wgpu_3dgs_viewer6buffer5depthNtNtNtCslVmKeilYcE_4wgpu3api6buffer6BufferINtNtCs6joXTnudZij_4core7convert4FromNtB5_20GaussiansDepthBufferE4from
FNDA:31,_RNvMNtNtCsh1qtJxU4GWl_16wgpu_3dgs_viewer6buffer5depthNtB2_20GaussiansDepthBuffer3new
FNDA:60,_RNvXs_NtNtCsh1qtJxU4GWl_16wgpu_3dgs_viewer6buffer5depthNtB4_20GaussiansDepthBufferNtNtCs3BY6ADzPIDT_14wgpu_3dgs_core6buffer13BufferWrapper6buffer
FNDA:0,_RNvMNtNtCsegerxfp6ECu_16wgpu_3dgs_viewer6buffer5depthNtB2_20GaussiansDepthBuffer3new
FNDA:0,_RNvXs0_NtNtCsegerxfp6ECu_16wgpu_3dgs_viewer6buffer5depthNtNtNtCslVmKeilYcE_4wgpu3api6buffer6BufferINtNtCs6joXTnudZij_4core7convert4FromNtB5_20GaussiansDepthBufferE4from
FNDA:0,_RNvXs_NtNtCsegerxfp6ECu_16wgpu_3dgs_viewer6buffer5depthNtB4_20GaussiansDepthBufferNtNtCs3BY6ADzPIDT_14wgpu_3dgs_core6buffer13BufferWrapper6buffer
FNF:3
FNH:2
DA:9,31
DA:11,31
DA:13,31
DA:14,31
DA:15,31
DA:16,31
DA:17,31
DA:18,31
DA:20,31
DA:21,31
DA:27,60
DA:28,60
DA:29,60
DA:33,0
DA:34,0
DA:35,0
BRF:0
BRH:0
LF:16
LH:13
end_of_record
SF:C:\Users\s2010\Me\Codes\Rust\wgpu-3dgs-viewer\src\buffer\indirect_args.rs
FN:40,_RNvXs0_NtNtCsh1qtJxU4GWl_16wgpu_3dgs_viewer6buffer13indirect_argsNtNtNtCslVmKeilYcE_4wgpu3api6buffer6BufferINtNtCs6joXTnudZij_4core7convert4FromNtB5_18IndirectArgsBufferE4from
FN:85,_RNvXs5_NtNtCsh1qtJxU4GWl_16wgpu_3dgs_viewer6buffer13indirect_argsNtNtNtCslVmKeilYcE_4wgpu3api6buffer6BufferINtNtCs6joXTnudZij_4core7convert4FromNtB5_27RadixSortIndirectArgsBufferE4from
FN:129,_RNvXsa_NtNtCsh1qtJxU4GWl_16wgpu_3dgs_viewer6buffer13indirect_argsNtNtNtCslVmKeilYcE_4wgpu3api6buffer6BufferINtNtCs6joXTnudZij_4core7convert4FromNtB5_21IndirectIndicesBufferE4from
FN:12,_RNvMNtNtCsh1qtJxU4GWl_16wgpu_3dgs_viewer6buffer13indirect_argsNtB2_18IndirectArgsBuffer3new
FN:63,_RNvMs3_NtNtCsh1qtJxU4GWl_16wgpu_3dgs_viewer6buffer13indirect_argsNtB5_27RadixSortIndirectArgsBuffer3new
FN:108,_RNvMs8_NtNtCsh1qtJxU4GWl_16wgpu_3dgs_viewer6buffer13indirect_argsNtB5_21IndirectIndicesBuffer3new
FN:48,_RNvXs1_NtNtCsh1qtJxU4GWl_16wgpu_3dgs_viewer6buffer13indirect_argsNtB5_18IndirectArgsBufferINtNtCs6joXTnudZij_4core7convert7TryFromNtNtNtCslVmKeilYcE_4wgpu3api6buffer6BufferE8try_from
FN:79,_RNvXs4_NtNtCsh1qtJxU4GWl_16wgpu_3dgs_viewer6buffer13indirect_argsNtB5_27RadixSortIndirectArgsBufferNtNtCs3BY6ADzPIDT_14wgpu_3dgs_core6buffer13BufferWrapper6buffer
FN:93,_RNvXs6_NtNtCsh1qtJxU4GWl_16wgpu_3dgs_viewer6buffer13indirect_argsNtB5_27RadixSortIndirectArgsBufferINtNtCs6joXTnudZij_4core7convert7TryFromNtNtNtCslVmKeilYcE_4wgpu3api6buffer6BufferE8try_from
FN:123,_RNvXs9_NtNtCsh1qtJxU4GWl_16wgpu_3dgs_viewer6buffer13indirect_argsNtB5_21IndirectIndicesBufferNtNtCs3BY6ADzPIDT_14wgpu_3dgs_core6buffer13BufferWrapper6buffer
FN:34,_RNvXs_NtNtCsh1qtJxU4GWl_16wgpu_3dgs_viewer6buffer13indirect_argsNtB4_18IndirectArgsBufferNtNtCs3BY6ADzPIDT_14wgpu_3dgs_core6buffer13BufferWrapper6buffer
FN:135,_RNvXsb_NtNtCsh1qtJxU4GWl_16wgpu_3dgs_viewer6buffer13indirect_argsNtB5_21IndirectIndicesBufferINtNtCs6joXTnudZij_4core7convert4FromNtNtNtCslVmKeilYcE_4wgpu3api6buffer6BufferE4from
FN:49,_RNCNvXs1_NtNtCsh1qtJxU4GWl_16wgpu_3dgs_viewer6buffer13indirect_argsNtB7_18IndirectArgsBufferINtNtCs6joXTnudZij_4core7convert7TryFromNtNtNtCslVmKeilYcE_4wgpu3api6buffer6BufferE8try_from0Bb_
FN:94,_RNCNvXs6_NtNtCsh1qtJxU4GWl_16wgpu_3dgs_viewer6buffer13indirect_argsNtB7_27RadixSortIndirectArgsBufferINtNtCs6joXTnudZij_4core7convert7TryFromNtNtNtCslVmKeilYcE_4wgpu3api6buffer6BufferE8try_from0Bb_
FN:49,_RNCNvXs1_NtNtCsegerxfp6ECu_16wgpu_3dgs_viewer6buffer13indirect_argsNtB7_18IndirectArgsBufferINtNtCs6joXTnudZij_4core7convert7TryFromNtNtNtCslVmKeilYcE_4wgpu3api6buffer6BufferE8try_from0Bb_
FN:94,_RNCNvXs6_NtNtCsegerxfp6ECu_16wgpu_3dgs_viewer6buffer13indirect_argsNtB7_27RadixSortIndirectArgsBufferINtNtCs6joXTnudZij_4core7convert7TryFromNtNtNtCslVmKeilYcE_4wgpu3api6buffer6BufferE8try_from0Bb_
FN:12,_RNvMNtNtCsegerxfp6ECu_16wgpu_3dgs_viewer6buffer13indirect_argsNtB2_18IndirectArgsBuffer3new
FN:63,_RNvMs3_NtNtCsegerxfp6ECu_16wgpu_3dgs_viewer6buffer13indirect_argsNtB5_27RadixSortIndirectArgsBuffer3new
FN:108,_RNvMs8_NtNtCsegerxfp6ECu_16wgpu_3dgs_viewer6buffer13indirect_argsNtB5_21IndirectIndicesBuffer3new
FN:40,_RNvXs0_NtNtCsegerxfp6ECu_16wgpu_3dgs_viewer6buffer13indirect_argsNtNtNtCslVmKeilYcE_4wgpu3api6buffer6BufferINtNtCs6joXTnudZij_4core7convert4FromNtB5_18IndirectArgsBufferE4from
FN:48,_RNvXs1_NtNtCsegerxfp6ECu_16wgpu_3dgs_viewer6buffer13indirect_argsNtB5_18IndirectArgsBufferINtNtCs6joXTnudZij_4core7convert7TryFromNtNtNtCslVmKeilYcE_4wgpu3api6buffer6BufferE8try_from
FN:79,_RNvXs4_NtNtCsegerxfp6ECu_16wgpu_3dgs_viewer6buffer13indirect_argsNtB5_27RadixSortIndirectArgsBufferNtNtCs3BY6ADzPIDT_14wgpu_3dgs_core6buffer13BufferWrapper6buffer
FN:85,_RNvXs5_NtNtCsegerxfp6ECu_16wgpu_3dgs_viewer6buffer13indirect_argsNtNtNtCslVmKeilYcE_4wgpu3api6buffer6BufferINtNtCs6joXTnudZij_4core7convert4FromNtB5_27RadixSortIndirectArgsBufferE4from
FN:93,_RNvXs6_NtNtCsegerxfp6ECu_16wgpu_3dgs_viewer6buffer13indirect_argsNtB5_27RadixSortIndirectArgsBufferINtNtCs6joXTnudZij_4core7convert7TryFromNtNtNtCslVmKeilYcE_4wgpu3api6buffer6BufferE8try_from
FN:123,_RNvXs9_NtNtCsegerxfp6ECu_16wgpu_3dgs_viewer6buffer13indirect_argsNtB5_21IndirectIndicesBufferNtNtCs3BY6ADzPIDT_14wgpu_3dgs_core6buffer13BufferWrapper6buffer
FN:34,_RNvXs_NtNtCsegerxfp6ECu_16wgpu_3dgs_viewer6buffer13indirect_argsNtB4_18IndirectArgsBufferNtNtCs3BY6ADzPIDT_14wgpu_3dgs_core6buffer13BufferWrapper6buffer
FN:129,_RNvXsa_NtNtCsegerxfp6ECu_16wgpu_3dgs_viewer6buffer13indirect_argsNtNtNtCslVmKeilYcE_4wgpu3api6buffer6BufferINtNtCs6joXTnudZij_4core7convert4FromNtB5_21IndirectIndicesBufferE4from
FN:135,_RNvXsb_NtNtCsegerxfp6ECu_16wgpu_3dgs_viewer6buffer13indirect_argsNtB5_21IndirectIndicesBufferINtNtCs6joXTnudZij_4core7convert4FromNtNtNtCslVmKeilYcE_4wgpu3api6buffer6BufferE4from
FNDA:1,_RNvXs0_NtNtCsh1qtJxU4GWl_16wgpu_3dgs_viewer6buffer13indirect_argsNtNtNtCslVmKeilYcE_4wgpu3api6buffer6BufferINtNtCs6joXTnudZij_4core7convert4FromNtB5_18IndirectArgsBufferE4from
FNDA:1,_RNvXs5_NtNtCsh1qtJxU4GWl_16wgpu_3dgs_viewer6buffer13indirect_argsNtNtNtCslVmKeilYcE_4wgpu3api6buffer6BufferINtNtCs6joXTnudZij_4core7convert4FromNtB5_27RadixSortIndirectArgsBufferE4from
FNDA:1,_RNvXsa_NtNtCsh1qtJxU4GWl_16wgpu_3dgs_viewer6buffer13indirect_argsNtNtNtCslVmKeilYcE_4wgpu3api6buffer6BufferINtNtCs6joXTnudZij_4core7convert4FromNtB5_21IndirectIndicesBufferE4from
FNDA:32,_RNvMNtNtCsh1qtJxU4GWl_16wgpu_3dgs_viewer6buffer13indirect_argsNtB2_18IndirectArgsBuffer3new
FNDA:32,_RNvMs3_NtNtCsh1qtJxU4GWl_16wgpu_3dgs_viewer6buffer13indirect_argsNtB5_27RadixSortIndirectArgsBuffer3new
FNDA:37,_RNvMs8_NtNtCsh1qtJxU4GWl_16wgpu_3dgs_viewer6buffer13indirect_argsNtB5_21IndirectIndicesBuffer3new
FNDA:1,_RNvXs1_NtNtCsh1qtJxU4GWl_16wgpu_3dgs_viewer6buffer13indirect_argsNtB5_18IndirectArgsBufferINtNtCs6joXTnudZij_4core7convert7TryFromNtNtNtCslVmKeilYcE_4wgpu3api6buffer6BufferE8try_from
FNDA:309,_RNvXs4_NtNtCsh1qtJxU4GWl_16wgpu_3dgs_viewer6buffer13indirect_argsNtB5_27RadixSortIndirectArgsBufferNtNtCs3BY6ADzPIDT_14wgpu_3dgs_core6buffer13BufferWrapper6buffer
FNDA:1,_RNvXs6_NtNtCsh1qtJxU4GWl_16wgpu_3dgs_viewer6buffer13indirect_argsNtB5_27RadixSortIndirectArgsBufferINtNtCs6joXTnudZij_4core7convert7TryFromNtNtNtCslVmKeilYcE_4wgpu3api6buffer6BufferE8try_from
FNDA:98,_RNvXs9_NtNtCsh1qtJxU4GWl_16wgpu_3dgs_viewer6buffer13indirect_argsNtB5_21IndirectIndicesBufferNtNtCs3BY6ADzPIDT_14wgpu_3dgs_core6buffer13BufferWrapper6buffer
FNDA:309,_RNvXs_NtNtCsh1qtJxU4GWl_16wgpu_3dgs_viewer6buffer13indirect_argsNtB4_18IndirectArgsBufferNtNtCs3BY6ADzPIDT_14wgpu_3dgs_core6buffer13BufferWrapper6buffer
FNDA:1,_RNvXsb_NtNtCsh1qtJxU4GWl_16wgpu_3dgs_viewer6buffer13indirect_argsNtB5_21IndirectIndicesBufferINtNtCs6joXTnudZij_4core7convert4FromNtNtNtCslVmKeilYcE_4wgpu3api6buffer6BufferE4from
FNDA:1,_RNCNvXs1_NtNtCsh1qtJxU4GWl_16wgpu_3dgs_viewer6buffer13indirect_argsNtB7_18IndirectArgsBufferINtNtCs6joXTnudZij_4core7convert7TryFromNtNtNtCslVmKeilYcE_4wgpu3api6buffer6BufferE8try_from0Bb_
FNDA:1,_RNCNvXs6_NtNtCsh1qtJxU4GWl_16wgpu_3dgs_viewer6buffer13indirect_argsNtB7_27RadixSortIndirectArgsBufferINtNtCs6joXTnudZij_4core7convert7TryFromNtNtNtCslVmKeilYcE_4wgpu3api6buffer6BufferE8try_from0Bb_
FNDA:0,_RNCNvXs1_NtNtCsegerxfp6ECu_16wgpu_3dgs_viewer6buffer13indirect_argsNtB7_18IndirectArgsBufferINtNtCs6joXTnudZij_4core7convert7TryFromNtNtNtCslVmKeilYcE_4wgpu3api6buffer6BufferE8try_from0Bb_
FNDA:0,_RNCNvXs6_NtNtCsegerxfp6ECu_16wgpu_3dgs_viewer6buffer13indirect_argsNtB7_27RadixSortIndirectArgsBufferINtNtCs6joXTnudZij_4core7convert7TryFromNtNtNtCslVmKeilYcE_4wgpu3api6buffer6BufferE8try_from0Bb_
FNDA:0,_RNvMNtNtCsegerxfp6ECu_16wgpu_3dgs_viewer6buffer13indirect_argsNtB2_18IndirectArgsBuffer3new
FNDA:0,_RNvMs3_NtNtCsegerxfp6ECu_16wgpu_3dgs_viewer6buffer13indirect_argsNtB5_27RadixSortIndirectArgsBuffer3new
FNDA:0,_RNvMs8_NtNtCsegerxfp6ECu_16wgpu_3dgs_viewer6buffer13indirect_argsNtB5_21IndirectIndicesBuffer3new
FNDA:0,_RNvXs0_NtNtCsegerxfp6ECu_16wgpu_3dgs_viewer6buffer13indirect_argsNtNtNtCslVmKeilYcE_4wgpu3api6buffer6BufferINtNtCs6joXTnudZij_4core7convert4FromNtB5_18IndirectArgsBufferE4from
FNDA:0,_RNvXs1_NtNtCsegerxfp6ECu_16wgpu_3dgs_viewer6buffer13indirect_argsNtB5_18IndirectArgsBufferINtNtCs6joXTnudZij_4core7convert7TryFromNtNtNtCslVmKeilYcE_4wgpu3api6buffer6BufferE8try_from
FNDA:0,_RNvXs4_NtNtCsegerxfp6ECu_16wgpu_3dgs_viewer6buffer13indirect_argsNtB5_27RadixSortIndirectArgsBufferNtNtCs3BY6ADzPIDT_14wgpu_3dgs_core6buffer13BufferWrapper6buffer
FNDA:0,_RNvXs5_NtNtCsegerxfp6ECu_16wgpu_3dgs_viewer6buffer13indirect_argsNtNtNtCslVmKeilYcE_4wgpu3api6buffer6BufferINtNtCs6joXTnudZij_4core7convert4FromNtB5_27RadixSortIndirectArgsBufferE4from
FNDA:0,_RNvXs6_NtNtCsegerxfp6ECu_16wgpu_3dgs_viewer6buffer13indirect_argsNtB5_27RadixSortIndirectArgsBufferINtNtCs6joXTnudZij_4core7convert7TryFromNtNtNtCslVmKeilYcE_4wgpu3api6buffer6BufferE8try_from
FNDA:0,_RNvXs9_NtNtCsegerxfp6ECu_16wgpu_3dgs_viewer6buffer13indirect_argsNtB5_21IndirectIndicesBufferNtNtCs3BY6ADzPIDT_14wgpu_3dgs_core6buffer13BufferWrapper6buffer
FNDA:0,_RNvXs_NtNtCsegerxfp6ECu_16wgpu_3dgs_viewer6buffer13indirect_argsNtB4_18IndirectArgsBufferNtNtCs3BY6ADzPIDT_14wgpu_3dgs_core6buffer13BufferWrapper6buffer
FNDA:0,_RNvXsa_NtNtCsegerxfp6ECu_16wgpu_3dgs_viewer6buffer13indirect_argsNtNtNtCslVmKeilYcE_4wgpu3api6buffer6BufferINtNtCs6joXTnudZij_4core7convert4FromNtB5_21IndirectIndicesBufferE4from
FNDA:0,_RNvXsb_NtNtCsegerxfp6ECu_16wgpu_3dgs_viewer6buffer13indirect_argsNtB5_21IndirectIndicesBufferINtNtCs6joXTnudZij_4core7convert4FromNtNtNtCslVmKeilYcE_4wgpu3api6buffer6BufferE4from
FNF:14
FNH:14
DA:12,32
DA:13,32
DA:14,32
DA:15,32
DA:16,32
DA:17,32
DA:18,32
DA:19,32
DA:20,32
DA:21,32
DA:22,32
DA:23,32
DA:25,32
DA:26,32
DA:34,309
DA:35,309
DA:36,309
DA:40,1
DA:41,1
DA:42,1
DA:48,1
DA:49,1
DA:50,1
DA:63,32
DA:64,32
DA:65,32
DA:66,32
DA:67,32
DA:68,32
DA:70,32
DA:71,32
DA:79,309
DA:80,309
DA:81,309
DA:85,1
DA:86,1
DA:87,1
DA:93,1
DA:94,1
DA:95,1
DA:108,37
DA:109,37
DA:110,37
DA:111,37
DA:112,37
DA:113,37
DA:114,37
DA:116,37
DA:117,37
DA:123,98
DA:124,98
DA:125,98
DA:129,1
DA:130,1
DA:131,1
DA:135,1
DA:136,1
DA:137,1
BRF:0
BRH:0
LF:60
LH:60
end_of_record
SF:C:\Users\s2010\Me\Codes\Rust\wgpu-3dgs-viewer\src\camera.rs
FN:71,_RNvMNtCsh1qtJxU4GWl_16wgpu_3dgs_viewer6cameraNtB2_6Camera11get_forward
FN:40,_RNvMNtCsh1qtJxU4GWl_16wgpu_3dgs_viewer6cameraNtB2_6Camera3new
FN:66,_RNvMNtCsh1qtJxU4GWl_16wgpu_3dgs_viewer6cameraNtB2_6Camera6yaw_by
FN:51,_RNvMNtCsh1qtJxU4GWl_16wgpu_3dgs_viewer6cameraNtB2_6Camera7move_by
FN:56,_RNvMNtCsh1qtJxU4GWl_16wgpu_3dgs_viewer6cameraNtB2_6Camera7move_up
FN:61,_RNvMNtCsh1qtJxU4GWl_16wgpu_3dgs_viewer6cameraNtB2_6Camera8pitch_by
FN:80,_RNvMNtCsh1qtJxU4GWl_16wgpu_3dgs_viewer6cameraNtB2_6Camera9get_right
FN:90,_RNvXs_NtCsh1qtJxU4GWl_16wgpu_3dgs_viewer6cameraNtB4_6CameraNtB4_11CameraTrait10projection
FN:86,_RNvXs_NtCsh1qtJxU4GWl_16wgpu_3dgs_viewer6cameraNtB4_6CameraNtB4_11CameraTrait4view
FN:71,_RNvMNtCsegerxfp6ECu_16wgpu_3dgs_viewer6cameraNtB2_6Camera11get_forward
FN:40,_RNvMNtCsegerxfp6ECu_16wgpu_3dgs_viewer6cameraNtB2_6Camera3new
FN:66,_RNvMNtCsegerxfp6ECu_16wgpu_3dgs_viewer6cameraNtB2_6Camera6yaw_by
FN:51,_RNvMNtCsegerxfp6ECu_16wgpu_3dgs_viewer6cameraNtB2_6Camera7move_by
FN:56,_RNvMNtCsegerxfp6ECu_16wgpu_3dgs_viewer6cameraNtB2_6Camera7move_up
FN:61,_RNvMNtCsegerxfp6ECu_16wgpu_3dgs_viewer6cameraNtB2_6Camera8pitch_by
FN:80,_RNvMNtCsegerxfp6ECu_16wgpu_3dgs_viewer6cameraNtB2_6Camera9get_right
FN:90,_RNvXs_NtCsegerxfp6ECu_16wgpu_3dgs_viewer6cameraNtB4_6CameraNtB4_11CameraTrait10projection
FN:86,_RNvXs_NtCsegerxfp6ECu_16wgpu_3dgs_viewer6cameraNtB4_6CameraNtB4_11CameraTrait4view
FNDA:773,_RNvMNtCsh1qtJxU4GWl_16wgpu_3dgs_viewer6cameraNtB2_6Camera11get_forward
FNDA:25,_RNvMNtCsh1qtJxU4GWl_16wgpu_3dgs_viewer6cameraNtB2_6Camera3new
FNDA:249,_RNvMNtCsh1qtJxU4GWl_16wgpu_3dgs_viewer6cameraNtB2_6Camera6yaw_by
FNDA:248,_RNvMNtCsh1qtJxU4GWl_16wgpu_3dgs_viewer6cameraNtB2_6Camera7move_by
FNDA:248,_RNvMNtCsh1qtJxU4GWl_16wgpu_3dgs_viewer6cameraNtB2_6Camera7move_up
FNDA:249,_RNvMNtCsh1qtJxU4GWl_16wgpu_3dgs_viewer6cameraNtB2_6Camera8pitch_by
FNDA:248,_RNvMNtCsh1qtJxU4GWl_16wgpu_3dgs_viewer6cameraNtB2_6Camera9get_right
FNDA:277,_RNvXs_NtCsh1qtJxU4GWl_16wgpu_3dgs_viewer6cameraNtB4_6CameraNtB4_11CameraTrait10projection
FNDA:277,_RNvXs_NtCsh1qtJxU4GWl_16wgpu_3dgs_viewer6cameraNtB4_6CameraNtB4_11CameraTrait4view
FNDA:0,_RNvMNtCsegerxfp6ECu_16wgpu_3dgs_viewer6cameraNtB2_6Camera11get_forward
FNDA:0,_RNvMNtCsegerxfp6ECu_16wgpu_3dgs_viewer6cameraNtB2_6Camera3new
FNDA:0,_RNvMNtCsegerxfp6ECu_16wgpu_3dgs_viewer6cameraNtB2_6Camera6yaw_by
FNDA:0,_RNvMNtCsegerxfp6ECu_16wgpu_3dgs_viewer6cameraNtB2_6Camera7move_by
FNDA:0,_RNvMNtCsegerxfp6ECu_16wgpu_3dgs_viewer6cameraNtB2_6Camera7move_up
FNDA:0,_RNvMNtCsegerxfp6ECu_16wgpu_3dgs_viewer6cameraNtB2_6Camera8pitch_by
FNDA:0,_RNvMNtCsegerxfp6ECu_16wgpu_3dgs_viewer6cameraNtB2_6Camera9get_right
FNDA:0,_RNvXs_NtCsegerxfp6ECu_16wgpu_3dgs_viewer6cameraNtB4_6CameraNtB4_11CameraTrait10projection
FNDA:0,_RNvXs_NtCsegerxfp6ECu_16wgpu_3dgs_viewer6cameraNtB4_6CameraNtB4_11CameraTrait4view
FNF:9
FNH:9
DA:40,25
DA:41,25
DA:42,25
DA:43,25
DA:44,25
DA:45,25
DA:46,25
DA:47,25
DA:48,25
DA:51,248
DA:52,248
DA:53,248
DA:56,248
DA:57,248
DA:58,248
DA:61,249
DA:62,249
DA:63,249
DA:66,249
DA:67,249
DA:68,249
DA:71,773
DA:72,773
DA:73,773
DA:74,773
DA:75,773
DA:77,773
DA:80,248
DA:81,248
DA:82,248
DA:86,277
DA:87,277
DA:88,277
DA:90,277
DA:91,277
DA:92,277
BRF:0
BRH:0
LF:36
LH:36
end_of_record
SF:C:\Users\s2010\Me\Codes\Rust\wgpu-3dgs-viewer\src\lib.rs
FN:202,_RINvMCsh1qtJxU4GWl_16wgpu_3dgs_viewerNtB3_6Viewer13update_cameraNtNtB3_6camera6CameraECs8HrPP4l0PAj_3mod
FN:100,_RINvMCsh1qtJxU4GWl_16wgpu_3dgs_viewerNtB3_6Viewer16new_with_optionsINtNtCs2YhQnMI27q1_5alloc3vec3VecNtNtCs3BY6ADzPIDT_14wgpu_3dgs_core8gaussian8GaussianEECs8HrPP4l0PAj_3mod
FN:86,_RINvMCsh1qtJxU4GWl_16wgpu_3dgs_viewerNtB3_6Viewer3newINtNtCs2YhQnMI27q1_5alloc3vec3VecNtNtCs3BY6ADzPIDT_14wgpu_3dgs_core8gaussian8GaussianEECs8HrPP4l0PAj_3mod
FN:212,_RNvMCsh1qtJxU4GWl_16wgpu_3dgs_viewerNtB2_6Viewer22update_camera_with_podCs8HrPP4l0PAj_3mod
FN:217,_RNvMCsh1qtJxU4GWl_16wgpu_3dgs_viewerNtB2_6Viewer22update_model_transformCs8HrPP4l0PAj_3mod
FN:237,_RNvMCsh1qtJxU4GWl_16wgpu_3dgs_viewerNtB2_6Viewer25update_gaussian_transformCs8HrPP4l0PAj_3mod
FN:228,_RNvMCsh1qtJxU4GWl_16wgpu_3dgs_viewerNtB2_6Viewer31update_model_transform_with_podCs8HrPP4l0PAj_3mod
FN:257,_RNvMCsh1qtJxU4GWl_16wgpu_3dgs_viewerNtB2_6Viewer34update_gaussian_transform_with_podCs8HrPP4l0PAj_3mod
FN:266,_RNvMCsh1qtJxU4GWl_16wgpu_3dgs_viewerNtB2_6Viewer6renderCs8HrPP4l0PAj_3mod
FN:287,_RNvXs_Csh1qtJxU4GWl_16wgpu_3dgs_viewerNtB4_19ViewerCreateOptionsNtNtCs6joXTnudZij_4core7default7Default7default
FN:202,_RINvMCsegerxfp6ECu_16wgpu_3dgs_viewerINtB3_6ViewerpE13update_camerapEB3_
FN:100,_RINvMCsegerxfp6ECu_16wgpu_3dgs_viewerINtB3_6ViewerpE16new_with_optionspEB3_
FN:86,_RINvMCsegerxfp6ECu_16wgpu_3dgs_viewerINtB3_6ViewerpE3newpEB3_
FN:212,_RNvMCsegerxfp6ECu_16wgpu_3dgs_viewerINtB2_6ViewerpE22update_camera_with_podB2_
FN:217,_RNvMCsegerxfp6ECu_16wgpu_3dgs_viewerINtB2_6ViewerpE22update_model_transformB2_
FN:237,_RNvMCsegerxfp6ECu_16wgpu_3dgs_viewerINtB2_6ViewerpE25update_gaussian_transformB2_
FN:228,_RNvMCsegerxfp6ECu_16wgpu_3dgs_viewerINtB2_6ViewerpE31update_model_transform_with_podB2_
FN:257,_RNvMCsegerxfp6ECu_16wgpu_3dgs_viewerINtB2_6ViewerpE34update_gaussian_transform_with_podB2_
FN:266,_RNvMCsegerxfp6ECu_16wgpu_3dgs_viewerINtB2_6ViewerpE6renderB2_
FN:287,_RNvXs_Csegerxfp6ECu_16wgpu_3dgs_viewerNtB4_19ViewerCreateOptionsNtNtCs6joXTnudZij_4core7default7Default7default
FN:202,_RINvMCsh1qtJxU4GWl_16wgpu_3dgs_viewerNtB3_6Viewer13update_cameraNtNtB3_6camera6CameraECs8i3LEZ4i8f6_9selection
FN:100,_RINvMCsh1qtJxU4GWl_16wgpu_3dgs_viewerNtB3_6Viewer16new_with_optionsNtNtCs3BY6ADzPIDT_14wgpu_3dgs_core8gaussian9GaussiansECs8i3LEZ4i8f6_9selection
FN:217,_RNvMCsh1qtJxU4GWl_16wgpu_3dgs_viewerNtB2_6Viewer22update_model_transformCs8i3LEZ4i8f6_9selection
FN:266,_RNvMCsh1qtJxU4GWl_16wgpu_3dgs_viewerNtB2_6Viewer6renderCs8i3LEZ4i8f6_9selection
FN:202,_RINvMCsh1qtJxU4GWl_16wgpu_3dgs_viewerNtB3_6Viewer13update_cameraNtNtB3_6camera6CameraECs49roiI3Bpf9_6simple
FN:100,_RINvMCsh1qtJxU4GWl_16wgpu_3dgs_viewerNtB3_6Viewer16new_with_optionsNtNtCs3BY6ADzPIDT_14wgpu_3dgs_core8gaussian9GaussiansECs49roiI3Bpf9_6simple
FN:86,_RINvMCsh1qtJxU4GWl_16wgpu_3dgs_viewerNtB3_6Viewer3newNtNtCs3BY6ADzPIDT_14wgpu_3dgs_core8gaussian9GaussiansECs49roiI3Bpf9_6simple
FN:217,_RNvMCsh1qtJxU4GWl_16wgpu_3dgs_viewerNtB2_6Viewer22update_model_transformCs49roiI3Bpf9_6simple
FN:237,_RNvMCsh1qtJxU4GWl_16wgpu_3dgs_viewerNtB2_6Viewer25update_gaussian_transformCs49roiI3Bpf9_6simple
FN:266,_RNvMCsh1qtJxU4GWl_16wgpu_3dgs_viewerNtB2_6Viewer6renderCs49roiI3Bpf9_6simple
FNDA:1,_RINvMCsh1qtJxU4GWl_16wgpu_3dgs_viewerNtB3_6Viewer13update_cameraNtNtB3_6camera6CameraECs8HrPP4l0PAj_3mod
FNDA:13,_RINvMCsh1qtJxU4GWl_16wgpu_3dgs_viewerNtB3_6Viewer16new_with_optionsINtNtCs2YhQnMI27q1_5alloc3vec3VecNtNtCs3BY6ADzPIDT_14wgpu_3dgs_core8gaussian8GaussianEECs8HrPP4l0PAj_3mod
FNDA:7,_RINvMCsh1qtJxU4GWl_16wgpu_3dgs_viewerNtB3_6Viewer3newINtNtCs2YhQnMI27q1_5alloc3vec3VecNtNtCs3BY6ADzPIDT_14wgpu_3dgs_core8gaussian8GaussianEECs8HrPP4l0PAj_3mod
FNDA:12,_RNvMCsh1qtJxU4GWl_16wgpu_3dgs_viewerNtB2_6Viewer22update_camera_with_podCs8HrPP4l0PAj_3mod
FNDA:1,_RNvMCsh1qtJxU4GWl_16wgpu_3dgs_viewerNtB2_6Viewer22update_model_transformCs8HrPP4l0PAj_3mod
FNDA:1,_RNvMCsh1qtJxU4GWl_16wgpu_3dgs_viewerNtB2_6Viewer25update_gaussian_transformCs8HrPP4l0PAj_3mod
FNDA:1,_RNvMCsh1qtJxU4GWl_16wgpu_3dgs_viewerNtB2_6Viewer31update_model_transform_with_podCs8HrPP4l0PAj_3mod
FNDA:1,_RNvMCsh1qtJxU4GWl_16wgpu_3dgs_viewerNtB2_6Viewer34update_gaussian_transform_with_podCs8HrPP4l0PAj_3mod
FNDA:13,_RNvMCsh1qtJxU4GWl_16wgpu_3dgs_viewerNtB2_6Viewer6renderCs8HrPP4l0PAj_3mod
FNDA:22,_RNvXs_Csh1qtJxU4GWl_16wgpu_3dgs_viewerNtB4_19ViewerCreateOptionsNtNtCs6joXTnudZij_4core7default7Default7default
FNDA:0,_RINvMCsegerxfp6ECu_16wgpu_3dgs_viewerINtB3_6ViewerpE13update_camerapEB3_
FNDA:0,_RINvMCsegerxfp6ECu_16wgpu_3dgs_viewerINtB3_6ViewerpE16new_with_optionspEB3_
FNDA:0,_RINvMCsegerxfp6ECu_16wgpu_3dgs_viewerINtB3_6ViewerpE3newpEB3_
FNDA:0,_RNvMCsegerxfp6ECu_16wgpu_3dgs_viewerINtB2_6ViewerpE22update_camera_with_podB2_
FNDA:0,_RNvMCsegerxfp6ECu_16wgpu_3dgs_viewerINtB2_6ViewerpE22update_model_transformB2_
FNDA:0,_RNvMCsegerxfp6ECu_16wgpu_3dgs_viewerINtB2_6ViewerpE25update_gaussian_transformB2_
FNDA:0,_RNvMCsegerxfp6ECu_16wgpu_3dgs_viewerINtB2_6ViewerpE31update_model_transform_with_podB2_
FNDA:0,_RNvMCsegerxfp6ECu_16wgpu_3dgs_viewerINtB2_6ViewerpE34update_gaussian_transform_with_podB2_
FNDA:0,_RNvMCsegerxfp6ECu_16wgpu_3dgs_viewerINtB2_6ViewerpE6renderB2_
FNDA:0,_RNvXs_Csegerxfp6ECu_16wgpu_3dgs_viewerNtB4_19ViewerCreateOptionsNtNtCs6joXTnudZij_4core7default7Default7default
FNDA:248,_RINvMCsh1qtJxU4GWl_16wgpu_3dgs_viewerNtB3_6Viewer13update_cameraNtNtB3_6camera6CameraECs8i3LEZ4i8f6_9selection
FNDA:1,_RINvMCsh1qtJxU4GWl_16wgpu_3dgs_viewerNtB3_6Viewer16new_with_optionsNtNtCs3BY6ADzPIDT_14wgpu_3dgs_core8gaussian9GaussiansECs8i3LEZ4i8f6_9selection
FNDA:1,_RNvMCsh1qtJxU4GWl_16wgpu_3dgs_viewerNtB2_6Viewer22update_model_transformCs8i3LEZ4i8f6_9selection
FNDA:248,_RNvMCsh1qtJxU4GWl_16wgpu_3dgs_viewerNtB2_6Viewer6renderCs8i3LEZ4i8f6_9selection
FNDA:0,_RINvMCsh1qtJxU4GWl_16wgpu_3dgs_viewerNtB3_6Viewer13update_cameraNtNtB3_6camera6CameraECs49roiI3Bpf9_6simple
FNDA:0,_RINvMCsh1qtJxU4GWl_16wgpu_3dgs_viewerNtB3_6Viewer16new_with_optionsNtNtCs3BY6ADzPIDT_14wgpu_3dgs_core8gaussian9GaussiansECs49roiI3Bpf9_6simple
FNDA:0,_RINvMCsh1qtJxU4GWl_16wgpu_3dgs_viewerNtB3_6Viewer3newNtNtCs3BY6ADzPIDT_14wgpu_3dgs_core8gaussian9GaussiansECs49roiI3Bpf9_6simple
FNDA:0,_RNvMCsh1qtJxU4GWl_16wgpu_3dgs_viewerNtB2_6Viewer22update_model_transformCs49roiI3Bpf9_6simple
FNDA:0,_RNvMCsh1qtJxU4GWl_16wgpu_3dgs_viewerNtB2_6Viewer25update_gaussian_transformCs49roiI3Bpf9_6simple
FNDA:0,_RNvMCsh1qtJxU4GWl_16wgpu_3dgs_viewerNtB2_6Viewer6renderCs49roiI3Bpf9_6simple
FNF:10
FNH:10
DA:86,7
DA:87,7
DA:88,7
DA:89,7
DA:90,7
DA:91,7
DA:92,7
DA:93,7
DA:94,7
DA:95,7
DA:97,7
DA:100,14
DA:101,14
DA:102,14
DA:103,14
DA:104,14
DA:105,14
DA:106,14
DA:107,14
DA:109,14
DA:110,14
DA:112,14
DA:113,14
DA:115,14
DA:116,14
DA:117,14
DA:119,14
DA:120,14
DA:122,14
DA:123,14
DA:126,14
DA:128,14
DA:129,14
DA:131,14
DA:132,14
DA:135,14
DA:136,14
DA:137,14
DA:141,14
DA:142,14
DA:143,14
DA:146,14
DA:147,14
DA:148,14
DA:149,14
DA:150,14
DA:151,14
DA:152,14
DA:153,14
DA:154,14
DA:155,14
DA:156,14
DA:158,14
DA:160,14
DA:161,0
DA:163,14
DA:164,14
DA:165,14
DA:167,14
DA:168,14
DA:169,14
DA:170,14
DA:171,14
DA:172,14
DA:173,14
DA:174,14
DA:175,14
DA:176,14
DA:177,0
DA:179,14
DA:181,14
DA:182,14
DA:183,14
DA:184,14
DA:185,14
DA:186,14
DA:187,14
DA:188,14
DA:189,14
DA:190,14
DA:191,14
DA:192,14
DA:193,14
DA:194,14
DA:195,14
DA:196,14
DA:197,14
DA:198,14
DA:199,14
DA:202,249
DA:203,249
DA:204,249
DA:205,249
DA:206,249
DA:207,249
DA:208,249
DA:209,249
DA:212,12
DA:213,12
DA:214,12
DA:217,2
DA:218,2
DA:219,2
DA:220,2
DA:221,2
DA:222,2
DA:223,2
DA:224,2
DA:225,2
DA:228,1
DA:229,1
DA:230,1
DA:231,1
DA:232,1
DA:233,1
DA:234,1
DA:237,1
DA:238,1
DA:239,1
DA:240,1
DA:241,1
DA:242,1
DA:243,1
DA:244,1
DA:245,1
DA:246,1
DA:247,1
DA:248,1
DA:249,1
DA:250,1
DA:251,1
DA:252,1
DA:254,1
DA:257,1
DA:258,1
DA:259,1
DA:260,1
DA:261,1
DA:262,1
DA:263,1
DA:266,261
DA:267,261
DA:268,261
DA:270,261
DA:271,261
DA:273,261
DA:274,261
DA:275,261
DA:287,22
DA:288,22
DA:289,22
DA:290,22
DA:291,22
DA:292,22
BRF:0
BRH:0
LF:154
LH:152
end_of_record
SF:C:\Users\s2010\Me\Codes\Rust\wgpu-3dgs-viewer\src\multi_model.rs
FN:28,_RINvMNtCsh1qtJxU4GWl_16wgpu_3dgs_viewer11multi_modelNtB3_28MultiModelViewerWorldBuffers13update_cameraNtNtB5_6camera6CameraECs8HrPP4l0PAj_3mod
FN:234,_RINvMs0_NtCsh1qtJxU4GWl_16wgpu_3dgs_viewer11multi_modelNtB6_26MultiModelViewerBindGroups3newNtNtNtCs3BY6ADzPIDT_14wgpu_3dgs_core6buffer8gaussian41GaussianPodWithShSingleCov3dSingleConfigsECs8HrPP4l0PAj_3mod
FN:353,_RINvMs1_NtCsh1qtJxU4GWl_16wgpu_3dgs_viewer11multi_modelINtB6_16MultiModelViewerNtNtNtCs3BY6ADzPIDT_14wgpu_3dgs_core6buffer8gaussian41GaussianPodWithShSingleCov3dSingleConfigsReE12insert_modelINtNtCs2YhQnMI27q1_5alloc3vec3VecNtNtB1l_8gaussian8GaussianEECs8HrPP4l0PAj_3mod
FN:398,_RINvMs1_NtCsh1qtJxU4GWl_16wgpu_3dgs_viewer11multi_modelINtB6_16MultiModelViewerNtNtNtCs3BY6ADzPIDT_14wgpu_3dgs_core6buffer8gaussian41GaussianPodWithShSingleCov3dSingleConfigsReE13update_cameraNtNtB8_6camera6CameraECs8HrPP4l0PAj_3mod
FN:366,_RINvMs1_NtCsh1qtJxU4GWl_16wgpu_3dgs_viewer11multi_modelINtB6_16MultiModelViewerNtNtNtCs3BY6ADzPIDT_14wgpu_3dgs_core6buffer8gaussian41GaussianPodWithShSingleCov3dSingleConfigsReE17insert_model_withINtNtCs2YhQnMI27q1_5alloc3vec3VecNtNtB1l_8gaussian8GaussianEECs8HrPP4l0PAj_3mod
FN:94,_RINvMs_NtCsh1qtJxU4GWl_16wgpu_3dgs_viewer11multi_modelNtB5_31MultiModelViewerGaussianBuffers8new_withINtNtCs2YhQnMI27q1_5alloc3vec3VecNtNtCs3BY6ADzPIDT_14wgpu_3dgs_core8gaussian8GaussianEECs8HrPP4l0PAj_3mod
FN:484,_RNCNvMs1_NtCsh1qtJxU4GWl_16wgpu_3dgs_viewer11multi_modelINtB7_16MultiModelViewerNtNtNtCs3BY6ADzPIDT_14wgpu_3dgs_core6buffer8gaussian41GaussianPodWithShSingleCov3dSingleConfigsReE6render0Cs8HrPP4l0PAj_3mod
FN:393,_RNvMs1_NtCsh1qtJxU4GWl_16wgpu_3dgs_viewer11multi_modelINtB5_16MultiModelViewerNtNtNtCs3BY6ADzPIDT_14wgpu_3dgs_core6buffer8gaussian41GaussianPodWithShSingleCov3dSingleConfigsReE12remove_modelCs8HrPP4l0PAj_3mod
FN:319,_RNvMs1_NtCsh1qtJxU4GWl_16wgpu_3dgs_viewer11multi_modelINtB5_16MultiModelViewerNtNtNtCs3BY6ADzPIDT_14wgpu_3dgs_core6buffer8gaussian41GaussianPodWithShSingleCov3dSingleConfigsReE16new_with_optionsCs8HrPP4l0PAj_3mod
FN:409,_RNvMs1_NtCsh1qtJxU4GWl_16wgpu_3dgs_viewer11multi_modelINtB5_16MultiModelViewerNtNtNtCs3BY6ADzPIDT_14wgpu_3dgs_core6buffer8gaussian41GaussianPodWithShSingleCov3dSingleConfigsReE22update_camera_with_podCs8HrPP4l0PAj_3mod
FN:414,_RNvMs1_NtCsh1qtJxU4GWl_16wgpu_3dgs_viewer11multi_modelINtB5_16MultiModelViewerNtNtNtCs3BY6ADzPIDT_14wgpu_3dgs_core6buffer8gaussian41GaussianPodWithShSingleCov3dSingleConfigsReE22update_model_transformCs8HrPP4l0PAj_3mod
FN:446,_RNvMs1_NtCsh1qtJxU4GWl_16wgpu_3dgs_viewer11multi_modelINtB5_16MultiModelViewerNtNtNtCs3BY6ADzPIDT_14wgpu_3dgs_core6buffer8gaussian41GaussianPodWithShSingleCov3dSingleConfigsReE25update_gaussian_transformCs8HrPP4l0PAj_3mod
FN:431,_RNvMs1_NtCsh1qtJxU4GWl_16wgpu_3dgs_viewer11multi_modelINtB5_16MultiModelViewerNtNtNtCs3BY6ADzPIDT_14wgpu_3dgs_core6buffer8gaussian41GaussianPodWithShSingleCov3dSingleConfigsReE31update_model_transform_with_podCs8HrPP4l0PAj_3mod
FN:466,_RNvMs1_NtCsh1qtJxU4GWl_16wgpu_3dgs_viewer11multi_modelINtB5_16MultiModelViewerNtNtNtCs3BY6ADzPIDT_14wgpu_3dgs_core6buffer8gaussian41GaussianPodWithShSingleCov3dSingleConfigsReE34update_gaussian_transform_with_podCs8HrPP4l0PAj_3mod
FN:307,_RNvMs1_NtCsh1qtJxU4GWl_16wgpu_3dgs_viewer11multi_modelINtB5_16MultiModelViewerNtNtNtCs3BY6ADzPIDT_14wgpu_3dgs_core6buffer8gaussian41GaussianPodWithShSingleCov3dSingleConfigsReE3newCs8HrPP4l0PAj_3mod
FN:476,_RNvMs1_NtCsh1qtJxU4GWl_16wgpu_3dgs_viewer11multi_modelINtB5_16MultiModelViewerNtNtNtCs3BY6ADzPIDT_14wgpu_3dgs_core6buffer8gaussian41GaussianPodWithShSingleCov3dSingleConfigsReE6renderCs8HrPP4l0PAj_3mod
FN:153,_RNvMs_NtCsh1qtJxU4GWl_16wgpu_3dgs_viewer11multi_modelNtB4_31MultiModelViewerGaussianBuffers14new_empty_withCs8HrPP4l0PAj_3mod
FN:204,_RNvMs_NtCsh1qtJxU4GWl_16wgpu_3dgs_viewer11multi_modelNtB4_31MultiModelViewerGaussianBuffers22update_model_transformCs8HrPP4l0PAj_3mod
FN:215,_RNvMs_NtCsh1qtJxU4GWl_16wgpu_3dgs_viewer11multi_modelNtB4_31MultiModelViewerGaussianBuffers31update_model_transform_with_podCs8HrPP4l0PAj_3mod
FN:148,_RNvMs_NtCsh1qtJxU4GWl_16wgpu_3dgs_viewer11multi_modelNtB4_31MultiModelViewerGaussianBuffers9new_emptyCs8HrPP4l0PAj_3mod
FN:38,_RNvMNtCsh1qtJxU4GWl_16wgpu_3dgs_viewer11multi_modelNtB2_28MultiModelViewerWorldBuffers22update_camera_with_pod
FN:43,_RNvMNtCsh1qtJxU4GWl_16wgpu_3dgs_viewer11multi_modelNtB2_28MultiModelViewerWorldBuffers25update_gaussian_transform
FN:63,_RNvMNtCsh1qtJxU4GWl_16wgpu_3dgs_viewer11multi_modelNtB2_28MultiModelViewerWorldBuffers34update_gaussian_transform_with_pod
FN:14,_RNvMNtCsh1qtJxU4GWl_16wgpu_3dgs_viewer11multi_modelNtB2_28MultiModelViewerWorldBuffers3new
FN:28,_RINvMNtCsegerxfp6ECu_16wgpu_3dgs_viewer11multi_modelNtB3_28MultiModelViewerWorldBuffers13update_camerapEB5_
FN:234,_RINvMs0_NtCsegerxfp6ECu_16wgpu_3dgs_viewer11multi_modelNtB6_26MultiModelViewerBindGroups3newpEB8_
FN:353,_RINvMs1_NtCsegerxfp6ECu_16wgpu_3dgs_viewer11multi_modelINtB6_16MultiModelViewerppE12insert_modelpEB8_
FN:398,_RINvMs1_NtCsegerxfp6ECu_16wgpu_3dgs_viewer11multi_modelINtB6_16MultiModelViewerppE13update_camerapEB8_
FN:366,_RINvMs1_NtCsegerxfp6ECu_16wgpu_3dgs_viewer11multi_modelINtB6_16MultiModelViewerppE17insert_model_withpEB8_
FN:89,_RINvMs_NtCsegerxfp6ECu_16wgpu_3dgs_viewer11multi_modelINtB5_31MultiModelViewerGaussianBufferspE3newpEB7_
FN:94,_RINvMs_NtCsegerxfp6ECu_16wgpu_3dgs_viewer11multi_modelINtB5_31MultiModelViewerGaussianBufferspE8new_withpEB7_
FN:484,_RNCNvMs1_NtCsegerxfp6ECu_16wgpu_3dgs_viewer11multi_modelINtB7_16MultiModelViewerppE6render0B9_
FN:38,_RNvMNtCsegerxfp6ECu_16wgpu_3dgs_viewer11multi_modelNtB2_28MultiModelViewerWorldBuffers22update_camera_with_pod
FN:43,_RNvMNtCsegerxfp6ECu_16wgpu_3dgs_viewer11multi_modelNtB2_28MultiModelViewerWorldBuffers25update_gaussian_transform
FN:63,_RNvMNtCsegerxfp6ECu_16wgpu_3dgs_viewer11multi_modelNtB2_28MultiModelViewerWorldBuffers34update_gaussian_transform_with_pod
FN:14,_RNvMNtCsegerxfp6ECu_16wgpu_3dgs_viewer11multi_modelNtB2_28MultiModelViewerWorldBuffers3new
FN:393,_RNvMs1_NtCsegerxfp6ECu_16wgpu_3dgs_viewer11multi_modelINtB5_16MultiModelViewerppE12remove_modelB7_
FN:319,_RNvMs1_NtCsegerxfp6ECu_16wgpu_3dgs_viewer11multi_modelINtB5_16MultiModelViewerppE16new_with_optionsB7_
FN:409,_RNvMs1_NtCsegerxfp6ECu_16wgpu_3dgs_viewer11multi_modelINtB5_16MultiModelViewerppE22update_camera_with_podB7_
FN:414,_RNvMs1_NtCsegerxfp6ECu_16wgpu_3dgs_viewer11multi_modelINtB5_16MultiModelViewerppE22update_model_transformB7_
FN:446,_RNvMs1_NtCsegerxfp6ECu_16wgpu_3dgs_viewer11multi_modelINtB5_16MultiModelViewerppE25update_gaussian_transformB7_
FN:431,_RNvMs1_NtCsegerxfp6ECu_16wgpu_3dgs_viewer11multi_modelINtB5_16MultiModelViewerppE31update_model_transform_with_podB7_
FN:466,_RNvMs1_NtCsegerxfp6ECu_16wgpu_3dgs_viewer11multi_modelINtB5_16MultiModelViewerppE34update_gaussian_transform_with_podB7_
FN:307,_RNvMs1_NtCsegerxfp6ECu_16wgpu_3dgs_viewer11multi_modelINtB5_16MultiModelViewerppE3newB7_
FN:476,_RNvMs1_NtCsegerxfp6ECu_16wgpu_3dgs_viewer11multi_modelINtB5_16MultiModelViewerppE6renderB7_
FN:153,_RNvMs_NtCsegerxfp6ECu_16wgpu_3dgs_viewer11multi_modelINtB4_31MultiModelViewerGaussianBufferspE14new_empty_withB6_
FN:204,_RNvMs_NtCsegerxfp6ECu_16wgpu_3dgs_viewer11multi_modelINtB4_31MultiModelViewerGaussianBufferspE22update_model_transformB6_
FN:215,_RNvMs_NtCsegerxfp6ECu_16wgpu_3dgs_viewer11multi_modelINtB4_31MultiModelViewerGaussianBufferspE31update_model_transform_with_podB6_
FN:148,_RNvMs_NtCsegerxfp6ECu_16wgpu_3dgs_viewer11multi_modelINtB4_31MultiModelViewerGaussianBufferspE9new_emptyB6_
FN:28,_RINvMNtCsh1qtJxU4GWl_16wgpu_3dgs_viewer11multi_modelNtB3_28MultiModelViewerWorldBuffers13update_cameraNtNtB5_6camera6CameraECs5eqtLxP0hPX_11multi_model
FN:234,_RINvMs0_NtCsh1qtJxU4GWl_16wgpu_3dgs_viewer11multi_modelNtB6_26MultiModelViewerBindGroups3newNtNtNtCs3BY6ADzPIDT_14wgpu_3dgs_core6buffer8gaussian41GaussianPodWithShSingleCov3dSingleConfigsECs5eqtLxP0hPX_11multi_model
FN:353,_RINvMs1_NtCsh1qtJxU4GWl_16wgpu_3dgs_viewer11multi_modelINtB6_16MultiModelViewerNtNtNtCs3BY6ADzPIDT_14wgpu_3dgs_core6buffer8gaussian41GaussianPodWithShSingleCov3dSingleConfigsjE12insert_modelNtNtB1l_8gaussian9GaussiansECs5eqtLxP0hPX_11multi_model
FN:398,_RINvMs1_NtCsh1qtJxU4GWl_16wgpu_3dgs_viewer11multi_modelINtB6_16MultiModelViewerNtNtNtCs3BY6ADzPIDT_14wgpu_3dgs_core6buffer8gaussian41GaussianPodWithShSingleCov3dSingleConfigsjE13update_cameraNtNtB8_6camera6CameraECs5eqtLxP0hPX_11multi_model
FN:366,_RINvMs1_NtCsh1qtJxU4GWl_16wgpu_3dgs_viewer11multi_modelINtB6_16MultiModelViewerNtNtNtCs3BY6ADzPIDT_14wgpu_3dgs_core6buffer8gaussian41GaussianPodWithShSingleCov3dSingleConfigsjE17insert_model_withNtNtB1l_8gaussian9GaussiansECs5eqtLxP0hPX_11multi_model
FN:94,_RINvMs_NtCsh1qtJxU4GWl_16wgpu_3dgs_viewer11multi_modelNtB5_31MultiModelViewerGaussianBuffers8new_withNtNtCs3BY6ADzPIDT_14wgpu_3dgs_core8gaussian9GaussiansECs5eqtLxP0hPX_11multi_model
FN:484,_RNCNvMs1_NtCsh1qtJxU4GWl_16wgpu_3dgs_viewer11multi_modelINtB7_16MultiModelViewerNtNtNtCs3BY6ADzPIDT_14wgpu_3dgs_core6buffer8gaussian41GaussianPodWithShSingleCov3dSingleConfigsjE6render0Cs5eqtLxP0hPX_11multi_model
FN:319,_RNvMs1_NtCsh1qtJxU4GWl_16wgpu_3dgs_viewer11multi_modelINtB5_16MultiModelViewerNtNtNtCs3BY6ADzPIDT_14wgpu_3dgs_core6buffer8gaussian41GaussianPodWithShSingleCov3dSingleConfigsjE16new_with_optionsCs5eqtLxP0hPX_11multi_model
FN:414,_RNvMs1_NtCsh1qtJxU4GWl_16wgpu_3dgs_viewer11multi_modelINtB5_16MultiModelViewerNtNtNtCs3BY6ADzPIDT_14wgpu_3dgs_core6buffer8gaussian41GaussianPodWithShSingleCov3dSingleConfigsjE22update_model_transformCs5eqtLxP0hPX_11multi_model
FN:307,_RNvMs1_NtCsh1qtJxU4GWl_16wgpu_3dgs_viewer11multi_modelINtB5_16MultiModelViewerNtNtNtCs3BY6ADzPIDT_14wgpu_3dgs_core6buffer8gaussian41GaussianPodWithShSingleCov3dSingleConfigsjE3newCs5eqtLxP0hPX_11multi_model
FN:476,_RNvMs1_NtCsh1qtJxU4GWl_16wgpu_3dgs_viewer11multi_modelINtB5_16MultiModelViewerNtNtNtCs3BY6ADzPIDT_14wgpu_3dgs_core6buffer8gaussian41GaussianPodWithShSingleCov3dSingleConfigsjE6renderCs5eqtLxP0hPX_11multi_model
FN:204,_RNvMs_NtCsh1qtJxU4GWl_16wgpu_3dgs_viewer11multi_modelNtB4_31MultiModelViewerGaussianBuffers22update_model_transformCs5eqtLxP0hPX_11multi_model
FNDA:1,_RINvMNtCsh1qtJxU4GWl_16wgpu_3dgs_viewer11multi_modelNtB3_28MultiModelViewerWorldBuffers13update_cameraNtNtB5_6camera6CameraECs8HrPP4l0PAj_3mod
FNDA:16,_RINvMs0_NtCsh1qtJxU4GWl_16wgpu_3dgs_viewer11multi_modelNtB6_26MultiModelViewerBindGroups3newNtNtNtCs3BY6ADzPIDT_14wgpu_3dgs_core6buffer8gaussian41GaussianPodWithShSingleCov3dSingleConfigsECs8HrPP4l0PAj_3mod
FNDA:16,_RINvMs1_NtCsh1qtJxU4GWl_16wgpu_3dgs_viewer11multi_modelINtB6_16MultiModelViewerNtNtNtCs3BY6ADzPIDT_14wgpu_3dgs_core6buffer8gaussian41GaussianPodWithShSingleCov3dSingleConfigsReE12insert_modelINtNtCs2YhQnMI27q1_5alloc3vec3VecNtNtB1l_8gaussian8GaussianEECs8HrPP4l0PAj_3mod
FNDA:1,_RINvMs1_NtCsh1qtJxU4GWl_16wgpu_3dgs_viewer11multi_modelINtB6_16MultiModelViewerNtNtNtCs3BY6ADzPIDT_14wgpu_3dgs_core6buffer8gaussian41GaussianPodWithShSingleCov3dSingleConfigsReE13update_cameraNtNtB8_6camera6CameraECs8HrPP4l0PAj_3mod
FNDA:16,_RINvMs1_NtCsh1qtJxU4GWl_16wgpu_3dgs_viewer11multi_modelINtB6_16MultiModelViewerNtNtNtCs3BY6ADzPIDT_14wgpu_3dgs_core6buffer8gaussian41GaussianPodWithShSingleCov3dSingleConfigsReE17insert_model_withINtNtCs2YhQnMI27q1_5alloc3vec3VecNtNtB1l_8gaussian8GaussianEECs8HrPP4l0PAj_3mod
FNDA:16,_RINvMs_NtCsh1qtJxU4GWl_16wgpu_3dgs_viewer11multi_modelNtB5_31MultiModelViewerGaussianBuffers8new_withINtNtCs2YhQnMI27q1_5alloc3vec3VecNtNtCs3BY6ADzPIDT_14wgpu_3dgs_core8gaussian8GaussianEECs8HrPP4l0PAj_3mod
FNDA:15,_RNCNvMs1_NtCsh1qtJxU4GWl_16wgpu_3dgs_viewer11multi_modelINtB7_16MultiModelViewerNtNtNtCs3BY6ADzPIDT_14wgpu_3dgs_core6buffer8gaussian41GaussianPodWithShSingleCov3dSingleConfigsReE6render0Cs8HrPP4l0PAj_3mod
FNDA:1,_RNvMs1_NtCsh1qtJxU4GWl_16wgpu_3dgs_viewer11multi_modelINtB5_16MultiModelViewerNtNtNtCs3BY6ADzPIDT_14wgpu_3dgs_core6buffer8gaussian41GaussianPodWithShSingleCov3dSingleConfigsReE12remove_modelCs8HrPP4l0PAj_3mod
FNDA:8,_RNvMs1_NtCsh1qtJxU4GWl_16wgpu_3dgs_viewer11multi_modelINtB5_16MultiModelViewerNtNtNtCs3BY6ADzPIDT_14wgpu_3dgs_core6buffer8gaussian41GaussianPodWithShSingleCov3dSingleConfigsReE16new_with_optionsCs8HrPP4l0PAj_3mod
FNDA:7,_RNvMs1_NtCsh1qtJxU4GWl_16wgpu_3dgs_viewer11multi_modelINtB5_16MultiModelViewerNtNtNtCs3BY6ADzPIDT_14wgpu_3dgs_core6buffer8gaussian41GaussianPodWithShSingleCov3dSingleConfigsReE22update_camera_with_podCs8HrPP4l0PAj_3mod
FNDA:2,_RNvMs1_NtCsh1qtJxU4GWl_16wgpu_3dgs_viewer11multi_modelINtB5_16MultiModelViewerNtNtNtCs3BY6ADzPIDT_14wgpu_3dgs_core6buffer8gaussian41GaussianPodWithShSingleCov3dSingleConfigsReE22update_model_transformCs8HrPP4l0PAj_3mod
FNDA:1,_RNvMs1_NtCsh1qtJxU4GWl_16wgpu_3dgs_viewer11multi_modelINtB5_16MultiModelViewerNtNtNtCs3BY6ADzPIDT_14wgpu_3dgs_core6buffer8gaussian41GaussianPodWithShSingleCov3dSingleConfigsReE25update_gaussian_transformCs8HrPP4l0PAj_3mod
FNDA:2,_RNvMs1_NtCsh1qtJxU4GWl_16wgpu_3dgs_viewer11multi_modelINtB5_16MultiModelViewerNtNtNtCs3BY6ADzPIDT_14wgpu_3dgs_core6buffer8gaussian41GaussianPodWithShSingleCov3dSingleConfigsReE31update_model_transform_with_podCs8HrPP4l0PAj_3mod
FNDA:1,_RNvMs1_NtCsh1qtJxU4GWl_16wgpu_3dgs_viewer11multi_modelINtB5_16MultiModelViewerNtNtNtCs3BY6ADzPIDT_14wgpu_3dgs_core6buffer8gaussian41GaussianPodWithShSingleCov3dSingleConfigsReE34update_gaussian_transform_with_podCs8HrPP4l0PAj_3mod
FNDA:8,_RNvMs1_NtCsh1qtJxU4GWl_16wgpu_3dgs_viewer11multi_modelINtB5_16MultiModelViewerNtNtNtCs3BY6ADzPIDT_14wgpu_3dgs_core6buffer8gaussian41GaussianPodWithShSingleCov3dSingleConfigsReE3newCs8HrPP4l0PAj_3mod
FNDA:8,_RNvMs1_NtCsh1qtJxU4GWl_16wgpu_3dgs_viewer11multi_modelINtB5_16MultiModelViewerNtNtNtCs3BY6ADzPIDT_14wgpu_3dgs_core6buffer8gaussian41GaussianPodWithShSingleCov3dSingleConfigsReE6renderCs8HrPP4l0PAj_3mod
FNDA:1,_RNvMs_NtCsh1qtJxU4GWl_16wgpu_3dgs_viewer11multi_modelNtB4_31MultiModelViewerGaussianBuffers14new_empty_withCs8HrPP4l0PAj_3mod
FNDA:2,_RNvMs_NtCsh1qtJxU4GWl_16wgpu_3dgs_viewer11multi_modelNtB4_31MultiModelViewerGaussianBuffers22update_model_transformCs8HrPP4l0PAj_3mod
FNDA:2,_RNvMs_NtCsh1qtJxU4GWl_16wgpu_3dgs_viewer11multi_modelNtB4_31MultiModelViewerGaussianBuffers31update_model_transform_with_podCs8HrPP4l0PAj_3mod
FNDA:1,_RNvMs_NtCsh1qtJxU4GWl_16wgpu_3dgs_viewer11multi_modelNtB4_31MultiModelViewerGaussianBuffers9new_emptyCs8HrPP4l0PAj_3mod
FNDA:7,_RNvMNtCsh1qtJxU4GWl_16wgpu_3dgs_viewer11multi_modelNtB2_28MultiModelViewerWorldBuffers22update_camera_with_pod
FNDA:1,_RNvMNtCsh1qtJxU4GWl_16wgpu_3dgs_viewer11multi_modelNtB2_28MultiModelViewerWorldBuffers25update_gaussian_transform
FNDA:1,_RNvMNtCsh1qtJxU4GWl_16wgpu_3dgs_viewer11multi_modelNtB2_28MultiModelViewerWorldBuffers34update_gaussian_transform_with_pod
FNDA:8,_RNvMNtCsh1qtJxU4GWl_16wgpu_3dgs_viewer11multi_modelNtB2_28MultiModelViewerWorldBuffers3new
FNDA:0,_RINvMNtCsegerxfp6ECu_16wgpu_3dgs_viewer11multi_modelNtB3_28MultiModelViewerWorldBuffers13update_camerapEB5_
FNDA:0,_RINvMs0_NtCsegerxfp6ECu_16wgpu_3dgs_viewer11multi_modelNtB6_26MultiModelViewerBindGroups3newpEB8_
FNDA:0,_RINvMs1_NtCsegerxfp6ECu_16wgpu_3dgs_viewer11multi_modelINtB6_16MultiModelViewerppE12insert_modelpEB8_
FNDA:0,_RINvMs1_NtCsegerxfp6ECu_16wgpu_3dgs_viewer11multi_modelINtB6_16MultiModelViewerppE13update_camerapEB8_
FNDA:0,_RINvMs1_NtCsegerxfp6ECu_16wgpu_3dgs_viewer11multi_modelINtB6_16MultiModelViewerppE17insert_model_withpEB8_
FNDA:0,_RINvMs_NtCsegerxfp6ECu_16wgpu_3dgs_viewer11multi_modelINtB5_31MultiModelViewerGaussianBufferspE3newpEB7_
FNDA:0,_RINvMs_NtCsegerxfp6ECu_16wgpu_3dgs_viewer11multi_modelINtB5_31MultiModelViewerGaussianBufferspE8new_withpEB7_
FNDA:0,_RNCNvMs1_NtCsegerxfp6ECu_16wgpu_3dgs_viewer11multi_modelINtB7_16MultiModelViewerppE6render0B9_
FNDA:0,_RNvMNtCsegerxfp6ECu_16wgpu_3dgs_viewer11multi_modelNtB2_28MultiModelViewerWorldBuffers22update_camera_with_pod
FNDA:0,_RNvMNtCsegerxfp6ECu_16wgpu_3dgs_viewer11multi_modelNtB2_28MultiModelViewerWorldBuffers25update_gaussian_transform
FNDA:0,_RNvMNtCsegerxfp6ECu_16wgpu_3dgs_viewer11multi_modelNtB2_28MultiModelViewerWorldBuffers34update_gaussian_transform_with_pod
FNDA:0,_RNvMNtCsegerxfp6ECu_16wgpu_3dgs_viewer11multi_modelNtB2_28MultiModelViewerWorldBuffers3new
FNDA:0,_RNvMs1_NtCsegerxfp6ECu_16wgpu_3dgs_viewer11multi_modelINtB5_16MultiModelViewerppE12remove_modelB7_
FNDA:0,_RNvMs1_NtCsegerxfp6ECu_16wgpu_3dgs_viewer11multi_modelINtB5_16MultiModelViewerppE16new_with_optionsB7_
FNDA:0,_RNvMs1_NtCsegerxfp6ECu_16wgpu_3dgs_viewer11multi_modelINtB5_16MultiModelViewerppE22update_camera_with_podB7_
FNDA:0,_RNvMs1_NtCsegerxfp6ECu_16wgpu_3dgs_viewer11multi_modelINtB5_16MultiModelViewerppE22update_model_transformB7_
FNDA:0,_RNvMs1_NtCsegerxfp6ECu_16wgpu_3dgs_viewer11multi_modelINtB5_16MultiModelViewerppE25update_gaussian_transformB7_
FNDA:0,_RNvMs1_NtCsegerxfp6ECu_16wgpu_3dgs_viewer11multi_modelINtB5_16MultiModelViewerppE31update_model_transform_with_podB7_
FNDA:0,_RNvMs1_NtCsegerxfp6ECu_16wgpu_3dgs_viewer11multi_modelINtB5_16MultiModelViewerppE34update_gaussian_transform_with_podB7_
FNDA:0,_RNvMs1_NtCsegerxfp6ECu_16wgpu_3dgs_viewer11multi_modelINtB5_16MultiModelViewerppE3newB7_
FNDA:0,_RNvMs1_NtCsegerxfp6ECu_16wgpu_3dgs_viewer11multi_modelINtB5_16MultiModelViewerppE6renderB7_
FNDA:0,_RNvMs_NtCsegerxfp6ECu_16wgpu_3dgs_viewer11multi_modelINtB4_31MultiModelViewerGaussianBufferspE14new_empty_withB6_
FNDA:0,_RNvMs_NtCsegerxfp6ECu_16wgpu_3dgs_viewer11multi_modelINtB4_31MultiModelViewerGaussianBufferspE22update_model_transformB6_
FNDA:0,_RNvMs_NtCsegerxfp6ECu_16wgpu_3dgs_viewer11multi_modelINtB4_31MultiModelViewerGaussianBufferspE31update_model_transform_with_podB6_
FNDA:0,_RNvMs_NtCsegerxfp6ECu_16wgpu_3dgs_viewer11multi_modelINtB4_31MultiModelViewerGaussianBufferspE9new_emptyB6_
FNDA:0,_RINvMNtCsh1qtJxU4GWl_16wgpu_3dgs_viewer11multi_modelNtB3_28MultiModelViewerWorldBuffers13update_cameraNtNtB5_6camera6CameraECs5eqtLxP0hPX_11multi_model
FNDA:0,_RINvMs0_NtCsh1qtJxU4GWl_16wgpu_3dgs_viewer11multi_modelNtB6_26MultiModelViewerBindGroups3newNtNtNtCs3BY6ADzPIDT_14wgpu_3dgs_core6buffer8gaussian41GaussianPodWithShSingleCov3dSingleConfigsECs5eqtLxP0hPX_11multi_model
FNDA:0,_RINvMs1_NtCsh1qtJxU4GWl_16wgpu_3dgs_viewer11multi_modelINtB6_16MultiModelViewerNtNtNtCs3BY6ADzPIDT_14wgpu_3dgs_core6buffer8gaussian41GaussianPodWithShSingleCov3dSingleConfigsjE12insert_modelNtNtB1l_8gaussian9GaussiansECs5eqtLxP0hPX_11multi_model
FNDA:0,_RINvMs1_NtCsh1qtJxU4GWl_16wgpu_3dgs_viewer11multi_modelINtB6_16MultiModelViewerNtNtNtCs3BY6ADzPIDT_14wgpu_3dgs_core6buffer8gaussian41GaussianPodWithShSingleCov3dSingleConfigsjE13update_cameraNtNtB8_6camera6CameraECs5eqtLxP0hPX_11multi_model
FNDA:0,_RINvMs1_NtCsh1qtJxU4GWl_16wgpu_3dgs_viewer11multi_modelINtB6_16MultiModelViewerNtNtNtCs3BY6ADzPIDT_14wgpu_3dgs_core6buffer8gaussian41GaussianPodWithShSingleCov3dSingleConfigsjE17insert_model_withNtNtB1l_8gaussian9GaussiansECs5eqtLxP0hPX_11multi_model
FNDA:0,_RINvMs_NtCsh1qtJxU4GWl_16wgpu_3dgs_viewer11multi_modelNtB5_31MultiModelViewerGaussianBuffers8new_withNtNtCs3BY6ADzPIDT_14wgpu_3dgs_core8gaussian9GaussiansECs5eqtLxP0hPX_11multi_model
FNDA:0,_RNCNvMs1_NtCsh1qtJxU4GWl_16wgpu_3dgs_viewer11multi_modelINtB7_16MultiModelViewerNtNtNtCs3BY6ADzPIDT_14wgpu_3dgs_core6buffer8gaussian41GaussianPodWithShSingleCov3dSingleConfigsjE6render0Cs5eqtLxP0hPX_11multi_model
FNDA:0,_RNvMs1_NtCsh1qtJxU4GWl_16wgpu_3dgs_viewer11multi_modelINtB5_16MultiModelViewerNtNtNtCs3BY6ADzPIDT_14wgpu_3dgs_core6buffer8gaussian41GaussianPodWithShSingleCov3dSingleConfigsjE16new_with_optionsCs5eqtLxP0hPX_11multi_model
FNDA:0,_RNvMs1_NtCsh1qtJxU4GWl_16wgpu_3dgs_viewer11multi_modelINtB5_16MultiModelViewerNtNtNtCs3BY6ADzPIDT_14wgpu_3dgs_core6buffer8gaussian41GaussianPodWithShSingleCov3dSingleConfigsjE22update_model_transformCs5eqtLxP0hPX_11multi_model
FNDA:0,_RNvMs1_NtCsh1qtJxU4GWl_16wgpu_3dgs_viewer11multi_modelINtB5_16MultiModelViewerNtNtNtCs3BY6ADzPIDT_14wgpu_3dgs_core6buffer8gaussian41GaussianPodWithShSingleCov3dSingleConfigsjE3newCs5eqtLxP0hPX_11multi_model
FNDA:0,_RNvMs1_NtCsh1qtJxU4GWl_16wgpu_3dgs_viewer11multi_modelINtB5_16MultiModelViewerNtNtNtCs3BY6ADzPIDT_14wgpu_3dgs_core6buffer8gaussian41GaussianPodWithShSingleCov3dSingleConfigsjE6renderCs5eqtLxP0hPX_11multi_model
FNDA:0,_RNvMs_NtCsh1qtJxU4GWl_16wgpu_3dgs_viewer11multi_modelNtB4_31MultiModelViewerGaussianBuffers22update_model_transformCs5eqtLxP0hPX_11multi_model
FNF:25
FNH:24
DA:14,8
DA:15,8
DA:16,8
DA:18,8
DA:19,8
DA:21,8
DA:22,8
DA:23,8
DA:24,8
DA:25,8
DA:28,1
DA:29,1
DA:30,1
DA:31,1
DA:32,1
DA:33,1
DA:34,1
DA:35,1
DA:38,7
DA:39,7
DA:40,7
DA:43,1
DA:44,1
DA:45,1
DA:46,1
DA:47,1
DA:48,1
DA:49,1
DA:50,1
DA:51,1
DA:52,1
DA:53,1
DA:54,1
DA:55,1
DA:56,1
DA:57,1
DA:58,1
DA:60,1
DA:63,1
DA:64,1
DA:65,1
DA:66,1
DA:67,1
DA:68,1
DA:69,1
DA:89,0
DA:90,0
DA:91,0
DA:94,16
DA:95,16
DA:96,16
DA:97,16
DA:98,16
DA:99,16
DA:100,16
DA:102,16
DA:103,16
DA:104,16
DA:106,16
DA:107,16
DA:109,16
DA:110,16
DA:113,16
DA:115,16
DA:116,16
DA:118,16
DA:119,16
DA:122,16
DA:123,16
DA:124,16
DA:128,16
DA:129,16
DA:130,16
DA:133,16
DA:134,16
DA:135,16
DA:136,16
DA:137,16
DA:138,16
DA:139,16
DA:140,16
DA:141,16
DA:142,16
DA:143,16
DA:144,16
DA:145,16
DA:148,1
DA:149,1
DA:150,1
DA:153,1
DA:154,1
DA:155,1
DA:156,1
DA:157,1
DA:158,1
DA:159,1
DA:161,1
DA:162,1
DA:163,1
DA:165,1
DA:166,1
DA:168,1
DA:169,1
DA:171,1
DA:172,1
DA:174,1
DA:175,1
DA:178,1
DA:179,1
DA:180,1
DA:184,1
DA:185,1
DA:186,1
DA:189,1
DA:190,1
DA:191,1
DA:192,1
DA:193,1
DA:194,1
DA:195,1
DA:196,1
DA:197,1
DA:198,1
DA:199,1
DA:200,1
DA:201,1
DA:204,2
DA:205,2
DA:206,2
DA:207,2
DA:208,2
DA:209,2
DA:210,2
DA:211,2
DA:212,2
DA:215,2
DA:216,2
DA:217,2
DA:218,2
DA:219,2
DA:220,2
DA:221,2
DA:234,16
DA:235,16
DA:236,16
DA:237,16
DA:238,16
DA:239,16
DA:240,16
DA:241,16
DA:242,16
DA:243,16
DA:244,16
DA:245,16
DA:246,16
DA:247,16
DA:248,16
DA:249,16
DA:250,16
DA:251,16
DA:253,16
DA:255,16
DA:257,16
DA:258,16
DA:259,16
DA:260,16
DA:262,16
DA:263,16
DA:264,16
DA:265,16
DA:266,16
DA:267,16
DA:268,16
DA:271,16
DA:272,16
DA:273,16
DA:274,16
DA:275,16
DA:276,16
DA:307,8
DA:308,8
DA:309,8
DA:310,8
DA:311,8
DA:312,8
DA:319,8
DA:320,8
DA:321,8
DA:322,8
DA:323,8
DA:324,8
DA:326,8
DA:327,8
DA:329,8
DA:330,8
DA:332,8
DA:333,8
DA:335,8
DA:336,8
DA:337,8
DA:339,8
DA:341,8
DA:342,8
DA:343,8
DA:344,8
DA:345,8
DA:346,8
DA:347,8
DA:348,8
DA:349,8
DA:350,8
DA:353,16
DA:354,16
DA:355,16
DA:356,16
DA:357,16
DA:358,16
DA:359,16
DA:360,16
DA:366,16
DA:367,16
DA:368,16
DA:369,16
DA:370,16
DA:371,16
DA:372,16
DA:373,16
DA:374,16
DA:375,16
DA:376,16
DA:377,16
DA:378,16
DA:379,16
DA:380,16
DA:381,16
DA:383,16
DA:384,16
DA:385,16
DA:386,16
DA:387,16
DA:388,16
DA:390,16
DA:393,1
DA:394,1
DA:395,1
DA:398,1
DA:399,1
DA:400,1
DA:401,1
DA:402,1
DA:403,1
DA:404,1
DA:405,1
DA:406,1
DA:409,7
DA:410,7
DA:411,7
DA:414,2
DA:415,2
DA:416,2
DA:417,2
DA:418,2
DA:419,2
DA:420,2
DA:421,2
DA:422,2
DA:423,2
DA:424,2
DA:426,2
DA:427,2
DA:428,2
DA:431,2
DA:432,2
DA:433,2
DA:434,2
DA:435,2
DA:436,2
DA:437,2
DA:438,2
DA:439,2
DA:441,2
DA:442,2
DA:443,2
DA:446,1
DA:447,1
DA:448,1
DA:449,1
DA:450,1
DA:451,1
DA:452,1
DA:453,1
DA:454,1
DA:455,1
DA:456,1
DA:457,1
DA:458,1
DA:459,1
DA:460,1
DA:461,1
DA:463,1
DA:466,1
DA:467,1
DA:468,1
DA:469,1
DA:470,1
DA:471,1
DA:472,1
DA:473,1
DA:476,8
DA:477,8
DA:478,8
DA:479,8
DA:480,8
DA:481,8
DA:482,8
DA:483,8
DA:484,15
DA:485,15
DA:486,15
DA:487,15
DA:488,15
DA:489,8
DA:491,15
DA:492,15
DA:493,15
DA:494,15
DA:495,15
DA:496,15
DA:497,15
DA:498,15
DA:499,15
DA:500,15
DA:501,15
DA:502,15
DA:503,15
DA:506,8
DA:507,8
DA:508,8
DA:509,8
DA:510,8
DA:511,8
DA:512,8
DA:513,8
DA:514,8
DA:515,8
DA:516,8
DA:517,8
DA:518,8
DA:520,15
DA:521,15
DA:522,15
DA:523,15
DA:524,15
DA:525,15
DA:526,15
DA:529,8
DA:530,8
BRF:0
BRH:0
LF:358
LH:355
end_of_record
SF:C:\Users\s2010\Me\Codes\Rust\wgpu-3dgs-viewer\src\preprocessor.rs
FN:368,_RNCNvMs0_NtCsh1qtJxU4GWl_16wgpu_3dgs_viewer12preprocessorINtB7_12PreprocessorNtNtNtCs3BY6ADzPIDT_14wgpu_3dgs_core6buffer8gaussian41GaussianPodWithShSingleCov3dSingleConfigsuE22new_without_bind_group0Cs8HrPP4l0PAj_3mod
FN:37,_RNvMNtCsh1qtJxU4GWl_16wgpu_3dgs_viewer12preprocessorINtB2_12PreprocessorNtNtNtCs3BY6ADzPIDT_14wgpu_3dgs_core6buffer8gaussian41GaussianPodWithShSingleCov3dSingleConfigsuE17create_bind_groupCs8HrPP4l0PAj_3mod
FN:418,_RNvMs0_NtCsh1qtJxU4GWl_16wgpu_3dgs_viewer12preprocessorINtB5_12PreprocessorNtNtNtCs3BY6ADzPIDT_14wgpu_3dgs_core6buffer8gaussian41GaussianPodWithShSingleCov3dSingleConfigsuE10preprocessCs8HrPP4l0PAj_3mod
FN:355,_RNvMs0_NtCsh1qtJxU4GWl_16wgpu_3dgs_viewer12preprocessorINtB5_12PreprocessorNtNtNtCs3BY6ADzPIDT_14wgpu_3dgs_core6buffer8gaussian41GaussianPodWithShSingleCov3dSingleConfigsuE22new_without_bind_groupCs8HrPP4l0PAj_3mod
FN:263,_RNvMs_NtCsh1qtJxU4GWl_16wgpu_3dgs_viewer12preprocessorINtB4_12PreprocessorNtNtNtCs3BY6ADzPIDT_14wgpu_3dgs_core6buffer8gaussian41GaussianPodWithShSingleCov3dSingleConfigsE10preprocessCs8HrPP4l0PAj_3mod
FN:274,_RNvMs_NtCsh1qtJxU4GWl_16wgpu_3dgs_viewer12preprocessorINtB4_12PreprocessorNtNtNtCs3BY6ADzPIDT_14wgpu_3dgs_core6buffer8gaussian41GaussianPodWithShSingleCov3dSingleConfigsE24create_bind_group_staticCs8HrPP4l0PAj_3mod
FN:210,_RNvMs_NtCsh1qtJxU4GWl_16wgpu_3dgs_viewer12preprocessorINtB4_12PreprocessorNtNtNtCs3BY6ADzPIDT_14wgpu_3dgs_core6buffer8gaussian41GaussianPodWithShSingleCov3dSingleConfigsE3newCs8HrPP4l0PAj_3mod
FN:368,_RNCNvMs0_NtCsegerxfp6ECu_16wgpu_3dgs_viewer12preprocessorINtB7_12PreprocessorpuE22new_without_bind_group0B9_
FN:71,_RNvMNtCsegerxfp6ECu_16wgpu_3dgs_viewer12preprocessorINtB2_12PreprocessorppE14workgroup_sizeB4_
FN:76,_RNvMNtCsegerxfp6ECu_16wgpu_3dgs_viewer12preprocessorINtB2_12PreprocessorppE17bind_group_layoutB4_
FN:37,_RNvMNtCsegerxfp6ECu_16wgpu_3dgs_viewer12preprocessorINtB2_12PreprocessorppE17create_bind_groupB4_
FN:418,_RNvMs0_NtCsegerxfp6ECu_16wgpu_3dgs_viewer12preprocessorINtB5_12PreprocessorpuE10preprocessB7_
FN:355,_RNvMs0_NtCsegerxfp6ECu_16wgpu_3dgs_viewer12preprocessorINtB5_12PreprocessorpuE22new_without_bind_groupB7_
FN:263,_RNvMs_NtCsegerxfp6ECu_16wgpu_3dgs_viewer12preprocessorINtB4_12PreprocessorpE10preprocessB6_
FN:274,_RNvMs_NtCsegerxfp6ECu_16wgpu_3dgs_viewer12preprocessorINtB4_12PreprocessorpE24create_bind_group_staticB6_
FN:210,_RNvMs_NtCsegerxfp6ECu_16wgpu_3dgs_viewer12preprocessorINtB4_12PreprocessorpE3newB6_
FN:368,_RNCNvMs0_NtCsh1qtJxU4GWl_16wgpu_3dgs_viewer12preprocessorINtB7_12PreprocessorNtNtNtCs3BY6ADzPIDT_14wgpu_3dgs_core6buffer8gaussian41GaussianPodWithShSingleCov3dSingleConfigsuE22new_without_bind_group0Cs5eqtLxP0hPX_11multi_model
FN:37,_RNvMNtCsh1qtJxU4GWl_16wgpu_3dgs_viewer12preprocessorINtB2_12PreprocessorNtNtNtCs3BY6ADzPIDT_14wgpu_3dgs_core6buffer8gaussian41GaussianPodWithShSingleCov3dSingleConfigsuE17create_bind_groupCs5eqtLxP0hPX_11multi_model
FN:418,_RNvMs0_NtCsh1qtJxU4GWl_16wgpu_3dgs_viewer12preprocessorINtB5_12PreprocessorNtNtNtCs3BY6ADzPIDT_14wgpu_3dgs_core6buffer8gaussian41GaussianPodWithShSingleCov3dSingleConfigsuE10preprocessCs5eqtLxP0hPX_11multi_model
FN:355,_RNvMs0_NtCsh1qtJxU4GWl_16wgpu_3dgs_viewer12preprocessorINtB5_12PreprocessorNtNtNtCs3BY6ADzPIDT_14wgpu_3dgs_core6buffer8gaussian41GaussianPodWithShSingleCov3dSingleConfigsuE22new_without_bind_groupCs5eqtLxP0hPX_11multi_model
FN:274,_RNvMs_NtCsh1qtJxU4GWl_16wgpu_3dgs_viewer12preprocessorINtB4_12PreprocessorNtNtNtCs3BY6ADzPIDT_14wgpu_3dgs_core6buffer8gaussian41GaussianPodWithShSingleCov3dSingleConfigsE24create_bind_group_staticCs5eqtLxP0hPX_11multi_model
FN:368,_RNCNvMs0_NtCsh1qtJxU4GWl_16wgpu_3dgs_viewer12preprocessorINtB7_12PreprocessorNtNtNtCs3BY6ADzPIDT_14wgpu_3dgs_core6buffer8gaussian41GaussianPodWithShSingleCov3dSingleConfigsuE22new_without_bind_group0Cs8i3LEZ4i8f6_9selection
FN:37,_RNvMNtCsh1qtJxU4GWl_16wgpu_3dgs_viewer12preprocessorINtB2_12PreprocessorNtNtNtCs3BY6ADzPIDT_14wgpu_3dgs_core6buffer8gaussian41GaussianPodWithShSingleCov3dSingleConfigsuE17create_bind_groupCs8i3LEZ4i8f6_9selection
FN:355,_RNvMs0_NtCsh1qtJxU4GWl_16wgpu_3dgs_viewer12preprocessorINtB5_12PreprocessorNtNtNtCs3BY6ADzPIDT_14wgpu_3dgs_core6buffer8gaussian41GaussianPodWithShSingleCov3dSingleConfigsuE22new_without_bind_groupCs8i3LEZ4i8f6_9selection
FN:263,_RNvMs_NtCsh1qtJxU4GWl_16wgpu_3dgs_viewer12preprocessorINtB4_12PreprocessorNtNtNtCs3BY6ADzPIDT_14wgpu_3dgs_core6buffer8gaussian41GaussianPodWithShSingleCov3dSingleConfigsE10preprocessCs8i3LEZ4i8f6_9selection
FN:274,_RNvMs_NtCsh1qtJxU4GWl_16wgpu_3dgs_viewer12preprocessorINtB4_12PreprocessorNtNtNtCs3BY6ADzPIDT_14wgpu_3dgs_core6buffer8gaussian41GaussianPodWithShSingleCov3dSingleConfigsE24create_bind_group_staticCs8i3LEZ4i8f6_9selection
FN:210,_RNvMs_NtCsh1qtJxU4GWl_16wgpu_3dgs_viewer12preprocessorINtB4_12PreprocessorNtNtNtCs3BY6ADzPIDT_14wgpu_3dgs_core6buffer8gaussian41GaussianPodWithShSingleCov3dSingleConfigsE3newCs8i3LEZ4i8f6_9selection
FN:368,_RNCNvMs0_NtCsh1qtJxU4GWl_16wgpu_3dgs_viewer12preprocessorINtB7_12PreprocessorNtNtNtCs3BY6ADzPIDT_14wgpu_3dgs_core6buffer8gaussian41GaussianPodWithShSingleCov3dSingleConfigsuE22new_without_bind_group0Cs49roiI3Bpf9_6simple
FN:37,_RNvMNtCsh1qtJxU4GWl_16wgpu_3dgs_viewer12preprocessorINtB2_12PreprocessorNtNtNtCs3BY6ADzPIDT_14wgpu_3dgs_core6buffer8gaussian41GaussianPodWithShSingleCov3dSingleConfigsuE17create_bind_groupCs49roiI3Bpf9_6simple
FN:355,_RNvMs0_NtCsh1qtJxU4GWl_16wgpu_3dgs_viewer12preprocessorINtB5_12PreprocessorNtNtNtCs3BY6ADzPIDT_14wgpu_3dgs_core6buffer8gaussian41GaussianPodWithShSingleCov3dSingleConfigsuE22new_without_bind_groupCs49roiI3Bpf9_6simple
FN:263,_RNvMs_NtCsh1qtJxU4GWl_16wgpu_3dgs_viewer12preprocessorINtB4_12PreprocessorNtNtNtCs3BY6ADzPIDT_14wgpu_3dgs_core6buffer8gaussian41GaussianPodWithShSingleCov3dSingleConfigsE10preprocessCs49roiI3Bpf9_6simple
FN:274,_RNvMs_NtCsh1qtJxU4GWl_16wgpu_3dgs_viewer12preprocessorINtB4_12PreprocessorNtNtNtCs3BY6ADzPIDT_14wgpu_3dgs_core6buffer8gaussian41GaussianPodWithShSingleCov3dSingleConfigsE24create_bind_group_staticCs49roiI3Bpf9_6simple
FN:210,_RNvMs_NtCsh1qtJxU4GWl_16wgpu_3dgs_viewer12preprocessorINtB4_12PreprocessorNtNtNtCs3BY6ADzPIDT_14wgpu_3dgs_core6buffer8gaussian41GaussianPodWithShSingleCov3dSingleConfigsE3newCs49roiI3Bpf9_6simple
FNDA:168,_RNCNvMs0_NtCsh1qtJxU4GWl_16wgpu_3dgs_viewer12preprocessorINtB7_12PreprocessorNtNtNtCs3BY6ADzPIDT_14wgpu_3dgs_core6buffer8gaussian41GaussianPodWithShSingleCov3dSingleConfigsuE22new_without_bind_group0Cs8HrPP4l0PAj_3mod
FNDA:29,_RNvMNtCsh1qtJxU4GWl_16wgpu_3dgs_viewer12preprocessorINtB2_12PreprocessorNtNtNtCs3BY6ADzPIDT_14wgpu_3dgs_core6buffer8gaussian41GaussianPodWithShSingleCov3dSingleConfigsuE17create_bind_groupCs8HrPP4l0PAj_3mod
FNDA:15,_RNvMs0_NtCsh1qtJxU4GWl_16wgpu_3dgs_viewer12preprocessorINtB5_12PreprocessorNtNtNtCs3BY6ADzPIDT_14wgpu_3dgs_core6buffer8gaussian41GaussianPodWithShSingleCov3dSingleConfigsuE10preprocessCs8HrPP4l0PAj_3mod
FNDA:21,_RNvMs0_NtCsh1qtJxU4GWl_16wgpu_3dgs_viewer12preprocessorINtB5_12PreprocessorNtNtNtCs3BY6ADzPIDT_14wgpu_3dgs_core6buffer8gaussian41GaussianPodWithShSingleCov3dSingleConfigsuE22new_without_bind_groupCs8HrPP4l0PAj_3mod
FNDA:13,_RNvMs_NtCsh1qtJxU4GWl_16wgpu_3dgs_viewer12preprocessorINtB4_12PreprocessorNtNtNtCs3BY6ADzPIDT_14wgpu_3dgs_core6buffer8gaussian41GaussianPodWithShSingleCov3dSingleConfigsE10preprocessCs8HrPP4l0PAj_3mod
FNDA:29,_RNvMs_NtCsh1qtJxU4GWl_16wgpu_3dgs_viewer12preprocessorINtB4_12PreprocessorNtNtNtCs3BY6ADzPIDT_14wgpu_3dgs_core6buffer8gaussian41GaussianPodWithShSingleCov3dSingleConfigsE24create_bind_group_staticCs8HrPP4l0PAj_3mod
FNDA:13,_RNvMs_NtCsh1qtJxU4GWl_16wgpu_3dgs_viewer12preprocessorINtB4_12PreprocessorNtNtNtCs3BY6ADzPIDT_14wgpu_3dgs_core6buffer8gaussian41GaussianPodWithShSingleCov3dSingleConfigsE3newCs8HrPP4l0PAj_3mod
FNDA:0,_RNCNvMs0_NtCsegerxfp6ECu_16wgpu_3dgs_viewer12preprocessorINtB7_12PreprocessorpuE22new_without_bind_group0B9_
FNDA:0,_RNvMNtCsegerxfp6ECu_16wgpu_3dgs_viewer12preprocessorINtB2_12PreprocessorppE14workgroup_sizeB4_
FNDA:0,_RNvMNtCsegerxfp6ECu_16wgpu_3dgs_viewer12preprocessorINtB2_12PreprocessorppE17bind_group_layoutB4_
FNDA:0,_RNvMNtCsegerxfp6ECu_16wgpu_3dgs_viewer12preprocessorINtB2_12PreprocessorppE17create_bind_groupB4_
FNDA:0,_RNvMs0_NtCsegerxfp6ECu_16wgpu_3dgs_viewer12preprocessorINtB5_12PreprocessorpuE10preprocessB7_
FNDA:0,_RNvMs0_NtCsegerxfp6ECu_16wgpu_3dgs_viewer12preprocessorINtB5_12PreprocessorpuE22new_without_bind_groupB7_
FNDA:0,_RNvMs_NtCsegerxfp6ECu_16wgpu_3dgs_viewer12preprocessorINtB4_12PreprocessorpE10preprocessB6_
FNDA:0,_RNvMs_NtCsegerxfp6ECu_16wgpu_3dgs_viewer12preprocessorINtB4_12PreprocessorpE24create_bind_group_staticB6_
FNDA:0,_RNvMs_NtCsegerxfp6ECu_16wgpu_3dgs_viewer12preprocessorINtB4_12PreprocessorpE3newB6_
FNDA:0,_RNCNvMs0_NtCsh1qtJxU4GWl_16wgpu_3dgs_viewer12preprocessorINtB7_12PreprocessorNtNtNtCs3BY6ADzPIDT_14wgpu_3dgs_core6buffer8gaussian41GaussianPodWithShSingleCov3dSingleConfigsuE22new_without_bind_group0Cs5eqtLxP0hPX_11multi_model
FNDA:0,_RNvMNtCsh1qtJxU4GWl_16wgpu_3dgs_viewer12preprocessorINtB2_12PreprocessorNtNtNtCs3BY6ADzPIDT_14wgpu_3dgs_core6buffer8gaussian41GaussianPodWithShSingleCov3dSingleConfigsuE17create_bind_groupCs5eqtLxP0hPX_11multi_model
FNDA:0,_RNvMs0_NtCsh1qtJxU4GWl_16wgpu_3dgs_viewer12preprocessorINtB5_12PreprocessorNtNtNtCs3BY6ADzPIDT_14wgpu_3dgs_core6buffer8gaussian41GaussianPodWithShSingleCov3dSingleConfigsuE10preprocessCs5eqtLxP0hPX_11multi_model
FNDA:0,_RNvMs0_NtCsh1qtJxU4GWl_16wgpu_3dgs_viewer12preprocessorINtB5_12PreprocessorNtNtNtCs3BY6ADzPIDT_14wgpu_3dgs_core6buffer8gaussian41GaussianPodWithShSingleCov3dSingleConfigsuE22new_without_bind_groupCs5eqtLxP0hPX_11multi_model
FNDA:0,_RNvMs_NtCsh1qtJxU4GWl_16wgpu_3dgs_viewer12preprocessorINtB4_12PreprocessorNtNtNtCs3BY6ADzPIDT_14wgpu_3dgs_core6buffer8gaussian41GaussianPodWithShSingleCov3dSingleConfigsE24create_bind_group_staticCs5eqtLxP0hPX_11multi_model
FNDA:8,_RNCNvMs0_NtCsh1qtJxU4GWl_16wgpu_3dgs_viewer12preprocessorINtB7_12PreprocessorNtNtNtCs3BY6ADzPIDT_14wgpu_3dgs_core6buffer8gaussian41GaussianPodWithShSingleCov3dSingleConfigsuE22new_without_bind_group0Cs8i3LEZ4i8f6_9selection
FNDA:1,_RNvMNtCsh1qtJxU4GWl_16wgpu_3dgs_viewer12preprocessorINtB2_12PreprocessorNtNtNtCs3BY6ADzPIDT_14wgpu_3dgs_core6buffer8gaussian41GaussianPodWithShSingleCov3dSingleConfigsuE17create_bind_groupCs8i3LEZ4i8f6_9selection
FNDA:1,_RNvMs0_NtCsh1qtJxU4GWl_16wgpu_3dgs_viewer12preprocessorINtB5_12PreprocessorNtNtNtCs3BY6ADzPIDT_14wgpu_3dgs_core6buffer8gaussian41GaussianPodWithShSingleCov3dSingleConfigsuE22new_without_bind_groupCs8i3LEZ4i8f6_9selection
FNDA:248,_RNvMs_NtCsh1qtJxU4GWl_16wgpu_3dgs_viewer12preprocessorINtB4_12PreprocessorNtNtNtCs3BY6ADzPIDT_14wgpu_3dgs_core6buffer8gaussian41GaussianPodWithShSingleCov3dSingleConfigsE10preprocessCs8i3LEZ4i8f6_9selection
FNDA:1,_RNvMs_NtCsh1qtJxU4GWl_16wgpu_3dgs_viewer12preprocessorINtB4_12PreprocessorNtNtNtCs3BY6ADzPIDT_14wgpu_3dgs_core6buffer8gaussian41GaussianPodWithShSingleCov3dSingleConfigsE24create_bind_group_staticCs8i3LEZ4i8f6_9selection
FNDA:1,_RNvMs_NtCsh1qtJxU4GWl_16wgpu_3dgs_viewer12preprocessorINtB4_12PreprocessorNtNtNtCs3BY6ADzPIDT_14wgpu_3dgs_core6buffer8gaussian41GaussianPodWithShSingleCov3dSingleConfigsE3newCs8i3LEZ4i8f6_9selection
FNDA:0,_RNCNvMs0_NtCsh1qtJxU4GWl_16wgpu_3dgs_viewer12preprocessorINtB7_12PreprocessorNtNtNtCs3BY6ADzPIDT_14wgpu_3dgs_core6buffer8gaussian41GaussianPodWithShSingleCov3dSingleConfigsuE22new_without_bind_group0Cs49roiI3Bpf9_6simple
FNDA:0,_RNvMNtCsh1qtJxU4GWl_16wgpu_3dgs_viewer12preprocessorINtB2_12PreprocessorNtNtNtCs3BY6ADzPIDT_14wgpu_3dgs_core6buffer8gaussian41GaussianPodWithShSingleCov3dSingleConfigsuE17create_bind_groupCs49roiI3Bpf9_6simple
FNDA:0,_RNvMs0_NtCsh1qtJxU4GWl_16wgpu_3dgs_viewer12preprocessorINtB5_12PreprocessorNtNtNtCs3BY6ADzPIDT_14wgpu_3dgs_core6buffer8gaussian41GaussianPodWithShSingleCov3dSingleConfigsuE22new_without_bind_groupCs49roiI3Bpf9_6simple
FNDA:0,_RNvMs_NtCsh1qtJxU4GWl_16wgpu_3dgs_viewer12preprocessorINtB4_12PreprocessorNtNtNtCs3BY6ADzPIDT_14wgpu_3dgs_core6buffer8gaussian41GaussianPodWithShSingleCov3dSingleConfigsE10preprocessCs49roiI3Bpf9_6simple
FNDA:0,_RNvMs_NtCsh1qtJxU4GWl_16wgpu_3dgs_viewer12preprocessorINtB4_12PreprocessorNtNtNtCs3BY6ADzPIDT_14wgpu_3dgs_core6buffer8gaussian41GaussianPodWithShSingleCov3dSingleConfigsE24create_bind_group_staticCs49roiI3Bpf9_6simple
FNDA:0,_RNvMs_NtCsh1qtJxU4GWl_16wgpu_3dgs_viewer12preprocessorINtB4_12PreprocessorNtNtNtCs3BY6ADzPIDT_14wgpu_3dgs_core6buffer8gaussian41GaussianPodWithShSingleCov3dSingleConfigsE3newCs49roiI3Bpf9_6simple
FNF:9
FNH:7
DA:37,30
DA:38,30
DA:39,30
DA:40,30
DA:41,30
DA:42,30
DA:43,30
DA:44,30
DA:45,30
DA:46,30
DA:47,30
DA:48,30
DA:49,30
DA:50,30
DA:51,30
DA:52,30
DA:53,30
DA:54,30
DA:55,30
DA:56,30
DA:57,30
DA:58,30
DA:59,30
DA:60,30
DA:61,30
DA:62,30
DA:64,30
DA:66,30
DA:68,30
DA:71,0
DA:72,0
DA:73,0
DA:76,0
DA:77,0
DA:78,0
DA:210,14
DA:211,14
DA:212,14
DA:213,14
DA:214,14
DA:215,14
DA:216,14
DA:217,14
DA:218,14
DA:219,14
DA:220,14
DA:221,14
DA:222,14
DA:223,14
DA:224,14
DA:225,14
DA:227,0
DA:228,0
DA:229,0
DA:230,0
DA:231,14
DA:233,14
DA:235,14
DA:236,14
DA:237,14
DA:238,14
DA:239,14
DA:240,14
DA:241,14
DA:242,14
DA:243,14
DA:244,14
DA:245,14
DA:247,14
DA:249,14
DA:252,14
DA:253,14
DA:254,14
DA:255,14
DA:256,14
DA:257,14
DA:258,14
DA:259,14
DA:260,14
DA:263,261
DA:264,261
DA:266,261
DA:267,261
DA:269,261
DA:270,261
DA:274,30
DA:275,30
DA:276,30
DA:277,30
DA:278,30
DA:279,30
DA:280,30
DA:281,30
DA:282,30
DA:283,30
DA:284,30
DA:285,30
DA:286,30
DA:287,30
DA:288,30
DA:289,30
DA:290,30
DA:291,30
DA:292,30
DA:293,30
DA:294,30
DA:295,30
DA:296,30
DA:297,30
DA:298,30
DA:299,30
DA:300,30
DA:301,30
DA:302,30
DA:303,30
DA:304,30
DA:305,30
DA:306,30
DA:307,30
DA:308,30
DA:309,30
DA:310,30
DA:311,30
DA:312,30
DA:313,30
DA:314,30
DA:315,30
DA:316,30
DA:317,30
DA:318,30
DA:319,30
DA:320,30
DA:321,30
DA:322,30
DA:323,30
DA:324,30
DA:325,30
DA:326,30
DA:327,30
DA:328,30
DA:329,30
DA:330,30
DA:331,30
DA:332,30
DA:333,30
DA:334,30
DA:335,30
DA:336,30
DA:337,30
DA:338,30
DA:339,30
DA:340,30
DA:341,30
DA:342,30
DA:343,30
DA:344,30
DA:345,30
DA:346,30
DA:347,30
DA:355,22
DA:356,22
DA:357,22
DA:358,22
DA:360,22
DA:362,22
DA:363,22
DA:364,22
DA:365,22
DA:366,22
DA:367,22
DA:368,176
DA:369,22
DA:370,22
DA:372,22
DA:375,22
DA:376,22
DA:378,22
DA:379,22
DA:380,22
DA:381,22
DA:382,22
DA:383,22
DA:384,22
DA:385,22
DA:387,22
DA:388,22
DA:389,22
DA:390,22
DA:391,22
DA:392,22
DA:393,22
DA:394,22
DA:396,22
DA:397,22
DA:398,22
DA:399,22
DA:400,22
DA:401,22
DA:402,22
DA:403,22
DA:405,22
DA:407,22
DA:408,22
DA:409,22
DA:410,22
DA:411,22
DA:412,22
DA:413,22
DA:414,22
DA:415,22
DA:418,15
DA:419,15
DA:420,15
DA:421,15
DA:422,15
DA:423,15
DA:424,15
DA:426,15
DA:428,15
DA:429,15
BRF:0
BRH:0
LF:221
LH:211
end_of_record
SF:C:\Users\s2010\Me\Codes\Rust\wgpu-3dgs-viewer\src\radix_sorter.rs
FN:71,_RNvMs0_NtCsh1qtJxU4GWl_16wgpu_3dgs_viewer12radix_sorterINtB5_11RadixSorteruE23new_without_bind_groups
FN:87,_RNvMs0_NtCsh1qtJxU4GWl_16wgpu_3dgs_viewer12radix_sorterINtB5_11RadixSorteruE4sort
FN:36,_RNvMs_NtCsh1qtJxU4GWl_16wgpu_3dgs_viewer12radix_sorterNtB4_11RadixSorter3new
FN:56,_RNvMs_NtCsh1qtJxU4GWl_16wgpu_3dgs_viewer12radix_sorterNtB4_11RadixSorter4sort
FN:20,_RNvMNtCsh1qtJxU4GWl_16wgpu_3dgs_viewer12radix_sorterINtB2_11RadixSorteruE18create_bind_groupsB4_
FN:314,_RNvMNtNtCsh1qtJxU4GWl_16wgpu_3dgs_viewer12radix_sorter9wgpu_sortNtB2_9GPUSorter17bind_group_layout
FN:485,_RNvMNtNtCsh1qtJxU4GWl_16wgpu_3dgs_viewer12radix_sorter9wgpu_sortNtB2_9GPUSorter17general_info_data
FN:556,_RNvMNtNtCsh1qtJxU4GWl_16wgpu_3dgs_viewer12radix_sorter9wgpu_sortNtB2_9GPUSorter23record_prefix_histogram
FN:459,_RNvMNtNtCsh1qtJxU4GWl_16wgpu_3dgs_viewer12radix_sorter9wgpu_sortNtB2_9GPUSorter26create_internal_mem_buffer
FN:735,_RNvMNtNtCsh1qtJxU4GWl_16wgpu_3dgs_viewer12radix_sorter9wgpu_sortNtB2_9GPUSorter28create_internal_sort_buffers
FN:598,_RNvMNtNtCsh1qtJxU4GWl_16wgpu_3dgs_viewer12radix_sorter9wgpu_sortNtB2_9GPUSorter28record_scatter_keys_indirect
FN:429,_RNvMNtNtCsh1qtJxU4GWl_16wgpu_3dgs_viewer12radix_sorter9wgpu_sortNtB2_9GPUSorter30create_internal_keyval_buffers
FN:526,_RNvMNtNtCsh1qtJxU4GWl_16wgpu_3dgs_viewer12radix_sorter9wgpu_sortNtB2_9GPUSorter35record_calculate_histogram_indirect
FN:199,_RNvMNtNtCsh1qtJxU4GWl_16wgpu_3dgs_viewer12radix_sorter9wgpu_sortNtB2_9GPUSorter3new
FN:927,_RNvNtNtCsh1qtJxU4GWl_16wgpu_3dgs_viewer12radix_sorter9wgpu_sort15histo_blocks_ru
FN:932,_RNvNtNtCsh1qtJxU4GWl_16wgpu_3dgs_viewer12radix_sorter9wgpu_sort16keys_buffer_size
FN:922,_RNvNtNtCsh1qtJxU4GWl_16wgpu_3dgs_viewer12radix_sorter9wgpu_sort17scatter_blocks_ru
FN:937,_RNvNtNtCsh1qtJxU4GWl_16wgpu_3dgs_viewer12radix_sorter9wgpu_sort22keys_buffer_size_bytes
FN:872,_RNvXs0_NtNtCsh1qtJxU4GWl_16wgpu_3dgs_viewer12radix_sorter9wgpu_sortNtB5_11SortBuffersNtB5_16SortBuffersTrait10bind_group
FN:876,_RNvXs0_NtNtCsh1qtJxU4GWl_16wgpu_3dgs_viewer12radix_sorter9wgpu_sortNtB5_11SortBuffersNtB5_16SortBuffersTrait12state_buffer
FN:868,_RNvXs0_NtNtCsh1qtJxU4GWl_16wgpu_3dgs_viewer12radix_sorter9wgpu_sortNtB5_11SortBuffersNtB5_16SortBuffersTrait3len
FN:913,_RNvXs1_NtNtCsh1qtJxU4GWl_16wgpu_3dgs_viewer12radix_sorter9wgpu_sortNtB5_19InternalSortBuffersNtB5_16SortBuffersTrait10bind_group
FN:917,_RNvXs1_NtNtCsh1qtJxU4GWl_16wgpu_3dgs_viewer12radix_sorter9wgpu_sortNtB5_19InternalSortBuffersNtB5_16SortBuffersTrait12state_buffer
FN:909,_RNvXs1_NtNtCsh1qtJxU4GWl_16wgpu_3dgs_viewer12radix_sorter9wgpu_sortNtB5_19InternalSortBuffersNtB5_16SortBuffersTrait3len
FN:658,_RINvMNtNtCsh1qtJxU4GWl_16wgpu_3dgs_viewer12radix_sorter9wgpu_sortNtB3_9GPUSorter13sort_indirectNtB3_19InternalSortBuffersEB7_
FN:658,_RINvMNtNtCsegerxfp6ECu_16wgpu_3dgs_viewer12radix_sorter9wgpu_sortNtB3_9GPUSorter13sort_indirectpEB7_
FN:628,_RINvMNtNtCsegerxfp6ECu_16wgpu_3dgs_viewer12radix_sorter9wgpu_sortNtB3_9GPUSorter4sortpEB7_
FN:20,_RNvMNtCsegerxfp6ECu_16wgpu_3dgs_viewer12radix_sorterINtB2_11RadixSorterpE18create_bind_groupsB4_
FN:314,_RNvMNtNtCsegerxfp6ECu_16wgpu_3dgs_viewer12radix_sorter9wgpu_sortNtB2_9GPUSorter17bind_group_layout
FN:485,_RNvMNtNtCsegerxfp6ECu_16wgpu_3dgs_viewer12radix_sorter9wgpu_sortNtB2_9GPUSorter17general_info_data
FN:672,_RNvMNtNtCsegerxfp6ECu_16wgpu_3dgs_viewer12radix_sorter9wgpu_sortNtB2_9GPUSorter19create_sort_buffers
FN:571,_RNvMNtNtCsegerxfp6ECu_16wgpu_3dgs_viewer12radix_sorter9wgpu_sortNtB2_9GPUSorter19record_scatter_keys
FN:384,_RNvMNtNtCsegerxfp6ECu_16wgpu_3dgs_viewer12radix_sorter9wgpu_sortNtB2_9GPUSorter21create_keyval_buffers
FN:556,_RNvMNtNtCsegerxfp6ECu_16wgpu_3dgs_viewer12radix_sorter9wgpu_sortNtB2_9GPUSorter23record_prefix_histogram
FN:459,_RNvMNtNtCsegerxfp6ECu_16wgpu_3dgs_viewer12radix_sorter9wgpu_sortNtB2_9GPUSorter26create_internal_mem_buffer
FN:494,_RNvMNtNtCsegerxfp6ECu_16wgpu_3dgs_viewer12radix_sorter9wgpu_sortNtB2_9GPUSorter26record_calculate_histogram
FN:735,_RNvMNtNtCsegerxfp6ECu_16wgpu_3dgs_viewer12radix_sorter9wgpu_sortNtB2_9GPUSorter28create_internal_sort_buffers
FN:598,_RNvMNtNtCsegerxfp6ECu_16wgpu_3dgs_viewer12radix_sorter9wgpu_sortNtB2_9GPUSorter28record_scatter_keys_indirect
FN:429,_RNvMNtNtCsegerxfp6ECu_16wgpu_3dgs_viewer12radix_sorter9wgpu_sortNtB2_9GPUSorter30create_internal_keyval_buffers
FN:526,_RNvMNtNtCsegerxfp6ECu_16wgpu_3dgs_viewer12radix_sorter9wgpu_sortNtB2_9GPUSorter35record_calculate_histogram_indirect
FN:199,_RNvMNtNtCsegerxfp6ECu_16wgpu_3dgs_viewer12radix_sorter9wgpu_sortNtB2_9GPUSorter3new
FN:71,_RNvMs0_NtCsegerxfp6ECu_16wgpu_3dgs_viewer12radix_sorterINtB5_11RadixSorteruE23new_without_bind_groups
FN:87,_RNvMs0_NtCsegerxfp6ECu_16wgpu_3dgs_viewer12radix_sorterINtB5_11RadixSorteruE4sort
FN:36,_RNvMs_NtCsegerxfp6ECu_16wgpu_3dgs_viewer12radix_sorterNtB4_11RadixSorter3new
FN:56,_RNvMs_NtCsegerxfp6ECu_16wgpu_3dgs_viewer12radix_sorterNtB4_11RadixSorter4sort
FN:857,_RNvMs_NtNtCsegerxfp6ECu_16wgpu_3dgs_viewer12radix_sorter9wgpu_sortNtB4_11SortBuffers4keys
FN:862,_RNvMs_NtNtCsegerxfp6ECu_16wgpu_3dgs_viewer12radix_sorter9wgpu_sortNtB4_11SortBuffers6values
FN:927,_RNvNtNtCsegerxfp6ECu_16wgpu_3dgs_viewer12radix_sorter9wgpu_sort15histo_blocks_ru
FN:932,_RNvNtNtCsegerxfp6ECu_16wgpu_3dgs_viewer12radix_sorter9wgpu_sort16keys_buffer_size
FN:922,_RNvNtNtCsegerxfp6ECu_16wgpu_3dgs_viewer12radix_sorter9wgpu_sort17scatter_blocks_ru
FN:937,_RNvNtNtCsegerxfp6ECu_16wgpu_3dgs_viewer12radix_sorter9wgpu_sort22keys_buffer_size_bytes
FN:872,_RNvXs0_NtNtCsegerxfp6ECu_16wgpu_3dgs_viewer12radix_sorter9wgpu_sortNtB5_11SortBuffersNtB5_16SortBuffersTrait10bind_group
FN:876,_RNvXs0_NtNtCsegerxfp6ECu_16wgpu_3dgs_viewer12radix_sorter9wgpu_sortNtB5_11SortBuffersNtB5_16SortBuffersTrait12state_buffer
FN:868,_RNvXs0_NtNtCsegerxfp6ECu_16wgpu_3dgs_viewer12radix_sorter9wgpu_sortNtB5_11SortBuffersNtB5_16SortBuffersTrait3len
FN:913,_RNvXs1_NtNtCsegerxfp6ECu_16wgpu_3dgs_viewer12radix_sorter9wgpu_sortNtB5_19InternalSortBuffersNtB5_16SortBuffersTrait10bind_group
FN:917,_RNvXs1_NtNtCsegerxfp6ECu_16wgpu_3dgs_viewer12radix_sorter9wgpu_sortNtB5_19InternalSortBuffersNtB5_16SortBuffersTrait12state_buffer
FN:909,_RNvXs1_NtNtCsegerxfp6ECu_16wgpu_3dgs_viewer12radix_sorter9wgpu_sortNtB5_19InternalSortBuffersNtB5_16SortBuffersTrait3len
FN:812,_RNvYpNtNtNtCsegerxfp6ECu_16wgpu_3dgs_viewer12radix_sorter9wgpu_sort16SortBuffersTrait15keys_valid_sizeB9_
FNDA:22,_RNvMs0_NtCsh1qtJxU4GWl_16wgpu_3dgs_viewer12radix_sorterINtB5_11RadixSorteruE23new_without_bind_groups
FNDA:15,_RNvMs0_NtCsh1qtJxU4GWl_16wgpu_3dgs_viewer12radix_sorterINtB5_11RadixSorteruE4sort
FNDA:14,_RNvMs_NtCsh1qtJxU4GWl_16wgpu_3dgs_viewer12radix_sorterNtB4_11RadixSorter3new
FNDA:261,_RNvMs_NtCsh1qtJxU4GWl_16wgpu_3dgs_viewer12radix_sorterNtB4_11RadixSorter4sort
FNDA:30,_RNvMNtCsh1qtJxU4GWl_16wgpu_3dgs_viewer12radix_sorterINtB2_11RadixSorteruE18create_bind_groupsB4_
FNDA:52,_RNvMNtNtCsh1qtJxU4GWl_16wgpu_3dgs_viewer12radix_sorter9wgpu_sortNtB2_9GPUSorter17bind_group_layout
FNDA:30,_RNvMNtNtCsh1qtJxU4GWl_16wgpu_3dgs_viewer12radix_sorter9wgpu_sortNtB2_9GPUSorter17general_info_data
FNDA:276,_RNvMNtNtCsh1qtJxU4GWl_16wgpu_3dgs_viewer12radix_sorter9wgpu_sortNtB2_9GPUSorter23record_prefix_histogram
FNDA:30,_RNvMNtNtCsh1qtJxU4GWl_16wgpu_3dgs_viewer12radix_sorter9wgpu_sortNtB2_9GPUSorter26create_internal_mem_buffer
FNDA:30,_RNvMNtNtCsh1qtJxU4GWl_16wgpu_3dgs_viewer12radix_sorter9wgpu_sortNtB2_9GPUSorter28create_internal_sort_buffers
FNDA:276,_RNvMNtNtCsh1qtJxU4GWl_16wgpu_3dgs_viewer12radix_sorter9wgpu_sortNtB2_9GPUSorter28record_scatter_keys_indirect
FNDA:30,_RNvMNtNtCsh1qtJxU4GWl_16wgpu_3dgs_viewer12radix_sorter9wgpu_sortNtB2_9GPUSorter30create_internal_keyval_buffers
FNDA:276,_RNvMNtNtCsh1qtJxU4GWl_16wgpu_3dgs_viewer12radix_sorter9wgpu_sortNtB2_9GPUSorter35record_calculate_histogram_indirect
FNDA:22,_RNvMNtNtCsh1qtJxU4GWl_16wgpu_3dgs_viewer12radix_sorter9wgpu_sortNtB2_9GPUSorter3new
FNDA:91,_RNvNtNtCsh1qtJxU4GWl_16wgpu_3dgs_viewer12radix_sorter9wgpu_sort15histo_blocks_ru
FNDA:91,_RNvNtNtCsh1qtJxU4GWl_16wgpu_3dgs_viewer12radix_sorter9wgpu_sort16keys_buffer_size
FNDA:121,_RNvNtNtCsh1qtJxU4GWl_16wgpu_3dgs_viewer12radix_sorter9wgpu_sort17scatter_blocks_ru
FNDA:31,_RNvNtNtCsh1qtJxU4GWl_16wgpu_3dgs_viewer12radix_sorter9wgpu_sort22keys_buffer_size_bytes
FNDA:0,_RNvXs0_NtNtCsh1qtJxU4GWl_16wgpu_3dgs_viewer12radix_sorter9wgpu_sortNtB5_11SortBuffersNtB5_16SortBuffersTrait10bind_group
FNDA:0,_RNvXs0_NtNtCsh1qtJxU4GWl_16wgpu_3dgs_viewer12radix_sorter9wgpu_sortNtB5_11SortBuffersNtB5_16SortBuffersTrait12state_buffer
FNDA:0,_RNvXs0_NtNtCsh1qtJxU4GWl_16wgpu_3dgs_viewer12radix_sorter9wgpu_sortNtB5_11SortBuffersNtB5_16SortBuffersTrait3len
FNDA:276,_RNvXs1_NtNtCsh1qtJxU4GWl_16wgpu_3dgs_viewer12radix_sorter9wgpu_sortNtB5_19InternalSortBuffersNtB5_16SortBuffersTrait10bind_group
FNDA:0,_RNvXs1_NtNtCsh1qtJxU4GWl_16wgpu_3dgs_viewer12radix_sorter9wgpu_sortNtB5_19InternalSortBuffersNtB5_16SortBuffersTrait12state_buffer
FNDA:0,_RNvXs1_NtNtCsh1qtJxU4GWl_16wgpu_3dgs_viewer12radix_sorter9wgpu_sortNtB5_19InternalSortBuffersNtB5_16SortBuffersTrait3len
FNDA:276,_RINvMNtNtCsh1qtJxU4GWl_16wgpu_3dgs_viewer12radix_sorter9wgpu_sortNtB3_9GPUSorter13sort_indirectNtB3_19InternalSortBuffersEB7_
FNDA:0,_RINvMNtNtCsegerxfp6ECu_16wgpu_3dgs_viewer12radix_sorter9wgpu_sortNtB3_9GPUSorter13sort_indirectpEB7_
FNDA:0,_RINvMNtNtCsegerxfp6ECu_16wgpu_3dgs_viewer12radix_sorter9wgpu_sortNtB3_9GPUSorter4sortpEB7_
FNDA:0,_RNvMNtCsegerxfp6ECu_16wgpu_3dgs_viewer12radix_sorterINtB2_11RadixSorterpE18create_bind_groupsB4_
FNDA:0,_RNvMNtNtCsegerxfp6ECu_16wgpu_3dgs_viewer12radix_sorter9wgpu_sortNtB2_9GPUSorter17bind_group_layout
FNDA:0,_RNvMNtNtCsegerxfp6ECu_16wgpu_3dgs_viewer12radix_sorter9wgpu_sortNtB2_9GPUSorter17general_info_data
FNDA:0,_RNvMNtNtCsegerxfp6ECu_16wgpu_3dgs_viewer12radix_sorter9wgpu_sortNtB2_9GPUSorter19create_sort_buffers
FNDA:0,_RNvMNtNtCsegerxfp6ECu_16wgpu_3dgs_viewer12radix_sorter9wgpu_sortNtB2_9GPUSorter19record_scatter_keys
FNDA:0,_RNvMNtNtCsegerxfp6ECu_16wgpu_3dgs_viewer12radix_sorter9wgpu_sortNtB2_9GPUSorter21create_keyval_buffers
FNDA:0,_RNvMNtNtCsegerxfp6ECu_16wgpu_3dgs_viewer12radix_sorter9wgpu_sortNtB2_9GPUSorter23record_prefix_histogram
FNDA:0,_RNvMNtNtCsegerxfp6ECu_16wgpu_3dgs_viewer12radix_sorter9wgpu_sortNtB2_9GPUSorter26create_internal_mem_buffer
FNDA:0,_RNvMNtNtCsegerxfp6ECu_16wgpu_3dgs_viewer12radix_sorter9wgpu_sortNtB2_9GPUSorter26record_calculate_histogram
FNDA:0,_RNvMNtNtCsegerxfp6ECu_16wgpu_3dgs_viewer12radix_sorter9wgpu_sortNtB2_9GPUSorter28create_internal_sort_buffers
FNDA:0,_RNvMNtNtCsegerxfp6ECu_16wgpu_3dgs_viewer12radix_sorter9wgpu_sortNtB2_9GPUSorter28record_scatter_keys_indirect
FNDA:0,_RNvMNtNtCsegerxfp6ECu_16wgpu_3dgs_viewer12radix_sorter9wgpu_sortNtB2_9GPUSorter30create_internal_keyval_buffers
FNDA:0,_RNvMNtNtCsegerxfp6ECu_16wgpu_3dgs_viewer12radix_sorter9wgpu_sortNtB2_9GPUSorter35record_calculate_histogram_indirect
FNDA:0,_RNvMNtNtCsegerxfp6ECu_16wgpu_3dgs_viewer12radix_sorter9wgpu_sortNtB2_9GPUSorter3new
FNDA:0,_RNvMs0_NtCsegerxfp6ECu_16wgpu_3dgs_viewer12radix_sorterINtB5_11RadixSorteruE23new_without_bind_groups
FNDA:0,_RNvMs0_NtCsegerxfp6ECu_16wgpu_3dgs_viewer12radix_sorterINtB5_11RadixSorteruE4sort
FNDA:0,_RNvMs_NtCsegerxfp6ECu_16wgpu_3dgs_viewer12radix_sorterNtB4_11RadixSorter3new
FNDA:0,_RNvMs_NtCsegerxfp6ECu_16wgpu_3dgs_viewer12radix_sorterNtB4_11RadixSorter4sort
FNDA:0,_RNvMs_NtNtCsegerxfp6ECu_16wgpu_3dgs_viewer12radix_sorter9wgpu_sortNtB4_11SortBuffers4keys
FNDA:0,_RNvMs_NtNtCsegerxfp6ECu_16wgpu_3dgs_viewer12radix_sorter9wgpu_sortNtB4_11SortBuffers6values
FNDA:0,_RNvNtNtCsegerxfp6ECu_16wgpu_3dgs_viewer12radix_sorter9wgpu_sort15histo_blocks_ru
FNDA:0,_RNvNtNtCsegerxfp6ECu_16wgpu_3dgs_viewer12radix_sorter9wgpu_sort16keys_buffer_size
[...]
FNDA:0,_RNvXsa_NtNtCsegerxfp6ECu_16wgpu_3dgs_viewer9selection6bufferNtB5_33PreprocessorInvertSelectionBufferNtNtCs3BY6ADzPIDT_14wgpu_3dgs_core6buffer13BufferWrapper6buffer
FNDA:0,_RNvXsb_NtNtCsegerxfp6ECu_16wgpu_3dgs_viewer9selection6bufferNtNtNtCslVmKeilYcE_4wgpu3api6buffer6BufferINtNtCs6joXTnudZij_4core7convert4FromNtB5_33PreprocessorInvertSelectionBufferE4from
FNDA:0,_RNvXsc_NtNtCsegerxfp6ECu_16wgpu_3dgs_viewer9selection6bufferNtB5_33PreprocessorInvertSelectionBufferINtNtCs6joXTnudZij_4core7convert7TryFromNtNtNtCslVmKeilYcE_4wgpu3api6buffer6BufferE8try_from
FNF:21
FNH:21
DA:16,18
DA:17,18
DA:18,18
DA:19,18
DA:20,18
DA:21,18
DA:22,18
DA:23,18
DA:24,18
DA:25,18
DA:26,18
DA:27,18
DA:28,18
DA:29,18
DA:30,18
DA:32,18
DA:34,18
DA:35,18
DA:38,23
DA:39,23
DA:40,23
DA:43,35
DA:44,35
DA:45,35
DA:57,15
DA:58,15
DA:59,15
DA:60,15
DA:61,15
DA:62,15
DA:63,15
DA:65,15
DA:66,15
DA:69,22
DA:70,22
DA:71,22
DA:75,34
DA:76,34
DA:77,34
DA:81,1
DA:82,1
DA:83,1
DA:89,2
DA:90,2
DA:91,2
DA:106,8
DA:107,8
DA:108,8
DA:109,8
DA:110,8
DA:111,8
DA:112,8
DA:114,8
DA:115,8
DA:118,9
DA:119,9
DA:120,9
DA:124,13
DA:125,13
DA:126,13
DA:130,1
DA:131,1
DA:132,1
DA:138,2
DA:139,2
DA:140,2
DA:157,32
DA:158,32
DA:159,32
DA:160,32
DA:161,32
DA:162,32
DA:164,32
DA:165,32
DA:168,2
DA:169,2
DA:170,2
DA:171,2
DA:175,38
DA:176,38
DA:177,38
DA:181,1
DA:182,1
DA:183,1
DA:189,2
DA:190,2
DA:191,2
BRF:0
BRH:0
LF:90
LH:90
end_of_record
SF:C:\Users\s2010\Me\Codes\Rust\wgpu-3dgs-viewer\src\selection\viewport.rs
FN:41,_RINvNtNtCsh1qtJxU4GWl_16wgpu_3dgs_viewer9selection8viewport22create_viewport_bundleNtNtNtCs3BY6ADzPIDT_14wgpu_3dgs_core6buffer8gaussian41GaussianPodWithShSingleCov3dSingleConfigsECs8HrPP4l0PAj_3mod
FN:41,_RINvNtNtCsegerxfp6ECu_16wgpu_3dgs_viewer9selection8viewport22create_viewport_bundlepEB6_
FN:41,_RINvNtNtCsh1qtJxU4GWl_16wgpu_3dgs_viewer9selection8viewport22create_viewport_bundleNtNtNtCs3BY6ADzPIDT_14wgpu_3dgs_core6buffer8gaussian41GaussianPodWithShSingleCov3dSingleConfigsECs8i3LEZ4i8f6_9selection
FNDA:6,_RINvNtNtCsh1qtJxU4GWl_16wgpu_3dgs_viewer9selection8viewport22create_viewport_bundleNtNtNtCs3BY6ADzPIDT_14wgpu_3dgs_core6buffer8gaussian41GaussianPodWithShSingleCov3dSingleConfigsECs8HrPP4l0PAj_3mod
FNDA:0,_RINvNtNtCsegerxfp6ECu_16wgpu_3dgs_viewer9selection8viewport22create_viewport_bundlepEB6_
FNDA:1,_RINvNtNtCsh1qtJxU4GWl_16wgpu_3dgs_viewer9selection8viewport22create_viewport_bundleNtNtNtCs3BY6ADzPIDT_14wgpu_3dgs_core6buffer8gaussian41GaussianPodWithShSingleCov3dSingleConfigsECs8i3LEZ4i8f6_9selection
FNF:1
FNH:1
DA:41,7
DA:42,7
DA:43,7
DA:44,7
DA:46,7
DA:47,7
DA:48,7
DA:49,7
DA:50,7
DA:51,7
DA:52,7
DA:53,7
DA:54,7
DA:55,7
DA:57,7
DA:58,7
DA:59,7
DA:60,7
DA:61,7
DA:62,7
DA:63,7
DA:64,7
DA:65,7
BRF:0
BRH:0
LF:23
LH:23
end_of_record
SF:C:\Users\s2010\Me\Codes\Rust\wgpu-3dgs-viewer\src\selection\viewport_selector.rs
FN:309,_RNvMNtNtCsh1qtJxU4GWl_16wgpu_3dgs_viewer9selection17viewport_selectorNtB2_16ViewportSelector16set_brush_radius
FN:204,_RNvMNtNtCsh1qtJxU4GWl_16wgpu_3dgs_viewer9selection17viewport_selectorNtB2_16ViewportSelector3new
FN:275,_RNvMNtNtCsh1qtJxU4GWl_16wgpu_3dgs_viewer9selection17viewport_selectorNtB2_16ViewportSelector5clear
FN:250,_RNvMNtNtCsh1qtJxU4GWl_16wgpu_3dgs_viewer9selection17viewport_selectorNtB2_16ViewportSelector5start
FN:292,_RNvMNtNtCsh1qtJxU4GWl_16wgpu_3dgs_viewer9selection17viewport_selectorNtB2_16ViewportSelector6render
FN:317,_RNvMNtNtCsh1qtJxU4GWl_16wgpu_3dgs_viewer9selection17viewport_selectorNtB2_16ViewportSelector6resize
FN:258,_RNvMNtNtCsh1qtJxU4GWl_16wgpu_3dgs_viewer9selection17viewport_selectorNtB2_16ViewportSelector6update
FN:304,_RNvMNtNtCsh1qtJxU4GWl_16wgpu_3dgs_viewer9selection17viewport_selectorNtB2_16ViewportSelector7texture
FN:309,_RNvMNtNtCsegerxfp6ECu_16wgpu_3dgs_viewer9selection17viewport_selectorNtB2_16ViewportSelector16set_brush_radius
FN:204,_RNvMNtNtCsegerxfp6ECu_16wgpu_3dgs_viewer9selection17viewport_selectorNtB2_16ViewportSelector3new
FN:275,_RNvMNtNtCsegerxfp6ECu_16wgpu_3dgs_viewer9selection17viewport_selectorNtB2_16ViewportSelector5clear
FN:250,_RNvMNtNtCsegerxfp6ECu_16wgpu_3dgs_viewer9selection17viewport_selectorNtB2_16ViewportSelector5start
FN:292,_RNvMNtNtCsegerxfp6ECu_16wgpu_3dgs_viewer9selection17viewport_selectorNtB2_16ViewportSelector6render
FN:317,_RNvMNtNtCsegerxfp6ECu_16wgpu_3dgs_viewer9selection17viewport_selectorNtB2_16ViewportSelector6resize
FN:258,_RNvMNtNtCsegerxfp6ECu_16wgpu_3dgs_viewer9selection17viewport_selectorNtB2_16ViewportSelector6update
FN:304,_RNvMNtNtCsegerxfp6ECu_16wgpu_3dgs_viewer9selection17viewport_selectorNtB2_16ViewportSelector7texture
FNDA:1,_RNvMNtNtCsh1qtJxU4GWl_16wgpu_3dgs_viewer9selection17viewport_selectorNtB2_16ViewportSelector16set_brush_radius
FNDA:7,_RNvMNtNtCsh1qtJxU4GWl_16wgpu_3dgs_viewer9selection17viewport_selectorNtB2_16ViewportSelector3new
FNDA:1,_RNvMNtNtCsh1qtJxU4GWl_16wgpu_3dgs_viewer9selection17viewport_selectorNtB2_16ViewportSelector5clear
FNDA:6,_RNvMNtNtCsh1qtJxU4GWl_16wgpu_3dgs_viewer9selection17viewport_selectorNtB2_16ViewportSelector5start
FNDA:6,_RNvMNtNtCsh1qtJxU4GWl_16wgpu_3dgs_viewer9selection17viewport_selectorNtB2_16ViewportSelector6render
FNDA:10,_RNvMNtNtCsh1qtJxU4GWl_16wgpu_3dgs_viewer9selection17viewport_selectorNtB2_16ViewportSelector6resize
FNDA:6,_RNvMNtNtCsh1qtJxU4GWl_16wgpu_3dgs_viewer9selection17viewport_selectorNtB2_16ViewportSelector6update
FNDA:28,_RNvMNtNtCsh1qtJxU4GWl_16wgpu_3dgs_viewer9selection17viewport_selectorNtB2_16ViewportSelector7texture
FNDA:0,_RNvMNtNtCsegerxfp6ECu_16wgpu_3dgs_viewer9selection17viewport_selectorNtB2_16ViewportSelector16set_brush_radius
FNDA:0,_RNvMNtNtCsegerxfp6ECu_16wgpu_3dgs_viewer9selection17viewport_selectorNtB2_16ViewportSelector3new
FNDA:0,_RNvMNtNtCsegerxfp6ECu_16wgpu_3dgs_viewer9selection17viewport_selectorNtB2_16ViewportSelector5clear
FNDA:0,_RNvMNtNtCsegerxfp6ECu_16wgpu_3dgs_viewer9selection17viewport_selectorNtB2_16ViewportSelector5start
FNDA:0,_RNvMNtNtCsegerxfp6ECu_16wgpu_3dgs_viewer9selection17viewport_selectorNtB2_16ViewportSelector6render
FNDA:0,_RNvMNtNtCsegerxfp6ECu_16wgpu_3dgs_viewer9selection17viewport_selectorNtB2_16ViewportSelector6resize
FNDA:0,_RNvMNtNtCsegerxfp6ECu_16wgpu_3dgs_viewer9selection17viewport_selectorNtB2_16ViewportSelector6update
FNDA:0,_RNvMNtNtCsegerxfp6ECu_16wgpu_3dgs_viewer9selection17viewport_selectorNtB2_16ViewportSelector7texture
FNF:8
FNH:8
DA:204,7
DA:205,7
DA:206,7
DA:207,7
DA:208,7
DA:209,7
DA:210,7
DA:211,7
DA:212,7
DA:213,7
DA:214,7
DA:215,7
DA:216,7
DA:217,7
DA:218,7
DA:219,7
DA:220,7
DA:221,0
DA:222,7
DA:223,7
DA:224,7
DA:225,7
DA:226,7
DA:227,7
DA:228,7
DA:229,0
DA:231,7
DA:232,7
DA:233,7
DA:234,7
DA:235,7
DA:236,7
DA:237,7
DA:238,7
DA:239,7
DA:240,7
DA:241,7
DA:242,7
DA:243,7
DA:244,7
DA:245,7
DA:246,7
DA:247,7
DA:250,6
DA:251,6
DA:252,6
DA:253,6
DA:254,6
DA:255,6
DA:258,6
DA:259,6
DA:260,3
DA:261,3
DA:262,3
DA:263,3
DA:264,3
DA:265,3
DA:266,3
DA:267,3
DA:268,3
DA:269,3
DA:270,3
DA:272,6
DA:275,1
DA:276,1
DA:277,1
DA:278,1
DA:279,1
DA:280,1
DA:281,1
DA:282,1
DA:283,1
DA:284,1
DA:285,1
DA:286,1
DA:287,1
DA:288,1
DA:289,1
DA:292,6
DA:293,6
DA:294,3
DA:295,3
DA:296,3
DA:298,3
DA:301,6
DA:304,28
DA:305,28
DA:306,28
DA:309,1
DA:310,1
DA:311,1
DA:312,1
DA:317,10
DA:318,10
DA:319,10
BRF:0
BRH:0
LF:95
LH:93
end_of_record
SF:C:\Users\s2010\Me\Codes\Rust\wgpu-3dgs-viewer\src\selection\viewport_texture_brush.rs
FN:277,_RNvMs0_NtNtCsh1qtJxU4GWl_16wgpu_3dgs_viewer9selection22viewport_texture_brushINtB5_28ViewportTextureBrushRendereruE16render_with_pass
FN:184,_RNvMs0_NtNtCsh1qtJxU4GWl_16wgpu_3dgs_viewer9selection22viewport_texture_brushINtB5_28ViewportTextureBrushRendereruE22new_without_bind_group
FN:253,_RNvMs0_NtNtCsh1qtJxU4GWl_16wgpu_3dgs_viewer9selection22viewport_texture_brushINtB5_28ViewportTextureBrushRendereruE6render
FN:135,_RNvMs_NtNtCsh1qtJxU4GWl_16wgpu_3dgs_viewer9selection22viewport_texture_brushNtB4_28ViewportTextureBrushRenderer16render_with_pass
FN:142,_RNvMs_NtNtCsh1qtJxU4GWl_16wgpu_3dgs_viewer9selection22viewport_texture_brushNtB4_28ViewportTextureBrushRenderer24create_bind_group_static
FN:95,_RNvMs_NtNtCsh1qtJxU4GWl_16wgpu_3dgs_viewer9selection22viewport_texture_brushNtB4_28ViewportTextureBrushRenderer3new
FN:116,_RNvMs_NtNtCsh1qtJxU4GWl_16wgpu_3dgs_viewer9selection22viewport_texture_brushNtB4_28ViewportTextureBrushRenderer6render
FN:22,_RNvMNtNtCsh1qtJxU4GWl_16wgpu_3dgs_viewer9selection22viewport_texture_brushINtB2_28ViewportTextureBrushRendereruE17create_bind_groupB6_
FN:22,_RNvMNtNtCsegerxfp6ECu_16wgpu_3dgs_viewer9selection22viewport_texture_brushINtB2_28ViewportTextureBrushRendererpE17create_bind_groupB6_
FN:277,_RNvMs0_NtNtCsegerxfp6ECu_16wgpu_3dgs_viewer9selection22viewport_texture_brushINtB5_28ViewportTextureBrushRendereruE16render_with_pass
FN:184,_RNvMs0_NtNtCsegerxfp6ECu_16wgpu_3dgs_viewer9selection22viewport_texture_brushINtB5_28ViewportTextureBrushRendereruE22new_without_bind_group
FN:253,_RNvMs0_NtNtCsegerxfp6ECu_16wgpu_3dgs_viewer9selection22viewport_texture_brushINtB5_28ViewportTextureBrushRendereruE6render
FN:135,_RNvMs_NtNtCsegerxfp6ECu_16wgpu_3dgs_viewer9selection22viewport_texture_brushNtB4_28ViewportTextureBrushRenderer16render_with_pass
FN:142,_RNvMs_NtNtCsegerxfp6ECu_16wgpu_3dgs_viewer9selection22viewport_texture_brushNtB4_28ViewportTextureBrushRenderer24create_bind_group_static
FN:95,_RNvMs_NtNtCsegerxfp6ECu_16wgpu_3dgs_viewer9selection22viewport_texture_brushNtB4_28ViewportTextureBrushRenderer3new
FN:116,_RNvMs_NtNtCsegerxfp6ECu_16wgpu_3dgs_viewer9selection22viewport_texture_brushNtB4_28ViewportTextureBrushRenderer6render
FNDA:0,_RNvMs0_NtNtCsh1qtJxU4GWl_16wgpu_3dgs_viewer9selection22viewport_texture_brushINtB5_28ViewportTextureBrushRendereruE16render_with_pass
FNDA:7,_RNvMs0_NtNtCsh1qtJxU4GWl_16wgpu_3dgs_viewer9selection22viewport_texture_brushINtB5_28ViewportTextureBrushRendereruE22new_without_bind_group
FNDA:0,_RNvMs0_NtNtCsh1qtJxU4GWl_16wgpu_3dgs_viewer9selection22viewport_texture_brushINtB5_28ViewportTextureBrushRendereruE6render
FNDA:3,_RNvMs_NtNtCsh1qtJxU4GWl_16wgpu_3dgs_viewer9selection22viewport_texture_brushNtB4_28ViewportTextureBrushRenderer16render_with_pass
FNDA:7,_RNvMs_NtNtCsh1qtJxU4GWl_16wgpu_3dgs_viewer9selection22viewport_texture_brushNtB4_28ViewportTextureBrushRenderer24create_bind_group_static
FNDA:7,_RNvMs_NtNtCsh1qtJxU4GWl_16wgpu_3dgs_viewer9selection22viewport_texture_brushNtB4_28ViewportTextureBrushRenderer3new
FNDA:3,_RNvMs_NtNtCsh1qtJxU4GWl_16wgpu_3dgs_viewer9selection22viewport_texture_brushNtB4_28ViewportTextureBrushRenderer6render
FNDA:7,_RNvMNtNtCsh1qtJxU4GWl_16wgpu_3dgs_viewer9selection22viewport_texture_brushINtB2_28ViewportTextureBrushRendereruE17create_bind_groupB6_
FNDA:0,_RNvMNtNtCsegerxfp6ECu_16wgpu_3dgs_viewer9selection22viewport_texture_brushINtB2_28ViewportTextureBrushRendererpE17create_bind_groupB6_
FNDA:0,_RNvMs0_NtNtCsegerxfp6ECu_16wgpu_3dgs_viewer9selection22viewport_texture_brushINtB5_28ViewportTextureBrushRendereruE16render_with_pass
FNDA:0,_RNvMs0_NtNtCsegerxfp6ECu_16wgpu_3dgs_viewer9selection22viewport_texture_brushINtB5_28ViewportTextureBrushRendereruE22new_without_bind_group
FNDA:0,_RNvMs0_NtNtCsegerxfp6ECu_16wgpu_3dgs_viewer9selection22viewport_texture_brushINtB5_28ViewportTextureBrushRendereruE6render
FNDA:0,_RNvMs_NtNtCsegerxfp6ECu_16wgpu_3dgs_viewer9selection22viewport_texture_brushNtB4_28ViewportTextureBrushRenderer16render_with_pass
FNDA:0,_RNvMs_NtNtCsegerxfp6ECu_16wgpu_3dgs_viewer9selection22viewport_texture_brushNtB4_28ViewportTextureBrushRenderer24create_bind_group_static
FNDA:0,_RNvMs_NtNtCsegerxfp6ECu_16wgpu_3dgs_viewer9selection22viewport_texture_brushNtB4_28ViewportTextureBrushRenderer3new
FNDA:0,_RNvMs_NtNtCsegerxfp6ECu_16wgpu_3dgs_viewer9selection22viewport_texture_brushNtB4_28ViewportTextureBrushRenderer6render
FNF:8
FNH:6
DA:22,7
DA:23,7
DA:24,7
DA:25,7
DA:26,7
DA:27,7
DA:28,7
DA:29,7
DA:30,7
DA:31,7
DA:32,7
DA:33,7
DA:34,7
DA:35,7
DA:36,7
DA:38,7
DA:95,7
DA:96,7
DA:97,7
DA:98,7
DA:99,7
DA:100,7
DA:101,7
DA:102,7
DA:103,7
DA:105,7
DA:106,7
DA:108,7
DA:109,7
DA:110,7
DA:111,7
DA:112,7
DA:113,7
DA:116,3
DA:117,3
DA:118,3
DA:119,3
DA:120,3
DA:121,3
DA:122,3
DA:123,3
DA:124,3
DA:125,3
DA:126,3
DA:127,3
DA:128,3
DA:129,3
DA:131,3
DA:132,3
DA:135,3
DA:136,3
DA:137,3
DA:138,3
DA:139,3
DA:142,7
DA:143,7
DA:144,7
DA:145,7
DA:146,7
DA:147,7
DA:148,7
DA:149,7
DA:150,7
DA:151,7
DA:152,7
DA:153,7
DA:154,7
DA:155,7
DA:156,7
DA:157,7
DA:158,7
DA:159,7
DA:160,7
DA:161,7
DA:162,7
DA:163,7
DA:164,7
DA:165,7
DA:166,7
DA:167,7
DA:168,7
DA:169,7
DA:170,7
DA:171,7
DA:172,7
DA:173,7
DA:174,7
DA:175,7
DA:176,7
DA:184,7
DA:185,7
DA:186,7
DA:187,7
DA:188,7
DA:189,7
DA:190,7
DA:192,7
DA:193,7
DA:194,7
DA:195,7
DA:196,7
DA:197,7
DA:199,7
DA:200,7
DA:201,7
DA:203,7
DA:204,7
DA:205,7
DA:206,7
DA:207,7
DA:208,7
DA:209,7
DA:210,0
DA:211,7
DA:212,7
DA:216,7
DA:217,7
DA:218,7
DA:219,7
DA:220,7
DA:221,7
DA:222,7
DA:223,7
DA:224,7
DA:225,7
DA:226,7
DA:227,7
DA:228,7
DA:229,7
DA:230,7
DA:231,7
DA:232,7
DA:233,7
DA:234,7
DA:235,7
DA:236,7
DA:237,7
DA:238,7
DA:239,7
DA:240,7
DA:241,7
DA:243,7
DA:245,7
DA:246,7
DA:247,7
DA:248,7
DA:249,7
DA:250,7
DA:253,0
DA:254,0
DA:255,0
DA:256,0
DA:257,0
DA:258,0
DA:259,0
DA:260,0
DA:261,0
DA:262,0
DA:263,0
DA:264,0
DA:265,0
DA:266,0
DA:267,0
DA:268,0
DA:269,0
DA:270,0
DA:271,0
DA:273,0
DA:274,0
DA:277,0
DA:278,0
DA:279,0
DA:280,0
DA:281,0
BRF:0
BRH:0
LF:174
LH:147
end_of_record
SF:C:\Users\s2010\Me\Codes\Rust\wgpu-3dgs-viewer\src\selection\viewport_texture_rectangle.rs
FN:258,_RNvMs0_NtNtCsh1qtJxU4GWl_16wgpu_3dgs_viewer9selection26viewport_texture_rectangleINtB5_32ViewportTextureRectangleRendereruE16render_with_pass
FN:164,_RNvMs0_NtNtCsh1qtJxU4GWl_16wgpu_3dgs_viewer9selection26viewport_texture_rectangleINtB5_32ViewportTextureRectangleRendereruE22new_without_bind_group
FN:234,_RNvMs0_NtNtCsh1qtJxU4GWl_16wgpu_3dgs_viewer9selection26viewport_texture_rectangleINtB5_32ViewportTextureRectangleRendereruE6render
FN:121,_RNvMs_NtNtCsh1qtJxU4GWl_16wgpu_3dgs_viewer9selection26viewport_texture_rectangleNtB4_32ViewportTextureRectangleRenderer16render_with_pass
FN:128,_RNvMs_NtNtCsh1qtJxU4GWl_16wgpu_3dgs_viewer9selection26viewport_texture_rectangleNtB4_32ViewportTextureRectangleRenderer24create_bind_group_static
FN:82,_RNvMs_NtNtCsh1qtJxU4GWl_16wgpu_3dgs_viewer9selection26viewport_texture_rectangleNtB4_32ViewportTextureRectangleRenderer3new
FN:102,_RNvMs_NtNtCsh1qtJxU4GWl_16wgpu_3dgs_viewer9selection26viewport_texture_rectangleNtB4_32ViewportTextureRectangleRenderer6render
FN:22,_RNvMNtNtCsh1qtJxU4GWl_16wgpu_3dgs_viewer9selection26viewport_texture_rectangleINtB2_32ViewportTextureRectangleRendereruE17create_bind_groupB6_
FN:22,_RNvMNtNtCsegerxfp6ECu_16wgpu_3dgs_viewer9selection26viewport_texture_rectangleINtB2_32ViewportTextureRectangleRendererpE17create_bind_groupB6_
FN:258,_RNvMs0_NtNtCsegerxfp6ECu_16wgpu_3dgs_viewer9selection26viewport_texture_rectangleINtB5_32ViewportTextureRectangleRendereruE16render_with_pass
FN:164,_RNvMs0_NtNtCsegerxfp6ECu_16wgpu_3dgs_viewer9selection26viewport_texture_rectangleINtB5_32ViewportTextureRectangleRendereruE22new_without_bind_group
FN:234,_RNvMs0_NtNtCsegerxfp6ECu_16wgpu_3dgs_viewer9selection26viewport_texture_rectangleINtB5_32ViewportTextureRectangleRendereruE6render
FN:121,_RNvMs_NtNtCsegerxfp6ECu_16wgpu_3dgs_viewer9selection26viewport_texture_rectangleNtB4_32ViewportTextureRectangleRenderer16render_with_pass
FN:128,_RNvMs_NtNtCsegerxfp6ECu_16wgpu_3dgs_viewer9selection26viewport_texture_rectangleNtB4_32ViewportTextureRectangleRenderer24create_bind_group_static
FN:82,_RNvMs_NtNtCsegerxfp6ECu_16wgpu_3dgs_viewer9selection26viewport_texture_rectangleNtB4_32ViewportTextureRectangleRenderer3new
FN:102,_RNvMs_NtNtCsegerxfp6ECu_16wgpu_3dgs_viewer9selection26viewport_texture_rectangleNtB4_32ViewportTextureRectangleRenderer6render
FNDA:0,_RNvMs0_NtNtCsh1qtJxU4GWl_16wgpu_3dgs_viewer9selection26viewport_texture_rectangleINtB5_32ViewportTextureRectangleRendereruE16render_with_pass
FNDA:7,_RNvMs0_NtNtCsh1qtJxU4GWl_16wgpu_3dgs_viewer9selection26viewport_texture_rectangleINtB5_32ViewportTextureRectangleRendereruE22new_without_bind_group
FNDA:0,_RNvMs0_NtNtCsh1qtJxU4GWl_16wgpu_3dgs_viewer9selection26viewport_texture_rectangleINtB5_32ViewportTextureRectangleRendereruE6render
FNDA:3,_RNvMs_NtNtCsh1qtJxU4GWl_16wgpu_3dgs_viewer9selection26viewport_texture_rectangleNtB4_32ViewportTextureRectangleRenderer16render_with_pass
FNDA:7,_RNvMs_NtNtCsh1qtJxU4GWl_16wgpu_3dgs_viewer9selection26viewport_texture_rectangleNtB4_32ViewportTextureRectangleRenderer24create_bind_group_static
FNDA:7,_RNvMs_NtNtCsh1qtJxU4GWl_16wgpu_3dgs_viewer9selection26viewport_texture_rectangleNtB4_32ViewportTextureRectangleRenderer3new
FNDA:3,_RNvMs_NtNtCsh1qtJxU4GWl_16wgpu_3dgs_viewer9selection26viewport_texture_rectangleNtB4_32ViewportTextureRectangleRenderer6render
FNDA:7,_RNvMNtNtCsh1qtJxU4GWl_16wgpu_3dgs_viewer9selection26viewport_texture_rectangleINtB2_32ViewportTextureRectangleRendereruE17create_bind_groupB6_
FNDA:0,_RNvMNtNtCsegerxfp6ECu_16wgpu_3dgs_viewer9selection26viewport_texture_rectangleINtB2_32ViewportTextureRectangleRendererpE17create_bind_groupB6_
FNDA:0,_RNvMs0_NtNtCsegerxfp6ECu_16wgpu_3dgs_viewer9selection26viewport_texture_rectangleINtB5_32ViewportTextureRectangleRendereruE16render_with_pass
FNDA:0,_RNvMs0_NtNtCsegerxfp6ECu_16wgpu_3dgs_viewer9selection26viewport_texture_rectangleINtB5_32ViewportTextureRectangleRendereruE22new_without_bind_group
FNDA:0,_RNvMs0_NtNtCsegerxfp6ECu_16wgpu_3dgs_viewer9selection26viewport_texture_rectangleINtB5_32ViewportTextureRectangleRendereruE6render
FNDA:0,_RNvMs_NtNtCsegerxfp6ECu_16wgpu_3dgs_viewer9selection26viewport_texture_rectangleNtB4_32ViewportTextureRectangleRenderer16render_with_pass
FNDA:0,_RNvMs_NtNtCsegerxfp6ECu_16wgpu_3dgs_viewer9selection26viewport_texture_rectangleNtB4_32ViewportTextureRectangleRenderer24create_bind_group_static
FNDA:0,_RNvMs_NtNtCsegerxfp6ECu_16wgpu_3dgs_viewer9selection26viewport_texture_rectangleNtB4_32ViewportTextureRectangleRenderer3new
FNDA:0,_RNvMs_NtNtCsegerxfp6ECu_16wgpu_3dgs_viewer9selection26viewport_texture_rectangleNtB4_32ViewportTextureRectangleRenderer6render
FNF:8
FNH:6
DA:22,7
DA:23,7
DA:24,7
DA:25,7
DA:26,7
DA:27,7
DA:28,7
DA:29,7
DA:30,7
DA:31,7
DA:32,7
DA:33,7
DA:34,7
DA:36,7
DA:82,7
DA:83,7
DA:84,7
DA:85,7
DA:86,7
DA:87,7
DA:88,7
DA:89,7
DA:91,7
DA:92,7
DA:94,7
DA:95,7
DA:96,7
DA:97,7
DA:98,7
DA:99,7
DA:102,3
DA:103,3
DA:104,3
DA:105,3
DA:106,3
DA:107,3
DA:108,3
DA:109,3
DA:110,3
DA:111,3
DA:112,3
DA:113,3
DA:114,3
DA:115,3
DA:117,3
DA:118,3
DA:121,3
DA:122,3
DA:123,3
DA:124,3
DA:125,3
DA:128,7
DA:129,7
DA:130,7
DA:131,7
DA:132,7
DA:133,7
DA:134,7
DA:135,7
DA:136,7
DA:137,7
DA:138,7
DA:139,7
DA:140,7
DA:141,7
DA:142,7
DA:143,7
DA:144,7
DA:145,7
DA:146,7
DA:147,7
DA:148,7
DA:149,7
DA:150,7
DA:151,7
DA:152,7
DA:153,7
DA:154,7
DA:155,7
DA:156,7
DA:164,7
DA:165,7
DA:166,7
DA:167,7
DA:168,7
DA:169,7
DA:170,7
DA:173,7
DA:174,7
DA:175,7
DA:176,7
DA:177,7
DA:178,7
DA:180,7
DA:181,7
DA:182,7
DA:184,7
DA:185,7
DA:186,7
DA:187,7
DA:188,7
DA:189,7
DA:190,7
DA:191,0
DA:192,7
DA:193,7
DA:197,7
DA:198,7
DA:199,7
DA:200,7
DA:201,7
DA:202,7
DA:203,7
DA:204,7
DA:205,7
DA:206,7
DA:207,7
DA:208,7
DA:209,7
DA:210,7
DA:211,7
DA:212,7
DA:213,7
DA:214,7
DA:215,7
DA:216,7
DA:217,7
DA:218,7
DA:219,7
DA:220,7
DA:221,7
DA:222,7
DA:224,7
DA:226,7
DA:227,7
DA:228,7
DA:229,7
DA:230,7
DA:231,7
DA:234,0
DA:235,0
DA:236,0
DA:237,0
DA:238,0
DA:239,0
DA:240,0
DA:241,0
DA:242,0
DA:243,0
DA:244,0
DA:245,0
DA:246,0
DA:247,0
DA:248,0
DA:249,0
DA:250,0
DA:251,0
DA:252,0
DA:254,0
DA:255,0
DA:258,0
DA:259,0
DA:260,0
DA:261,0
DA:262,0
BRF:0
BRH:0
LF:165
LH:138
end_of_record
SF:C:\Users\s2010\Me\Codes\Rust\wgpu-3dgs-viewer\src\wesl_utils.rs
FN:7,_RNvNtCsh1qtJxU4GWl_16wgpu_3dgs_viewer10wesl_utils8resolver
FN:7,_RNvNtCsegerxfp6ECu_16wgpu_3dgs_viewer10wesl_utils8resolver
FNDA:102,_RNvNtCsh1qtJxU4GWl_16wgpu_3dgs_viewer10wesl_utils8resolver
FNDA:0,_RNvNtCsegerxfp6ECu_16wgpu_3dgs_viewer10wesl_utils8resolver
FNF:1
FNH:1
DA:7,102
DA:8,102
DA:9,102
DA:10,102
DA:11,102
DA:12,102
BRF:0
BRH:0
LF:6
LH:6
end_of_record