SF:C:\Users\s2010\Me\Codes\Rust\wgpu-3dgs-viewer\src\buffer\camera.rs
FN:26,_RINvMNtNtCsjAfDNjLymyL_16wgpu_3dgs_viewer6buffer6cameraNtB3_12CameraBuffer6updateNtNtB7_6camera6CameraECskHWTcKnagmk_3mod
FN:72,_RINvMs3_NtNtCsjAfDNjLymyL_16wgpu_3dgs_viewer6buffer6cameraNtB6_9CameraPod3newNtNtBa_6camera6CameraECskHWTcKnagmk_3mod
FN:31,_RNvMNtNtCsjAfDNjLymyL_16wgpu_3dgs_viewer6buffer6cameraNtB2_12CameraBuffer15update_with_pod
FN:14,_RNvMNtNtCsjAfDNjLymyL_16wgpu_3dgs_viewer6buffer6cameraNtB2_12CameraBuffer3new
FN:51,_RNvXs1_NtNtCsjAfDNjLymyL_16wgpu_3dgs_viewer6buffer6cameraNtB5_12CameraBufferINtNtCsmHtFwzCQ9E_4core7convert7TryFromNtNtNtCs4aW9DWY8b5u_4wgpu3api6buffer6BufferE8try_from
FN:37,_RNvXs_NtNtCsjAfDNjLymyL_16wgpu_3dgs_viewer6buffer6cameraNtB4_12CameraBufferNtNtCs7uIZbJPR652_14wgpu_3dgs_core6buffer13BufferWrapper6buffer
FN:43,_RNvXs0_NtNtCsjAfDNjLymyL_16wgpu_3dgs_viewer6buffer6cameraNtNtNtCs4aW9DWY8b5u_4wgpu3api6buffer6BufferINtNtCsmHtFwzCQ9E_4core7convert4FromNtB5_12CameraBufferE4from
FN:52,_RNCNvXs1_NtNtCsjAfDNjLymyL_16wgpu_3dgs_viewer6buffer6cameraNtB7_12CameraBufferINtNtCsmHtFwzCQ9E_4core7convert7TryFromNtNtNtCs4aW9DWY8b5u_4wgpu3api6buffer6BufferE8try_from0Bb_
FN:26,_RINvMNtNtCsjMvbNGsYfvH_16wgpu_3dgs_viewer6buffer6cameraNtB3_12CameraBuffer6updatepEB7_
FN:72,_RINvMs3_NtNtCsjMvbNGsYfvH_16wgpu_3dgs_viewer6buffer6cameraNtB6_9CameraPod3newpEBa_
FN:52,_RNCNvXs1_NtNtCsjMvbNGsYfvH_16wgpu_3dgs_viewer6buffer6cameraNtB7_12CameraBufferINtNtCsmHtFwzCQ9E_4core7convert7TryFromNtNtNtCs4aW9DWY8b5u_4wgpu3api6buffer6BufferE8try_from0Bb_
FN:31,_RNvMNtNtCsjMvbNGsYfvH_16wgpu_3dgs_viewer6buffer6cameraNtB2_12CameraBuffer15update_with_pod
FN:14,_RNvMNtNtCsjMvbNGsYfvH_16wgpu_3dgs_viewer6buffer6cameraNtB2_12CameraBuffer3new
FN:43,_RNvXs0_NtNtCsjMvbNGsYfvH_16wgpu_3dgs_viewer6buffer6cameraNtNtNtCs4aW9DWY8b5u_4wgpu3api6buffer6BufferINtNtCsmHtFwzCQ9E_4core7convert4FromNtB5_12CameraBufferE4from
FN:51,_RNvXs1_NtNtCsjMvbNGsYfvH_16wgpu_3dgs_viewer6buffer6cameraNtB5_12CameraBufferINtNtCsmHtFwzCQ9E_4core7convert7TryFromNtNtNtCs4aW9DWY8b5u_4wgpu3api6buffer6BufferE8try_from
FN:37,_RNvXs_NtNtCsjMvbNGsYfvH_16wgpu_3dgs_viewer6buffer6cameraNtB4_12CameraBufferNtNtCs7uIZbJPR652_14wgpu_3dgs_core6buffer13BufferWrapper6buffer
FN:26,_RINvMNtNtCsjAfDNjLymyL_16wgpu_3dgs_viewer6buffer6cameraNtB3_12CameraBuffer6updateNtNtB7_6camera6CameraECsgCUhY3MwoBc_11multi_model
FN:72,_RINvMs3_NtNtCsjAfDNjLymyL_16wgpu_3dgs_viewer6buffer6cameraNtB6_9CameraPod3newNtNtBa_6camera6CameraECsgCUhY3MwoBc_11multi_model
FN:26,_RINvMNtNtCsjAfDNjLymyL_16wgpu_3dgs_viewer6buffer6cameraNtB3_12CameraBuffer6updateNtNtB7_6camera6CameraECsaEBMRA9cDqq_9selection
FN:72,_RINvMs3_NtNtCsjAfDNjLymyL_16wgpu_3dgs_viewer6buffer6cameraNtB6_9CameraPod3newNtNtBa_6camera6CameraECsaEBMRA9cDqq_9selection
FN:26,_RINvMNtNtCsjAfDNjLymyL_16wgpu_3dgs_viewer6buffer6cameraNtB3_12CameraBuffer6updateNtNtB7_6camera6CameraECsiA5QZE4OIiA_6simple
FN:72,_RINvMs3_NtNtCsjAfDNjLymyL_16wgpu_3dgs_viewer6buffer6cameraNtB6_9CameraPod3newNtNtBa_6camera6CameraECsiA5QZE4OIiA_6simple
FNDA:3,_RINvMNtNtCsjAfDNjLymyL_16wgpu_3dgs_viewer6buffer6cameraNtB3_12CameraBuffer6updateNtNtB7_6camera6CameraECskHWTcKnagmk_3mod
FNDA:27,_RINvMs3_NtNtCsjAfDNjLymyL_16wgpu_3dgs_viewer6buffer6cameraNtB6_9CameraPod3newNtNtBa_6camera6CameraECskHWTcKnagmk_3mod
FNDA:302,_RNvMNtNtCsjAfDNjLymyL_16wgpu_3dgs_viewer6buffer6cameraNtB2_12CameraBuffer15update_with_pod
FNDA:23,_RNvMNtNtCsjAfDNjLymyL_16wgpu_3dgs_viewer6buffer6cameraNtB2_12CameraBuffer3new
FNDA:3,_RNvXs1_NtNtCsjAfDNjLymyL_16wgpu_3dgs_viewer6buffer6cameraNtB5_12CameraBufferINtNtCsmHtFwzCQ9E_4core7convert7TryFromNtNtNtCs4aW9DWY8b5u_4wgpu3api6buffer6BufferE8try_from
FNDA:98,_RNvXs_NtNtCsjAfDNjLymyL_16wgpu_3dgs_viewer6buffer6cameraNtB4_12CameraBufferNtNtCs7uIZbJPR652_14wgpu_3dgs_core6buffer13BufferWrapper6buffer
FNDA:1,_RNvXs0_NtNtCsjAfDNjLymyL_16wgpu_3dgs_viewer6buffer6cameraNtNtNtCs4aW9DWY8b5u_4wgpu3api6buffer6BufferINtNtCsmHtFwzCQ9E_4core7convert4FromNtB5_12CameraBufferE4from
FNDA:3,_RNCNvXs1_NtNtCsjAfDNjLymyL_16wgpu_3dgs_viewer6buffer6cameraNtB7_12CameraBufferINtNtCsmHtFwzCQ9E_4core7convert7TryFromNtNtNtCs4aW9DWY8b5u_4wgpu3api6buffer6BufferE8try_from0Bb_
FNDA:0,_RINvMNtNtCsjMvbNGsYfvH_16wgpu_3dgs_viewer6buffer6cameraNtB3_12CameraBuffer6updatepEB7_
FNDA:0,_RINvMs3_NtNtCsjMvbNGsYfvH_16wgpu_3dgs_viewer6buffer6cameraNtB6_9CameraPod3newpEBa_
FNDA:0,_RNCNvXs1_NtNtCsjMvbNGsYfvH_16wgpu_3dgs_viewer6buffer6cameraNtB7_12CameraBufferINtNtCsmHtFwzCQ9E_4core7convert7TryFromNtNtNtCs4aW9DWY8b5u_4wgpu3api6buffer6BufferE8try_from0Bb_
FNDA:0,_RNvMNtNtCsjMvbNGsYfvH_16wgpu_3dgs_viewer6buffer6cameraNtB2_12CameraBuffer15update_with_pod
FNDA:0,_RNvMNtNtCsjMvbNGsYfvH_16wgpu_3dgs_viewer6buffer6cameraNtB2_12CameraBuffer3new
FNDA:0,_RNvXs0_NtNtCsjMvbNGsYfvH_16wgpu_3dgs_viewer6buffer6cameraNtNtNtCs4aW9DWY8b5u_4wgpu3api6buffer6BufferINtNtCsmHtFwzCQ9E_4core7convert4FromNtB5_12CameraBufferE4from
FNDA:0,_RNvXs1_NtNtCsjMvbNGsYfvH_16wgpu_3dgs_viewer6buffer6cameraNtB5_12CameraBufferINtNtCsmHtFwzCQ9E_4core7convert7TryFromNtNtNtCs4aW9DWY8b5u_4wgpu3api6buffer6BufferE8try_from
FNDA:0,_RNvXs_NtNtCsjMvbNGsYfvH_16wgpu_3dgs_viewer6buffer6cameraNtB4_12CameraBufferNtNtCs7uIZbJPR652_14wgpu_3dgs_core6buffer13BufferWrapper6buffer
FNDA:0,_RINvMNtNtCsjAfDNjLymyL_16wgpu_3dgs_viewer6buffer6cameraNtB3_12CameraBuffer6updateNtNtB7_6camera6CameraECsgCUhY3MwoBc_11multi_model
FNDA:0,_RINvMs3_NtNtCsjAfDNjLymyL_16wgpu_3dgs_viewer6buffer6cameraNtB6_9CameraPod3newNtNtBa_6camera6CameraECsgCUhY3MwoBc_11multi_model
FNDA:279,_RINvMNtNtCsjAfDNjLymyL_16wgpu_3dgs_viewer6buffer6cameraNtB3_12CameraBuffer6updateNtNtB7_6camera6CameraECsaEBMRA9cDqq_9selection
FNDA:279,_RINvMs3_NtNtCsjAfDNjLymyL_16wgpu_3dgs_viewer6buffer6cameraNtB6_9CameraPod3newNtNtBa_6camera6CameraECsaEBMRA9cDqq_9selection
FNDA:0,_RINvMNtNtCsjAfDNjLymyL_16wgpu_3dgs_viewer6buffer6cameraNtB3_12CameraBuffer6updateNtNtB7_6camera6CameraECsiA5QZE4OIiA_6simple
FNDA:0,_RINvMs3_NtNtCsjAfDNjLymyL_16wgpu_3dgs_viewer6buffer6cameraNtB6_9CameraPod3newNtNtBa_6camera6CameraECsiA5QZE4OIiA_6simple
FNF:8
FNH:8
DA:14,23
DA:15,23
DA:16,23
DA:17,23
DA:18,23
DA:19,23
DA:20,23
DA:22,23
DA:23,23
DA:26,282
DA:27,282
DA:28,282
DA:31,302
DA:32,302
DA:33,302
DA:37,98
DA:38,98
DA:39,98
DA:43,1
DA:44,1
DA:45,1
DA:51,3
DA:52,3
DA:53,3
DA:72,306
DA:73,306
DA:74,306
DA:75,306
DA:76,306
DA:77,306
DA:78,306
DA:79,306
BRF:0
BRH:0
LF:33
LH:33
end_of_record
SF:C:\Users\s2010\Me\Codes\Rust\wgpu-3dgs-viewer\src\buffer\depth.rs
FN:9,_RNvMNtNtCsjAfDNjLymyL_16wgpu_3dgs_viewer6buffer5depthNtB2_20GaussiansDepthBuffer3new
FN:27,_RNvXs_NtNtCsjAfDNjLymyL_16wgpu_3dgs_viewer6buffer5depthNtB4_20GaussiansDepthBufferNtNtCs7uIZbJPR652_14wgpu_3dgs_core6buffer13BufferWrapper6buffer
FN:33,_RNvXs0_NtNtCsjAfDNjLymyL_16wgpu_3dgs_viewer6buffer5depthNtNtNtCs4aW9DWY8b5u_4wgpu3api6buffer6BufferINtNtCsmHtFwzCQ9E_4core7convert4FromNtB5_20GaussiansDepthBufferE4from
FN:9,_RNvMNtNtCsjMvbNGsYfvH_16wgpu_3dgs_viewer6buffer5depthNtB2_20GaussiansDepthBuffer3new
FN:33,_RNvXs0_NtNtCsjMvbNGsYfvH_16wgpu_3dgs_viewer6buffer5depthNtNtNtCs4aW9DWY8b5u_4wgpu3api6buffer6BufferINtNtCsmHtFwzCQ9E_4core7convert4FromNtB5_20GaussiansDepthBufferE4from
FN:27,_RNvXs_NtNtCsjMvbNGsYfvH_16wgpu_3dgs_viewer6buffer5depthNtB4_20GaussiansDepthBufferNtNtCs7uIZbJPR652_14wgpu_3dgs_core6buffer13BufferWrapper6buffer
FNDA:30,_RNvMNtNtCsjAfDNjLymyL_16wgpu_3dgs_viewer6buffer5depthNtB2_20GaussiansDepthBuffer3new
FNDA:60,_RNvXs_NtNtCsjAfDNjLymyL_16wgpu_3dgs_viewer6buffer5depthNtB4_20GaussiansDepthBufferNtNtCs7uIZbJPR652_14wgpu_3dgs_core6buffer13BufferWrapper6buffer
FNDA:0,_RNvXs0_NtNtCsjAfDNjLymyL_16wgpu_3dgs_viewer6buffer5depthNtNtNtCs4aW9DWY8b5u_4wgpu3api6buffer6BufferINtNtCsmHtFwzCQ9E_4core7convert4FromNtB5_20GaussiansDepthBufferE4from
FNDA:0,_RNvMNtNtCsjMvbNGsYfvH_16wgpu_3dgs_viewer6buffer5depthNtB2_20GaussiansDepthBuffer3new
FNDA:0,_RNvXs0_NtNtCsjMvbNGsYfvH_16wgpu_3dgs_viewer6buffer5depthNtNtNtCs4aW9DWY8b5u_4wgpu3api6buffer6BufferINtNtCsmHtFwzCQ9E_4core7convert4FromNtB5_20GaussiansDepthBufferE4from
FNDA:0,_RNvXs_NtNtCsjMvbNGsYfvH_16wgpu_3dgs_viewer6buffer5depthNtB4_20GaussiansDepthBufferNtNtCs7uIZbJPR652_14wgpu_3dgs_core6buffer13BufferWrapper6buffer
FNF:3
FNH:2
DA:9,30
DA:11,30
DA:13,30
DA:14,30
DA:15,30
DA:16,30
DA:17,30
DA:18,30
DA:20,30
DA:21,30
DA:27,60
DA:28,60
DA:29,60
DA:33,0
DA:34,0
DA:35,0
BRF:0
BRH:0
LF:16
LH:13
end_of_record
SF:C:\Users\s2010\Me\Codes\Rust\wgpu-3dgs-viewer\src\buffer\indirect_args.rs
FN:12,_RNvMNtNtCsjAfDNjLymyL_16wgpu_3dgs_viewer6buffer13indirect_argsNtB2_18IndirectArgsBuffer3new
FN:63,_RNvMs3_NtNtCsjAfDNjLymyL_16wgpu_3dgs_viewer6buffer13indirect_argsNtB5_27RadixSortIndirectArgsBuffer3new
FN:108,_RNvMs8_NtNtCsjAfDNjLymyL_16wgpu_3dgs_viewer6buffer13indirect_argsNtB5_21IndirectIndicesBuffer3new
FN:48,_RNvXs1_NtNtCsjAfDNjLymyL_16wgpu_3dgs_viewer6buffer13indirect_argsNtB5_18IndirectArgsBufferINtNtCsmHtFwzCQ9E_4core7convert7TryFromNtNtNtCs4aW9DWY8b5u_4wgpu3api6buffer6BufferE8try_from
FN:79,_RNvXs4_NtNtCsjAfDNjLymyL_16wgpu_3dgs_viewer6buffer13indirect_argsNtB5_27RadixSortIndirectArgsBufferNtNtCs7uIZbJPR652_14wgpu_3dgs_core6buffer13BufferWrapper6buffer
FN:93,_RNvXs6_NtNtCsjAfDNjLymyL_16wgpu_3dgs_viewer6buffer13indirect_argsNtB5_27RadixSortIndirectArgsBufferINtNtCsmHtFwzCQ9E_4core7convert7TryFromNtNtNtCs4aW9DWY8b5u_4wgpu3api6buffer6BufferE8try_from
FN:123,_RNvXs9_NtNtCsjAfDNjLymyL_16wgpu_3dgs_viewer6buffer13indirect_argsNtB5_21IndirectIndicesBufferNtNtCs7uIZbJPR652_14wgpu_3dgs_core6buffer13BufferWrapper6buffer
FN:34,_RNvXs_NtNtCsjAfDNjLymyL_16wgpu_3dgs_viewer6buffer13indirect_argsNtB4_18IndirectArgsBufferNtNtCs7uIZbJPR652_14wgpu_3dgs_core6buffer13BufferWrapper6buffer
FN:135,_RNvXsb_NtNtCsjAfDNjLymyL_16wgpu_3dgs_viewer6buffer13indirect_argsNtB5_21IndirectIndicesBufferINtNtCsmHtFwzCQ9E_4core7convert4FromNtNtNtCs4aW9DWY8b5u_4wgpu3api6buffer6BufferE4from
FN:40,_RNvXs0_NtNtCsjAfDNjLymyL_16wgpu_3dgs_viewer6buffer13indirect_argsNtNtNtCs4aW9DWY8b5u_4wgpu3api6buffer6BufferINtNtCsmHtFwzCQ9E_4core7convert4FromNtB5_18IndirectArgsBufferE4from
FN:85,_RNvXs5_NtNtCsjAfDNjLymyL_16wgpu_3dgs_viewer6buffer13indirect_argsNtNtNtCs4aW9DWY8b5u_4wgpu3api6buffer6BufferINtNtCsmHtFwzCQ9E_4core7convert4FromNtB5_27RadixSortIndirectArgsBufferE4from
FN:129,_RNvXsa_NtNtCsjAfDNjLymyL_16wgpu_3dgs_viewer6buffer13indirect_argsNtNtNtCs4aW9DWY8b5u_4wgpu3api6buffer6BufferINtNtCsmHtFwzCQ9E_4core7convert4FromNtB5_21IndirectIndicesBufferE4from
FN:49,_RNCNvXs1_NtNtCsjAfDNjLymyL_16wgpu_3dgs_viewer6buffer13indirect_argsNtB7_18IndirectArgsBufferINtNtCsmHtFwzCQ9E_4core7convert7TryFromNtNtNtCs4aW9DWY8b5u_4wgpu3api6buffer6BufferE8try_from0Bb_
FN:94,_RNCNvXs6_NtNtCsjAfDNjLymyL_16wgpu_3dgs_viewer6buffer13indirect_argsNtB7_27RadixSortIndirectArgsBufferINtNtCsmHtFwzCQ9E_4core7convert7TryFromNtNtNtCs4aW9DWY8b5u_4wgpu3api6buffer6BufferE8try_from0Bb_
FN:49,_RNCNvXs1_NtNtCsjMvbNGsYfvH_16wgpu_3dgs_viewer6buffer13indirect_argsNtB7_18IndirectArgsBufferINtNtCsmHtFwzCQ9E_4core7convert7TryFromNtNtNtCs4aW9DWY8b5u_4wgpu3api6buffer6BufferE8try_from0Bb_
FN:94,_RNCNvXs6_NtNtCsjMvbNGsYfvH_16wgpu_3dgs_viewer6buffer13indirect_argsNtB7_27RadixSortIndirectArgsBufferINtNtCsmHtFwzCQ9E_4core7convert7TryFromNtNtNtCs4aW9DWY8b5u_4wgpu3api6buffer6BufferE8try_from0Bb_
FN:12,_RNvMNtNtCsjMvbNGsYfvH_16wgpu_3dgs_viewer6buffer13indirect_argsNtB2_18IndirectArgsBuffer3new
FN:63,_RNvMs3_NtNtCsjMvbNGsYfvH_16wgpu_3dgs_viewer6buffer13indirect_argsNtB5_27RadixSortIndirectArgsBuffer3new
FN:108,_RNvMs8_NtNtCsjMvbNGsYfvH_16wgpu_3dgs_viewer6buffer13indirect_argsNtB5_21IndirectIndicesBuffer3new
FN:40,_RNvXs0_NtNtCsjMvbNGsYfvH_16wgpu_3dgs_viewer6buffer13indirect_argsNtNtNtCs4aW9DWY8b5u_4wgpu3api6buffer6BufferINtNtCsmHtFwzCQ9E_4core7convert4FromNtB5_18IndirectArgsBufferE4from
FN:48,_RNvXs1_NtNtCsjMvbNGsYfvH_16wgpu_3dgs_viewer6buffer13indirect_argsNtB5_18IndirectArgsBufferINtNtCsmHtFwzCQ9E_4core7convert7TryFromNtNtNtCs4aW9DWY8b5u_4wgpu3api6buffer6BufferE8try_from
FN:79,_RNvXs4_NtNtCsjMvbNGsYfvH_16wgpu_3dgs_viewer6buffer13indirect_argsNtB5_27RadixSortIndirectArgsBufferNtNtCs7uIZbJPR652_14wgpu_3dgs_core6buffer13BufferWrapper6buffer
FN:85,_RNvXs5_NtNtCsjMvbNGsYfvH_16wgpu_3dgs_viewer6buffer13indirect_argsNtNtNtCs4aW9DWY8b5u_4wgpu3api6buffer6BufferINtNtCsmHtFwzCQ9E_4core7convert4FromNtB5_27RadixSortIndirectArgsBufferE4from
FN:93,_RNvXs6_NtNtCsjMvbNGsYfvH_16wgpu_3dgs_viewer6buffer13indirect_argsNtB5_27RadixSortIndirectArgsBufferINtNtCsmHtFwzCQ9E_4core7convert7TryFromNtNtNtCs4aW9DWY8b5u_4wgpu3api6buffer6BufferE8try_from
FN:123,_RNvXs9_NtNtCsjMvbNGsYfvH_16wgpu_3dgs_viewer6buffer13indirect_argsNtB5_21IndirectIndicesBufferNtNtCs7uIZbJPR652_14wgpu_3dgs_core6buffer13BufferWrapper6buffer
FN:34,_RNvXs_NtNtCsjMvbNGsYfvH_16wgpu_3dgs_viewer6buffer13indirect_argsNtB4_18IndirectArgsBufferNtNtCs7uIZbJPR652_14wgpu_3dgs_core6buffer13BufferWrapper6buffer
FN:129,_RNvXsa_NtNtCsjMvbNGsYfvH_16wgpu_3dgs_viewer6buffer13indirect_argsNtNtNtCs4aW9DWY8b5u_4wgpu3api6buffer6BufferINtNtCsmHtFwzCQ9E_4core7convert4FromNtB5_21IndirectIndicesBufferE4from
FN:135,_RNvXsb_NtNtCsjMvbNGsYfvH_16wgpu_3dgs_viewer6buffer13indirect_argsNtB5_21IndirectIndicesBufferINtNtCsmHtFwzCQ9E_4core7convert4FromNtNtNtCs4aW9DWY8b5u_4wgpu3api6buffer6BufferE4from
FNDA:31,_RNvMNtNtCsjAfDNjLymyL_16wgpu_3dgs_viewer6buffer13indirect_argsNtB2_18IndirectArgsBuffer3new
FNDA:31,_RNvMs3_NtNtCsjAfDNjLymyL_16wgpu_3dgs_viewer6buffer13indirect_argsNtB5_27RadixSortIndirectArgsBuffer3new
FNDA:36,_RNvMs8_NtNtCsjAfDNjLymyL_16wgpu_3dgs_viewer6buffer13indirect_argsNtB5_21IndirectIndicesBuffer3new
FNDA:1,_RNvXs1_NtNtCsjAfDNjLymyL_16wgpu_3dgs_viewer6buffer13indirect_argsNtB5_18IndirectArgsBufferINtNtCsmHtFwzCQ9E_4core7convert7TryFromNtNtNtCs4aW9DWY8b5u_4wgpu3api6buffer6BufferE8try_from
FNDA:340,_RNvXs4_NtNtCsjAfDNjLymyL_16wgpu_3dgs_viewer6buffer13indirect_argsNtB5_27RadixSortIndirectArgsBufferNtNtCs7uIZbJPR652_14wgpu_3dgs_core6buffer13BufferWrapper6buffer
FNDA:1,_RNvXs6_NtNtCsjAfDNjLymyL_16wgpu_3dgs_viewer6buffer13indirect_argsNtB5_27RadixSortIndirectArgsBufferINtNtCsmHtFwzCQ9E_4core7convert7TryFromNtNtNtCs4aW9DWY8b5u_4wgpu3api6buffer6BufferE8try_from
FNDA:98,_RNvXs9_NtNtCsjAfDNjLymyL_16wgpu_3dgs_viewer6buffer13indirect_argsNtB5_21IndirectIndicesBufferNtNtCs7uIZbJPR652_14wgpu_3dgs_core6buffer13BufferWrapper6buffer
FNDA:340,_RNvXs_NtNtCsjAfDNjLymyL_16wgpu_3dgs_viewer6buffer13indirect_argsNtB4_18IndirectArgsBufferNtNtCs7uIZbJPR652_14wgpu_3dgs_core6buffer13BufferWrapper6buffer
FNDA:1,_RNvXsb_NtNtCsjAfDNjLymyL_16wgpu_3dgs_viewer6buffer13indirect_argsNtB5_21IndirectIndicesBufferINtNtCsmHtFwzCQ9E_4core7convert4FromNtNtNtCs4aW9DWY8b5u_4wgpu3api6buffer6BufferE4from
FNDA:1,_RNvXs0_NtNtCsjAfDNjLymyL_16wgpu_3dgs_viewer6buffer13indirect_argsNtNtNtCs4aW9DWY8b5u_4wgpu3api6buffer6BufferINtNtCsmHtFwzCQ9E_4core7convert4FromNtB5_18IndirectArgsBufferE4from
FNDA:1,_RNvXs5_NtNtCsjAfDNjLymyL_16wgpu_3dgs_viewer6buffer13indirect_argsNtNtNtCs4aW9DWY8b5u_4wgpu3api6buffer6BufferINtNtCsmHtFwzCQ9E_4core7convert4FromNtB5_27RadixSortIndirectArgsBufferE4from
FNDA:1,_RNvXsa_NtNtCsjAfDNjLymyL_16wgpu_3dgs_viewer6buffer13indirect_argsNtNtNtCs4aW9DWY8b5u_4wgpu3api6buffer6BufferINtNtCsmHtFwzCQ9E_4core7convert4FromNtB5_21IndirectIndicesBufferE4from
FNDA:1,_RNCNvXs1_NtNtCsjAfDNjLymyL_16wgpu_3dgs_viewer6buffer13indirect_argsNtB7_18IndirectArgsBufferINtNtCsmHtFwzCQ9E_4core7convert7TryFromNtNtNtCs4aW9DWY8b5u_4wgpu3api6buffer6BufferE8try_from0Bb_
FNDA:1,_RNCNvXs6_NtNtCsjAfDNjLymyL_16wgpu_3dgs_viewer6buffer13indirect_argsNtB7_27RadixSortIndirectArgsBufferINtNtCsmHtFwzCQ9E_4core7convert7TryFromNtNtNtCs4aW9DWY8b5u_4wgpu3api6buffer6BufferE8try_from0Bb_
FNDA:0,_RNCNvXs1_NtNtCsjMvbNGsYfvH_16wgpu_3dgs_viewer6buffer13indirect_argsNtB7_18IndirectArgsBufferINtNtCsmHtFwzCQ9E_4core7convert7TryFromNtNtNtCs4aW9DWY8b5u_4wgpu3api6buffer6BufferE8try_from0Bb_
FNDA:0,_RNCNvXs6_NtNtCsjMvbNGsYfvH_16wgpu_3dgs_viewer6buffer13indirect_argsNtB7_27RadixSortIndirectArgsBufferINtNtCsmHtFwzCQ9E_4core7convert7TryFromNtNtNtCs4aW9DWY8b5u_4wgpu3api6buffer6BufferE8try_from0Bb_
FNDA:0,_RNvMNtNtCsjMvbNGsYfvH_16wgpu_3dgs_viewer6buffer13indirect_argsNtB2_18IndirectArgsBuffer3new
FNDA:0,_RNvMs3_NtNtCsjMvbNGsYfvH_16wgpu_3dgs_viewer6buffer13indirect_argsNtB5_27RadixSortIndirectArgsBuffer3new
FNDA:0,_RNvMs8_NtNtCsjMvbNGsYfvH_16wgpu_3dgs_viewer6buffer13indirect_argsNtB5_21IndirectIndicesBuffer3new
FNDA:0,_RNvXs0_NtNtCsjMvbNGsYfvH_16wgpu_3dgs_viewer6buffer13indirect_argsNtNtNtCs4aW9DWY8b5u_4wgpu3api6buffer6BufferINtNtCsmHtFwzCQ9E_4core7convert4FromNtB5_18IndirectArgsBufferE4from
FNDA:0,_RNvXs1_NtNtCsjMvbNGsYfvH_16wgpu_3dgs_viewer6buffer13indirect_argsNtB5_18IndirectArgsBufferINtNtCsmHtFwzCQ9E_4core7convert7TryFromNtNtNtCs4aW9DWY8b5u_4wgpu3api6buffer6BufferE8try_from
FNDA:0,_RNvXs4_NtNtCsjMvbNGsYfvH_16wgpu_3dgs_viewer6buffer13indirect_argsNtB5_27RadixSortIndirectArgsBufferNtNtCs7uIZbJPR652_14wgpu_3dgs_core6buffer13BufferWrapper6buffer
FNDA:0,_RNvXs5_NtNtCsjMvbNGsYfvH_16wgpu_3dgs_viewer6buffer13indirect_argsNtNtNtCs4aW9DWY8b5u_4wgpu3api6buffer6BufferINtNtCsmHtFwzCQ9E_4core7convert4FromNtB5_27RadixSortIndirectArgsBufferE4from
FNDA:0,_RNvXs6_NtNtCsjMvbNGsYfvH_16wgpu_3dgs_viewer6buffer13indirect_argsNtB5_27RadixSortIndirectArgsBufferINtNtCsmHtFwzCQ9E_4core7convert7TryFromNtNtNtCs4aW9DWY8b5u_4wgpu3api6buffer6BufferE8try_from
FNDA:0,_RNvXs9_NtNtCsjMvbNGsYfvH_16wgpu_3dgs_viewer6buffer13indirect_argsNtB5_21IndirectIndicesBufferNtNtCs7uIZbJPR652_14wgpu_3dgs_core6buffer13BufferWrapper6buffer
FNDA:0,_RNvXs_NtNtCsjMvbNGsYfvH_16wgpu_3dgs_viewer6buffer13indirect_argsNtB4_18IndirectArgsBufferNtNtCs7uIZbJPR652_14wgpu_3dgs_core6buffer13BufferWrapper6buffer
FNDA:0,_RNvXsa_NtNtCsjMvbNGsYfvH_16wgpu_3dgs_viewer6buffer13indirect_argsNtNtNtCs4aW9DWY8b5u_4wgpu3api6buffer6BufferINtNtCsmHtFwzCQ9E_4core7convert4FromNtB5_21IndirectIndicesBufferE4from
FNDA:0,_RNvXsb_NtNtCsjMvbNGsYfvH_16wgpu_3dgs_viewer6buffer13indirect_argsNtB5_21IndirectIndicesBufferINtNtCsmHtFwzCQ9E_4core7convert4FromNtNtNtCs4aW9DWY8b5u_4wgpu3api6buffer6BufferE4from
FNF:14
FNH:14
DA:12,31
DA:13,31
DA:14,31
DA:15,31
DA:16,31
DA:17,31
DA:18,31
DA:19,31
DA:20,31
DA:21,31
DA:22,31
DA:23,31
DA:25,31
DA:26,31
DA:34,340
DA:35,340
DA:36,340
DA:40,1
DA:41,1
DA:42,1
DA:48,1
DA:49,1
DA:50,1
DA:63,31
DA:64,31
DA:65,31
DA:66,31
DA:67,31
DA:68,31
DA:70,31
DA:71,31
DA:79,340
DA:80,340
DA:81,340
DA:85,1
DA:86,1
DA:87,1
DA:93,1
DA:94,1
DA:95,1
DA:108,36
DA:109,36
DA:110,36
DA:111,36
DA:112,36
DA:113,36
DA:114,36
DA:116,36
DA:117,36
DA:123,98
DA:124,98
DA:125,98
DA:129,1
DA:130,1
DA:131,1
DA:135,1
DA:136,1
DA:137,1
BRF:0
BRH:0
LF:60
LH:60
end_of_record
SF:C:\Users\s2010\Me\Codes\Rust\wgpu-3dgs-viewer\src\camera.rs
FN:71,_RNvMNtCsjAfDNjLymyL_16wgpu_3dgs_viewer6cameraNtB2_6Camera11get_forward
FN:40,_RNvMNtCsjAfDNjLymyL_16wgpu_3dgs_viewer6cameraNtB2_6Camera3new
FN:66,_RNvMNtCsjAfDNjLymyL_16wgpu_3dgs_viewer6cameraNtB2_6Camera6yaw_by
FN:51,_RNvMNtCsjAfDNjLymyL_16wgpu_3dgs_viewer6cameraNtB2_6Camera7move_by
FN:56,_RNvMNtCsjAfDNjLymyL_16wgpu_3dgs_viewer6cameraNtB2_6Camera7move_up
FN:61,_RNvMNtCsjAfDNjLymyL_16wgpu_3dgs_viewer6cameraNtB2_6Camera8pitch_by
FN:80,_RNvMNtCsjAfDNjLymyL_16wgpu_3dgs_viewer6cameraNtB2_6Camera9get_right
FN:90,_RNvXs_NtCsjAfDNjLymyL_16wgpu_3dgs_viewer6cameraNtB4_6CameraNtB4_11CameraTrait10projection
FN:86,_RNvXs_NtCsjAfDNjLymyL_16wgpu_3dgs_viewer6cameraNtB4_6CameraNtB4_11CameraTrait4view
FN:71,_RNvMNtCsjMvbNGsYfvH_16wgpu_3dgs_viewer6cameraNtB2_6Camera11get_forward
FN:40,_RNvMNtCsjMvbNGsYfvH_16wgpu_3dgs_viewer6cameraNtB2_6Camera3new
FN:66,_RNvMNtCsjMvbNGsYfvH_16wgpu_3dgs_viewer6cameraNtB2_6Camera6yaw_by
FN:51,_RNvMNtCsjMvbNGsYfvH_16wgpu_3dgs_viewer6cameraNtB2_6Camera7move_by
FN:56,_RNvMNtCsjMvbNGsYfvH_16wgpu_3dgs_viewer6cameraNtB2_6Camera7move_up
FN:61,_RNvMNtCsjMvbNGsYfvH_16wgpu_3dgs_viewer6cameraNtB2_6Camera8pitch_by
FN:80,_RNvMNtCsjMvbNGsYfvH_16wgpu_3dgs_viewer6cameraNtB2_6Camera9get_right
FN:90,_RNvXs_NtCsjMvbNGsYfvH_16wgpu_3dgs_viewer6cameraNtB4_6CameraNtB4_11CameraTrait10projection
FN:86,_RNvXs_NtCsjMvbNGsYfvH_16wgpu_3dgs_viewer6cameraNtB4_6CameraNtB4_11CameraTrait4view
FNDA:866,_RNvMNtCsjAfDNjLymyL_16wgpu_3dgs_viewer6cameraNtB2_6Camera11get_forward
FNDA:25,_RNvMNtCsjAfDNjLymyL_16wgpu_3dgs_viewer6cameraNtB2_6Camera3new
FNDA:280,_RNvMNtCsjAfDNjLymyL_16wgpu_3dgs_viewer6cameraNtB2_6Camera6yaw_by
FNDA:279,_RNvMNtCsjAfDNjLymyL_16wgpu_3dgs_viewer6cameraNtB2_6Camera7move_by
FNDA:279,_RNvMNtCsjAfDNjLymyL_16wgpu_3dgs_viewer6cameraNtB2_6Camera7move_up
FNDA:280,_RNvMNtCsjAfDNjLymyL_16wgpu_3dgs_viewer6cameraNtB2_6Camera8pitch_by
FNDA:279,_RNvMNtCsjAfDNjLymyL_16wgpu_3dgs_viewer6cameraNtB2_6Camera9get_right
FNDA:308,_RNvXs_NtCsjAfDNjLymyL_16wgpu_3dgs_viewer6cameraNtB4_6CameraNtB4_11CameraTrait10projection
FNDA:308,_RNvXs_NtCsjAfDNjLymyL_16wgpu_3dgs_viewer6cameraNtB4_6CameraNtB4_11CameraTrait4view
FNDA:0,_RNvMNtCsjMvbNGsYfvH_16wgpu_3dgs_viewer6cameraNtB2_6Camera11get_forward
FNDA:0,_RNvMNtCsjMvbNGsYfvH_16wgpu_3dgs_viewer6cameraNtB2_6Camera3new
FNDA:0,_RNvMNtCsjMvbNGsYfvH_16wgpu_3dgs_viewer6cameraNtB2_6Camera6yaw_by
FNDA:0,_RNvMNtCsjMvbNGsYfvH_16wgpu_3dgs_viewer6cameraNtB2_6Camera7move_by
FNDA:0,_RNvMNtCsjMvbNGsYfvH_16wgpu_3dgs_viewer6cameraNtB2_6Camera7move_up
FNDA:0,_RNvMNtCsjMvbNGsYfvH_16wgpu_3dgs_viewer6cameraNtB2_6Camera8pitch_by
FNDA:0,_RNvMNtCsjMvbNGsYfvH_16wgpu_3dgs_viewer6cameraNtB2_6Camera9get_right
FNDA:0,_RNvXs_NtCsjMvbNGsYfvH_16wgpu_3dgs_viewer6cameraNtB4_6CameraNtB4_11CameraTrait10projection
FNDA:0,_RNvXs_NtCsjMvbNGsYfvH_16wgpu_3dgs_viewer6cameraNtB4_6CameraNtB4_11CameraTrait4view
FNF:9
FNH:9
DA:40,25
DA:41,25
DA:42,25
DA:43,25
DA:44,25
DA:45,25
DA:46,25
DA:47,25
DA:48,25
DA:51,279
DA:52,279
DA:53,279
DA:56,279
DA:57,279
DA:58,279
DA:61,280
DA:62,280
DA:63,280
DA:66,280
DA:67,280
DA:68,280
DA:71,866
DA:72,866
DA:73,866
DA:74,866
DA:75,866
DA:77,866
DA:80,279
DA:81,279
DA:82,279
DA:86,308
DA:87,308
DA:88,308
DA:90,308
DA:91,308
DA:92,308
BRF:0
BRH:0
LF:36
LH:36
end_of_record
SF:C:\Users\s2010\Me\Codes\Rust\wgpu-3dgs-viewer\src\lib.rs
FN:206,_RINvMCsjAfDNjLymyL_16wgpu_3dgs_viewerNtB3_6Viewer13update_cameraNtNtB3_6camera6CameraECskHWTcKnagmk_3mod
FN:216,_RNvMCsjAfDNjLymyL_16wgpu_3dgs_viewerNtB2_6Viewer22update_camera_with_podCskHWTcKnagmk_3mod
FN:221,_RNvMCsjAfDNjLymyL_16wgpu_3dgs_viewerNtB2_6Viewer22update_model_transformCskHWTcKnagmk_3mod
FN:241,_RNvMCsjAfDNjLymyL_16wgpu_3dgs_viewerNtB2_6Viewer25update_gaussian_transformCskHWTcKnagmk_3mod
FN:232,_RNvMCsjAfDNjLymyL_16wgpu_3dgs_viewerNtB2_6Viewer31update_model_transform_with_podCskHWTcKnagmk_3mod
FN:255,_RNvMCsjAfDNjLymyL_16wgpu_3dgs_viewerNtB2_6Viewer34update_gaussian_transform_with_podCskHWTcKnagmk_3mod
FN:85,_RNvMCsjAfDNjLymyL_16wgpu_3dgs_viewerNtB2_6Viewer3newCskHWTcKnagmk_3mod
FN:264,_RNvMCsjAfDNjLymyL_16wgpu_3dgs_viewerNtB2_6Viewer6renderCskHWTcKnagmk_3mod
FN:104,_RNvMCsjAfDNjLymyL_16wgpu_3dgs_viewerNtB2_6Viewer8new_withCskHWTcKnagmk_3mod
FN:206,_RINvMCsjMvbNGsYfvH_16wgpu_3dgs_viewerINtB3_6ViewerpE13update_camerapEB3_
FN:216,_RNvMCsjMvbNGsYfvH_16wgpu_3dgs_viewerINtB2_6ViewerpE22update_camera_with_podB2_
FN:221,_RNvMCsjMvbNGsYfvH_16wgpu_3dgs_viewerINtB2_6ViewerpE22update_model_transformB2_
FN:241,_RNvMCsjMvbNGsYfvH_16wgpu_3dgs_viewerINtB2_6ViewerpE25update_gaussian_transformB2_
FN:232,_RNvMCsjMvbNGsYfvH_16wgpu_3dgs_viewerINtB2_6ViewerpE31update_model_transform_with_podB2_
FN:255,_RNvMCsjMvbNGsYfvH_16wgpu_3dgs_viewerINtB2_6ViewerpE34update_gaussian_transform_with_podB2_
FN:85,_RNvMCsjMvbNGsYfvH_16wgpu_3dgs_viewerINtB2_6ViewerpE3newB2_
FN:264,_RNvMCsjMvbNGsYfvH_16wgpu_3dgs_viewerINtB2_6ViewerpE6renderB2_
FN:104,_RNvMCsjMvbNGsYfvH_16wgpu_3dgs_viewerINtB2_6ViewerpE8new_withB2_
FN:206,_RINvMCsjAfDNjLymyL_16wgpu_3dgs_viewerNtB3_6Viewer13update_cameraNtNtB3_6camera6CameraECsaEBMRA9cDqq_9selection
FN:221,_RNvMCsjAfDNjLymyL_16wgpu_3dgs_viewerNtB2_6Viewer22update_model_transformCsaEBMRA9cDqq_9selection
FN:264,_RNvMCsjAfDNjLymyL_16wgpu_3dgs_viewerNtB2_6Viewer6renderCsaEBMRA9cDqq_9selection
FN:104,_RNvMCsjAfDNjLymyL_16wgpu_3dgs_viewerNtB2_6Viewer8new_withCsaEBMRA9cDqq_9selection
FN:206,_RINvMCsjAfDNjLymyL_16wgpu_3dgs_viewerNtB3_6Viewer13update_cameraNtNtB3_6camera6CameraECsiA5QZE4OIiA_6simple
FN:221,_RNvMCsjAfDNjLymyL_16wgpu_3dgs_viewerNtB2_6Viewer22update_model_transformCsiA5QZE4OIiA_6simple
FN:241,_RNvMCsjAfDNjLymyL_16wgpu_3dgs_viewerNtB2_6Viewer25update_gaussian_transformCsiA5QZE4OIiA_6simple
FN:85,_RNvMCsjAfDNjLymyL_16wgpu_3dgs_viewerNtB2_6Viewer3newCsiA5QZE4OIiA_6simple
FN:264,_RNvMCsjAfDNjLymyL_16wgpu_3dgs_viewerNtB2_6Viewer6renderCsiA5QZE4OIiA_6simple
FN:104,_RNvMCsjAfDNjLymyL_16wgpu_3dgs_viewerNtB2_6Viewer8new_withCsiA5QZE4OIiA_6simple
FNDA:1,_RINvMCsjAfDNjLymyL_16wgpu_3dgs_viewerNtB3_6Viewer13update_cameraNtNtB3_6camera6CameraECskHWTcKnagmk_3mod
FNDA:12,_RNvMCsjAfDNjLymyL_16wgpu_3dgs_viewerNtB2_6Viewer22update_camera_with_podCskHWTcKnagmk_3mod
FNDA:1,_RNvMCsjAfDNjLymyL_16wgpu_3dgs_viewerNtB2_6Viewer22update_model_transformCskHWTcKnagmk_3mod
FNDA:1,_RNvMCsjAfDNjLymyL_16wgpu_3dgs_viewerNtB2_6Viewer25update_gaussian_transformCskHWTcKnagmk_3mod
FNDA:1,_RNvMCsjAfDNjLymyL_16wgpu_3dgs_viewerNtB2_6Viewer31update_model_transform_with_podCskHWTcKnagmk_3mod
FNDA:1,_RNvMCsjAfDNjLymyL_16wgpu_3dgs_viewerNtB2_6Viewer34update_gaussian_transform_with_podCskHWTcKnagmk_3mod
FNDA:7,_RNvMCsjAfDNjLymyL_16wgpu_3dgs_viewerNtB2_6Viewer3newCskHWTcKnagmk_3mod
FNDA:13,_RNvMCsjAfDNjLymyL_16wgpu_3dgs_viewerNtB2_6Viewer6renderCskHWTcKnagmk_3mod
FNDA:13,_RNvMCsjAfDNjLymyL_16wgpu_3dgs_viewerNtB2_6Viewer8new_withCskHWTcKnagmk_3mod
FNDA:0,_RINvMCsjMvbNGsYfvH_16wgpu_3dgs_viewerINtB3_6ViewerpE13update_camerapEB3_
FNDA:0,_RNvMCsjMvbNGsYfvH_16wgpu_3dgs_viewerINtB2_6ViewerpE22update_camera_with_podB2_
FNDA:0,_RNvMCsjMvbNGsYfvH_16wgpu_3dgs_viewerINtB2_6ViewerpE22update_model_transformB2_
FNDA:0,_RNvMCsjMvbNGsYfvH_16wgpu_3dgs_viewerINtB2_6ViewerpE25update_gaussian_transformB2_
FNDA:0,_RNvMCsjMvbNGsYfvH_16wgpu_3dgs_viewerINtB2_6ViewerpE31update_model_transform_with_podB2_
FNDA:0,_RNvMCsjMvbNGsYfvH_16wgpu_3dgs_viewerINtB2_6ViewerpE34update_gaussian_transform_with_podB2_
FNDA:0,_RNvMCsjMvbNGsYfvH_16wgpu_3dgs_viewerINtB2_6ViewerpE3newB2_
FNDA:0,_RNvMCsjMvbNGsYfvH_16wgpu_3dgs_viewerINtB2_6ViewerpE6renderB2_
FNDA:0,_RNvMCsjMvbNGsYfvH_16wgpu_3dgs_viewerINtB2_6ViewerpE8new_withB2_
FNDA:279,_RINvMCsjAfDNjLymyL_16wgpu_3dgs_viewerNtB3_6Viewer13update_cameraNtNtB3_6camera6CameraECsaEBMRA9cDqq_9selection
FNDA:1,_RNvMCsjAfDNjLymyL_16wgpu_3dgs_viewerNtB2_6Viewer22update_model_transformCsaEBMRA9cDqq_9selection
FNDA:279,_RNvMCsjAfDNjLymyL_16wgpu_3dgs_viewerNtB2_6Viewer6renderCsaEBMRA9cDqq_9selection
FNDA:1,_RNvMCsjAfDNjLymyL_16wgpu_3dgs_viewerNtB2_6Viewer8new_withCsaEBMRA9cDqq_9selection
FNDA:0,_RINvMCsjAfDNjLymyL_16wgpu_3dgs_viewerNtB3_6Viewer13update_cameraNtNtB3_6camera6CameraECsiA5QZE4OIiA_6simple
FNDA:0,_RNvMCsjAfDNjLymyL_16wgpu_3dgs_viewerNtB2_6Viewer22update_model_transformCsiA5QZE4OIiA_6simple
FNDA:0,_RNvMCsjAfDNjLymyL_16wgpu_3dgs_viewerNtB2_6Viewer25update_gaussian_transformCsiA5QZE4OIiA_6simple
FNDA:0,_RNvMCsjAfDNjLymyL_16wgpu_3dgs_viewerNtB2_6Viewer3newCsiA5QZE4OIiA_6simple
FNDA:0,_RNvMCsjAfDNjLymyL_16wgpu_3dgs_viewerNtB2_6Viewer6renderCsiA5QZE4OIiA_6simple
FNDA:0,_RNvMCsjAfDNjLymyL_16wgpu_3dgs_viewerNtB2_6Viewer8new_withCsiA5QZE4OIiA_6simple
FNF:9
FNH:9
DA:85,7
DA:86,7
DA:87,7
DA:88,7
DA:89,7
DA:90,7
DA:91,7
DA:92,7
DA:93,7
DA:95,7
DA:97,7
DA:104,14
DA:105,14
DA:106,14
DA:107,14
DA:108,14
DA:109,14
DA:110,14
DA:111,14
DA:112,14
DA:114,14
DA:115,14
DA:117,14
DA:118,14
DA:120,14
DA:121,14
DA:122,14
DA:124,14
DA:125,14
DA:127,14
DA:128,14
DA:130,14
DA:131,14
DA:132,14
DA:134,14
DA:135,14
DA:136,14
DA:139,14
DA:140,14
DA:141,14
DA:145,14
DA:146,14
DA:147,14
DA:150,14
DA:151,14
DA:152,14
DA:153,14
DA:154,14
DA:155,14
DA:156,14
DA:157,14
DA:158,14
DA:159,14
DA:160,14
DA:162,14
DA:164,14
DA:165,0
DA:167,14
DA:168,14
DA:169,14
DA:171,14
DA:172,14
DA:173,14
DA:174,14
DA:175,14
DA:176,14
DA:177,14
DA:178,14
DA:179,14
DA:180,14
DA:181,0
DA:183,14
DA:185,14
DA:186,14
DA:187,14
DA:188,14
DA:189,14
DA:190,14
DA:191,14
DA:192,14
DA:193,14
DA:194,14
DA:195,14
DA:196,14
DA:197,14
DA:198,14
DA:199,14
DA:200,14
DA:201,14
DA:202,14
DA:203,14
DA:206,280
DA:207,280
DA:208,280
DA:209,280
DA:210,280
DA:211,280
DA:212,280
DA:213,280
DA:216,12
DA:217,12
DA:218,12
DA:221,2
DA:222,2
DA:223,2
DA:224,2
DA:225,2
DA:226,2
DA:227,2
DA:228,2
DA:229,2
DA:232,1
DA:233,1
DA:234,1
DA:235,1
DA:236,1
DA:237,1
DA:238,1
DA:241,1
DA:242,1
DA:243,1
DA:244,1
DA:245,1
DA:246,1
DA:247,1
DA:248,1
DA:249,1
DA:250,1
DA:251,1
DA:252,1
DA:255,1
DA:256,1
DA:257,1
DA:258,1
DA:259,1
DA:260,1
DA:261,1
DA:264,292
DA:265,292
DA:266,292
DA:268,292
DA:269,292
DA:271,292
DA:272,292
DA:273,292
BRF:0
BRH:0
LF:145
LH:143
end_of_record
SF:C:\Users\s2010\Me\Codes\Rust\wgpu-3dgs-viewer\src\multi_model.rs
FN:28,_RINvMNtCsjAfDNjLymyL_16wgpu_3dgs_viewer11multi_modelNtB3_28MultiModelViewerWorldBuffers13update_cameraNtNtB5_6camera6CameraECskHWTcKnagmk_3mod
FN:217,_RINvMs0_NtCsjAfDNjLymyL_16wgpu_3dgs_viewer11multi_modelNtB6_26MultiModelViewerBindGroups3newNtNtNtCs7uIZbJPR652_14wgpu_3dgs_core6buffer8gaussian41GaussianPodWithShSingleCov3dSingleConfigsECskHWTcKnagmk_3mod
FN:371,_RINvMs1_NtCsjAfDNjLymyL_16wgpu_3dgs_viewer11multi_modelINtB6_16MultiModelViewerNtNtNtCs7uIZbJPR652_14wgpu_3dgs_core6buffer8gaussian41GaussianPodWithShSingleCov3dSingleConfigsReE13update_cameraNtNtB8_6camera6CameraECskHWTcKnagmk_3mod
FN:457,_RNCNvMs1_NtCsjAfDNjLymyL_16wgpu_3dgs_viewer11multi_modelINtB7_16MultiModelViewerNtNtNtCs7uIZbJPR652_14wgpu_3dgs_core6buffer8gaussian41GaussianPodWithShSingleCov3dSingleConfigsReE6render0CskHWTcKnagmk_3mod
FN:326,_RNvMs1_NtCsjAfDNjLymyL_16wgpu_3dgs_viewer11multi_modelINtB5_16MultiModelViewerNtNtNtCs7uIZbJPR652_14wgpu_3dgs_core6buffer8gaussian41GaussianPodWithShSingleCov3dSingleConfigsReE12insert_modelCskHWTcKnagmk_3mod
FN:366,_RNvMs1_NtCsjAfDNjLymyL_16wgpu_3dgs_viewer11multi_modelINtB5_16MultiModelViewerNtNtNtCs7uIZbJPR652_14wgpu_3dgs_core6buffer8gaussian41GaussianPodWithShSingleCov3dSingleConfigsReE12remove_modelCskHWTcKnagmk_3mod
FN:339,_RNvMs1_NtCsjAfDNjLymyL_16wgpu_3dgs_viewer11multi_modelINtB5_16MultiModelViewerNtNtNtCs7uIZbJPR652_14wgpu_3dgs_core6buffer8gaussian41GaussianPodWithShSingleCov3dSingleConfigsReE17insert_model_withCskHWTcKnagmk_3mod
FN:382,_RNvMs1_NtCsjAfDNjLymyL_16wgpu_3dgs_viewer11multi_modelINtB5_16MultiModelViewerNtNtNtCs7uIZbJPR652_14wgpu_3dgs_core6buffer8gaussian41GaussianPodWithShSingleCov3dSingleConfigsReE22update_camera_with_podCskHWTcKnagmk_3mod
FN:387,_RNvMs1_NtCsjAfDNjLymyL_16wgpu_3dgs_viewer11multi_modelINtB5_16MultiModelViewerNtNtNtCs7uIZbJPR652_14wgpu_3dgs_core6buffer8gaussian41GaussianPodWithShSingleCov3dSingleConfigsReE22update_model_transformCskHWTcKnagmk_3mod
FN:419,_RNvMs1_NtCsjAfDNjLymyL_16wgpu_3dgs_viewer11multi_modelINtB5_16MultiModelViewerNtNtNtCs7uIZbJPR652_14wgpu_3dgs_core6buffer8gaussian41GaussianPodWithShSingleCov3dSingleConfigsReE25update_gaussian_transformCskHWTcKnagmk_3mod
FN:404,_RNvMs1_NtCsjAfDNjLymyL_16wgpu_3dgs_viewer11multi_modelINtB5_16MultiModelViewerNtNtNtCs7uIZbJPR652_14wgpu_3dgs_core6buffer8gaussian41GaussianPodWithShSingleCov3dSingleConfigsReE31update_model_transform_with_podCskHWTcKnagmk_3mod
FN:439,_RNvMs1_NtCsjAfDNjLymyL_16wgpu_3dgs_viewer11multi_modelINtB5_16MultiModelViewerNtNtNtCs7uIZbJPR652_14wgpu_3dgs_core6buffer8gaussian41GaussianPodWithShSingleCov3dSingleConfigsReE34update_gaussian_transform_with_podCskHWTcKnagmk_3mod
FN:284,_RNvMs1_NtCsjAfDNjLymyL_16wgpu_3dgs_viewer11multi_modelINtB5_16MultiModelViewerNtNtNtCs7uIZbJPR652_14wgpu_3dgs_core6buffer8gaussian41GaussianPodWithShSingleCov3dSingleConfigsReE3newCskHWTcKnagmk_3mod
FN:449,_RNvMs1_NtCsjAfDNjLymyL_16wgpu_3dgs_viewer11multi_modelINtB5_16MultiModelViewerNtNtNtCs7uIZbJPR652_14wgpu_3dgs_core6buffer8gaussian41GaussianPodWithShSingleCov3dSingleConfigsReE6renderCskHWTcKnagmk_3mod
FN:295,_RNvMs1_NtCsjAfDNjLymyL_16wgpu_3dgs_viewer11multi_modelINtB5_16MultiModelViewerNtNtNtCs7uIZbJPR652_14wgpu_3dgs_core6buffer8gaussian41GaussianPodWithShSingleCov3dSingleConfigsReE8new_withCskHWTcKnagmk_3mod
FN:187,_RNvMs_NtCsjAfDNjLymyL_16wgpu_3dgs_viewer11multi_modelNtB4_31MultiModelViewerGaussianBuffers22update_model_transformCskHWTcKnagmk_3mod
FN:198,_RNvMs_NtCsjAfDNjLymyL_16wgpu_3dgs_viewer11multi_modelNtB4_31MultiModelViewerGaussianBuffers31update_model_transform_with_podCskHWTcKnagmk_3mod
FN:88,_RNvMs_NtCsjAfDNjLymyL_16wgpu_3dgs_viewer11multi_modelNtB4_31MultiModelViewerGaussianBuffers8new_withCskHWTcKnagmk_3mod
FN:38,_RNvMNtCsjAfDNjLymyL_16wgpu_3dgs_viewer11multi_modelNtB2_28MultiModelViewerWorldBuffers22update_camera_with_pod
FN:43,_RNvMNtCsjAfDNjLymyL_16wgpu_3dgs_viewer11multi_modelNtB2_28MultiModelViewerWorldBuffers25update_gaussian_transform
FN:57,_RNvMNtCsjAfDNjLymyL_16wgpu_3dgs_viewer11multi_modelNtB2_28MultiModelViewerWorldBuffers34update_gaussian_transform_with_pod
FN:14,_RNvMNtCsjAfDNjLymyL_16wgpu_3dgs_viewer11multi_modelNtB2_28MultiModelViewerWorldBuffers3new
FN:28,_RINvMNtCsjMvbNGsYfvH_16wgpu_3dgs_viewer11multi_modelNtB3_28MultiModelViewerWorldBuffers13update_camerapEB5_
FN:217,_RINvMs0_NtCsjMvbNGsYfvH_16wgpu_3dgs_viewer11multi_modelNtB6_26MultiModelViewerBindGroups3newpEB8_
FN:371,_RINvMs1_NtCsjMvbNGsYfvH_16wgpu_3dgs_viewer11multi_modelINtB6_16MultiModelViewerppE13update_camerapEB8_
FN:457,_RNCNvMs1_NtCsjMvbNGsYfvH_16wgpu_3dgs_viewer11multi_modelINtB7_16MultiModelViewerppE6render0B9_
FN:38,_RNvMNtCsjMvbNGsYfvH_16wgpu_3dgs_viewer11multi_modelNtB2_28MultiModelViewerWorldBuffers22update_camera_with_pod
FN:43,_RNvMNtCsjMvbNGsYfvH_16wgpu_3dgs_viewer11multi_modelNtB2_28MultiModelViewerWorldBuffers25update_gaussian_transform
FN:57,_RNvMNtCsjMvbNGsYfvH_16wgpu_3dgs_viewer11multi_modelNtB2_28MultiModelViewerWorldBuffers34update_gaussian_transform_with_pod
FN:14,_RNvMNtCsjMvbNGsYfvH_16wgpu_3dgs_viewer11multi_modelNtB2_28MultiModelViewerWorldBuffers3new
FN:326,_RNvMs1_NtCsjMvbNGsYfvH_16wgpu_3dgs_viewer11multi_modelINtB5_16MultiModelViewerppE12insert_modelB7_
FN:366,_RNvMs1_NtCsjMvbNGsYfvH_16wgpu_3dgs_viewer11multi_modelINtB5_16MultiModelViewerppE12remove_modelB7_
FN:339,_RNvMs1_NtCsjMvbNGsYfvH_16wgpu_3dgs_viewer11multi_modelINtB5_16MultiModelViewerppE17insert_model_withB7_
FN:382,_RNvMs1_NtCsjMvbNGsYfvH_16wgpu_3dgs_viewer11multi_modelINtB5_16MultiModelViewerppE22update_camera_with_podB7_
FN:387,_RNvMs1_NtCsjMvbNGsYfvH_16wgpu_3dgs_viewer11multi_modelINtB5_16MultiModelViewerppE22update_model_transformB7_
FN:419,_RNvMs1_NtCsjMvbNGsYfvH_16wgpu_3dgs_viewer11multi_modelINtB5_16MultiModelViewerppE25update_gaussian_transformB7_
FN:404,_RNvMs1_NtCsjMvbNGsYfvH_16wgpu_3dgs_viewer11multi_modelINtB5_16MultiModelViewerppE31update_model_transform_with_podB7_
FN:439,_RNvMs1_NtCsjMvbNGsYfvH_16wgpu_3dgs_viewer11multi_modelINtB5_16MultiModelViewerppE34update_gaussian_transform_with_podB7_
FN:284,_RNvMs1_NtCsjMvbNGsYfvH_16wgpu_3dgs_viewer11multi_modelINtB5_16MultiModelViewerppE3newB7_
FN:449,_RNvMs1_NtCsjMvbNGsYfvH_16wgpu_3dgs_viewer11multi_modelINtB5_16MultiModelViewerppE6renderB7_
FN:295,_RNvMs1_NtCsjMvbNGsYfvH_16wgpu_3dgs_viewer11multi_modelINtB5_16MultiModelViewerppE8new_withB7_
FN:187,_RNvMs_NtCsjMvbNGsYfvH_16wgpu_3dgs_viewer11multi_modelINtB4_31MultiModelViewerGaussianBufferspE22update_model_transformB6_
FN:198,_RNvMs_NtCsjMvbNGsYfvH_16wgpu_3dgs_viewer11multi_modelINtB4_31MultiModelViewerGaussianBufferspE31update_model_transform_with_podB6_
FN:83,_RNvMs_NtCsjMvbNGsYfvH_16wgpu_3dgs_viewer11multi_modelINtB4_31MultiModelViewerGaussianBufferspE3newB6_
FN:88,_RNvMs_NtCsjMvbNGsYfvH_16wgpu_3dgs_viewer11multi_modelINtB4_31MultiModelViewerGaussianBufferspE8new_withB6_
FN:141,_RNvMs_NtCsjMvbNGsYfvH_16wgpu_3dgs_viewer11multi_modelINtB4_31MultiModelViewerGaussianBufferspE9new_emptyB6_
FN:28,_RINvMNtCsjAfDNjLymyL_16wgpu_3dgs_viewer11multi_modelNtB3_28MultiModelViewerWorldBuffers13update_cameraNtNtB5_6camera6CameraECsgCUhY3MwoBc_11multi_model
FN:217,_RINvMs0_NtCsjAfDNjLymyL_16wgpu_3dgs_viewer11multi_modelNtB6_26MultiModelViewerBindGroups3newNtNtNtCs7uIZbJPR652_14wgpu_3dgs_core6buffer8gaussian41GaussianPodWithShSingleCov3dSingleConfigsECsgCUhY3MwoBc_11multi_model
FN:371,_RINvMs1_NtCsjAfDNjLymyL_16wgpu_3dgs_viewer11multi_modelINtB6_16MultiModelViewerNtNtNtCs7uIZbJPR652_14wgpu_3dgs_core6buffer8gaussian41GaussianPodWithShSingleCov3dSingleConfigsjE13update_cameraNtNtB8_6camera6CameraECsgCUhY3MwoBc_11multi_model
FN:457,_RNCNvMs1_NtCsjAfDNjLymyL_16wgpu_3dgs_viewer11multi_modelINtB7_16MultiModelViewerNtNtNtCs7uIZbJPR652_14wgpu_3dgs_core6buffer8gaussian41GaussianPodWithShSingleCov3dSingleConfigsjE6render0CsgCUhY3MwoBc_11multi_model
FN:326,_RNvMs1_NtCsjAfDNjLymyL_16wgpu_3dgs_viewer11multi_modelINtB5_16MultiModelViewerNtNtNtCs7uIZbJPR652_14wgpu_3dgs_core6buffer8gaussian41GaussianPodWithShSingleCov3dSingleConfigsjE12insert_modelCsgCUhY3MwoBc_11multi_model
FN:339,_RNvMs1_NtCsjAfDNjLymyL_16wgpu_3dgs_viewer11multi_modelINtB5_16MultiModelViewerNtNtNtCs7uIZbJPR652_14wgpu_3dgs_core6buffer8gaussian41GaussianPodWithShSingleCov3dSingleConfigsjE17insert_model_withCsgCUhY3MwoBc_11multi_model
FN:387,_RNvMs1_NtCsjAfDNjLymyL_16wgpu_3dgs_viewer11multi_modelINtB5_16MultiModelViewerNtNtNtCs7uIZbJPR652_14wgpu_3dgs_core6buffer8gaussian41GaussianPodWithShSingleCov3dSingleConfigsjE22update_model_transformCsgCUhY3MwoBc_11multi_model
FN:284,_RNvMs1_NtCsjAfDNjLymyL_16wgpu_3dgs_viewer11multi_modelINtB5_16MultiModelViewerNtNtNtCs7uIZbJPR652_14wgpu_3dgs_core6buffer8gaussian41GaussianPodWithShSingleCov3dSingleConfigsjE3newCsgCUhY3MwoBc_11multi_model
FN:449,_RNvMs1_NtCsjAfDNjLymyL_16wgpu_3dgs_viewer11multi_modelINtB5_16MultiModelViewerNtNtNtCs7uIZbJPR652_14wgpu_3dgs_core6buffer8gaussian41GaussianPodWithShSingleCov3dSingleConfigsjE6renderCsgCUhY3MwoBc_11multi_model
FN:295,_RNvMs1_NtCsjAfDNjLymyL_16wgpu_3dgs_viewer11multi_modelINtB5_16MultiModelViewerNtNtNtCs7uIZbJPR652_14wgpu_3dgs_core6buffer8gaussian41GaussianPodWithShSingleCov3dSingleConfigsjE8new_withCsgCUhY3MwoBc_11multi_model
FN:187,_RNvMs_NtCsjAfDNjLymyL_16wgpu_3dgs_viewer11multi_modelNtB4_31MultiModelViewerGaussianBuffers22update_model_transformCsgCUhY3MwoBc_11multi_model
FN:88,_RNvMs_NtCsjAfDNjLymyL_16wgpu_3dgs_viewer11multi_modelNtB4_31MultiModelViewerGaussianBuffers8new_withCsgCUhY3MwoBc_11multi_model
FNDA:1,_RINvMNtCsjAfDNjLymyL_16wgpu_3dgs_viewer11multi_modelNtB3_28MultiModelViewerWorldBuffers13update_cameraNtNtB5_6camera6CameraECskHWTcKnagmk_3mod
FNDA:16,_RINvMs0_NtCsjAfDNjLymyL_16wgpu_3dgs_viewer11multi_modelNtB6_26MultiModelViewerBindGroups3newNtNtNtCs7uIZbJPR652_14wgpu_3dgs_core6buffer8gaussian41GaussianPodWithShSingleCov3dSingleConfigsECskHWTcKnagmk_3mod
FNDA:1,_RINvMs1_NtCsjAfDNjLymyL_16wgpu_3dgs_viewer11multi_modelINtB6_16MultiModelViewerNtNtNtCs7uIZbJPR652_14wgpu_3dgs_core6buffer8gaussian41GaussianPodWithShSingleCov3dSingleConfigsReE13update_cameraNtNtB8_6camera6CameraECskHWTcKnagmk_3mod
FNDA:15,_RNCNvMs1_NtCsjAfDNjLymyL_16wgpu_3dgs_viewer11multi_modelINtB7_16MultiModelViewerNtNtNtCs7uIZbJPR652_14wgpu_3dgs_core6buffer8gaussian41GaussianPodWithShSingleCov3dSingleConfigsReE6render0CskHWTcKnagmk_3mod
FNDA:16,_RNvMs1_NtCsjAfDNjLymyL_16wgpu_3dgs_viewer11multi_modelINtB5_16MultiModelViewerNtNtNtCs7uIZbJPR652_14wgpu_3dgs_core6buffer8gaussian41GaussianPodWithShSingleCov3dSingleConfigsReE12insert_modelCskHWTcKnagmk_3mod
FNDA:1,_RNvMs1_NtCsjAfDNjLymyL_16wgpu_3dgs_viewer11multi_modelINtB5_16MultiModelViewerNtNtNtCs7uIZbJPR652_14wgpu_3dgs_core6buffer8gaussian41GaussianPodWithShSingleCov3dSingleConfigsReE12remove_modelCskHWTcKnagmk_3mod
FNDA:16,_RNvMs1_NtCsjAfDNjLymyL_16wgpu_3dgs_viewer11multi_modelINtB5_16MultiModelViewerNtNtNtCs7uIZbJPR652_14wgpu_3dgs_core6buffer8gaussian41GaussianPodWithShSingleCov3dSingleConfigsReE17insert_model_withCskHWTcKnagmk_3mod
FNDA:7,_RNvMs1_NtCsjAfDNjLymyL_16wgpu_3dgs_viewer11multi_modelINtB5_16MultiModelViewerNtNtNtCs7uIZbJPR652_14wgpu_3dgs_core6buffer8gaussian41GaussianPodWithShSingleCov3dSingleConfigsReE22update_camera_with_podCskHWTcKnagmk_3mod
FNDA:2,_RNvMs1_NtCsjAfDNjLymyL_16wgpu_3dgs_viewer11multi_modelINtB5_16MultiModelViewerNtNtNtCs7uIZbJPR652_14wgpu_3dgs_core6buffer8gaussian41GaussianPodWithShSingleCov3dSingleConfigsReE22update_model_transformCskHWTcKnagmk_3mod
FNDA:1,_RNvMs1_NtCsjAfDNjLymyL_16wgpu_3dgs_viewer11multi_modelINtB5_16MultiModelViewerNtNtNtCs7uIZbJPR652_14wgpu_3dgs_core6buffer8gaussian41GaussianPodWithShSingleCov3dSingleConfigsReE25update_gaussian_transformCskHWTcKnagmk_3mod
FNDA:2,_RNvMs1_NtCsjAfDNjLymyL_16wgpu_3dgs_viewer11multi_modelINtB5_16MultiModelViewerNtNtNtCs7uIZbJPR652_14wgpu_3dgs_core6buffer8gaussian41GaussianPodWithShSingleCov3dSingleConfigsReE31update_model_transform_with_podCskHWTcKnagmk_3mod
FNDA:1,_RNvMs1_NtCsjAfDNjLymyL_16wgpu_3dgs_viewer11multi_modelINtB5_16MultiModelViewerNtNtNtCs7uIZbJPR652_14wgpu_3dgs_core6buffer8gaussian41GaussianPodWithShSingleCov3dSingleConfigsReE34update_gaussian_transform_with_podCskHWTcKnagmk_3mod
FNDA:8,_RNvMs1_NtCsjAfDNjLymyL_16wgpu_3dgs_viewer11multi_modelINtB5_16MultiModelViewerNtNtNtCs7uIZbJPR652_14wgpu_3dgs_core6buffer8gaussian41GaussianPodWithShSingleCov3dSingleConfigsReE3newCskHWTcKnagmk_3mod
FNDA:8,_RNvMs1_NtCsjAfDNjLymyL_16wgpu_3dgs_viewer11multi_modelINtB5_16MultiModelViewerNtNtNtCs7uIZbJPR652_14wgpu_3dgs_core6buffer8gaussian41GaussianPodWithShSingleCov3dSingleConfigsReE6renderCskHWTcKnagmk_3mod
FNDA:8,_RNvMs1_NtCsjAfDNjLymyL_16wgpu_3dgs_viewer11multi_modelINtB5_16MultiModelViewerNtNtNtCs7uIZbJPR652_14wgpu_3dgs_core6buffer8gaussian41GaussianPodWithShSingleCov3dSingleConfigsReE8new_withCskHWTcKnagmk_3mod
FNDA:2,_RNvMs_NtCsjAfDNjLymyL_16wgpu_3dgs_viewer11multi_modelNtB4_31MultiModelViewerGaussianBuffers22update_model_transformCskHWTcKnagmk_3mod
FNDA:2,_RNvMs_NtCsjAfDNjLymyL_16wgpu_3dgs_viewer11multi_modelNtB4_31MultiModelViewerGaussianBuffers31update_model_transform_with_podCskHWTcKnagmk_3mod
FNDA:16,_RNvMs_NtCsjAfDNjLymyL_16wgpu_3dgs_viewer11multi_modelNtB4_31MultiModelViewerGaussianBuffers8new_withCskHWTcKnagmk_3mod
FNDA:7,_RNvMNtCsjAfDNjLymyL_16wgpu_3dgs_viewer11multi_modelNtB2_28MultiModelViewerWorldBuffers22update_camera_with_pod
FNDA:1,_RNvMNtCsjAfDNjLymyL_16wgpu_3dgs_viewer11multi_modelNtB2_28MultiModelViewerWorldBuffers25update_gaussian_transform
FNDA:1,_RNvMNtCsjAfDNjLymyL_16wgpu_3dgs_viewer11multi_modelNtB2_28MultiModelViewerWorldBuffers34update_gaussian_transform_with_pod
FNDA:8,_RNvMNtCsjAfDNjLymyL_16wgpu_3dgs_viewer11multi_modelNtB2_28MultiModelViewerWorldBuffers3new
FNDA:0,_RINvMNtCsjMvbNGsYfvH_16wgpu_3dgs_viewer11multi_modelNtB3_28MultiModelViewerWorldBuffers13update_camerapEB5_
FNDA:0,_RINvMs0_NtCsjMvbNGsYfvH_16wgpu_3dgs_viewer11multi_modelNtB6_26MultiModelViewerBindGroups3newpEB8_
FNDA:0,_RINvMs1_NtCsjMvbNGsYfvH_16wgpu_3dgs_viewer11multi_modelINtB6_16MultiModelViewerppE13update_camerapEB8_
FNDA:0,_RNCNvMs1_NtCsjMvbNGsYfvH_16wgpu_3dgs_viewer11multi_modelINtB7_16MultiModelViewerppE6render0B9_
FNDA:0,_RNvMNtCsjMvbNGsYfvH_16wgpu_3dgs_viewer11multi_modelNtB2_28MultiModelViewerWorldBuffers22update_camera_with_pod
FNDA:0,_RNvMNtCsjMvbNGsYfvH_16wgpu_3dgs_viewer11multi_modelNtB2_28MultiModelViewerWorldBuffers25update_gaussian_transform
FNDA:0,_RNvMNtCsjMvbNGsYfvH_16wgpu_3dgs_viewer11multi_modelNtB2_28MultiModelViewerWorldBuffers34update_gaussian_transform_with_pod
FNDA:0,_RNvMNtCsjMvbNGsYfvH_16wgpu_3dgs_viewer11multi_modelNtB2_28MultiModelViewerWorldBuffers3new
FNDA:0,_RNvMs1_NtCsjMvbNGsYfvH_16wgpu_3dgs_viewer11multi_modelINtB5_16MultiModelViewerppE12insert_modelB7_
FNDA:0,_RNvMs1_NtCsjMvbNGsYfvH_16wgpu_3dgs_viewer11multi_modelINtB5_16MultiModelViewerppE12remove_modelB7_
FNDA:0,_RNvMs1_NtCsjMvbNGsYfvH_16wgpu_3dgs_viewer11multi_modelINtB5_16MultiModelViewerppE17insert_model_withB7_
FNDA:0,_RNvMs1_NtCsjMvbNGsYfvH_16wgpu_3dgs_viewer11multi_modelINtB5_16MultiModelViewerppE22update_camera_with_podB7_
FNDA:0,_RNvMs1_NtCsjMvbNGsYfvH_16wgpu_3dgs_viewer11multi_modelINtB5_16MultiModelViewerppE22update_model_transformB7_
FNDA:0,_RNvMs1_NtCsjMvbNGsYfvH_16wgpu_3dgs_viewer11multi_modelINtB5_16MultiModelViewerppE25update_gaussian_transformB7_
FNDA:0,_RNvMs1_NtCsjMvbNGsYfvH_16wgpu_3dgs_viewer11multi_modelINtB5_16MultiModelViewerppE31update_model_transform_with_podB7_
FNDA:0,_RNvMs1_NtCsjMvbNGsYfvH_16wgpu_3dgs_viewer11multi_modelINtB5_16MultiModelViewerppE34update_gaussian_transform_with_podB7_
FNDA:0,_RNvMs1_NtCsjMvbNGsYfvH_16wgpu_3dgs_viewer11multi_modelINtB5_16MultiModelViewerppE3newB7_
FNDA:0,_RNvMs1_NtCsjMvbNGsYfvH_16wgpu_3dgs_viewer11multi_modelINtB5_16MultiModelViewerppE6renderB7_
FNDA:0,_RNvMs1_NtCsjMvbNGsYfvH_16wgpu_3dgs_viewer11multi_modelINtB5_16MultiModelViewerppE8new_withB7_
FNDA:0,_RNvMs_NtCsjMvbNGsYfvH_16wgpu_3dgs_viewer11multi_modelINtB4_31MultiModelViewerGaussianBufferspE22update_model_transformB6_
FNDA:0,_RNvMs_NtCsjMvbNGsYfvH_16wgpu_3dgs_viewer11multi_modelINtB4_31MultiModelViewerGaussianBufferspE31update_model_transform_with_podB6_
FNDA:0,_RNvMs_NtCsjMvbNGsYfvH_16wgpu_3dgs_viewer11multi_modelINtB4_31MultiModelViewerGaussianBufferspE3newB6_
FNDA:0,_RNvMs_NtCsjMvbNGsYfvH_16wgpu_3dgs_viewer11multi_modelINtB4_31MultiModelViewerGaussianBufferspE8new_withB6_
FNDA:0,_RNvMs_NtCsjMvbNGsYfvH_16wgpu_3dgs_viewer11multi_modelINtB4_31MultiModelViewerGaussianBufferspE9new_emptyB6_
FNDA:0,_RINvMNtCsjAfDNjLymyL_16wgpu_3dgs_viewer11multi_modelNtB3_28MultiModelViewerWorldBuffers13update_cameraNtNtB5_6camera6CameraECsgCUhY3MwoBc_11multi_model
FNDA:0,_RINvMs0_NtCsjAfDNjLymyL_16wgpu_3dgs_viewer11multi_modelNtB6_26MultiModelViewerBindGroups3newNtNtNtCs7uIZbJPR652_14wgpu_3dgs_core6buffer8gaussian41GaussianPodWithShSingleCov3dSingleConfigsECsgCUhY3MwoBc_11multi_model
FNDA:0,_RINvMs1_NtCsjAfDNjLymyL_16wgpu_3dgs_viewer11multi_modelINtB6_16MultiModelViewerNtNtNtCs7uIZbJPR652_14wgpu_3dgs_core6buffer8gaussian41GaussianPodWithShSingleCov3dSingleConfigsjE13update_cameraNtNtB8_6camera6CameraECsgCUhY3MwoBc_11multi_model
FNDA:0,_RNCNvMs1_NtCsjAfDNjLymyL_16wgpu_3dgs_viewer11multi_modelINtB7_16MultiModelViewerNtNtNtCs7uIZbJPR652_14wgpu_3dgs_core6buffer8gaussian41GaussianPodWithShSingleCov3dSingleConfigsjE6render0CsgCUhY3MwoBc_11multi_model
FNDA:0,_RNvMs1_NtCsjAfDNjLymyL_16wgpu_3dgs_viewer11multi_modelINtB5_16MultiModelViewerNtNtNtCs7uIZbJPR652_14wgpu_3dgs_core6buffer8gaussian41GaussianPodWithShSingleCov3dSingleConfigsjE12insert_modelCsgCUhY3MwoBc_11multi_model
FNDA:0,_RNvMs1_NtCsjAfDNjLymyL_16wgpu_3dgs_viewer11multi_modelINtB5_16MultiModelViewerNtNtNtCs7uIZbJPR652_14wgpu_3dgs_core6buffer8gaussian41GaussianPodWithShSingleCov3dSingleConfigsjE17insert_model_withCsgCUhY3MwoBc_11multi_model
FNDA:0,_RNvMs1_NtCsjAfDNjLymyL_16wgpu_3dgs_viewer11multi_modelINtB5_16MultiModelViewerNtNtNtCs7uIZbJPR652_14wgpu_3dgs_core6buffer8gaussian41GaussianPodWithShSingleCov3dSingleConfigsjE22update_model_transformCsgCUhY3MwoBc_11multi_model
FNDA:0,_RNvMs1_NtCsjAfDNjLymyL_16wgpu_3dgs_viewer11multi_modelINtB5_16MultiModelViewerNtNtNtCs7uIZbJPR652_14wgpu_3dgs_core6buffer8gaussian41GaussianPodWithShSingleCov3dSingleConfigsjE3newCsgCUhY3MwoBc_11multi_model
FNDA:0,_RNvMs1_NtCsjAfDNjLymyL_16wgpu_3dgs_viewer11multi_modelINtB5_16MultiModelViewerNtNtNtCs7uIZbJPR652_14wgpu_3dgs_core6buffer8gaussian41GaussianPodWithShSingleCov3dSingleConfigsjE6renderCsgCUhY3MwoBc_11multi_model
FNDA:0,_RNvMs1_NtCsjAfDNjLymyL_16wgpu_3dgs_viewer11multi_modelINtB5_16MultiModelViewerNtNtNtCs7uIZbJPR652_14wgpu_3dgs_core6buffer8gaussian41GaussianPodWithShSingleCov3dSingleConfigsjE8new_withCsgCUhY3MwoBc_11multi_model
FNDA:0,_RNvMs_NtCsjAfDNjLymyL_16wgpu_3dgs_viewer11multi_modelNtB4_31MultiModelViewerGaussianBuffers22update_model_transformCsgCUhY3MwoBc_11multi_model
FNDA:0,_RNvMs_NtCsjAfDNjLymyL_16wgpu_3dgs_viewer11multi_modelNtB4_31MultiModelViewerGaussianBuffers8new_withCsgCUhY3MwoBc_11multi_model
FNF:24
FNH:22
DA:14,8
DA:15,8
DA:16,8
DA:18,8
DA:19,8
DA:21,8
DA:22,8
DA:23,8
DA:24,8
DA:25,8
DA:28,1
DA:29,1
DA:30,1
DA:31,1
DA:32,1
DA:33,1
DA:34,1
DA:35,1
DA:38,7
DA:39,7
DA:40,7
DA:43,1
DA:44,1
DA:45,1
DA:46,1
DA:47,1
DA:48,1
DA:49,1
DA:50,1
DA:51,1
DA:52,1
DA:53,1
DA:54,1
DA:57,1
DA:58,1
DA:59,1
DA:60,1
DA:61,1
DA:62,1
DA:63,1
DA:83,0
DA:84,0
DA:85,0
DA:88,16
DA:89,16
DA:90,16
DA:91,16
DA:92,16
DA:93,16
DA:94,16
DA:96,16
DA:97,16
DA:98,16
DA:100,16
DA:101,16
DA:103,16
DA:104,16
DA:106,16
DA:107,16
DA:108,16
DA:110,16
DA:111,16
DA:112,16
DA:115,16
DA:116,16
DA:117,16
DA:121,16
DA:122,16
DA:123,16
DA:126,16
DA:127,16
DA:128,16
DA:129,16
DA:130,16
DA:131,16
DA:132,16
DA:133,16
DA:134,16
DA:135,16
DA:136,16
DA:137,16
DA:138,16
DA:141,0
DA:142,0
DA:143,0
DA:145,0
DA:146,0
DA:148,0
DA:149,0
DA:151,0
DA:152,0
DA:154,0
DA:155,0
DA:157,0
DA:158,0
DA:161,0
DA:162,0
DA:163,0
DA:167,0
DA:168,0
DA:169,0
DA:172,0
DA:173,0
DA:174,0
DA:175,0
DA:176,0
DA:177,0
DA:178,0
DA:179,0
DA:180,0
DA:181,0
DA:182,0
DA:183,0
DA:184,0
DA:187,2
DA:188,2
DA:189,2
DA:190,2
DA:191,2
DA:192,2
DA:193,2
DA:194,2
DA:195,2
DA:198,2
DA:199,2
DA:200,2
DA:201,2
DA:202,2
DA:203,2
DA:204,2
DA:217,16
DA:218,16
DA:219,16
DA:220,16
DA:221,16
DA:222,16
DA:223,16
DA:224,16
DA:225,16
DA:226,16
DA:227,16
DA:228,16
DA:229,16
DA:230,16
DA:231,16
DA:232,16
DA:233,16
DA:234,16
DA:236,16
DA:238,16
DA:240,16
DA:241,16
DA:242,16
DA:243,16
DA:245,16
DA:246,16
DA:247,16
DA:248,16
DA:249,16
DA:250,16
DA:251,16
DA:254,16
DA:255,16
DA:256,16
DA:257,16
DA:258,16
DA:259,16
DA:284,8
DA:285,8
DA:286,8
DA:287,8
DA:288,8
DA:289,8
DA:295,8
DA:296,8
DA:297,8
DA:298,8
DA:299,8
DA:300,8
DA:302,8
DA:303,8
DA:305,8
DA:306,8
DA:308,8
DA:309,8
DA:311,8
DA:312,8
DA:314,8
DA:316,8
DA:317,8
DA:318,8
DA:319,8
DA:320,8
DA:321,8
DA:322,8
DA:323,8
DA:326,16
DA:327,16
DA:328,16
DA:329,16
DA:330,16
DA:331,16
DA:332,16
DA:333,16
DA:339,16
DA:340,16
DA:341,16
DA:342,16
DA:343,16
DA:344,16
DA:345,16
DA:346,16
DA:347,16
DA:348,16
DA:349,16
DA:350,16
DA:351,16
DA:352,16
DA:353,16
DA:354,16
DA:356,16
DA:357,16
DA:358,16
DA:359,16
DA:360,16
DA:361,16
DA:363,16
DA:366,1
DA:367,1
DA:368,1
DA:371,1
DA:372,1
DA:373,1
DA:374,1
DA:375,1
DA:376,1
DA:377,1
DA:378,1
DA:379,1
DA:382,7
DA:383,7
DA:384,7
DA:387,2
DA:388,2
DA:389,2
DA:390,2
DA:391,2
DA:392,2
DA:393,2
DA:394,2
DA:395,2
DA:396,2
DA:397,2
DA:399,2
DA:400,2
DA:401,2
DA:404,2
DA:405,2
DA:406,2
DA:407,2
DA:408,2
DA:409,2
DA:410,2
DA:411,2
DA:412,2
DA:414,2
DA:415,2
DA:416,2
DA:419,1
DA:420,1
DA:421,1
DA:422,1
DA:423,1
DA:424,1
DA:425,1
DA:426,1
DA:427,1
DA:428,1
DA:429,1
DA:430,1
DA:431,1
DA:432,1
DA:433,1
DA:434,1
DA:436,1
DA:439,1
DA:440,1
DA:441,1
DA:442,1
DA:443,1
DA:444,1
DA:445,1
DA:446,1
DA:449,8
DA:450,8
DA:451,8
DA:452,8
DA:453,8
DA:454,8
DA:455,8
DA:456,8
DA:457,15
DA:458,15
DA:459,15
DA:460,15
DA:461,15
DA:462,8
DA:464,15
DA:465,15
DA:466,15
DA:467,15
DA:468,15
DA:469,15
DA:470,15
DA:471,15
DA:472,15
DA:473,15
DA:474,15
DA:475,15
DA:476,15
DA:479,8
DA:480,8
DA:481,8
DA:482,8
DA:483,8
DA:484,8
DA:485,8
DA:486,8
DA:487,8
DA:488,8
DA:489,8
DA:490,8
DA:491,8
DA:492,8
DA:493,8
DA:495,15
DA:496,15
DA:497,15
DA:498,15
DA:499,15
DA:500,15
DA:501,15
DA:504,8
DA:505,8
BRF:0
BRH:0
LF:345
LH:310
end_of_record
SF:C:\Users\s2010\Me\Codes\Rust\wgpu-3dgs-viewer\src\preprocessor.rs
FN:368,_RNCNvMs0_NtCsjAfDNjLymyL_16wgpu_3dgs_viewer12preprocessorINtB7_12PreprocessorNtNtNtCs7uIZbJPR652_14wgpu_3dgs_core6buffer8gaussian41GaussianPodWithShSingleCov3dSingleConfigsuE22new_without_bind_group0CskHWTcKnagmk_3mod
FN:37,_RNvMNtCsjAfDNjLymyL_16wgpu_3dgs_viewer12preprocessorINtB2_12PreprocessorNtNtNtCs7uIZbJPR652_14wgpu_3dgs_core6buffer8gaussian41GaussianPodWithShSingleCov3dSingleConfigsuE17create_bind_groupCskHWTcKnagmk_3mod
FN:418,_RNvMs0_NtCsjAfDNjLymyL_16wgpu_3dgs_viewer12preprocessorINtB5_12PreprocessorNtNtNtCs7uIZbJPR652_14wgpu_3dgs_core6buffer8gaussian41GaussianPodWithShSingleCov3dSingleConfigsuE10preprocessCskHWTcKnagmk_3mod
FN:355,_RNvMs0_NtCsjAfDNjLymyL_16wgpu_3dgs_viewer12preprocessorINtB5_12PreprocessorNtNtNtCs7uIZbJPR652_14wgpu_3dgs_core6buffer8gaussian41GaussianPodWithShSingleCov3dSingleConfigsuE22new_without_bind_groupCskHWTcKnagmk_3mod
FN:263,_RNvMs_NtCsjAfDNjLymyL_16wgpu_3dgs_viewer12preprocessorINtB4_12PreprocessorNtNtNtCs7uIZbJPR652_14wgpu_3dgs_core6buffer8gaussian41GaussianPodWithShSingleCov3dSingleConfigsE10preprocessCskHWTcKnagmk_3mod
FN:274,_RNvMs_NtCsjAfDNjLymyL_16wgpu_3dgs_viewer12preprocessorINtB4_12PreprocessorNtNtNtCs7uIZbJPR652_14wgpu_3dgs_core6buffer8gaussian41GaussianPodWithShSingleCov3dSingleConfigsE24create_bind_group_staticCskHWTcKnagmk_3mod
FN:210,_RNvMs_NtCsjAfDNjLymyL_16wgpu_3dgs_viewer12preprocessorINtB4_12PreprocessorNtNtNtCs7uIZbJPR652_14wgpu_3dgs_core6buffer8gaussian41GaussianPodWithShSingleCov3dSingleConfigsE3newCskHWTcKnagmk_3mod
FN:368,_RNCNvMs0_NtCsjMvbNGsYfvH_16wgpu_3dgs_viewer12preprocessorINtB7_12PreprocessorpuE22new_without_bind_group0B9_
FN:71,_RNvMNtCsjMvbNGsYfvH_16wgpu_3dgs_viewer12preprocessorINtB2_12PreprocessorppE14workgroup_sizeB4_
FN:76,_RNvMNtCsjMvbNGsYfvH_16wgpu_3dgs_viewer12preprocessorINtB2_12PreprocessorppE17bind_group_layoutB4_
FN:37,_RNvMNtCsjMvbNGsYfvH_16wgpu_3dgs_viewer12preprocessorINtB2_12PreprocessorppE17create_bind_groupB4_
FN:418,_RNvMs0_NtCsjMvbNGsYfvH_16wgpu_3dgs_viewer12preprocessorINtB5_12PreprocessorpuE10preprocessB7_
FN:355,_RNvMs0_NtCsjMvbNGsYfvH_16wgpu_3dgs_viewer12preprocessorINtB5_12PreprocessorpuE22new_without_bind_groupB7_
FN:263,_RNvMs_NtCsjMvbNGsYfvH_16wgpu_3dgs_viewer12preprocessorINtB4_12PreprocessorpE10preprocessB6_
FN:274,_RNvMs_NtCsjMvbNGsYfvH_16wgpu_3dgs_viewer12preprocessorINtB4_12PreprocessorpE24create_bind_group_staticB6_
FN:210,_RNvMs_NtCsjMvbNGsYfvH_16wgpu_3dgs_viewer12preprocessorINtB4_12PreprocessorpE3newB6_
FN:368,_RNCNvMs0_NtCsjAfDNjLymyL_16wgpu_3dgs_viewer12preprocessorINtB7_12PreprocessorNtNtNtCs7uIZbJPR652_14wgpu_3dgs_core6buffer8gaussian41GaussianPodWithShSingleCov3dSingleConfigsuE22new_without_bind_group0CsgCUhY3MwoBc_11multi_model
FN:37,_RNvMNtCsjAfDNjLymyL_16wgpu_3dgs_viewer12preprocessorINtB2_12PreprocessorNtNtNtCs7uIZbJPR652_14wgpu_3dgs_core6buffer8gaussian41GaussianPodWithShSingleCov3dSingleConfigsuE17create_bind_groupCsgCUhY3MwoBc_11multi_model
FN:418,_RNvMs0_NtCsjAfDNjLymyL_16wgpu_3dgs_viewer12preprocessorINtB5_12PreprocessorNtNtNtCs7uIZbJPR652_14wgpu_3dgs_core6buffer8gaussian41GaussianPodWithShSingleCov3dSingleConfigsuE10preprocessCsgCUhY3MwoBc_11multi_model
FN:355,_RNvMs0_NtCsjAfDNjLymyL_16wgpu_3dgs_viewer12preprocessorINtB5_12PreprocessorNtNtNtCs7uIZbJPR652_14wgpu_3dgs_core6buffer8gaussian41GaussianPodWithShSingleCov3dSingleConfigsuE22new_without_bind_groupCsgCUhY3MwoBc_11multi_model
FN:274,_RNvMs_NtCsjAfDNjLymyL_16wgpu_3dgs_viewer12preprocessorINtB4_12PreprocessorNtNtNtCs7uIZbJPR652_14wgpu_3dgs_core6buffer8gaussian41GaussianPodWithShSingleCov3dSingleConfigsE24create_bind_group_staticCsgCUhY3MwoBc_11multi_model
FN:368,_RNCNvMs0_NtCsjAfDNjLymyL_16wgpu_3dgs_viewer12preprocessorINtB7_12PreprocessorNtNtNtCs7uIZbJPR652_14wgpu_3dgs_core6buffer8gaussian41GaussianPodWithShSingleCov3dSingleConfigsuE22new_without_bind_group0CsaEBMRA9cDqq_9selection
FN:37,_RNvMNtCsjAfDNjLymyL_16wgpu_3dgs_viewer12preprocessorINtB2_12PreprocessorNtNtNtCs7uIZbJPR652_14wgpu_3dgs_core6buffer8gaussian41GaussianPodWithShSingleCov3dSingleConfigsuE17create_bind_groupCsaEBMRA9cDqq_9selection
FN:355,_RNvMs0_NtCsjAfDNjLymyL_16wgpu_3dgs_viewer12preprocessorINtB5_12PreprocessorNtNtNtCs7uIZbJPR652_14wgpu_3dgs_core6buffer8gaussian41GaussianPodWithShSingleCov3dSingleConfigsuE22new_without_bind_groupCsaEBMRA9cDqq_9selection
FN:263,_RNvMs_NtCsjAfDNjLymyL_16wgpu_3dgs_viewer12preprocessorINtB4_12PreprocessorNtNtNtCs7uIZbJPR652_14wgpu_3dgs_core6buffer8gaussian41GaussianPodWithShSingleCov3dSingleConfigsE10preprocessCsaEBMRA9cDqq_9selection
FN:274,_RNvMs_NtCsjAfDNjLymyL_16wgpu_3dgs_viewer12preprocessorINtB4_12PreprocessorNtNtNtCs7uIZbJPR652_14wgpu_3dgs_core6buffer8gaussian41GaussianPodWithShSingleCov3dSingleConfigsE24create_bind_group_staticCsaEBMRA9cDqq_9selection
FN:210,_RNvMs_NtCsjAfDNjLymyL_16wgpu_3dgs_viewer12preprocessorINtB4_12PreprocessorNtNtNtCs7uIZbJPR652_14wgpu_3dgs_core6buffer8gaussian41GaussianPodWithShSingleCov3dSingleConfigsE3newCsaEBMRA9cDqq_9selection
FN:368,_RNCNvMs0_NtCsjAfDNjLymyL_16wgpu_3dgs_viewer12preprocessorINtB7_12PreprocessorNtNtNtCs7uIZbJPR652_14wgpu_3dgs_core6buffer8gaussian41GaussianPodWithShSingleCov3dSingleConfigsuE22new_without_bind_group0CsiA5QZE4OIiA_6simple
FN:37,_RNvMNtCsjAfDNjLymyL_16wgpu_3dgs_viewer12preprocessorINtB2_12PreprocessorNtNtNtCs7uIZbJPR652_14wgpu_3dgs_core6buffer8gaussian41GaussianPodWithShSingleCov3dSingleConfigsuE17create_bind_groupCsiA5QZE4OIiA_6simple
FN:355,_RNvMs0_NtCsjAfDNjLymyL_16wgpu_3dgs_viewer12preprocessorINtB5_12PreprocessorNtNtNtCs7uIZbJPR652_14wgpu_3dgs_core6buffer8gaussian41GaussianPodWithShSingleCov3dSingleConfigsuE22new_without_bind_groupCsiA5QZE4OIiA_6simple
FN:263,_RNvMs_NtCsjAfDNjLymyL_16wgpu_3dgs_viewer12preprocessorINtB4_12PreprocessorNtNtNtCs7uIZbJPR652_14wgpu_3dgs_core6buffer8gaussian41GaussianPodWithShSingleCov3dSingleConfigsE10preprocessCsiA5QZE4OIiA_6simple
FN:274,_RNvMs_NtCsjAfDNjLymyL_16wgpu_3dgs_viewer12preprocessorINtB4_12PreprocessorNtNtNtCs7uIZbJPR652_14wgpu_3dgs_core6buffer8gaussian41GaussianPodWithShSingleCov3dSingleConfigsE24create_bind_group_staticCsiA5QZE4OIiA_6simple
FN:210,_RNvMs_NtCsjAfDNjLymyL_16wgpu_3dgs_viewer12preprocessorINtB4_12PreprocessorNtNtNtCs7uIZbJPR652_14wgpu_3dgs_core6buffer8gaussian41GaussianPodWithShSingleCov3dSingleConfigsE3newCsiA5QZE4OIiA_6simple
FNDA:168,_RNCNvMs0_NtCsjAfDNjLymyL_16wgpu_3dgs_viewer12preprocessorINtB7_12PreprocessorNtNtNtCs7uIZbJPR652_14wgpu_3dgs_core6buffer8gaussian41GaussianPodWithShSingleCov3dSingleConfigsuE22new_without_bind_group0CskHWTcKnagmk_3mod
FNDA:29,_RNvMNtCsjAfDNjLymyL_16wgpu_3dgs_viewer12preprocessorINtB2_12PreprocessorNtNtNtCs7uIZbJPR652_14wgpu_3dgs_core6buffer8gaussian41GaussianPodWithShSingleCov3dSingleConfigsuE17create_bind_groupCskHWTcKnagmk_3mod
FNDA:15,_RNvMs0_NtCsjAfDNjLymyL_16wgpu_3dgs_viewer12preprocessorINtB5_12PreprocessorNtNtNtCs7uIZbJPR652_14wgpu_3dgs_core6buffer8gaussian41GaussianPodWithShSingleCov3dSingleConfigsuE10preprocessCskHWTcKnagmk_3mod
FNDA:21,_RNvMs0_NtCsjAfDNjLymyL_16wgpu_3dgs_viewer12preprocessorINtB5_12PreprocessorNtNtNtCs7uIZbJPR652_14wgpu_3dgs_core6buffer8gaussian41GaussianPodWithShSingleCov3dSingleConfigsuE22new_without_bind_groupCskHWTcKnagmk_3mod
FNDA:13,_RNvMs_NtCsjAfDNjLymyL_16wgpu_3dgs_viewer12preprocessorINtB4_12PreprocessorNtNtNtCs7uIZbJPR652_14wgpu_3dgs_core6buffer8gaussian41GaussianPodWithShSingleCov3dSingleConfigsE10preprocessCskHWTcKnagmk_3mod
FNDA:29,_RNvMs_NtCsjAfDNjLymyL_16wgpu_3dgs_viewer12preprocessorINtB4_12PreprocessorNtNtNtCs7uIZbJPR652_14wgpu_3dgs_core6buffer8gaussian41GaussianPodWithShSingleCov3dSingleConfigsE24create_bind_group_staticCskHWTcKnagmk_3mod
FNDA:13,_RNvMs_NtCsjAfDNjLymyL_16wgpu_3dgs_viewer12preprocessorINtB4_12PreprocessorNtNtNtCs7uIZbJPR652_14wgpu_3dgs_core6buffer8gaussian41GaussianPodWithShSingleCov3dSingleConfigsE3newCskHWTcKnagmk_3mod
FNDA:0,_RNCNvMs0_NtCsjMvbNGsYfvH_16wgpu_3dgs_viewer12preprocessorINtB7_12PreprocessorpuE22new_without_bind_group0B9_
FNDA:0,_RNvMNtCsjMvbNGsYfvH_16wgpu_3dgs_viewer12preprocessorINtB2_12PreprocessorppE14workgroup_sizeB4_
FNDA:0,_RNvMNtCsjMvbNGsYfvH_16wgpu_3dgs_viewer12preprocessorINtB2_12PreprocessorppE17bind_group_layoutB4_
FNDA:0,_RNvMNtCsjMvbNGsYfvH_16wgpu_3dgs_viewer12preprocessorINtB2_12PreprocessorppE17create_bind_groupB4_
FNDA:0,_RNvMs0_NtCsjMvbNGsYfvH_16wgpu_3dgs_viewer12preprocessorINtB5_12PreprocessorpuE10preprocessB7_
FNDA:0,_RNvMs0_NtCsjMvbNGsYfvH_16wgpu_3dgs_viewer12preprocessorINtB5_12PreprocessorpuE22new_without_bind_groupB7_
FNDA:0,_RNvMs_NtCsjMvbNGsYfvH_16wgpu_3dgs_viewer12preprocessorINtB4_12PreprocessorpE10preprocessB6_
FNDA:0,_RNvMs_NtCsjMvbNGsYfvH_16wgpu_3dgs_viewer12preprocessorINtB4_12PreprocessorpE24create_bind_group_staticB6_
FNDA:0,_RNvMs_NtCsjMvbNGsYfvH_16wgpu_3dgs_viewer12preprocessorINtB4_12PreprocessorpE3newB6_
FNDA:0,_RNCNvMs0_NtCsjAfDNjLymyL_16wgpu_3dgs_viewer12preprocessorINtB7_12PreprocessorNtNtNtCs7uIZbJPR652_14wgpu_3dgs_core6buffer8gaussian41GaussianPodWithShSingleCov3dSingleConfigsuE22new_without_bind_group0CsgCUhY3MwoBc_11multi_model
FNDA:0,_RNvMNtCsjAfDNjLymyL_16wgpu_3dgs_viewer12preprocessorINtB2_12PreprocessorNtNtNtCs7uIZbJPR652_14wgpu_3dgs_core6buffer8gaussian41GaussianPodWithShSingleCov3dSingleConfigsuE17create_bind_groupCsgCUhY3MwoBc_11multi_model
FNDA:0,_RNvMs0_NtCsjAfDNjLymyL_16wgpu_3dgs_viewer12preprocessorINtB5_12PreprocessorNtNtNtCs7uIZbJPR652_14wgpu_3dgs_core6buffer8gaussian41GaussianPodWithShSingleCov3dSingleConfigsuE10preprocessCsgCUhY3MwoBc_11multi_model
FNDA:0,_RNvMs0_NtCsjAfDNjLymyL_16wgpu_3dgs_viewer12preprocessorINtB5_12PreprocessorNtNtNtCs7uIZbJPR652_14wgpu_3dgs_core6buffer8gaussian41GaussianPodWithShSingleCov3dSingleConfigsuE22new_without_bind_groupCsgCUhY3MwoBc_11multi_model
FNDA:0,_RNvMs_NtCsjAfDNjLymyL_16wgpu_3dgs_viewer12preprocessorINtB4_12PreprocessorNtNtNtCs7uIZbJPR652_14wgpu_3dgs_core6buffer8gaussian41GaussianPodWithShSingleCov3dSingleConfigsE24create_bind_group_staticCsgCUhY3MwoBc_11multi_model
FNDA:8,_RNCNvMs0_NtCsjAfDNjLymyL_16wgpu_3dgs_viewer12preprocessorINtB7_12PreprocessorNtNtNtCs7uIZbJPR652_14wgpu_3dgs_core6buffer8gaussian41GaussianPodWithShSingleCov3dSingleConfigsuE22new_without_bind_group0CsaEBMRA9cDqq_9selection
FNDA:1,_RNvMNtCsjAfDNjLymyL_16wgpu_3dgs_viewer12preprocessorINtB2_12PreprocessorNtNtNtCs7uIZbJPR652_14wgpu_3dgs_core6buffer8gaussian41GaussianPodWithShSingleCov3dSingleConfigsuE17create_bind_groupCsaEBMRA9cDqq_9selection
FNDA:1,_RNvMs0_NtCsjAfDNjLymyL_16wgpu_3dgs_viewer12preprocessorINtB5_12PreprocessorNtNtNtCs7uIZbJPR652_14wgpu_3dgs_core6buffer8gaussian41GaussianPodWithShSingleCov3dSingleConfigsuE22new_without_bind_groupCsaEBMRA9cDqq_9selection
FNDA:279,_RNvMs_NtCsjAfDNjLymyL_16wgpu_3dgs_viewer12preprocessorINtB4_12PreprocessorNtNtNtCs7uIZbJPR652_14wgpu_3dgs_core6buffer8gaussian41GaussianPodWithShSingleCov3dSingleConfigsE10preprocessCsaEBMRA9cDqq_9selection
FNDA:1,_RNvMs_NtCsjAfDNjLymyL_16wgpu_3dgs_viewer12preprocessorINtB4_12PreprocessorNtNtNtCs7uIZbJPR652_14wgpu_3dgs_core6buffer8gaussian41GaussianPodWithShSingleCov3dSingleConfigsE24create_bind_group_staticCsaEBMRA9cDqq_9selection
FNDA:1,_RNvMs_NtCsjAfDNjLymyL_16wgpu_3dgs_viewer12preprocessorINtB4_12PreprocessorNtNtNtCs7uIZbJPR652_14wgpu_3dgs_core6buffer8gaussian41GaussianPodWithShSingleCov3dSingleConfigsE3newCsaEBMRA9cDqq_9selection
FNDA:0,_RNCNvMs0_NtCsjAfDNjLymyL_16wgpu_3dgs_viewer12preprocessorINtB7_12PreprocessorNtNtNtCs7uIZbJPR652_14wgpu_3dgs_core6buffer8gaussian41GaussianPodWithShSingleCov3dSingleConfigsuE22new_without_bind_group0CsiA5QZE4OIiA_6simple
FNDA:0,_RNvMNtCsjAfDNjLymyL_16wgpu_3dgs_viewer12preprocessorINtB2_12PreprocessorNtNtNtCs7uIZbJPR652_14wgpu_3dgs_core6buffer8gaussian41GaussianPodWithShSingleCov3dSingleConfigsuE17create_bind_groupCsiA5QZE4OIiA_6simple
FNDA:0,_RNvMs0_NtCsjAfDNjLymyL_16wgpu_3dgs_viewer12preprocessorINtB5_12PreprocessorNtNtNtCs7uIZbJPR652_14wgpu_3dgs_core6buffer8gaussian41GaussianPodWithShSingleCov3dSingleConfigsuE22new_without_bind_groupCsiA5QZE4OIiA_6simple
FNDA:0,_RNvMs_NtCsjAfDNjLymyL_16wgpu_3dgs_viewer12preprocessorINtB4_12PreprocessorNtNtNtCs7uIZbJPR652_14wgpu_3dgs_core6buffer8gaussian41GaussianPodWithShSingleCov3dSingleConfigsE10preprocessCsiA5QZE4OIiA_6simple
FNDA:0,_RNvMs_NtCsjAfDNjLymyL_16wgpu_3dgs_viewer12preprocessorINtB4_12PreprocessorNtNtNtCs7uIZbJPR652_14wgpu_3dgs_core6buffer8gaussian41GaussianPodWithShSingleCov3dSingleConfigsE24create_bind_group_staticCsiA5QZE4OIiA_6simple
FNDA:0,_RNvMs_NtCsjAfDNjLymyL_16wgpu_3dgs_viewer12preprocessorINtB4_12PreprocessorNtNtNtCs7uIZbJPR652_14wgpu_3dgs_core6buffer8gaussian41GaussianPodWithShSingleCov3dSingleConfigsE3newCsiA5QZE4OIiA_6simple
FNF:9
FNH:7
DA:37,30
DA:38,30
DA:39,30
DA:40,30
DA:41,30
DA:42,30
DA:43,30
DA:44,30
DA:45,30
DA:46,30
DA:47,30
DA:48,30
DA:49,30
DA:50,30
DA:51,30
DA:52,30
DA:53,30
DA:54,30
DA:55,30
DA:56,30
DA:57,30
DA:58,30
DA:59,30
DA:60,30
DA:61,30
DA:62,30
DA:64,30
DA:66,30
DA:68,30
DA:71,0
DA:72,0
DA:73,0
DA:76,0
DA:77,0
DA:78,0
DA:210,14
DA:211,14
DA:212,14
DA:213,14
DA:214,14
DA:215,14
DA:216,14
DA:217,14
DA:218,14
DA:219,14
DA:220,14
DA:221,14
DA:222,14
DA:223,14
DA:224,14
DA:225,14
DA:227,0
DA:228,0
DA:229,0
DA:230,0
DA:231,14
DA:233,14
DA:235,14
DA:236,14
DA:237,14
DA:238,14
DA:239,14
DA:240,14
DA:241,14
DA:242,14
DA:243,14
DA:244,14
DA:245,14
DA:247,14
DA:249,14
DA:252,14
DA:253,14
DA:254,14
DA:255,14
DA:256,14
DA:257,14
DA:258,14
DA:259,14
DA:260,14
DA:263,292
DA:264,292
DA:266,292
DA:267,292
DA:269,292
DA:270,292
DA:274,30
DA:275,30
DA:276,30
DA:277,30
DA:278,30
DA:279,30
DA:280,30
DA:281,30
DA:282,30
DA:283,30
DA:284,30
DA:285,30
DA:286,30
DA:287,30
DA:288,30
DA:289,30
DA:290,30
DA:291,30
DA:292,30
DA:293,30
DA:294,30
DA:295,30
DA:296,30
DA:297,30
DA:298,30
DA:299,30
DA:300,30
DA:301,30
DA:302,30
DA:303,30
DA:304,30
DA:305,30
DA:306,30
DA:307,30
DA:308,30
DA:309,30
DA:310,30
DA:311,30
DA:312,30
DA:313,30
DA:314,30
DA:315,30
DA:316,30
DA:317,30
DA:318,30
DA:319,30
DA:320,30
DA:321,30
DA:322,30
DA:323,30
DA:324,30
DA:325,30
DA:326,30
DA:327,30
DA:328,30
DA:329,30
DA:330,30
DA:331,30
DA:332,30
DA:333,30
DA:334,30
DA:335,30
DA:336,30
DA:337,30
DA:338,30
DA:339,30
DA:340,30
DA:341,30
DA:342,30
DA:343,30
DA:344,30
DA:345,30
DA:346,30
DA:347,30
DA:355,22
DA:356,22
DA:357,22
DA:358,22
DA:360,22
DA:362,22
DA:363,22
DA:364,22
DA:365,22
DA:366,22
DA:367,22
DA:368,176
DA:369,22
DA:370,22
DA:372,22
DA:375,22
DA:376,22
DA:378,22
DA:379,22
DA:380,22
DA:381,22
DA:382,22
DA:383,22
DA:384,22
DA:385,22
DA:387,22
DA:388,22
DA:389,22
DA:390,22
DA:391,22
DA:392,22
DA:393,22
DA:394,22
DA:396,22
DA:397,22
DA:398,22
DA:399,22
DA:400,22
DA:401,22
DA:402,22
DA:403,22
DA:405,22
DA:407,22
DA:408,22
DA:409,22
DA:410,22
DA:411,22
DA:412,22
DA:413,22
DA:414,22
DA:415,22
DA:418,15
DA:419,15
DA:420,15
DA:421,15
DA:422,15
DA:423,15
DA:424,15
DA:426,15
DA:428,15
DA:429,15
BRF:0
BRH:0
LF:221
LH:211
end_of_record
SF:C:\Users\s2010\Me\Codes\Rust\wgpu-3dgs-viewer\src\radix_sorter.rs
FN:20,_RNvMNtCsjAfDNjLymyL_16wgpu_3dgs_viewer12radix_sorterINtB2_11RadixSorteruE18create_bind_groupsB4_
FN:71,_RNvMs0_NtCsjAfDNjLymyL_16wgpu_3dgs_viewer12radix_sorterINtB5_11RadixSorteruE23new_without_bind_groups
FN:87,_RNvMs0_NtCsjAfDNjLymyL_16wgpu_3dgs_viewer12radix_sorterINtB5_11RadixSorteruE4sort
FN:36,_RNvMs_NtCsjAfDNjLymyL_16wgpu_3dgs_viewer12radix_sorterNtB4_11RadixSorter3new
FN:56,_RNvMs_NtCsjAfDNjLymyL_16wgpu_3dgs_viewer12radix_sorterNtB4_11RadixSorter4sort
FN:314,_RNvMNtNtCsjAfDNjLymyL_16wgpu_3dgs_viewer12radix_sorter9wgpu_sortNtB2_9GPUSorter17bind_group_layout
FN:485,_RNvMNtNtCsjAfDNjLymyL_16wgpu_3dgs_viewer12radix_sorter9wgpu_sortNtB2_9GPUSorter17general_info_data
FN:556,_RNvMNtNtCsjAfDNjLymyL_16wgpu_3dgs_viewer12radix_sorter9wgpu_sortNtB2_9GPUSorter23record_prefix_histogram
FN:459,_RNvMNtNtCsjAfDNjLymyL_16wgpu_3dgs_viewer12radix_sorter9wgpu_sortNtB2_9GPUSorter26create_internal_mem_buffer
FN:735,_RNvMNtNtCsjAfDNjLymyL_16wgpu_3dgs_viewer12radix_sorter9wgpu_sortNtB2_9GPUSorter28create_internal_sort_buffers
FN:598,_RNvMNtNtCsjAfDNjLymyL_16wgpu_3dgs_viewer12radix_sorter9wgpu_sortNtB2_9GPUSorter28record_scatter_keys_indirect
FN:429,_RNvMNtNtCsjAfDNjLymyL_16wgpu_3dgs_viewer12radix_sorter9wgpu_sortNtB2_9GPUSorter30create_internal_keyval_buffers
FN:526,_RNvMNtNtCsjAfDNjLymyL_16wgpu_3dgs_viewer12radix_sorter9wgpu_sortNtB2_9GPUSorter35record_calculate_histogram_indirect
FN:199,_RNvMNtNtCsjAfDNjLymyL_16wgpu_3dgs_viewer12radix_sorter9wgpu_sortNtB2_9GPUSorter3new
FN:927,_RNvNtNtCsjAfDNjLymyL_16wgpu_3dgs_viewer12radix_sorter9wgpu_sort15histo_blocks_ru
FN:932,_RNvNtNtCsjAfDNjLymyL_16wgpu_3dgs_viewer12radix_sorter9wgpu_sort16keys_buffer_size
FN:922,_RNvNtNtCsjAfDNjLymyL_16wgpu_3dgs_viewer12radix_sorter9wgpu_sort17scatter_blocks_ru
FN:937,_RNvNtNtCsjAfDNjLymyL_16wgpu_3dgs_viewer12radix_sorter9wgpu_sort22keys_buffer_size_bytes
FN:872,_RNvXs0_NtNtCsjAfDNjLymyL_16wgpu_3dgs_viewer12radix_sorter9wgpu_sortNtB5_11SortBuffersNtB5_16SortBuffersTrait10bind_group
FN:876,_RNvXs0_NtNtCsjAfDNjLymyL_16wgpu_3dgs_viewer12radix_sorter9wgpu_sortNtB5_11SortBuffersNtB5_16SortBuffersTrait12state_buffer
FN:868,_RNvXs0_NtNtCsjAfDNjLymyL_16wgpu_3dgs_viewer12radix_sorter9wgpu_sortNtB5_11SortBuffersNtB5_16SortBuffersTrait3len
FN:913,_RNvXs1_NtNtCsjAfDNjLymyL_16wgpu_3dgs_viewer12radix_sorter9wgpu_sortNtB5_19InternalSortBuffersNtB5_16SortBuffersTrait10bind_group
FN:917,_RNvXs1_NtNtCsjAfDNjLymyL_16wgpu_3dgs_viewer12radix_sorter9wgpu_sortNtB5_19InternalSortBuffersNtB5_16SortBuffersTrait12state_buffer
FN:909,_RNvXs1_NtNtCsjAfDNjLymyL_16wgpu_3dgs_viewer12radix_sorter9wgpu_sortNtB5_19InternalSortBuffersNtB5_16SortBuffersTrait3len
FN:658,_RINvMNtNtCsjAfDNjLymyL_16wgpu_3dgs_viewer12radix_sorter9wgpu_sortNtB3_9GPUSorter13sort_indirectNtB3_19InternalSortBuffersEB7_
FN:658,_RINvMNtNtCsjMvbNGsYfvH_16wgpu_3dgs_viewer12radix_sorter9wgpu_sortNtB3_9GPUSorter13sort_indirectpEB7_
FN:628,_RINvMNtNtCsjMvbNGsYfvH_16wgpu_3dgs_viewer12radix_sorter9wgpu_sortNtB3_9GPUSorter4sortpEB7_
FN:20,_RNvMNtCsjMvbNGsYfvH_16wgpu_3dgs_viewer12radix_sorterINtB2_11RadixSorterpE18create_bind_groupsB4_
FN:314,_RNvMNtNtCsjMvbNGsYfvH_16wgpu_3dgs_viewer12radix_sorter9wgpu_sortNtB2_9GPUSorter17bind_group_layout
FN:485,_RNvMNtNtCsjMvbNGsYfvH_16wgpu_3dgs_viewer12radix_sorter9wgpu_sortNtB2_9GPUSorter17general_info_data
FN:672,_RNvMNtNtCsjMvbNGsYfvH_16wgpu_3dgs_viewer12radix_sorter9wgpu_sortNtB2_9GPUSorter19create_sort_buffers
FN:571,_RNvMNtNtCsjMvbNGsYfvH_16wgpu_3dgs_viewer12radix_sorter9wgpu_sortNtB2_9GPUSorter19record_scatter_keys
FN:384,_RNvMNtNtCsjMvbNGsYfvH_16wgpu_3dgs_viewer12radix_sorter9wgpu_sortNtB2_9GPUSorter21create_keyval_buffers
FN:556,_RNvMNtNtCsjMvbNGsYfvH_16wgpu_3dgs_viewer12radix_sorter9wgpu_sortNtB2_9GPUSorter23record_prefix_histogram
FN:459,_RNvMNtNtCsjMvbNGsYfvH_16wgpu_3dgs_viewer12radix_sorter9wgpu_sortNtB2_9GPUSorter26create_internal_mem_buffer
FN:494,_RNvMNtNtCsjMvbNGsYfvH_16wgpu_3dgs_viewer12radix_sorter9wgpu_sortNtB2_9GPUSorter26record_calculate_histogram
FN:735,_RNvMNtNtCsjMvbNGsYfvH_16wgpu_3dgs_viewer12radix_sorter9wgpu_sortNtB2_9GPUSorter28create_internal_sort_buffers
FN:598,_RNvMNtNtCsjMvbNGsYfvH_16wgpu_3dgs_viewer12radix_sorter9wgpu_sortNtB2_9GPUSorter28record_scatter_keys_indirect
FN:429,_RNvMNtNtCsjMvbNGsYfvH_16wgpu_3dgs_viewer12radix_sorter9wgpu_sortNtB2_9GPUSorter30create_internal_keyval_buffers
FN:526,_RNvMNtNtCsjMvbNGsYfvH_16wgpu_3dgs_viewer12radix_sorter9wgpu_sortNtB2_9GPUSorter35record_calculate_histogram_indirect
FN:199,_RNvMNtNtCsjMvbNGsYfvH_16wgpu_3dgs_viewer12radix_sorter9wgpu_sortNtB2_9GPUSorter3new
FN:71,_RNvMs0_NtCsjMvbNGsYfvH_16wgpu_3dgs_viewer12radix_sorterINtB5_11RadixSorteruE23new_without_bind_groups
FN:87,_RNvMs0_NtCsjMvbNGsYfvH_16wgpu_3dgs_viewer12radix_sorterINtB5_11RadixSorteruE4sort
FN:36,_RNvMs_NtCsjMvbNGsYfvH_16wgpu_3dgs_viewer12radix_sorterNtB4_11RadixSorter3new
FN:56,_RNvMs_NtCsjMvbNGsYfvH_16wgpu_3dgs_viewer12radix_sorterNtB4_11RadixSorter4sort
FN:857,_RNvMs_NtNtCsjMvbNGsYfvH_16wgpu_3dgs_viewer12radix_sorter9wgpu_sortNtB4_11SortBuffers4keys
FN:862,_RNvMs_NtNtCsjMvbNGsYfvH_16wgpu_3dgs_viewer12radix_sorter9wgpu_sortNtB4_11SortBuffers6values
FN:927,_RNvNtNtCsjMvbNGsYfvH_16wgpu_3dgs_viewer12radix_sorter9wgpu_sort15histo_blocks_ru
FN:932,_RNvNtNtCsjMvbNGsYfvH_16wgpu_3dgs_viewer12radix_sorter9wgpu_sort16keys_buffer_size
FN:922,_RNvNtNtCsjMvbNGsYfvH_16wgpu_3dgs_viewer12radix_sorter9wgpu_sort17scatter_blocks_ru
FN:937,_RNvNtNtCsjMvbNGsYfvH_16wgpu_3dgs_viewer12radix_sorter9wgpu_sort22keys_buffer_size_bytes
FN:872,_RNvXs0_NtNtCsjMvbNGsYfvH_16wgpu_3dgs_viewer12radix_sorter9wgpu_sortNtB5_11SortBuffersNtB5_16SortBuffersTrait10bind_group
FN:876,_RNvXs0_NtNtCsjMvbNGsYfvH_16wgpu_3dgs_viewer12radix_sorter9wgpu_sortNtB5_11SortBuffersNtB5_16SortBuffersTrait12state_buffer
FN:868,_RNvXs0_NtNtCsjMvbNGsYfvH_16wgpu_3dgs_viewer12radix_sorter9wgpu_sortNtB5_11SortBuffersNtB5_16SortBuffersTrait3len
FN:913,_RNvXs1_NtNtCsjMvbNGsYfvH_16wgpu_3dgs_viewer12radix_sorter9wgpu_sortNtB5_19InternalSortBuffersNtB5_16SortBuffersTrait10bind_group
FN:917,_RNvXs1_NtNtCsjMvbNGsYfvH_16wgpu_3dgs_viewer12radix_sorter9wgpu_sortNtB5_19InternalSortBuffersNtB5_16SortBuffersTrait12state_buffer
FN:909,_RNvXs1_NtNtCsjMvbNGsYfvH_16wgpu_3dgs_viewer12radix_sorter9wgpu_sortNtB5_19InternalSortBuffersNtB5_16SortBuffersTrait3len
FN:812,_RNvYpNtNtNtCsjMvbNGsYfvH_16wgpu_3dgs_viewer12radix_sorter9wgpu_sort16SortBuffersTrait15keys_valid_sizeB9_
FNDA:30,_RNvMNtCsjAfDNjLymyL_16wgpu_3dgs_viewer12radix_sorterINtB2_11RadixSorteruE18create_bind_groupsB4_
FNDA:22,_RNvMs0_NtCsjAfDNjLymyL_16wgpu_3dgs_viewer12radix_sorterINtB5_11RadixSorteruE23new_without_bind_groups
FNDA:15,_RNvMs0_NtCsjAfDNjLymyL_16wgpu_3dgs_viewer12radix_sorterINtB5_11RadixSorteruE4sort
FNDA:14,_RNvMs_NtCsjAfDNjLymyL_16wgpu_3dgs_viewer12radix_sorterNtB4_11RadixSorter3new
FNDA:292,_RNvMs_NtCsjAfDNjLymyL_16wgpu_3dgs_viewer12radix_sorterNtB4_11RadixSorter4sort
FNDA:52,_RNvMNtNtCsjAfDNjLymyL_16wgpu_3dgs_viewer12radix_sorter9wgpu_sortNtB2_9GPUSorter17bind_group_layout
FNDA:30,_RNvMNtNtCsjAfDNjLymyL_16wgpu_3dgs_viewer12radix_sorter9wgpu_sortNtB2_9GPUSorter17general_info_data
FNDA:307,_RNvMNtNtCsjAfDNjLymyL_16wgpu_3dgs_viewer12radix_sorter9wgpu_sortNtB2_9GPUSorter23record_prefix_histogram
FNDA:30,_RNvMNtNtCsjAfDNjLymyL_16wgpu_3dgs_viewer12radix_sorter9wgpu_sortNtB2_9GPUSorter26create_internal_mem_buffer
FNDA:30,_RNvMNtNtCsjAfDNjLymyL_16wgpu_3dgs_viewer12radix_sorter9wgpu_sortNtB2_9GPUSorter28create_internal_sort_buffers
FNDA:307,_RNvMNtNtCsjAfDNjLymyL_16wgpu_3dgs_viewer12radix_sorter9wgpu_sortNtB2_9GPUSorter28record_scatter_keys_indirect
FNDA:30,_RNvMNtNtCsjAfDNjLymyL_16wgpu_3dgs_viewer12radix_sorter9wgpu_sortNtB2_9GPUSorter30create_internal_keyval_buffers
FNDA:307,_RNvMNtNtCsjAfDNjLymyL_16wgpu_3dgs_viewer12radix_sorter9wgpu_sortNtB2_9GPUSorter35record_calculate_histogram_indirect
FNDA:22,_RNvMNtNtCsjAfDNjLymyL_16wgpu_3dgs_viewer12radix_sorter9wgpu_sortNtB2_9GPUSorter3new
FNDA:90,_RNvNtNtCsjAfDNjLymyL_16wgpu_3dgs_viewer12radix_sorter9wgpu_sort15histo_blocks_ru
FNDA:90,_RNvNtNtCsjAfDNjLymyL_16wgpu_3dgs_viewer12radix_sorter9wgpu_sort16keys_buffer_size
FNDA:120,_RNvNtNtCsjAfDNjLymyL_16wgpu_3dgs_viewer12radix_sorter9wgpu_sort17scatter_blocks_ru
FNDA:30,_RNvNtNtCsjAfDNjLymyL_16wgpu_3dgs_viewer12radix_sorter9wgpu_sort22keys_buffer_size_bytes
FNDA:0,_RNvXs0_NtNtCsjAfDNjLymyL_16wgpu_3dgs_viewer12radix_sorter9wgpu_sortNtB5_11SortBuffersNtB5_16SortBuffersTrait10bind_group
FNDA:0,_RNvXs0_NtNtCsjAfDNjLymyL_16wgpu_3dgs_viewer12radix_sorter9wgpu_sortNtB5_11SortBuffersNtB5_16SortBuffersTrait12state_buffer
FNDA:0,_RNvXs0_NtNtCsjAfDNjLymyL_16wgpu_3dgs_viewer12radix_sorter9wgpu_sortNtB5_11SortBuffersNtB5_16SortBuffersTrait3len
FNDA:307,_RNvXs1_NtNtCsjAfDNjLymyL_16wgpu_3dgs_viewer12radix_sorter9wgpu_sortNtB5_19InternalSortBuffersNtB5_16SortBuffersTrait10bind_group
FNDA:0,_RNvXs1_NtNtCsjAfDNjLymyL_16wgpu_3dgs_viewer12radix_sorter9wgpu_sortNtB5_19InternalSortBuffersNtB5_16SortBuffersTrait12state_buffer
FNDA:0,_RNvXs1_NtNtCsjAfDNjLymyL_16wgpu_3dgs_viewer12radix_sorter9wgpu_sortNtB5_19InternalSortBuffersNtB5_16SortBuffersTrait3len
FNDA:307,_RINvMNtNtCsjAfDNjLymyL_16wgpu_3dgs_viewer12radix_sorter9wgpu_sortNtB3_9GPUSorter13sort_indirectNtB3_19InternalSortBuffersEB7_
FNDA:0,_RINvMNtNtCsjMvbNGsYfvH_16wgpu_3dgs_viewer12radix_sorter9wgpu_sortNtB3_9GPUSorter13sort_indirectpEB7_
FNDA:0,_RINvMNtNtCsjMvbNGsYfvH_16wgpu_3dgs_viewer12radix_sorter9wgpu_sortNtB3_9GPUSorter4sortpEB7_
FNDA:0,_RNvMNtCsjMvbNGsYfvH_16wgpu_3dgs_viewer12radix_sorterINtB2_11RadixSorterpE18create_bind_groupsB4_
FNDA:0,_RNvMNtNtCsjMvbNGsYfvH_16wgpu_3dgs_viewer12radix_sorter9wgpu_sortNtB2_9GPUSorter17bind_group_layout
FNDA:0,_RNvMNtNtCsjMvbNGsYfvH_16wgpu_3dgs_viewer12radix_sorter9wgpu_sortNtB2_9GPUSorter17general_info_data
FNDA:0,_RNvMNtNtCsjMvbNGsYfvH_16wgpu_3dgs_viewer12radix_sorter9wgpu_sortNtB2_9GPUSorter19create_sort_buffers
FNDA:0,_RNvMNtNtCsjMvbNGsYfvH_16wgpu_3dgs_viewer12radix_sorter9wgpu_sortNtB2_9GPUSorter19record_scatter_keys
FNDA:0,_RNvMNtNtCsjMvbNGsYfvH_16wgpu_3dgs_viewer12radix_sorter9wgpu_sortNtB2_9GPUSorter21create_keyval_buffers
FNDA:0,_RNvMNtNtCsjMvbNGsYfvH_16wgpu_3dgs_viewer12radix_sorter9wgpu_sortNtB2_9GPUSorter23record_prefix_histogram
FNDA:0,_RNvMNtNtCsjMvbNGsYfvH_16wgpu_3dgs_viewer12radix_sorter9wgpu_sortNtB2_9GPUSorter26create_internal_mem_buffer
FNDA:0,_RNvMNtNtCsjMvbNGsYfvH_16wgpu_3dgs_viewer12radix_sorter9wgpu_sortNtB2_9GPUSorter26record_calculate_histogram
FNDA:0,_RNvMNtNtCsjMvbNGsYfvH_16wgpu_3dgs_viewer12radix_sorter9wgpu_sortNtB2_9GPUSorter28create_internal_sort_buffers
FNDA:0,_RNvMNtNtCsjMvbNGsYfvH_16wgpu_3dgs_viewer12radix_sorter9wgpu_sortNtB2_9GPUSorter28record_scatter_keys_indirect
FNDA:0,_RNvMNtNtCsjMvbNGsYfvH_16wgpu_3dgs_viewer12radix_sorter9wgpu_sortNtB2_9GPUSorter30create_internal_keyval_buffers
FNDA:0,_RNvMNtNtCsjMvbNGsYfvH_16wgpu_3dgs_viewer12radix_sorter9wgpu_sortNtB2_9GPUSorter35record_calculate_histogram_indirect
FNDA:0,_RNvMNtNtCsjMvbNGsYfvH_16wgpu_3dgs_viewer12radix_sorter9wgpu_sortNtB2_9GPUSorter3new
FNDA:0,_RNvMs0_NtCsjMvbNGsYfvH_16wgpu_3dgs_viewer12radix_sorterINtB5_11RadixSorteruE23new_without_bind_groups
FNDA:0,_RNvMs0_NtCsjMvbNGsYfvH_16wgpu_3dgs_viewer12radix_sorterINtB5_11RadixSorteruE4sort
FNDA:0,_RNvMs_NtCsjMvbNGsYfvH_16wgpu_3dgs_viewer12radix_sorterNtB4_11RadixSorter3new
FNDA:0,_RNvMs_NtCsjMvbNGsYfvH_16wgpu_3dgs_viewer12radix_sorterNtB4_11RadixSorter4sort
FNDA:0,_RNvMs_NtNtCsjMvbNGsYfvH_16wgpu_3dgs_viewer12radix_sorter9wgpu_sortNtB4_11SortBuffers4keys
FNDA:0,_RNvMs_NtNtCsjMvbNGsYfvH_16wgpu_3dgs_viewer12radix_sorter9wgpu_sortNtB4_11SortBuffers6values
FNDA:0,_RNvNtNtCsjMvbNGsYfvH_16wgpu_3dgs_viewer12radix_sorter9wgpu_sort15histo_blocks_ru
FNDA:0,_RNvNtNtCsjMvbNGsYfvH_16wgpu_3dgs_viewer12radix_sorter9wgpu_sort16keys_buffer_size
FNDA:0,_RNvNtNtCsjMvbNGsYfvH_16wgpu_3dgs_viewer12radix_sorter9wgpu_sort17scatter_blocks_ru
FNDA:0,_RNvNtNtCsjMvbNGsYfvH_16wgpu_3dgs_viewer12radix_sorter9wgpu_sort22keys_buffer_size_bytes
FNDA:0,_RNvXs0_NtNtCsjMvbNGsYfvH_16wgpu_3dgs_viewer12radix_sorter9wgpu_sortNtB5_11SortBuffersNtB5_16SortBuffersTrait10bind_group
FNDA:0,_RNvXs0_NtNtCsjMvbNGsYfvH_16wgpu_3dgs_viewer12radix_sorter9wgpu_sortNtB5_11SortBuffersNtB5_16SortBuffersTrait12state_buffer
FNDA:0,_RNvXs0_NtNtCsjMvbNGsYfvH_16wgpu_3dgs_viewer12radix_sorter9wgpu_sortNtB5_11SortBuffersNtB5_16SortBuffersTrait3len
FNDA:0,_RNvXs1_NtNtCsjMvbNGsYfvH_16wgpu_3dgs_viewer12radix_sorter9wgpu_sortNtB5_19InternalSortBuffersNtB5_16SortBuffersTrait10bind_group
FNDA:0,_RNvXs1_NtNtCsjMvbNGsYfvH_16wgpu_3dgs_viewer12radix_sorter9wgpu_sortNtB5_19InternalSortBuffersNtB5_16SortBuffersTrait12state_buffer
FNDA:0,_RNvXs1_NtNtCsjMvbNGsYfvH_16wgpu_3dgs_viewer12radix_sorter9wgpu_sortNtB5_19InternalSortBuffersNtB5_16SortBuffersTrait3len
FNDA:0,_RNvYpNtNtNtCsjMvbNGsYfvH_16wgpu_3dgs_viewer12radix_sorter9wgpu_sort16SortBuffersTrait15keys_valid_sizeB9_
FNF:33
FNH:20
DA:20,30
DA:21,30
DA:22,30
DA:23,30
DA:24,30
DA:25,30
DA:26,30
DA:27,30
DA:28,30
DA:29,30
DA:31,30
DA:36,14
DA:37,14
DA:38,14
DA:39,14
DA:40,14
DA:41,14
DA:43,14
DA:44,14
DA:45,14
DA:47,14
DA:49,14
DA:50,14
DA:51,14
DA:52,14
DA:53,14
DA:56,292
DA:57,292
DA:58,292
DA:59,292
DA:60,292
DA:61,292
DA:62,292
DA:63,292
DA:64,292
DA:66,292
DA:71,22
DA:72,22
DA:73,22
DA:75,22
DA:77,22
DA:78,22
DA:79,22
DA:80,22
DA:81,22
DA:87,15
DA:88,15
DA:89,15
DA:90,15
DA:91,15
DA:92,15
DA:93,15
DA:94,15
DA:95,15
DA:199,22
DA:201,22
DA:202,22
DA:203,22
DA:204,22
DA:205,22
DA:206,22
DA:207,22
DA:209,22
DA:210,22
DA:211,22
DA:212,22
DA:214,22
DA:216,22
DA:217,22
DA:218,22
DA:219,22
DA:220,22
DA:221,22
DA:223,22
DA:227,22
DA:228,22
DA:229,22
DA:230,22
DA:231,22
DA:232,22
DA:233,22
DA:234,22
DA:235,22
DA:236,22
DA:237,22
DA:238,22
DA:252,22
DA:253,22
DA:254,22
DA:255,22
DA:256,22
DA:257,22
DA:258,22
DA:260,22
DA:261,22
DA:262,22
DA:263,22
DA:264,22
DA:265,22
DA:266,22
DA:267,22
DA:268,22
DA:269,22
DA:270,22
DA:271,22
DA:272,22
DA:273,22
DA:274,22
DA:275,22
DA:276,22
DA:277,22
DA:278,22
DA:279,22
DA:280,22
DA:281,22
DA:282,22
DA:283,22
DA:284,22
DA:285,22
DA:286,22
DA:287,22
DA:288,22
DA:289,22
DA:290,22
DA:291,22
DA:292,22
DA:293,22
DA:294,22
DA:295,22
DA:296,22
DA:297,22
DA:298,22
DA:299,22
DA:300,22
DA:301,22
DA:302,22
DA:303,22
DA:305,22
DA:306,22
DA:307,22
DA:308,22
DA:309,22
DA:310,22
DA:311,22
DA:312,22
DA:314,52
DA:315,52
DA:316,52
DA:317,52
DA:318,52
DA:319,52
DA:320,52
DA:321,52
DA:322,52
DA:323,52
DA:324,52
DA:325,52
DA:326,52
DA:327,52
DA:328,52
DA:329,52
DA:330,52
DA:331,52
DA:332,52
DA:333,52
DA:334,52
DA:335,52
DA:336,52
DA:337,52
DA:338,52
DA:339,52
DA:340,52
DA:341,52
DA:342,52
DA:343,52
DA:344,52
DA:345,52
DA:346,52
DA:347,52
DA:348,52
DA:349,52
DA:350,52
DA:351,52
DA:352,52
DA:353,52
DA:354,52
DA:355,52
DA:356,52
DA:357,52
[...]
FNDA:0,_RNvXsb_NtNtCsjMvbNGsYfvH_16wgpu_3dgs_viewer9selection6bufferNtNtNtCs4aW9DWY8b5u_4wgpu3api6buffer6BufferINtNtCsmHtFwzCQ9E_4core7convert4FromNtB5_33PreprocessorInvertSelectionBufferE4from
FNDA:0,_RNvXsc_NtNtCsjMvbNGsYfvH_16wgpu_3dgs_viewer9selection6bufferNtB5_33PreprocessorInvertSelectionBufferINtNtCsmHtFwzCQ9E_4core7convert7TryFromNtNtNtCs4aW9DWY8b5u_4wgpu3api6buffer6BufferE8try_from
FNF:21
FNH:21
DA:16,18
DA:17,18
DA:18,18
DA:19,18
DA:20,18
DA:21,18
DA:22,18
DA:23,18
DA:24,18
DA:25,18
DA:26,18
DA:27,18
DA:28,18
DA:29,18
DA:30,18
DA:32,18
DA:34,18
DA:35,18
DA:38,23
DA:39,23
DA:40,23
DA:43,35
DA:44,35
DA:45,35
DA:57,15
DA:58,15
DA:59,15
DA:60,15
DA:61,15
DA:62,15
DA:63,15
DA:65,15
DA:66,15
DA:69,22
DA:70,22
DA:71,22
DA:75,34
DA:76,34
DA:77,34
DA:81,1
DA:82,1
DA:83,1
DA:89,2
DA:90,2
DA:91,2
DA:106,8
DA:107,8
DA:108,8
DA:109,8
DA:110,8
DA:111,8
DA:112,8
DA:114,8
DA:115,8
DA:118,9
DA:119,9
DA:120,9
DA:124,13
DA:125,13
DA:126,13
DA:130,1
DA:131,1
DA:132,1
DA:138,2
DA:139,2
DA:140,2
DA:157,31
DA:158,31
DA:159,31
DA:160,31
DA:161,31
DA:162,31
DA:164,31
DA:165,31
DA:168,2
DA:169,2
DA:170,2
DA:171,2
DA:175,38
DA:176,38
DA:177,38
DA:181,1
DA:182,1
DA:183,1
DA:189,2
DA:190,2
DA:191,2
BRF:0
BRH:0
LF:90
LH:90
end_of_record
SF:C:\Users\s2010\Me\Codes\Rust\wgpu-3dgs-viewer\src\selection\viewport.rs
FN:41,_RINvNtNtCsjAfDNjLymyL_16wgpu_3dgs_viewer9selection8viewport22create_viewport_bundleNtNtNtCs7uIZbJPR652_14wgpu_3dgs_core6buffer8gaussian41GaussianPodWithShSingleCov3dSingleConfigsECskHWTcKnagmk_3mod
FN:41,_RINvNtNtCsjMvbNGsYfvH_16wgpu_3dgs_viewer9selection8viewport22create_viewport_bundlepEB6_
FN:41,_RINvNtNtCsjAfDNjLymyL_16wgpu_3dgs_viewer9selection8viewport22create_viewport_bundleNtNtNtCs7uIZbJPR652_14wgpu_3dgs_core6buffer8gaussian41GaussianPodWithShSingleCov3dSingleConfigsECsaEBMRA9cDqq_9selection
FNDA:6,_RINvNtNtCsjAfDNjLymyL_16wgpu_3dgs_viewer9selection8viewport22create_viewport_bundleNtNtNtCs7uIZbJPR652_14wgpu_3dgs_core6buffer8gaussian41GaussianPodWithShSingleCov3dSingleConfigsECskHWTcKnagmk_3mod
FNDA:0,_RINvNtNtCsjMvbNGsYfvH_16wgpu_3dgs_viewer9selection8viewport22create_viewport_bundlepEB6_
FNDA:1,_RINvNtNtCsjAfDNjLymyL_16wgpu_3dgs_viewer9selection8viewport22create_viewport_bundleNtNtNtCs7uIZbJPR652_14wgpu_3dgs_core6buffer8gaussian41GaussianPodWithShSingleCov3dSingleConfigsECsaEBMRA9cDqq_9selection
FNF:1
FNH:1
DA:41,7
DA:42,7
DA:43,7
DA:44,7
DA:46,7
DA:47,7
DA:48,7
DA:49,7
DA:50,7
DA:51,7
DA:52,7
DA:53,7
DA:54,7
DA:55,7
DA:57,7
DA:58,7
DA:59,7
DA:60,7
DA:61,7
DA:62,7
DA:63,7
DA:64,7
DA:65,7
BRF:0
BRH:0
LF:23
LH:23
end_of_record
SF:C:\Users\s2010\Me\Codes\Rust\wgpu-3dgs-viewer\src\selection\viewport_selector.rs
FN:313,_RNvMNtNtCsjAfDNjLymyL_16wgpu_3dgs_viewer9selection17viewport_selectorNtB2_16ViewportSelector16set_brush_radius
FN:206,_RNvMNtNtCsjAfDNjLymyL_16wgpu_3dgs_viewer9selection17viewport_selectorNtB2_16ViewportSelector3new
FN:277,_RNvMNtNtCsjAfDNjLymyL_16wgpu_3dgs_viewer9selection17viewport_selectorNtB2_16ViewportSelector5clear
FN:252,_RNvMNtNtCsjAfDNjLymyL_16wgpu_3dgs_viewer9selection17viewport_selectorNtB2_16ViewportSelector5start
FN:296,_RNvMNtNtCsjAfDNjLymyL_16wgpu_3dgs_viewer9selection17viewport_selectorNtB2_16ViewportSelector6render
FN:321,_RNvMNtNtCsjAfDNjLymyL_16wgpu_3dgs_viewer9selection17viewport_selectorNtB2_16ViewportSelector6resize
FN:260,_RNvMNtNtCsjAfDNjLymyL_16wgpu_3dgs_viewer9selection17viewport_selectorNtB2_16ViewportSelector6update
FN:308,_RNvMNtNtCsjAfDNjLymyL_16wgpu_3dgs_viewer9selection17viewport_selectorNtB2_16ViewportSelector7texture
FN:313,_RNvMNtNtCsjMvbNGsYfvH_16wgpu_3dgs_viewer9selection17viewport_selectorNtB2_16ViewportSelector16set_brush_radius
FN:206,_RNvMNtNtCsjMvbNGsYfvH_16wgpu_3dgs_viewer9selection17viewport_selectorNtB2_16ViewportSelector3new
FN:277,_RNvMNtNtCsjMvbNGsYfvH_16wgpu_3dgs_viewer9selection17viewport_selectorNtB2_16ViewportSelector5clear
FN:252,_RNvMNtNtCsjMvbNGsYfvH_16wgpu_3dgs_viewer9selection17viewport_selectorNtB2_16ViewportSelector5start
FN:296,_RNvMNtNtCsjMvbNGsYfvH_16wgpu_3dgs_viewer9selection17viewport_selectorNtB2_16ViewportSelector6render
FN:321,_RNvMNtNtCsjMvbNGsYfvH_16wgpu_3dgs_viewer9selection17viewport_selectorNtB2_16ViewportSelector6resize
FN:260,_RNvMNtNtCsjMvbNGsYfvH_16wgpu_3dgs_viewer9selection17viewport_selectorNtB2_16ViewportSelector6update
FN:308,_RNvMNtNtCsjMvbNGsYfvH_16wgpu_3dgs_viewer9selection17viewport_selectorNtB2_16ViewportSelector7texture
FNDA:1,_RNvMNtNtCsjAfDNjLymyL_16wgpu_3dgs_viewer9selection17viewport_selectorNtB2_16ViewportSelector16set_brush_radius
FNDA:7,_RNvMNtNtCsjAfDNjLymyL_16wgpu_3dgs_viewer9selection17viewport_selectorNtB2_16ViewportSelector3new
FNDA:1,_RNvMNtNtCsjAfDNjLymyL_16wgpu_3dgs_viewer9selection17viewport_selectorNtB2_16ViewportSelector5clear
FNDA:6,_RNvMNtNtCsjAfDNjLymyL_16wgpu_3dgs_viewer9selection17viewport_selectorNtB2_16ViewportSelector5start
FNDA:6,_RNvMNtNtCsjAfDNjLymyL_16wgpu_3dgs_viewer9selection17viewport_selectorNtB2_16ViewportSelector6render
FNDA:10,_RNvMNtNtCsjAfDNjLymyL_16wgpu_3dgs_viewer9selection17viewport_selectorNtB2_16ViewportSelector6resize
FNDA:6,_RNvMNtNtCsjAfDNjLymyL_16wgpu_3dgs_viewer9selection17viewport_selectorNtB2_16ViewportSelector6update
FNDA:28,_RNvMNtNtCsjAfDNjLymyL_16wgpu_3dgs_viewer9selection17viewport_selectorNtB2_16ViewportSelector7texture
FNDA:0,_RNvMNtNtCsjMvbNGsYfvH_16wgpu_3dgs_viewer9selection17viewport_selectorNtB2_16ViewportSelector16set_brush_radius
FNDA:0,_RNvMNtNtCsjMvbNGsYfvH_16wgpu_3dgs_viewer9selection17viewport_selectorNtB2_16ViewportSelector3new
FNDA:0,_RNvMNtNtCsjMvbNGsYfvH_16wgpu_3dgs_viewer9selection17viewport_selectorNtB2_16ViewportSelector5clear
FNDA:0,_RNvMNtNtCsjMvbNGsYfvH_16wgpu_3dgs_viewer9selection17viewport_selectorNtB2_16ViewportSelector5start
FNDA:0,_RNvMNtNtCsjMvbNGsYfvH_16wgpu_3dgs_viewer9selection17viewport_selectorNtB2_16ViewportSelector6render
FNDA:0,_RNvMNtNtCsjMvbNGsYfvH_16wgpu_3dgs_viewer9selection17viewport_selectorNtB2_16ViewportSelector6resize
FNDA:0,_RNvMNtNtCsjMvbNGsYfvH_16wgpu_3dgs_viewer9selection17viewport_selectorNtB2_16ViewportSelector6update
FNDA:0,_RNvMNtNtCsjMvbNGsYfvH_16wgpu_3dgs_viewer9selection17viewport_selectorNtB2_16ViewportSelector7texture
FNF:8
FNH:8
DA:206,7
DA:207,7
DA:208,7
DA:209,7
DA:210,7
DA:211,7
DA:212,7
DA:213,7
DA:214,7
DA:215,7
DA:216,7
DA:217,7
DA:218,7
DA:219,7
DA:220,7
DA:221,7
DA:222,7
DA:223,0
DA:224,7
DA:225,7
DA:226,7
DA:227,7
DA:228,7
DA:229,7
DA:230,7
DA:231,0
DA:233,7
DA:234,7
DA:235,7
DA:236,7
DA:237,7
DA:238,7
DA:239,7
DA:240,7
DA:241,7
DA:242,7
DA:243,7
DA:244,7
DA:245,7
DA:246,7
DA:247,7
DA:248,7
DA:249,7
DA:252,6
DA:253,6
DA:254,6
DA:255,6
DA:256,6
DA:257,6
DA:260,6
DA:261,6
DA:262,3
DA:263,3
DA:264,3
DA:265,3
DA:266,3
DA:267,3
DA:268,3
DA:269,3
DA:270,3
DA:271,3
DA:272,3
DA:274,6
DA:277,1
DA:278,1
DA:279,1
DA:280,1
DA:281,1
DA:282,1
DA:283,1
DA:284,1
DA:285,1
DA:286,1
DA:287,1
DA:288,1
DA:289,1
DA:290,1
DA:291,1
DA:292,1
DA:293,1
DA:296,6
DA:297,6
DA:298,3
DA:299,3
DA:300,3
DA:302,3
DA:305,6
DA:308,28
DA:309,28
DA:310,28
DA:313,1
DA:314,1
DA:315,1
DA:316,1
DA:321,10
DA:322,10
DA:323,10
BRF:0
BRH:0
LF:97
LH:95
end_of_record
SF:C:\Users\s2010\Me\Codes\Rust\wgpu-3dgs-viewer\src\selection\viewport_texture_brush.rs
FN:281,_RNvMs0_NtNtCsjAfDNjLymyL_16wgpu_3dgs_viewer9selection22viewport_texture_brushINtB5_28ViewportTextureBrushRendereruE16render_with_pass
FN:186,_RNvMs0_NtNtCsjAfDNjLymyL_16wgpu_3dgs_viewer9selection22viewport_texture_brushINtB5_28ViewportTextureBrushRendereruE22new_without_bind_group
FN:255,_RNvMs0_NtNtCsjAfDNjLymyL_16wgpu_3dgs_viewer9selection22viewport_texture_brushINtB5_28ViewportTextureBrushRendereruE6render
FN:137,_RNvMs_NtNtCsjAfDNjLymyL_16wgpu_3dgs_viewer9selection22viewport_texture_brushNtB4_28ViewportTextureBrushRenderer16render_with_pass
FN:144,_RNvMs_NtNtCsjAfDNjLymyL_16wgpu_3dgs_viewer9selection22viewport_texture_brushNtB4_28ViewportTextureBrushRenderer24create_bind_group_static
FN:95,_RNvMs_NtNtCsjAfDNjLymyL_16wgpu_3dgs_viewer9selection22viewport_texture_brushNtB4_28ViewportTextureBrushRenderer3new
FN:116,_RNvMs_NtNtCsjAfDNjLymyL_16wgpu_3dgs_viewer9selection22viewport_texture_brushNtB4_28ViewportTextureBrushRenderer6render
FN:22,_RNvMNtNtCsjAfDNjLymyL_16wgpu_3dgs_viewer9selection22viewport_texture_brushINtB2_28ViewportTextureBrushRendereruE17create_bind_groupB6_
FN:22,_RNvMNtNtCsjMvbNGsYfvH_16wgpu_3dgs_viewer9selection22viewport_texture_brushINtB2_28ViewportTextureBrushRendererpE17create_bind_groupB6_
FN:281,_RNvMs0_NtNtCsjMvbNGsYfvH_16wgpu_3dgs_viewer9selection22viewport_texture_brushINtB5_28ViewportTextureBrushRendereruE16render_with_pass
FN:186,_RNvMs0_NtNtCsjMvbNGsYfvH_16wgpu_3dgs_viewer9selection22viewport_texture_brushINtB5_28ViewportTextureBrushRendereruE22new_without_bind_group
FN:255,_RNvMs0_NtNtCsjMvbNGsYfvH_16wgpu_3dgs_viewer9selection22viewport_texture_brushINtB5_28ViewportTextureBrushRendereruE6render
FN:137,_RNvMs_NtNtCsjMvbNGsYfvH_16wgpu_3dgs_viewer9selection22viewport_texture_brushNtB4_28ViewportTextureBrushRenderer16render_with_pass
FN:144,_RNvMs_NtNtCsjMvbNGsYfvH_16wgpu_3dgs_viewer9selection22viewport_texture_brushNtB4_28ViewportTextureBrushRenderer24create_bind_group_static
FN:95,_RNvMs_NtNtCsjMvbNGsYfvH_16wgpu_3dgs_viewer9selection22viewport_texture_brushNtB4_28ViewportTextureBrushRenderer3new
FN:116,_RNvMs_NtNtCsjMvbNGsYfvH_16wgpu_3dgs_viewer9selection22viewport_texture_brushNtB4_28ViewportTextureBrushRenderer6render
FNDA:0,_RNvMs0_NtNtCsjAfDNjLymyL_16wgpu_3dgs_viewer9selection22viewport_texture_brushINtB5_28ViewportTextureBrushRendereruE16render_with_pass
FNDA:7,_RNvMs0_NtNtCsjAfDNjLymyL_16wgpu_3dgs_viewer9selection22viewport_texture_brushINtB5_28ViewportTextureBrushRendereruE22new_without_bind_group
FNDA:0,_RNvMs0_NtNtCsjAfDNjLymyL_16wgpu_3dgs_viewer9selection22viewport_texture_brushINtB5_28ViewportTextureBrushRendereruE6render
FNDA:3,_RNvMs_NtNtCsjAfDNjLymyL_16wgpu_3dgs_viewer9selection22viewport_texture_brushNtB4_28ViewportTextureBrushRenderer16render_with_pass
FNDA:7,_RNvMs_NtNtCsjAfDNjLymyL_16wgpu_3dgs_viewer9selection22viewport_texture_brushNtB4_28ViewportTextureBrushRenderer24create_bind_group_static
FNDA:7,_RNvMs_NtNtCsjAfDNjLymyL_16wgpu_3dgs_viewer9selection22viewport_texture_brushNtB4_28ViewportTextureBrushRenderer3new
FNDA:3,_RNvMs_NtNtCsjAfDNjLymyL_16wgpu_3dgs_viewer9selection22viewport_texture_brushNtB4_28ViewportTextureBrushRenderer6render
FNDA:7,_RNvMNtNtCsjAfDNjLymyL_16wgpu_3dgs_viewer9selection22viewport_texture_brushINtB2_28ViewportTextureBrushRendereruE17create_bind_groupB6_
FNDA:0,_RNvMNtNtCsjMvbNGsYfvH_16wgpu_3dgs_viewer9selection22viewport_texture_brushINtB2_28ViewportTextureBrushRendererpE17create_bind_groupB6_
FNDA:0,_RNvMs0_NtNtCsjMvbNGsYfvH_16wgpu_3dgs_viewer9selection22viewport_texture_brushINtB5_28ViewportTextureBrushRendereruE16render_with_pass
FNDA:0,_RNvMs0_NtNtCsjMvbNGsYfvH_16wgpu_3dgs_viewer9selection22viewport_texture_brushINtB5_28ViewportTextureBrushRendereruE22new_without_bind_group
FNDA:0,_RNvMs0_NtNtCsjMvbNGsYfvH_16wgpu_3dgs_viewer9selection22viewport_texture_brushINtB5_28ViewportTextureBrushRendereruE6render
FNDA:0,_RNvMs_NtNtCsjMvbNGsYfvH_16wgpu_3dgs_viewer9selection22viewport_texture_brushNtB4_28ViewportTextureBrushRenderer16render_with_pass
FNDA:0,_RNvMs_NtNtCsjMvbNGsYfvH_16wgpu_3dgs_viewer9selection22viewport_texture_brushNtB4_28ViewportTextureBrushRenderer24create_bind_group_static
FNDA:0,_RNvMs_NtNtCsjMvbNGsYfvH_16wgpu_3dgs_viewer9selection22viewport_texture_brushNtB4_28ViewportTextureBrushRenderer3new
FNDA:0,_RNvMs_NtNtCsjMvbNGsYfvH_16wgpu_3dgs_viewer9selection22viewport_texture_brushNtB4_28ViewportTextureBrushRenderer6render
FNF:8
FNH:6
DA:22,7
DA:23,7
DA:24,7
DA:25,7
DA:26,7
DA:27,7
DA:28,7
DA:29,7
DA:30,7
DA:31,7
DA:32,7
DA:33,7
DA:34,7
DA:35,7
DA:36,7
DA:38,7
DA:95,7
DA:96,7
DA:97,7
DA:98,7
DA:99,7
DA:100,7
DA:101,7
DA:102,7
DA:103,7
DA:105,7
DA:106,7
DA:108,7
DA:109,7
DA:110,7
DA:111,7
DA:112,7
DA:113,7
DA:116,3
DA:117,3
DA:118,3
DA:119,3
DA:120,3
DA:121,3
DA:122,3
DA:123,3
DA:124,3
DA:125,3
DA:126,3
DA:127,3
DA:128,3
DA:129,3
DA:130,3
DA:131,3
DA:133,3
DA:134,3
DA:137,3
DA:138,3
DA:139,3
DA:140,3
DA:141,3
DA:144,7
DA:145,7
DA:146,7
DA:147,7
DA:148,7
DA:149,7
DA:150,7
DA:151,7
DA:152,7
DA:153,7
DA:154,7
DA:155,7
DA:156,7
DA:157,7
DA:158,7
DA:159,7
DA:160,7
DA:161,7
DA:162,7
DA:163,7
DA:164,7
DA:165,7
DA:166,7
DA:167,7
DA:168,7
DA:169,7
DA:170,7
DA:171,7
DA:172,7
DA:173,7
DA:174,7
DA:175,7
DA:176,7
DA:177,7
DA:178,7
DA:186,7
DA:187,7
DA:188,7
DA:189,7
DA:190,7
DA:191,7
DA:192,7
DA:194,7
DA:195,7
DA:196,7
DA:197,7
DA:198,7
DA:199,7
DA:201,7
DA:202,7
DA:203,7
DA:205,7
DA:206,7
DA:207,7
DA:208,7
DA:209,7
DA:210,7
DA:211,7
DA:212,0
DA:213,7
DA:214,7
DA:218,7
DA:219,7
DA:220,7
DA:221,7
DA:222,7
DA:223,7
DA:224,7
DA:225,7
DA:226,7
DA:227,7
DA:228,7
DA:229,7
DA:230,7
DA:231,7
DA:232,7
DA:233,7
DA:234,7
DA:235,7
DA:236,7
DA:237,7
DA:238,7
DA:239,7
DA:240,7
DA:241,7
DA:242,7
DA:243,7
DA:245,7
DA:247,7
DA:248,7
DA:249,7
DA:250,7
DA:251,7
DA:252,7
DA:255,0
DA:256,0
DA:257,0
DA:258,0
DA:259,0
DA:260,0
DA:261,0
DA:262,0
DA:263,0
DA:264,0
DA:265,0
DA:266,0
DA:267,0
DA:268,0
DA:269,0
DA:270,0
DA:271,0
DA:272,0
DA:273,0
DA:274,0
DA:275,0
DA:277,0
DA:278,0
DA:281,0
DA:282,0
DA:283,0
DA:284,0
DA:285,0
BRF:0
BRH:0
LF:178
LH:149
end_of_record
SF:C:\Users\s2010\Me\Codes\Rust\wgpu-3dgs-viewer\src\selection\viewport_texture_rectangle.rs
FN:262,_RNvMs0_NtNtCsjAfDNjLymyL_16wgpu_3dgs_viewer9selection26viewport_texture_rectangleINtB5_32ViewportTextureRectangleRendereruE16render_with_pass
FN:166,_RNvMs0_NtNtCsjAfDNjLymyL_16wgpu_3dgs_viewer9selection26viewport_texture_rectangleINtB5_32ViewportTextureRectangleRendereruE22new_without_bind_group
FN:236,_RNvMs0_NtNtCsjAfDNjLymyL_16wgpu_3dgs_viewer9selection26viewport_texture_rectangleINtB5_32ViewportTextureRectangleRendereruE6render
FN:123,_RNvMs_NtNtCsjAfDNjLymyL_16wgpu_3dgs_viewer9selection26viewport_texture_rectangleNtB4_32ViewportTextureRectangleRenderer16render_with_pass
FN:130,_RNvMs_NtNtCsjAfDNjLymyL_16wgpu_3dgs_viewer9selection26viewport_texture_rectangleNtB4_32ViewportTextureRectangleRenderer24create_bind_group_static
FN:82,_RNvMs_NtNtCsjAfDNjLymyL_16wgpu_3dgs_viewer9selection26viewport_texture_rectangleNtB4_32ViewportTextureRectangleRenderer3new
FN:102,_RNvMs_NtNtCsjAfDNjLymyL_16wgpu_3dgs_viewer9selection26viewport_texture_rectangleNtB4_32ViewportTextureRectangleRenderer6render
FN:22,_RNvMNtNtCsjAfDNjLymyL_16wgpu_3dgs_viewer9selection26viewport_texture_rectangleINtB2_32ViewportTextureRectangleRendereruE17create_bind_groupB6_
FN:22,_RNvMNtNtCsjMvbNGsYfvH_16wgpu_3dgs_viewer9selection26viewport_texture_rectangleINtB2_32ViewportTextureRectangleRendererpE17create_bind_groupB6_
FN:262,_RNvMs0_NtNtCsjMvbNGsYfvH_16wgpu_3dgs_viewer9selection26viewport_texture_rectangleINtB5_32ViewportTextureRectangleRendereruE16render_with_pass
FN:166,_RNvMs0_NtNtCsjMvbNGsYfvH_16wgpu_3dgs_viewer9selection26viewport_texture_rectangleINtB5_32ViewportTextureRectangleRendereruE22new_without_bind_group
FN:236,_RNvMs0_NtNtCsjMvbNGsYfvH_16wgpu_3dgs_viewer9selection26viewport_texture_rectangleINtB5_32ViewportTextureRectangleRendereruE6render
FN:123,_RNvMs_NtNtCsjMvbNGsYfvH_16wgpu_3dgs_viewer9selection26viewport_texture_rectangleNtB4_32ViewportTextureRectangleRenderer16render_with_pass
FN:130,_RNvMs_NtNtCsjMvbNGsYfvH_16wgpu_3dgs_viewer9selection26viewport_texture_rectangleNtB4_32ViewportTextureRectangleRenderer24create_bind_group_static
FN:82,_RNvMs_NtNtCsjMvbNGsYfvH_16wgpu_3dgs_viewer9selection26viewport_texture_rectangleNtB4_32ViewportTextureRectangleRenderer3new
FN:102,_RNvMs_NtNtCsjMvbNGsYfvH_16wgpu_3dgs_viewer9selection26viewport_texture_rectangleNtB4_32ViewportTextureRectangleRenderer6render
FNDA:0,_RNvMs0_NtNtCsjAfDNjLymyL_16wgpu_3dgs_viewer9selection26viewport_texture_rectangleINtB5_32ViewportTextureRectangleRendereruE16render_with_pass
FNDA:7,_RNvMs0_NtNtCsjAfDNjLymyL_16wgpu_3dgs_viewer9selection26viewport_texture_rectangleINtB5_32ViewportTextureRectangleRendereruE22new_without_bind_group
FNDA:0,_RNvMs0_NtNtCsjAfDNjLymyL_16wgpu_3dgs_viewer9selection26viewport_texture_rectangleINtB5_32ViewportTextureRectangleRendereruE6render
FNDA:3,_RNvMs_NtNtCsjAfDNjLymyL_16wgpu_3dgs_viewer9selection26viewport_texture_rectangleNtB4_32ViewportTextureRectangleRenderer16render_with_pass
FNDA:7,_RNvMs_NtNtCsjAfDNjLymyL_16wgpu_3dgs_viewer9selection26viewport_texture_rectangleNtB4_32ViewportTextureRectangleRenderer24create_bind_group_static
FNDA:7,_RNvMs_NtNtCsjAfDNjLymyL_16wgpu_3dgs_viewer9selection26viewport_texture_rectangleNtB4_32ViewportTextureRectangleRenderer3new
FNDA:3,_RNvMs_NtNtCsjAfDNjLymyL_16wgpu_3dgs_viewer9selection26viewport_texture_rectangleNtB4_32ViewportTextureRectangleRenderer6render
FNDA:7,_RNvMNtNtCsjAfDNjLymyL_16wgpu_3dgs_viewer9selection26viewport_texture_rectangleINtB2_32ViewportTextureRectangleRendereruE17create_bind_groupB6_
FNDA:0,_RNvMNtNtCsjMvbNGsYfvH_16wgpu_3dgs_viewer9selection26viewport_texture_rectangleINtB2_32ViewportTextureRectangleRendererpE17create_bind_groupB6_
FNDA:0,_RNvMs0_NtNtCsjMvbNGsYfvH_16wgpu_3dgs_viewer9selection26viewport_texture_rectangleINtB5_32ViewportTextureRectangleRendereruE16render_with_pass
FNDA:0,_RNvMs0_NtNtCsjMvbNGsYfvH_16wgpu_3dgs_viewer9selection26viewport_texture_rectangleINtB5_32ViewportTextureRectangleRendereruE22new_without_bind_group
FNDA:0,_RNvMs0_NtNtCsjMvbNGsYfvH_16wgpu_3dgs_viewer9selection26viewport_texture_rectangleINtB5_32ViewportTextureRectangleRendereruE6render
FNDA:0,_RNvMs_NtNtCsjMvbNGsYfvH_16wgpu_3dgs_viewer9selection26viewport_texture_rectangleNtB4_32ViewportTextureRectangleRenderer16render_with_pass
FNDA:0,_RNvMs_NtNtCsjMvbNGsYfvH_16wgpu_3dgs_viewer9selection26viewport_texture_rectangleNtB4_32ViewportTextureRectangleRenderer24create_bind_group_static
FNDA:0,_RNvMs_NtNtCsjMvbNGsYfvH_16wgpu_3dgs_viewer9selection26viewport_texture_rectangleNtB4_32ViewportTextureRectangleRenderer3new
FNDA:0,_RNvMs_NtNtCsjMvbNGsYfvH_16wgpu_3dgs_viewer9selection26viewport_texture_rectangleNtB4_32ViewportTextureRectangleRenderer6render
FNF:8
FNH:6
DA:22,7
DA:23,7
DA:24,7
DA:25,7
DA:26,7
DA:27,7
DA:28,7
DA:29,7
DA:30,7
DA:31,7
DA:32,7
DA:33,7
DA:34,7
DA:36,7
DA:82,7
DA:83,7
DA:84,7
DA:85,7
DA:86,7
DA:87,7
DA:88,7
DA:89,7
DA:91,7
DA:92,7
DA:94,7
DA:95,7
DA:96,7
DA:97,7
DA:98,7
DA:99,7
DA:102,3
DA:103,3
DA:104,3
DA:105,3
DA:106,3
DA:107,3
DA:108,3
DA:109,3
DA:110,3
DA:111,3
DA:112,3
DA:113,3
DA:114,3
DA:115,3
DA:116,3
DA:117,3
DA:119,3
DA:120,3
DA:123,3
DA:124,3
DA:125,3
DA:126,3
DA:127,3
DA:130,7
DA:131,7
DA:132,7
DA:133,7
DA:134,7
DA:135,7
DA:136,7
DA:137,7
DA:138,7
DA:139,7
DA:140,7
DA:141,7
DA:142,7
DA:143,7
DA:144,7
DA:145,7
DA:146,7
DA:147,7
DA:148,7
DA:149,7
DA:150,7
DA:151,7
DA:152,7
DA:153,7
DA:154,7
DA:155,7
DA:156,7
DA:157,7
DA:158,7
DA:166,7
DA:167,7
DA:168,7
DA:169,7
DA:170,7
DA:171,7
DA:172,7
DA:175,7
DA:176,7
DA:177,7
DA:178,7
DA:179,7
DA:180,7
DA:182,7
DA:183,7
DA:184,7
DA:186,7
DA:187,7
DA:188,7
DA:189,7
DA:190,7
DA:191,7
DA:192,7
DA:193,0
DA:194,7
DA:195,7
DA:199,7
DA:200,7
DA:201,7
DA:202,7
DA:203,7
DA:204,7
DA:205,7
DA:206,7
DA:207,7
DA:208,7
DA:209,7
DA:210,7
DA:211,7
DA:212,7
DA:213,7
DA:214,7
DA:215,7
DA:216,7
DA:217,7
DA:218,7
DA:219,7
DA:220,7
DA:221,7
DA:222,7
DA:223,7
DA:224,7
DA:226,7
DA:228,7
DA:229,7
DA:230,7
DA:231,7
DA:232,7
DA:233,7
DA:236,0
DA:237,0
DA:238,0
DA:239,0
DA:240,0
DA:241,0
DA:242,0
DA:243,0
DA:244,0
DA:245,0
DA:246,0
DA:247,0
DA:248,0
DA:249,0
DA:250,0
DA:251,0
DA:252,0
DA:253,0
DA:254,0
DA:255,0
DA:256,0
DA:258,0
DA:259,0
DA:262,0
DA:263,0
DA:264,0
DA:265,0
DA:266,0
BRF:0
BRH:0
LF:169
LH:140
end_of_record
SF:C:\Users\s2010\Me\Codes\Rust\wgpu-3dgs-viewer\src\wesl_utils.rs
FN:7,_RNvNtCsjAfDNjLymyL_16wgpu_3dgs_viewer10wesl_utils8resolver
FN:7,_RNvNtCsjMvbNGsYfvH_16wgpu_3dgs_viewer10wesl_utils8resolver
FNDA:102,_RNvNtCsjAfDNjLymyL_16wgpu_3dgs_viewer10wesl_utils8resolver
FNDA:0,_RNvNtCsjMvbNGsYfvH_16wgpu_3dgs_viewer10wesl_utils8resolver
FNF:1
FNH:1
DA:7,102
DA:8,102
DA:9,102
DA:10,102
DA:11,102
DA:12,102
BRF:0
BRH:0
LF:6
LH:6
end_of_record