SF:C:\Users\s2010\Me\Codes\Rust\wgpu-3dgs-viewer\src\buffer\camera.rs
FN:26,_RINvMNtNtCs3Mcpfj5Jg9n_16wgpu_3dgs_viewer6buffer6cameraNtB3_12CameraBuffer6updateNtNtB7_6camera6CameraECsugFF6ZPP2O_3mod
FN:72,_RINvMs3_NtNtCs3Mcpfj5Jg9n_16wgpu_3dgs_viewer6buffer6cameraNtB6_9CameraPod3newNtNtBa_6camera6CameraECsugFF6ZPP2O_3mod
FN:31,_RNvMNtNtCs3Mcpfj5Jg9n_16wgpu_3dgs_viewer6buffer6cameraNtB2_12CameraBuffer15update_with_pod
FN:14,_RNvMNtNtCs3Mcpfj5Jg9n_16wgpu_3dgs_viewer6buffer6cameraNtB2_12CameraBuffer3new
FN:51,_RNvXs1_NtNtCs3Mcpfj5Jg9n_16wgpu_3dgs_viewer6buffer6cameraNtB5_12CameraBufferINtNtCs9OCfJ4KTcUD_4core7convert7TryFromNtNtNtCslUPZSKK4PRh_4wgpu3api6buffer6BufferE8try_from
FN:37,_RNvXs_NtNtCs3Mcpfj5Jg9n_16wgpu_3dgs_viewer6buffer6cameraNtB4_12CameraBufferNtNtCs4ci6KV7TqoM_14wgpu_3dgs_core6buffer13BufferWrapper6buffer
FN:43,_RNvXs0_NtNtCs3Mcpfj5Jg9n_16wgpu_3dgs_viewer6buffer6cameraNtNtNtCslUPZSKK4PRh_4wgpu3api6buffer6BufferINtNtCs9OCfJ4KTcUD_4core7convert4FromNtB5_12CameraBufferE4from
FN:52,_RNCNvXs1_NtNtCs3Mcpfj5Jg9n_16wgpu_3dgs_viewer6buffer6cameraNtB7_12CameraBufferINtNtCs9OCfJ4KTcUD_4core7convert7TryFromNtNtNtCslUPZSKK4PRh_4wgpu3api6buffer6BufferE8try_from0Bb_
FN:26,_RINvMNtNtCs3Mcpfj5Jg9n_16wgpu_3dgs_viewer6buffer6cameraNtB3_12CameraBuffer6updatepEB7_
FN:72,_RINvMs3_NtNtCs3Mcpfj5Jg9n_16wgpu_3dgs_viewer6buffer6cameraNtB6_9CameraPod3newpEBa_
FN:26,_RINvMNtNtCsd1MoTXSmoBL_16wgpu_3dgs_viewer6buffer6cameraNtB3_12CameraBuffer6updatepEB7_
FN:72,_RINvMs3_NtNtCsd1MoTXSmoBL_16wgpu_3dgs_viewer6buffer6cameraNtB6_9CameraPod3newpEBa_
FN:52,_RNCNvXs1_NtNtCsd1MoTXSmoBL_16wgpu_3dgs_viewer6buffer6cameraNtB7_12CameraBufferINtNtCs9OCfJ4KTcUD_4core7convert7TryFromNtNtNtCslUPZSKK4PRh_4wgpu3api6buffer6BufferE8try_from0Bb_
FN:31,_RNvMNtNtCsd1MoTXSmoBL_16wgpu_3dgs_viewer6buffer6cameraNtB2_12CameraBuffer15update_with_pod
FN:14,_RNvMNtNtCsd1MoTXSmoBL_16wgpu_3dgs_viewer6buffer6cameraNtB2_12CameraBuffer3new
FN:43,_RNvXs0_NtNtCsd1MoTXSmoBL_16wgpu_3dgs_viewer6buffer6cameraNtNtNtCslUPZSKK4PRh_4wgpu3api6buffer6BufferINtNtCs9OCfJ4KTcUD_4core7convert4FromNtB5_12CameraBufferE4from
FN:51,_RNvXs1_NtNtCsd1MoTXSmoBL_16wgpu_3dgs_viewer6buffer6cameraNtB5_12CameraBufferINtNtCs9OCfJ4KTcUD_4core7convert7TryFromNtNtNtCslUPZSKK4PRh_4wgpu3api6buffer6BufferE8try_from
FN:37,_RNvXs_NtNtCsd1MoTXSmoBL_16wgpu_3dgs_viewer6buffer6cameraNtB4_12CameraBufferNtNtCs4ci6KV7TqoM_14wgpu_3dgs_core6buffer13BufferWrapper6buffer
FN:26,_RINvMNtNtCs3Mcpfj5Jg9n_16wgpu_3dgs_viewer6buffer6cameraNtB3_12CameraBuffer6updateNtNtB7_6camera6CameraECscTtbrcHN62B_26multi_model_with_lampshade
FN:72,_RINvMs3_NtNtCs3Mcpfj5Jg9n_16wgpu_3dgs_viewer6buffer6cameraNtB6_9CameraPod3newNtNtBa_6camera6CameraECscTtbrcHN62B_26multi_model_with_lampshade
FN:26,_RINvMNtNtCs3Mcpfj5Jg9n_16wgpu_3dgs_viewer6buffer6cameraNtB3_12CameraBuffer6updateNtNtB7_6camera6CameraECs2D2QWD3dfm9_11multi_model
FN:72,_RINvMs3_NtNtCs3Mcpfj5Jg9n_16wgpu_3dgs_viewer6buffer6cameraNtB6_9CameraPod3newNtNtBa_6camera6CameraECs2D2QWD3dfm9_11multi_model
FN:26,_RINvMNtNtCs3Mcpfj5Jg9n_16wgpu_3dgs_viewer6buffer6cameraNtB3_12CameraBuffer6updateNtNtB7_6camera6CameraECsgZsThlafw2d_9selection
FN:72,_RINvMs3_NtNtCs3Mcpfj5Jg9n_16wgpu_3dgs_viewer6buffer6cameraNtB6_9CameraPod3newNtNtBa_6camera6CameraECsgZsThlafw2d_9selection
FN:26,_RINvMNtNtCs3Mcpfj5Jg9n_16wgpu_3dgs_viewer6buffer6cameraNtB3_12CameraBuffer6updateNtNtB7_6camera6CameraECsao77I1ua3lb_21simple_with_lampshade
FN:72,_RINvMs3_NtNtCs3Mcpfj5Jg9n_16wgpu_3dgs_viewer6buffer6cameraNtB6_9CameraPod3newNtNtBa_6camera6CameraECsao77I1ua3lb_21simple_with_lampshade
FN:26,_RINvMNtNtCs3Mcpfj5Jg9n_16wgpu_3dgs_viewer6buffer6cameraNtB3_12CameraBuffer6updateNtNtB7_6camera6CameraECs8AxnetaeJ9w_6simple
FN:72,_RINvMs3_NtNtCs3Mcpfj5Jg9n_16wgpu_3dgs_viewer6buffer6cameraNtB6_9CameraPod3newNtNtBa_6camera6CameraECs8AxnetaeJ9w_6simple
FNDA:3,_RINvMNtNtCs3Mcpfj5Jg9n_16wgpu_3dgs_viewer6buffer6cameraNtB3_12CameraBuffer6updateNtNtB7_6camera6CameraECsugFF6ZPP2O_3mod
FNDA:32,_RINvMs3_NtNtCs3Mcpfj5Jg9n_16wgpu_3dgs_viewer6buffer6cameraNtB6_9CameraPod3newNtNtBa_6camera6CameraECsugFF6ZPP2O_3mod
FNDA:275,_RNvMNtNtCs3Mcpfj5Jg9n_16wgpu_3dgs_viewer6buffer6cameraNtB2_12CameraBuffer15update_with_pod
FNDA:29,_RNvMNtNtCs3Mcpfj5Jg9n_16wgpu_3dgs_viewer6buffer6cameraNtB2_12CameraBuffer3new
FNDA:3,_RNvXs1_NtNtCs3Mcpfj5Jg9n_16wgpu_3dgs_viewer6buffer6cameraNtB5_12CameraBufferINtNtCs9OCfJ4KTcUD_4core7convert7TryFromNtNtNtCslUPZSKK4PRh_4wgpu3api6buffer6BufferE8try_from
FNDA:107,_RNvXs_NtNtCs3Mcpfj5Jg9n_16wgpu_3dgs_viewer6buffer6cameraNtB4_12CameraBufferNtNtCs4ci6KV7TqoM_14wgpu_3dgs_core6buffer13BufferWrapper6buffer
FNDA:1,_RNvXs0_NtNtCs3Mcpfj5Jg9n_16wgpu_3dgs_viewer6buffer6cameraNtNtNtCslUPZSKK4PRh_4wgpu3api6buffer6BufferINtNtCs9OCfJ4KTcUD_4core7convert4FromNtB5_12CameraBufferE4from
FNDA:3,_RNCNvXs1_NtNtCs3Mcpfj5Jg9n_16wgpu_3dgs_viewer6buffer6cameraNtB7_12CameraBufferINtNtCs9OCfJ4KTcUD_4core7convert7TryFromNtNtNtCslUPZSKK4PRh_4wgpu3api6buffer6BufferE8try_from0Bb_
FNDA:0,_RINvMNtNtCs3Mcpfj5Jg9n_16wgpu_3dgs_viewer6buffer6cameraNtB3_12CameraBuffer6updatepEB7_
FNDA:0,_RINvMs3_NtNtCs3Mcpfj5Jg9n_16wgpu_3dgs_viewer6buffer6cameraNtB6_9CameraPod3newpEBa_
FNDA:0,_RINvMNtNtCsd1MoTXSmoBL_16wgpu_3dgs_viewer6buffer6cameraNtB3_12CameraBuffer6updatepEB7_
FNDA:0,_RINvMs3_NtNtCsd1MoTXSmoBL_16wgpu_3dgs_viewer6buffer6cameraNtB6_9CameraPod3newpEBa_
FNDA:0,_RNCNvXs1_NtNtCsd1MoTXSmoBL_16wgpu_3dgs_viewer6buffer6cameraNtB7_12CameraBufferINtNtCs9OCfJ4KTcUD_4core7convert7TryFromNtNtNtCslUPZSKK4PRh_4wgpu3api6buffer6BufferE8try_from0Bb_
FNDA:0,_RNvMNtNtCsd1MoTXSmoBL_16wgpu_3dgs_viewer6buffer6cameraNtB2_12CameraBuffer15update_with_pod
FNDA:0,_RNvMNtNtCsd1MoTXSmoBL_16wgpu_3dgs_viewer6buffer6cameraNtB2_12CameraBuffer3new
FNDA:0,_RNvXs0_NtNtCsd1MoTXSmoBL_16wgpu_3dgs_viewer6buffer6cameraNtNtNtCslUPZSKK4PRh_4wgpu3api6buffer6BufferINtNtCs9OCfJ4KTcUD_4core7convert4FromNtB5_12CameraBufferE4from
FNDA:0,_RNvXs1_NtNtCsd1MoTXSmoBL_16wgpu_3dgs_viewer6buffer6cameraNtB5_12CameraBufferINtNtCs9OCfJ4KTcUD_4core7convert7TryFromNtNtNtCslUPZSKK4PRh_4wgpu3api6buffer6BufferE8try_from
FNDA:0,_RNvXs_NtNtCsd1MoTXSmoBL_16wgpu_3dgs_viewer6buffer6cameraNtB4_12CameraBufferNtNtCs4ci6KV7TqoM_14wgpu_3dgs_core6buffer13BufferWrapper6buffer
FNDA:0,_RINvMNtNtCs3Mcpfj5Jg9n_16wgpu_3dgs_viewer6buffer6cameraNtB3_12CameraBuffer6updateNtNtB7_6camera6CameraECscTtbrcHN62B_26multi_model_with_lampshade
FNDA:0,_RINvMs3_NtNtCs3Mcpfj5Jg9n_16wgpu_3dgs_viewer6buffer6cameraNtB6_9CameraPod3newNtNtBa_6camera6CameraECscTtbrcHN62B_26multi_model_with_lampshade
FNDA:0,_RINvMNtNtCs3Mcpfj5Jg9n_16wgpu_3dgs_viewer6buffer6cameraNtB3_12CameraBuffer6updateNtNtB7_6camera6CameraECs2D2QWD3dfm9_11multi_model
FNDA:0,_RINvMs3_NtNtCs3Mcpfj5Jg9n_16wgpu_3dgs_viewer6buffer6cameraNtB6_9CameraPod3newNtNtBa_6camera6CameraECs2D2QWD3dfm9_11multi_model
FNDA:247,_RINvMNtNtCs3Mcpfj5Jg9n_16wgpu_3dgs_viewer6buffer6cameraNtB3_12CameraBuffer6updateNtNtB7_6camera6CameraECsgZsThlafw2d_9selection
FNDA:247,_RINvMs3_NtNtCs3Mcpfj5Jg9n_16wgpu_3dgs_viewer6buffer6cameraNtB6_9CameraPod3newNtNtBa_6camera6CameraECsgZsThlafw2d_9selection
FNDA:0,_RINvMNtNtCs3Mcpfj5Jg9n_16wgpu_3dgs_viewer6buffer6cameraNtB3_12CameraBuffer6updateNtNtB7_6camera6CameraECsao77I1ua3lb_21simple_with_lampshade
FNDA:0,_RINvMs3_NtNtCs3Mcpfj5Jg9n_16wgpu_3dgs_viewer6buffer6cameraNtB6_9CameraPod3newNtNtBa_6camera6CameraECsao77I1ua3lb_21simple_with_lampshade
FNDA:0,_RINvMNtNtCs3Mcpfj5Jg9n_16wgpu_3dgs_viewer6buffer6cameraNtB3_12CameraBuffer6updateNtNtB7_6camera6CameraECs8AxnetaeJ9w_6simple
FNDA:0,_RINvMs3_NtNtCs3Mcpfj5Jg9n_16wgpu_3dgs_viewer6buffer6cameraNtB6_9CameraPod3newNtNtBa_6camera6CameraECs8AxnetaeJ9w_6simple
FNF:8
FNH:8
DA:14,29
DA:15,29
DA:16,29
DA:17,29
DA:18,29
DA:19,29
DA:20,29
DA:22,29
DA:23,29
DA:26,250
DA:27,250
DA:28,250
DA:31,275
DA:32,275
DA:33,275
DA:37,107
DA:38,107
DA:39,107
DA:43,1
DA:44,1
DA:45,1
DA:51,3
DA:52,3
DA:53,3
DA:72,279
DA:73,279
DA:74,279
DA:75,279
DA:76,279
DA:77,279
DA:78,279
DA:79,279
BRF:0
BRH:0
LF:33
LH:33
end_of_record
SF:C:\Users\s2010\Me\Codes\Rust\wgpu-3dgs-viewer\src\buffer\depth.rs
FN:33,_RNvXs0_NtNtCs3Mcpfj5Jg9n_16wgpu_3dgs_viewer6buffer5depthNtNtNtCslUPZSKK4PRh_4wgpu3api6buffer6BufferINtNtCs9OCfJ4KTcUD_4core7convert4FromNtB5_20GaussiansDepthBufferE4from
FN:9,_RNvMNtNtCs3Mcpfj5Jg9n_16wgpu_3dgs_viewer6buffer5depthNtB2_20GaussiansDepthBuffer3new
FN:27,_RNvXs_NtNtCs3Mcpfj5Jg9n_16wgpu_3dgs_viewer6buffer5depthNtB4_20GaussiansDepthBufferNtNtCs4ci6KV7TqoM_14wgpu_3dgs_core6buffer13BufferWrapper6buffer
FN:9,_RNvMNtNtCsd1MoTXSmoBL_16wgpu_3dgs_viewer6buffer5depthNtB2_20GaussiansDepthBuffer3new
FN:33,_RNvXs0_NtNtCsd1MoTXSmoBL_16wgpu_3dgs_viewer6buffer5depthNtNtNtCslUPZSKK4PRh_4wgpu3api6buffer6BufferINtNtCs9OCfJ4KTcUD_4core7convert4FromNtB5_20GaussiansDepthBufferE4from
FN:27,_RNvXs_NtNtCsd1MoTXSmoBL_16wgpu_3dgs_viewer6buffer5depthNtB4_20GaussiansDepthBufferNtNtCs4ci6KV7TqoM_14wgpu_3dgs_core6buffer13BufferWrapper6buffer
FNDA:0,_RNvXs0_NtNtCs3Mcpfj5Jg9n_16wgpu_3dgs_viewer6buffer5depthNtNtNtCslUPZSKK4PRh_4wgpu3api6buffer6BufferINtNtCs9OCfJ4KTcUD_4core7convert4FromNtB5_20GaussiansDepthBufferE4from
FNDA:39,_RNvMNtNtCs3Mcpfj5Jg9n_16wgpu_3dgs_viewer6buffer5depthNtB2_20GaussiansDepthBuffer3new
FNDA:81,_RNvXs_NtNtCs3Mcpfj5Jg9n_16wgpu_3dgs_viewer6buffer5depthNtB4_20GaussiansDepthBufferNtNtCs4ci6KV7TqoM_14wgpu_3dgs_core6buffer13BufferWrapper6buffer
FNDA:0,_RNvMNtNtCsd1MoTXSmoBL_16wgpu_3dgs_viewer6buffer5depthNtB2_20GaussiansDepthBuffer3new
FNDA:0,_RNvXs0_NtNtCsd1MoTXSmoBL_16wgpu_3dgs_viewer6buffer5depthNtNtNtCslUPZSKK4PRh_4wgpu3api6buffer6BufferINtNtCs9OCfJ4KTcUD_4core7convert4FromNtB5_20GaussiansDepthBufferE4from
FNDA:0,_RNvXs_NtNtCsd1MoTXSmoBL_16wgpu_3dgs_viewer6buffer5depthNtB4_20GaussiansDepthBufferNtNtCs4ci6KV7TqoM_14wgpu_3dgs_core6buffer13BufferWrapper6buffer
FNF:3
FNH:2
DA:9,39
DA:11,39
DA:13,39
DA:14,39
DA:15,39
DA:16,39
DA:17,39
DA:18,39
DA:20,39
DA:21,39
DA:27,81
DA:28,81
DA:29,81
DA:33,0
DA:34,0
DA:35,0
BRF:0
BRH:0
LF:16
LH:13
end_of_record
SF:C:\Users\s2010\Me\Codes\Rust\wgpu-3dgs-viewer\src\buffer\indirect_args.rs
FN:40,_RNvXs0_NtNtCs3Mcpfj5Jg9n_16wgpu_3dgs_viewer6buffer13indirect_argsNtNtNtCslUPZSKK4PRh_4wgpu3api6buffer6BufferINtNtCs9OCfJ4KTcUD_4core7convert4FromNtB5_18IndirectArgsBufferE4from
FN:85,_RNvXs5_NtNtCs3Mcpfj5Jg9n_16wgpu_3dgs_viewer6buffer13indirect_argsNtNtNtCslUPZSKK4PRh_4wgpu3api6buffer6BufferINtNtCs9OCfJ4KTcUD_4core7convert4FromNtB5_27DepthSortIndirectArgsBufferE4from
FN:129,_RNvXsa_NtNtCs3Mcpfj5Jg9n_16wgpu_3dgs_viewer6buffer13indirect_argsNtNtNtCslUPZSKK4PRh_4wgpu3api6buffer6BufferINtNtCs9OCfJ4KTcUD_4core7convert4FromNtB5_21IndirectIndicesBufferE4from
FN:12,_RNvMNtNtCs3Mcpfj5Jg9n_16wgpu_3dgs_viewer6buffer13indirect_argsNtB2_18IndirectArgsBuffer3new
FN:63,_RNvMs3_NtNtCs3Mcpfj5Jg9n_16wgpu_3dgs_viewer6buffer13indirect_argsNtB5_27DepthSortIndirectArgsBuffer3new
FN:108,_RNvMs8_NtNtCs3Mcpfj5Jg9n_16wgpu_3dgs_viewer6buffer13indirect_argsNtB5_21IndirectIndicesBuffer3new
FN:48,_RNvXs1_NtNtCs3Mcpfj5Jg9n_16wgpu_3dgs_viewer6buffer13indirect_argsNtB5_18IndirectArgsBufferINtNtCs9OCfJ4KTcUD_4core7convert7TryFromNtNtNtCslUPZSKK4PRh_4wgpu3api6buffer6BufferE8try_from
FN:79,_RNvXs4_NtNtCs3Mcpfj5Jg9n_16wgpu_3dgs_viewer6buffer13indirect_argsNtB5_27DepthSortIndirectArgsBufferNtNtCs4ci6KV7TqoM_14wgpu_3dgs_core6buffer13BufferWrapper6buffer
FN:93,_RNvXs6_NtNtCs3Mcpfj5Jg9n_16wgpu_3dgs_viewer6buffer13indirect_argsNtB5_27DepthSortIndirectArgsBufferINtNtCs9OCfJ4KTcUD_4core7convert7TryFromNtNtNtCslUPZSKK4PRh_4wgpu3api6buffer6BufferE8try_from
FN:123,_RNvXs9_NtNtCs3Mcpfj5Jg9n_16wgpu_3dgs_viewer6buffer13indirect_argsNtB5_21IndirectIndicesBufferNtNtCs4ci6KV7TqoM_14wgpu_3dgs_core6buffer13BufferWrapper6buffer
FN:34,_RNvXs_NtNtCs3Mcpfj5Jg9n_16wgpu_3dgs_viewer6buffer13indirect_argsNtB4_18IndirectArgsBufferNtNtCs4ci6KV7TqoM_14wgpu_3dgs_core6buffer13BufferWrapper6buffer
FN:135,_RNvXsb_NtNtCs3Mcpfj5Jg9n_16wgpu_3dgs_viewer6buffer13indirect_argsNtB5_21IndirectIndicesBufferINtNtCs9OCfJ4KTcUD_4core7convert4FromNtNtNtCslUPZSKK4PRh_4wgpu3api6buffer6BufferE4from
FN:49,_RNCNvXs1_NtNtCs3Mcpfj5Jg9n_16wgpu_3dgs_viewer6buffer13indirect_argsNtB7_18IndirectArgsBufferINtNtCs9OCfJ4KTcUD_4core7convert7TryFromNtNtNtCslUPZSKK4PRh_4wgpu3api6buffer6BufferE8try_from0Bb_
FN:94,_RNCNvXs6_NtNtCs3Mcpfj5Jg9n_16wgpu_3dgs_viewer6buffer13indirect_argsNtB7_27DepthSortIndirectArgsBufferINtNtCs9OCfJ4KTcUD_4core7convert7TryFromNtNtNtCslUPZSKK4PRh_4wgpu3api6buffer6BufferE8try_from0Bb_
FN:49,_RNCNvXs1_NtNtCsd1MoTXSmoBL_16wgpu_3dgs_viewer6buffer13indirect_argsNtB7_18IndirectArgsBufferINtNtCs9OCfJ4KTcUD_4core7convert7TryFromNtNtNtCslUPZSKK4PRh_4wgpu3api6buffer6BufferE8try_from0Bb_
FN:94,_RNCNvXs6_NtNtCsd1MoTXSmoBL_16wgpu_3dgs_viewer6buffer13indirect_argsNtB7_27DepthSortIndirectArgsBufferINtNtCs9OCfJ4KTcUD_4core7convert7TryFromNtNtNtCslUPZSKK4PRh_4wgpu3api6buffer6BufferE8try_from0Bb_
FN:12,_RNvMNtNtCsd1MoTXSmoBL_16wgpu_3dgs_viewer6buffer13indirect_argsNtB2_18IndirectArgsBuffer3new
FN:63,_RNvMs3_NtNtCsd1MoTXSmoBL_16wgpu_3dgs_viewer6buffer13indirect_argsNtB5_27DepthSortIndirectArgsBuffer3new
FN:108,_RNvMs8_NtNtCsd1MoTXSmoBL_16wgpu_3dgs_viewer6buffer13indirect_argsNtB5_21IndirectIndicesBuffer3new
FN:40,_RNvXs0_NtNtCsd1MoTXSmoBL_16wgpu_3dgs_viewer6buffer13indirect_argsNtNtNtCslUPZSKK4PRh_4wgpu3api6buffer6BufferINtNtCs9OCfJ4KTcUD_4core7convert4FromNtB5_18IndirectArgsBufferE4from
FN:48,_RNvXs1_NtNtCsd1MoTXSmoBL_16wgpu_3dgs_viewer6buffer13indirect_argsNtB5_18IndirectArgsBufferINtNtCs9OCfJ4KTcUD_4core7convert7TryFromNtNtNtCslUPZSKK4PRh_4wgpu3api6buffer6BufferE8try_from
FN:79,_RNvXs4_NtNtCsd1MoTXSmoBL_16wgpu_3dgs_viewer6buffer13indirect_argsNtB5_27DepthSortIndirectArgsBufferNtNtCs4ci6KV7TqoM_14wgpu_3dgs_core6buffer13BufferWrapper6buffer
FN:85,_RNvXs5_NtNtCsd1MoTXSmoBL_16wgpu_3dgs_viewer6buffer13indirect_argsNtNtNtCslUPZSKK4PRh_4wgpu3api6buffer6BufferINtNtCs9OCfJ4KTcUD_4core7convert4FromNtB5_27DepthSortIndirectArgsBufferE4from
FN:93,_RNvXs6_NtNtCsd1MoTXSmoBL_16wgpu_3dgs_viewer6buffer13indirect_argsNtB5_27DepthSortIndirectArgsBufferINtNtCs9OCfJ4KTcUD_4core7convert7TryFromNtNtNtCslUPZSKK4PRh_4wgpu3api6buffer6BufferE8try_from
FN:123,_RNvXs9_NtNtCsd1MoTXSmoBL_16wgpu_3dgs_viewer6buffer13indirect_argsNtB5_21IndirectIndicesBufferNtNtCs4ci6KV7TqoM_14wgpu_3dgs_core6buffer13BufferWrapper6buffer
FN:34,_RNvXs_NtNtCsd1MoTXSmoBL_16wgpu_3dgs_viewer6buffer13indirect_argsNtB4_18IndirectArgsBufferNtNtCs4ci6KV7TqoM_14wgpu_3dgs_core6buffer13BufferWrapper6buffer
FN:129,_RNvXsa_NtNtCsd1MoTXSmoBL_16wgpu_3dgs_viewer6buffer13indirect_argsNtNtNtCslUPZSKK4PRh_4wgpu3api6buffer6BufferINtNtCs9OCfJ4KTcUD_4core7convert4FromNtB5_21IndirectIndicesBufferE4from
FN:135,_RNvXsb_NtNtCsd1MoTXSmoBL_16wgpu_3dgs_viewer6buffer13indirect_argsNtB5_21IndirectIndicesBufferINtNtCs9OCfJ4KTcUD_4core7convert4FromNtNtNtCslUPZSKK4PRh_4wgpu3api6buffer6BufferE4from
FNDA:1,_RNvXs0_NtNtCs3Mcpfj5Jg9n_16wgpu_3dgs_viewer6buffer13indirect_argsNtNtNtCslUPZSKK4PRh_4wgpu3api6buffer6BufferINtNtCs9OCfJ4KTcUD_4core7convert4FromNtB5_18IndirectArgsBufferE4from
FNDA:1,_RNvXs5_NtNtCs3Mcpfj5Jg9n_16wgpu_3dgs_viewer6buffer13indirect_argsNtNtNtCslUPZSKK4PRh_4wgpu3api6buffer6BufferINtNtCs9OCfJ4KTcUD_4core7convert4FromNtB5_27DepthSortIndirectArgsBufferE4from
FNDA:1,_RNvXsa_NtNtCs3Mcpfj5Jg9n_16wgpu_3dgs_viewer6buffer13indirect_argsNtNtNtCslUPZSKK4PRh_4wgpu3api6buffer6BufferINtNtCs9OCfJ4KTcUD_4core7convert4FromNtB5_21IndirectIndicesBufferE4from
FNDA:40,_RNvMNtNtCs3Mcpfj5Jg9n_16wgpu_3dgs_viewer6buffer13indirect_argsNtB2_18IndirectArgsBuffer3new
FNDA:40,_RNvMs3_NtNtCs3Mcpfj5Jg9n_16wgpu_3dgs_viewer6buffer13indirect_argsNtB5_27DepthSortIndirectArgsBuffer3new
FNDA:45,_RNvMs8_NtNtCs3Mcpfj5Jg9n_16wgpu_3dgs_viewer6buffer13indirect_argsNtB5_21IndirectIndicesBuffer3new
FNDA:1,_RNvXs1_NtNtCs3Mcpfj5Jg9n_16wgpu_3dgs_viewer6buffer13indirect_argsNtB5_18IndirectArgsBufferINtNtCs9OCfJ4KTcUD_4core7convert7TryFromNtNtNtCslUPZSKK4PRh_4wgpu3api6buffer6BufferE8try_from
FNDA:329,_RNvXs4_NtNtCs3Mcpfj5Jg9n_16wgpu_3dgs_viewer6buffer13indirect_argsNtB5_27DepthSortIndirectArgsBufferNtNtCs4ci6KV7TqoM_14wgpu_3dgs_core6buffer13BufferWrapper6buffer
FNDA:1,_RNvXs6_NtNtCs3Mcpfj5Jg9n_16wgpu_3dgs_viewer6buffer13indirect_argsNtB5_27DepthSortIndirectArgsBufferINtNtCs9OCfJ4KTcUD_4core7convert7TryFromNtNtNtCslUPZSKK4PRh_4wgpu3api6buffer6BufferE8try_from
FNDA:131,_RNvXs9_NtNtCs3Mcpfj5Jg9n_16wgpu_3dgs_viewer6buffer13indirect_argsNtB5_21IndirectIndicesBufferNtNtCs4ci6KV7TqoM_14wgpu_3dgs_core6buffer13BufferWrapper6buffer
FNDA:357,_RNvXs_NtNtCs3Mcpfj5Jg9n_16wgpu_3dgs_viewer6buffer13indirect_argsNtB4_18IndirectArgsBufferNtNtCs4ci6KV7TqoM_14wgpu_3dgs_core6buffer13BufferWrapper6buffer
FNDA:1,_RNvXsb_NtNtCs3Mcpfj5Jg9n_16wgpu_3dgs_viewer6buffer13indirect_argsNtB5_21IndirectIndicesBufferINtNtCs9OCfJ4KTcUD_4core7convert4FromNtNtNtCslUPZSKK4PRh_4wgpu3api6buffer6BufferE4from
FNDA:1,_RNCNvXs1_NtNtCs3Mcpfj5Jg9n_16wgpu_3dgs_viewer6buffer13indirect_argsNtB7_18IndirectArgsBufferINtNtCs9OCfJ4KTcUD_4core7convert7TryFromNtNtNtCslUPZSKK4PRh_4wgpu3api6buffer6BufferE8try_from0Bb_
FNDA:1,_RNCNvXs6_NtNtCs3Mcpfj5Jg9n_16wgpu_3dgs_viewer6buffer13indirect_argsNtB7_27DepthSortIndirectArgsBufferINtNtCs9OCfJ4KTcUD_4core7convert7TryFromNtNtNtCslUPZSKK4PRh_4wgpu3api6buffer6BufferE8try_from0Bb_
FNDA:0,_RNCNvXs1_NtNtCsd1MoTXSmoBL_16wgpu_3dgs_viewer6buffer13indirect_argsNtB7_18IndirectArgsBufferINtNtCs9OCfJ4KTcUD_4core7convert7TryFromNtNtNtCslUPZSKK4PRh_4wgpu3api6buffer6BufferE8try_from0Bb_
FNDA:0,_RNCNvXs6_NtNtCsd1MoTXSmoBL_16wgpu_3dgs_viewer6buffer13indirect_argsNtB7_27DepthSortIndirectArgsBufferINtNtCs9OCfJ4KTcUD_4core7convert7TryFromNtNtNtCslUPZSKK4PRh_4wgpu3api6buffer6BufferE8try_from0Bb_
FNDA:0,_RNvMNtNtCsd1MoTXSmoBL_16wgpu_3dgs_viewer6buffer13indirect_argsNtB2_18IndirectArgsBuffer3new
FNDA:0,_RNvMs3_NtNtCsd1MoTXSmoBL_16wgpu_3dgs_viewer6buffer13indirect_argsNtB5_27DepthSortIndirectArgsBuffer3new
FNDA:0,_RNvMs8_NtNtCsd1MoTXSmoBL_16wgpu_3dgs_viewer6buffer13indirect_argsNtB5_21IndirectIndicesBuffer3new
FNDA:0,_RNvXs0_NtNtCsd1MoTXSmoBL_16wgpu_3dgs_viewer6buffer13indirect_argsNtNtNtCslUPZSKK4PRh_4wgpu3api6buffer6BufferINtNtCs9OCfJ4KTcUD_4core7convert4FromNtB5_18IndirectArgsBufferE4from
FNDA:0,_RNvXs1_NtNtCsd1MoTXSmoBL_16wgpu_3dgs_viewer6buffer13indirect_argsNtB5_18IndirectArgsBufferINtNtCs9OCfJ4KTcUD_4core7convert7TryFromNtNtNtCslUPZSKK4PRh_4wgpu3api6buffer6BufferE8try_from
FNDA:0,_RNvXs4_NtNtCsd1MoTXSmoBL_16wgpu_3dgs_viewer6buffer13indirect_argsNtB5_27DepthSortIndirectArgsBufferNtNtCs4ci6KV7TqoM_14wgpu_3dgs_core6buffer13BufferWrapper6buffer
FNDA:0,_RNvXs5_NtNtCsd1MoTXSmoBL_16wgpu_3dgs_viewer6buffer13indirect_argsNtNtNtCslUPZSKK4PRh_4wgpu3api6buffer6BufferINtNtCs9OCfJ4KTcUD_4core7convert4FromNtB5_27DepthSortIndirectArgsBufferE4from
FNDA:0,_RNvXs6_NtNtCsd1MoTXSmoBL_16wgpu_3dgs_viewer6buffer13indirect_argsNtB5_27DepthSortIndirectArgsBufferINtNtCs9OCfJ4KTcUD_4core7convert7TryFromNtNtNtCslUPZSKK4PRh_4wgpu3api6buffer6BufferE8try_from
FNDA:0,_RNvXs9_NtNtCsd1MoTXSmoBL_16wgpu_3dgs_viewer6buffer13indirect_argsNtB5_21IndirectIndicesBufferNtNtCs4ci6KV7TqoM_14wgpu_3dgs_core6buffer13BufferWrapper6buffer
FNDA:0,_RNvXs_NtNtCsd1MoTXSmoBL_16wgpu_3dgs_viewer6buffer13indirect_argsNtB4_18IndirectArgsBufferNtNtCs4ci6KV7TqoM_14wgpu_3dgs_core6buffer13BufferWrapper6buffer
FNDA:0,_RNvXsa_NtNtCsd1MoTXSmoBL_16wgpu_3dgs_viewer6buffer13indirect_argsNtNtNtCslUPZSKK4PRh_4wgpu3api6buffer6BufferINtNtCs9OCfJ4KTcUD_4core7convert4FromNtB5_21IndirectIndicesBufferE4from
FNDA:0,_RNvXsb_NtNtCsd1MoTXSmoBL_16wgpu_3dgs_viewer6buffer13indirect_argsNtB5_21IndirectIndicesBufferINtNtCs9OCfJ4KTcUD_4core7convert4FromNtNtNtCslUPZSKK4PRh_4wgpu3api6buffer6BufferE4from
FNF:14
FNH:14
DA:12,40
DA:13,40
DA:14,40
DA:15,40
DA:16,40
DA:17,40
DA:18,40
DA:19,40
DA:20,40
DA:21,40
DA:22,40
DA:23,40
DA:25,40
DA:26,40
DA:34,357
DA:35,357
DA:36,357
DA:40,1
DA:41,1
DA:42,1
DA:48,1
DA:49,1
DA:50,1
DA:63,40
DA:64,40
DA:65,40
DA:66,40
DA:67,40
DA:68,40
DA:70,40
DA:71,40
DA:79,329
DA:80,329
DA:81,329
DA:85,1
DA:86,1
DA:87,1
DA:93,1
DA:94,1
DA:95,1
DA:108,45
DA:109,45
DA:110,45
DA:111,45
DA:112,45
DA:113,45
DA:114,45
DA:116,45
DA:117,45
DA:123,131
DA:124,131
DA:125,131
DA:129,1
DA:130,1
DA:131,1
DA:135,1
DA:136,1
DA:137,1
BRF:0
BRH:0
LF:60
LH:60
end_of_record
SF:C:\Users\s2010\Me\Codes\Rust\wgpu-3dgs-viewer\src\camera.rs
FN:71,_RNvMNtCs3Mcpfj5Jg9n_16wgpu_3dgs_viewer6cameraNtB2_6Camera11get_forward
FN:40,_RNvMNtCs3Mcpfj5Jg9n_16wgpu_3dgs_viewer6cameraNtB2_6Camera3new
FN:66,_RNvMNtCs3Mcpfj5Jg9n_16wgpu_3dgs_viewer6cameraNtB2_6Camera6yaw_by
FN:51,_RNvMNtCs3Mcpfj5Jg9n_16wgpu_3dgs_viewer6cameraNtB2_6Camera7move_by
FN:56,_RNvMNtCs3Mcpfj5Jg9n_16wgpu_3dgs_viewer6cameraNtB2_6Camera7move_up
FN:61,_RNvMNtCs3Mcpfj5Jg9n_16wgpu_3dgs_viewer6cameraNtB2_6Camera8pitch_by
FN:80,_RNvMNtCs3Mcpfj5Jg9n_16wgpu_3dgs_viewer6cameraNtB2_6Camera9get_right
FN:90,_RNvXs_NtCs3Mcpfj5Jg9n_16wgpu_3dgs_viewer6cameraNtB4_6CameraNtB4_11CameraTrait10projection
FN:86,_RNvXs_NtCs3Mcpfj5Jg9n_16wgpu_3dgs_viewer6cameraNtB4_6CameraNtB4_11CameraTrait4view
FN:71,_RNvMNtCsd1MoTXSmoBL_16wgpu_3dgs_viewer6cameraNtB2_6Camera11get_forward
FN:40,_RNvMNtCsd1MoTXSmoBL_16wgpu_3dgs_viewer6cameraNtB2_6Camera3new
FN:66,_RNvMNtCsd1MoTXSmoBL_16wgpu_3dgs_viewer6cameraNtB2_6Camera6yaw_by
FN:51,_RNvMNtCsd1MoTXSmoBL_16wgpu_3dgs_viewer6cameraNtB2_6Camera7move_by
FN:56,_RNvMNtCsd1MoTXSmoBL_16wgpu_3dgs_viewer6cameraNtB2_6Camera7move_up
FN:61,_RNvMNtCsd1MoTXSmoBL_16wgpu_3dgs_viewer6cameraNtB2_6Camera8pitch_by
FN:80,_RNvMNtCsd1MoTXSmoBL_16wgpu_3dgs_viewer6cameraNtB2_6Camera9get_right
FN:90,_RNvXs_NtCsd1MoTXSmoBL_16wgpu_3dgs_viewer6cameraNtB4_6CameraNtB4_11CameraTrait10projection
FN:86,_RNvXs_NtCsd1MoTXSmoBL_16wgpu_3dgs_viewer6cameraNtB4_6CameraNtB4_11CameraTrait4view
FNDA:775,_RNvMNtCs3Mcpfj5Jg9n_16wgpu_3dgs_viewer6cameraNtB2_6Camera11get_forward
FNDA:30,_RNvMNtCs3Mcpfj5Jg9n_16wgpu_3dgs_viewer6cameraNtB2_6Camera3new
FNDA:248,_RNvMNtCs3Mcpfj5Jg9n_16wgpu_3dgs_viewer6cameraNtB2_6Camera6yaw_by
FNDA:247,_RNvMNtCs3Mcpfj5Jg9n_16wgpu_3dgs_viewer6cameraNtB2_6Camera7move_by
FNDA:247,_RNvMNtCs3Mcpfj5Jg9n_16wgpu_3dgs_viewer6cameraNtB2_6Camera7move_up
FNDA:248,_RNvMNtCs3Mcpfj5Jg9n_16wgpu_3dgs_viewer6cameraNtB2_6Camera8pitch_by
FNDA:247,_RNvMNtCs3Mcpfj5Jg9n_16wgpu_3dgs_viewer6cameraNtB2_6Camera9get_right
FNDA:281,_RNvXs_NtCs3Mcpfj5Jg9n_16wgpu_3dgs_viewer6cameraNtB4_6CameraNtB4_11CameraTrait10projection
FNDA:281,_RNvXs_NtCs3Mcpfj5Jg9n_16wgpu_3dgs_viewer6cameraNtB4_6CameraNtB4_11CameraTrait4view
FNDA:0,_RNvMNtCsd1MoTXSmoBL_16wgpu_3dgs_viewer6cameraNtB2_6Camera11get_forward
FNDA:0,_RNvMNtCsd1MoTXSmoBL_16wgpu_3dgs_viewer6cameraNtB2_6Camera3new
FNDA:0,_RNvMNtCsd1MoTXSmoBL_16wgpu_3dgs_viewer6cameraNtB2_6Camera6yaw_by
FNDA:0,_RNvMNtCsd1MoTXSmoBL_16wgpu_3dgs_viewer6cameraNtB2_6Camera7move_by
FNDA:0,_RNvMNtCsd1MoTXSmoBL_16wgpu_3dgs_viewer6cameraNtB2_6Camera7move_up
FNDA:0,_RNvMNtCsd1MoTXSmoBL_16wgpu_3dgs_viewer6cameraNtB2_6Camera8pitch_by
FNDA:0,_RNvMNtCsd1MoTXSmoBL_16wgpu_3dgs_viewer6cameraNtB2_6Camera9get_right
FNDA:0,_RNvXs_NtCsd1MoTXSmoBL_16wgpu_3dgs_viewer6cameraNtB4_6CameraNtB4_11CameraTrait10projection
FNDA:0,_RNvXs_NtCsd1MoTXSmoBL_16wgpu_3dgs_viewer6cameraNtB4_6CameraNtB4_11CameraTrait4view
FNF:9
FNH:9
DA:40,30
DA:41,30
DA:42,30
DA:43,30
DA:44,30
DA:45,30
DA:46,30
DA:47,30
DA:48,30
DA:51,247
DA:52,247
DA:53,247
DA:56,247
DA:57,247
DA:58,247
DA:61,248
DA:62,248
DA:63,248
DA:66,248
DA:67,248
DA:68,248
DA:71,775
DA:72,775
DA:73,775
DA:74,775
DA:75,775
DA:77,775
DA:80,247
DA:81,247
DA:82,247
DA:86,281
DA:87,281
DA:88,281
DA:90,281
DA:91,281
DA:92,281
DA:93,281
DA:94,281
DA:95,281
DA:97,281
BRF:0
BRH:0
LF:40
LH:40
end_of_record
SF:C:\Users\s2010\Me\Codes\Rust\wgpu-3dgs-viewer\src\depth_sorter.rs
FN:119,_RNvMs0_NtCs3Mcpfj5Jg9n_16wgpu_3dgs_viewer12depth_sorterINtB5_11RadixSorteruE23new_without_bind_groups
FN:135,_RNvMs0_NtCs3Mcpfj5Jg9n_16wgpu_3dgs_viewer12depth_sorterINtB5_11RadixSorteruE4sort
FN:84,_RNvMs_NtCs3Mcpfj5Jg9n_16wgpu_3dgs_viewer12depth_sorterNtB4_11RadixSorter3new
FN:104,_RNvMs_NtCs3Mcpfj5Jg9n_16wgpu_3dgs_viewer12depth_sorterNtB4_11RadixSorter4sort
FN:147,_RNvXs1_NtCs3Mcpfj5Jg9n_16wgpu_3dgs_viewer12depth_sorterNtB5_11RadixSorterNtB5_11DepthSorter4sort
FN:159,_RNvXs2_NtCs3Mcpfj5Jg9n_16wgpu_3dgs_viewer12depth_sorterINtB5_11RadixSorteruENtB5_28DepthSorterWithoutBindGroups18create_bind_groups
FN:169,_RNvXs2_NtCs3Mcpfj5Jg9n_16wgpu_3dgs_viewer12depth_sorterINtB5_11RadixSorteruENtB5_28DepthSorterWithoutBindGroups4sort
FN:709,_RINvMNtNtCs3Mcpfj5Jg9n_16wgpu_3dgs_viewer12depth_sorter9wgpu_sortNtB3_9GPUSorter4sortpEB7_
FN:753,_RNvMNtNtCs3Mcpfj5Jg9n_16wgpu_3dgs_viewer12depth_sorter9wgpu_sortNtB2_9GPUSorter19create_sort_buffers
FN:652,_RNvMNtNtCs3Mcpfj5Jg9n_16wgpu_3dgs_viewer12depth_sorter9wgpu_sortNtB2_9GPUSorter19record_scatter_keys
FN:465,_RNvMNtNtCs3Mcpfj5Jg9n_16wgpu_3dgs_viewer12depth_sorter9wgpu_sortNtB2_9GPUSorter21create_keyval_buffers
FN:575,_RNvMNtNtCs3Mcpfj5Jg9n_16wgpu_3dgs_viewer12depth_sorter9wgpu_sortNtB2_9GPUSorter26record_calculate_histogram
FN:938,_RNvMs_NtNtCs3Mcpfj5Jg9n_16wgpu_3dgs_viewer12depth_sorter9wgpu_sortNtB4_11SortBuffers4keys
FN:943,_RNvMs_NtNtCs3Mcpfj5Jg9n_16wgpu_3dgs_viewer12depth_sorter9wgpu_sortNtB4_11SortBuffers6values
FN:893,_RNvYpNtNtNtCs3Mcpfj5Jg9n_16wgpu_3dgs_viewer12depth_sorter9wgpu_sort16SortBuffersTrait15keys_valid_sizeB9_
FN:395,_RNvMNtNtCs3Mcpfj5Jg9n_16wgpu_3dgs_viewer12depth_sorter9wgpu_sortNtB2_9GPUSorter17bind_group_layout
FN:566,_RNvMNtNtCs3Mcpfj5Jg9n_16wgpu_3dgs_viewer12depth_sorter9wgpu_sortNtB2_9GPUSorter17general_info_data
FN:637,_RNvMNtNtCs3Mcpfj5Jg9n_16wgpu_3dgs_viewer12depth_sorter9wgpu_sortNtB2_9GPUSorter23record_prefix_histogram
FN:540,_RNvMNtNtCs3Mcpfj5Jg9n_16wgpu_3dgs_viewer12depth_sorter9wgpu_sortNtB2_9GPUSorter26create_internal_mem_buffer
FN:816,_RNvMNtNtCs3Mcpfj5Jg9n_16wgpu_3dgs_viewer12depth_sorter9wgpu_sortNtB2_9GPUSorter28create_internal_sort_buffers
FN:679,_RNvMNtNtCs3Mcpfj5Jg9n_16wgpu_3dgs_viewer12depth_sorter9wgpu_sortNtB2_9GPUSorter28record_scatter_keys_indirect
FN:510,_RNvMNtNtCs3Mcpfj5Jg9n_16wgpu_3dgs_viewer12depth_sorter9wgpu_sortNtB2_9GPUSorter30create_internal_keyval_buffers
FN:607,_RNvMNtNtCs3Mcpfj5Jg9n_16wgpu_3dgs_viewer12depth_sorter9wgpu_sortNtB2_9GPUSorter35record_calculate_histogram_indirect
FN:280,_RNvMNtNtCs3Mcpfj5Jg9n_16wgpu_3dgs_viewer12depth_sorter9wgpu_sortNtB2_9GPUSorter3new
FN:1008,_RNvNtNtCs3Mcpfj5Jg9n_16wgpu_3dgs_viewer12depth_sorter9wgpu_sort15histo_blocks_ru
FN:1013,_RNvNtNtCs3Mcpfj5Jg9n_16wgpu_3dgs_viewer12depth_sorter9wgpu_sort16keys_buffer_size
FN:1003,_RNvNtNtCs3Mcpfj5Jg9n_16wgpu_3dgs_viewer12depth_sorter9wgpu_sort17scatter_blocks_ru
FN:1018,_RNvNtNtCs3Mcpfj5Jg9n_16wgpu_3dgs_viewer12depth_sorter9wgpu_sort22keys_buffer_size_bytes
FN:953,_RNvXs0_NtNtCs3Mcpfj5Jg9n_16wgpu_3dgs_viewer12depth_sorter9wgpu_sortNtB5_11SortBuffersNtB5_16SortBuffersTrait10bind_group
FN:957,_RNvXs0_NtNtCs3Mcpfj5Jg9n_16wgpu_3dgs_viewer12depth_sorter9wgpu_sortNtB5_11SortBuffersNtB5_16SortBuffersTrait12state_buffer
FN:949,_RNvXs0_NtNtCs3Mcpfj5Jg9n_16wgpu_3dgs_viewer12depth_sorter9wgpu_sortNtB5_11SortBuffersNtB5_16SortBuffersTrait3len
FN:994,_RNvXs1_NtNtCs3Mcpfj5Jg9n_16wgpu_3dgs_viewer12depth_sorter9wgpu_sortNtB5_19InternalSortBuffersNtB5_16SortBuffersTrait10bind_group
FN:998,_RNvXs1_NtNtCs3Mcpfj5Jg9n_16wgpu_3dgs_viewer12depth_sorter9wgpu_sortNtB5_19InternalSortBuffersNtB5_16SortBuffersTrait12state_buffer
FN:990,_RNvXs1_NtNtCs3Mcpfj5Jg9n_16wgpu_3dgs_viewer12depth_sorter9wgpu_sortNtB5_19InternalSortBuffersNtB5_16SortBuffersTrait3len
FN:739,_RINvMNtNtCs3Mcpfj5Jg9n_16wgpu_3dgs_viewer12depth_sorter9wgpu_sortNtB3_9GPUSorter13sort_indirectNtB3_19InternalSortBuffersEB7_
FN:68,_RNvMNtCs3Mcpfj5Jg9n_16wgpu_3dgs_viewer12depth_sorterINtB2_11RadixSorteruE18create_bind_groupsB4_
FN:739,_RINvMNtNtCsd1MoTXSmoBL_16wgpu_3dgs_viewer12depth_sorter9wgpu_sortNtB3_9GPUSorter13sort_indirectpEB7_
FN:709,_RINvMNtNtCsd1MoTXSmoBL_16wgpu_3dgs_viewer12depth_sorter9wgpu_sortNtB3_9GPUSorter4sortpEB7_
FN:68,_RNvMNtCsd1MoTXSmoBL_16wgpu_3dgs_viewer12depth_sorterINtB2_11RadixSorterpE18create_bind_groupsB4_
FN:395,_RNvMNtNtCsd1MoTXSmoBL_16wgpu_3dgs_viewer12depth_sorter9wgpu_sortNtB2_9GPUSorter17bind_group_layout
FN:566,_RNvMNtNtCsd1MoTXSmoBL_16wgpu_3dgs_viewer12depth_sorter9wgpu_sortNtB2_9GPUSorter17general_info_data
FN:753,_RNvMNtNtCsd1MoTXSmoBL_16wgpu_3dgs_viewer12depth_sorter9wgpu_sortNtB2_9GPUSorter19create_sort_buffers
FN:652,_RNvMNtNtCsd1MoTXSmoBL_16wgpu_3dgs_viewer12depth_sorter9wgpu_sortNtB2_9GPUSorter19record_scatter_keys
FN:465,_RNvMNtNtCsd1MoTXSmoBL_16wgpu_3dgs_viewer12depth_sorter9wgpu_sortNtB2_9GPUSorter21create_keyval_buffers
FN:637,_RNvMNtNtCsd1MoTXSmoBL_16wgpu_3dgs_viewer12depth_sorter9wgpu_sortNtB2_9GPUSorter23record_prefix_histogram
FN:540,_RNvMNtNtCsd1MoTXSmoBL_16wgpu_3dgs_viewer12depth_sorter9wgpu_sortNtB2_9GPUSorter26create_internal_mem_buffer
FN:575,_RNvMNtNtCsd1MoTXSmoBL_16wgpu_3dgs_viewer12depth_sorter9wgpu_sortNtB2_9GPUSorter26record_calculate_histogram
FN:816,_RNvMNtNtCsd1MoTXSmoBL_16wgpu_3dgs_viewer12depth_sorter9wgpu_sortNtB2_9GPUSorter28create_internal_sort_buffers
FN:679,_RNvMNtNtCsd1MoTXSmoBL_16wgpu_3dgs_viewer12depth_sorter9wgpu_sortNtB2_9GPUSorter28record_scatter_keys_indirect
FN:510,_RNvMNtNtCsd1MoTXSmoBL_16wgpu_3dgs_viewer12depth_sorter9wgpu_sortNtB2_9GPUSorter30create_internal_keyval_buffers
FN:607,_RNvMNtNtCsd1MoTXSmoBL_16wgpu_3dgs_viewer12depth_sorter9wgpu_sortNtB2_9GPUSorter35record_calculate_histogram_indirect
FN:280,_RNvMNtNtCsd1MoTXSmoBL_16wgpu_3dgs_viewer12depth_sorter9wgpu_sortNtB2_9GPUSorter3new
FN:119,_RNvMs0_NtCsd1MoTXSmoBL_16wgpu_3dgs_viewer12depth_sorterINtB5_11RadixSorteruE23new_without_bind_groups
FN:135,_RNvMs0_NtCsd1MoTXSmoBL_16wgpu_3dgs_viewer12depth_sorterINtB5_11RadixSorteruE4sort
FN:84,_RNvMs_NtCsd1MoTXSmoBL_16wgpu_3dgs_viewer12depth_sorterNtB4_11RadixSorter3new
FN:104,_RNvMs_NtCsd1MoTXSmoBL_16wgpu_3dgs_viewer12depth_sorterNtB4_11RadixSorter4sort
FN:938,_RNvMs_NtNtCsd1MoTXSmoBL_16wgpu_3dgs_viewer12depth_sorter9wgpu_sortNtB4_11SortBuffers4keys
FN:943,_RNvMs_NtNtCsd1MoTXSmoBL_16wgpu_3dgs_viewer12depth_sorter9wgpu_sortNtB4_11SortBuffers6values
FN:1008,_RNvNtNtCsd1MoTXSmoBL_16wgpu_3dgs_viewer12depth_sorter9wgpu_sort15histo_blocks_ru
FN:1013,_RNvNtNtCsd1MoTXSmoBL_16wgpu_3dgs_viewer12depth_sorter9wgpu_sort16keys_buffer_size
FN:1003,_RNvNtNtCsd1MoTXSmoBL_16wgpu_3dgs_viewer12depth_sorter9wgpu_sort17scatter_blocks_ru
FN:1018,_RNvNtNtCsd1MoTXSmoBL_16wgpu_3dgs_viewer12depth_sorter9wgpu_sort22keys_buffer_size_bytes
FN:953,_RNvXs0_NtNtCsd1MoTXSmoBL_16wgpu_3dgs_viewer12depth_sorter9wgpu_sortNtB5_11SortBuffersNtB5_16SortBuffersTrait10bind_group
FN:957,_RNvXs0_NtNtCsd1MoTXSmoBL_16wgpu_3dgs_viewer12depth_sorter9wgpu_sortNtB5_11SortBuffersNtB5_16SortBuffersTrait12state_buffer
FN:949,_RNvXs0_NtNtCsd1MoTXSmoBL_16wgpu_3dgs_viewer12depth_sorter9wgpu_sortNtB5_11SortBuffersNtB5_16SortBuffersTrait3len
FN:147,_RNvXs1_NtCsd1MoTXSmoBL_16wgpu_3dgs_viewer12depth_sorterNtB5_11RadixSorterNtB5_11DepthSorter4sort
FN:994,_RNvXs1_NtNtCsd1MoTXSmoBL_16wgpu_3dgs_viewer12depth_sorter9wgpu_sortNtB5_19InternalSortBuffersNtB5_16SortBuffersTrait10bind_group
FN:998,_RNvXs1_NtNtCsd1MoTXSmoBL_16wgpu_3dgs_viewer12depth_sorter9wgpu_sortNtB5_19InternalSortBuffersNtB5_16SortBuffersTrait12state_buffer
FN:990,_RNvXs1_NtNtCsd1MoTXSmoBL_16wgpu_3dgs_viewer12depth_sorter9wgpu_sortNtB5_19InternalSortBuffersNtB5_16SortBuffersTrait3len
FN:159,_RNvXs2_NtCsd1MoTXSmoBL_16wgpu_3dgs_viewer12depth_sorterINtB5_11RadixSorteruENtB5_28DepthSorterWithoutBindGroups18create_bind_groups
FN:169,_RNvXs2_NtCsd1MoTXSmoBL_16wgpu_3dgs_viewer12depth_sorterINtB5_11RadixSorteruENtB5_28DepthSorterWithoutBindGroups4sort
FN:893,_RNvYpNtNtNtCsd1MoTXSmoBL_16wgpu_3dgs_viewer12depth_sorter9wgpu_sort16SortBuffersTrait15keys_valid_sizeB9_
FNDA:27,_RNvMs0_NtCs3Mcpfj5Jg9n_16wgpu_3dgs_viewer12depth_sorterINtB5_11RadixSorteruE23new_without_bind_groups
FNDA:23,_RNvMs0_NtCs3Mcpfj5Jg9n_16wgpu_3dgs_viewer12depth_sorterINtB5_11RadixSorteruE4sort
FNDA:17,_RNvMs_NtCs3Mcpfj5Jg9n_16wgpu_3dgs_viewer12depth_sorterNtB4_11RadixSorter3new
FNDA:265,_RNvMs_NtCs3Mcpfj5Jg9n_16wgpu_3dgs_viewer12depth_sorterNtB4_11RadixSorter4sort
FNDA:264,_RNvXs1_NtCs3Mcpfj5Jg9n_16wgpu_3dgs_viewer12depth_sorterNtB5_11RadixSorterNtB5_11DepthSorter4sort
FNDA:18,_RNvXs2_NtCs3Mcpfj5Jg9n_16wgpu_3dgs_viewer12depth_sorterINtB5_11RadixSorteruENtB5_28DepthSorterWithoutBindGroups18create_bind_groups
FNDA:23,_RNvXs2_NtCs3Mcpfj5Jg9n_16wgpu_3dgs_viewer12depth_sorterINtB5_11RadixSorteruENtB5_28DepthSorterWithoutBindGroups4sort
FNDA:0,_RINvMNtNtCs3Mcpfj5Jg9n_16wgpu_3dgs_viewer12depth_sorter9wgpu_sortNtB3_9GPUSorter4sortpEB7_
FNDA:0,_RNvMNtNtCs3Mcpfj5Jg9n_16wgpu_3dgs_viewer12depth_sorter9wgpu_sortNtB2_9GPUSorter19create_sort_buffers
FNDA:0,_RNvMNtNtCs3Mcpfj5Jg9n_16wgpu_3dgs_viewer12depth_sorter9wgpu_sortNtB2_9GPUSorter19record_scatter_keys
FNDA:0,_RNvMNtNtCs3Mcpfj5Jg9n_16wgpu_3dgs_viewer12depth_sorter9wgpu_sortNtB2_9GPUSorter21create_keyval_buffers
FNDA:0,_RNvMNtNtCs3Mcpfj5Jg9n_16wgpu_3dgs_viewer12depth_sorter9wgpu_sortNtB2_9GPUSorter26record_calculate_histogram
FNDA:0,_RNvMs_NtNtCs3Mcpfj5Jg9n_16wgpu_3dgs_viewer12depth_sorter9wgpu_sortNtB4_11SortBuffers4keys
FNDA:0,_RNvMs_NtNtCs3Mcpfj5Jg9n_16wgpu_3dgs_viewer12depth_sorter9wgpu_sortNtB4_11SortBuffers6values
FNDA:0,_RNvYpNtNtNtCs3Mcpfj5Jg9n_16wgpu_3dgs_viewer12depth_sorter9wgpu_sort16SortBuffersTrait15keys_valid_sizeB9_
FNDA:64,_RNvMNtNtCs3Mcpfj5Jg9n_16wgpu_3dgs_viewer12depth_sorter9wgpu_sortNtB2_9GPUSorter17bind_group_layout
FNDA:37,_RNvMNtNtCs3Mcpfj5Jg9n_16wgpu_3dgs_viewer12depth_sorter9wgpu_sortNtB2_9GPUSorter17general_info_data
FNDA:288,_RNvMNtNtCs3Mcpfj5Jg9n_16wgpu_3dgs_viewer12depth_sorter9wgpu_sortNtB2_9GPUSorter23record_prefix_histogram
FNDA:37,_RNvMNtNtCs3Mcpfj5Jg9n_16wgpu_3dgs_viewer12depth_sorter9wgpu_sortNtB2_9GPUSorter26create_internal_mem_buffer
FNDA:37,_RNvMNtNtCs3Mcpfj5Jg9n_16wgpu_3dgs_viewer12depth_sorter9wgpu_sortNtB2_9GPUSorter28create_internal_sort_buffers
FNDA:288,_RNvMNtNtCs3Mcpfj5Jg9n_16wgpu_3dgs_viewer12depth_sorter9wgpu_sortNtB2_9GPUSorter28record_scatter_keys_indirect
FNDA:37,_RNvMNtNtCs3Mcpfj5Jg9n_16wgpu_3dgs_viewer12depth_sorter9wgpu_sortNtB2_9GPUSorter30create_internal_keyval_buffers
FNDA:288,_RNvMNtNtCs3Mcpfj5Jg9n_16wgpu_3dgs_viewer12depth_sorter9wgpu_sortNtB2_9GPUSorter35record_calculate_histogram_indirect
FNDA:27,_RNvMNtNtCs3Mcpfj5Jg9n_16wgpu_3dgs_viewer12depth_sorter9wgpu_sortNtB2_9GPUSorter3new
FNDA:113,_RNvNtNtCs3Mcpfj5Jg9n_16wgpu_3dgs_viewer12depth_sorter9wgpu_sort15histo_blocks_ru
FNDA:113,_RNvNtNtCs3Mcpfj5Jg9n_16wgpu_3dgs_viewer12depth_sorter9wgpu_sort16keys_buffer_size
FNDA:150,_RNvNtNtCs3Mcpfj5Jg9n_16wgpu_3dgs_viewer12depth_sorter9wgpu_sort17scatter_blocks_ru
FNDA:39,_RNvNtNtCs3Mcpfj5Jg9n_16wgpu_3dgs_viewer12depth_sorter9wgpu_sort22keys_buffer_size_bytes
FNDA:0,_RNvXs0_NtNtCs3Mcpfj5Jg9n_16wgpu_3dgs_viewer12depth_sorter9wgpu_sortNtB5_11SortBuffersNtB5_16SortBuffersTrait10bind_group
FNDA:0,_RNvXs0_NtNtCs3Mcpfj5Jg9n_16wgpu_3dgs_viewer12depth_sorter9wgpu_sortNtB5_11SortBuffersNtB5_16SortBuffersTrait12state_buffer
FNDA:0,_RNvXs0_NtNtCs3Mcpfj5Jg9n_16wgpu_3dgs_viewer12depth_sorter9wgpu_sortNtB5_11SortBuffersNtB5_16SortBuffersTrait3len
FNDA:288,_RNvXs1_NtNtCs3Mcpfj5Jg9n_16wgpu_3dgs_viewer12depth_sorter9wgpu_sortNtB5_19InternalSortBuffersNtB5_16SortBuffersTrait10bind_group
FNDA:0,_RNvXs1_NtNtCs3Mcpfj5Jg9n_16wgpu_3dgs_viewer12depth_sorter9wgpu_sortNtB5_19InternalSortBuffersNtB5_16SortBuffersTrait12state_buffer
FNDA:0,_RNvXs1_NtNtCs3Mcpfj5Jg9n_16wgpu_3dgs_viewer12depth_sorter9wgpu_sortNtB5_19InternalSortBuffersNtB5_16SortBuffersTrait3len
FNDA:288,_RINvMNtNtCs3Mcpfj5Jg9n_16wgpu_3dgs_viewer12depth_sorter9wgpu_sortNtB3_9GPUSorter13sort_indirectNtB3_19InternalSortBuffersEB7_
FNDA:37,_RNvMNtCs3Mcpfj5Jg9n_16wgpu_3dgs_viewer12depth_sorterINtB2_11RadixSorteruE18create_bind_groupsB4_
FNDA:0,_RINvMNtNtCsd1MoTXSmoBL_16wgpu_3dgs_viewer12depth_sorter9wgpu_sortNtB3_9GPUSorter13sort_indirectpEB7_
FNDA:0,_RINvMNtNtCsd1MoTXSmoBL_16wgpu_3dgs_viewer12depth_sorter9wgpu_sortNtB3_9GPUSorter4sortpEB7_
FNDA:0,_RNvMNtCsd1MoTXSmoBL_16wgpu_3dgs_viewer12depth_sorterINtB2_11RadixSorterpE18create_bind_groupsB4_
FNDA:0,_RNvMNtNtCsd1MoTXSmoBL_16wgpu_3dgs_viewer12depth_sorter9wgpu_sortNtB2_9GPUSorter17bind_group_layout
FNDA:0,_RNvMNtNtCsd1MoTXSmoBL_16wgpu_3dgs_viewer12depth_sorter9wgpu_sortNtB2_9GPUSorter17general_info_data
FNDA:0,_RNvMNtNtCsd1MoTXSmoBL_16wgpu_3dgs_viewer12depth_sorter9wgpu_sortNtB2_9GPUSorter19create_sort_buffers
FNDA:0,_RNvMNtNtCsd1MoTXSmoBL_16wgpu_3dgs_viewer12depth_sorter9wgpu_sortNtB2_9GPUSorter19record_scatter_keys
FNDA:0,_RNvMNtNtCsd1MoTXSmoBL_16wgpu_3dgs_viewer12depth_sorter9wgpu_sortNtB2_9GPUSorter21create_keyval_buffers
FNDA:0,_RNvMNtNtCsd1MoTXSmoBL_16wgpu_3dgs_viewer12depth_sorter9wgpu_sortNtB2_9GPUSorter23record_prefix_histogram
FNDA:0,_RNvMNtNtCsd1MoTXSmoBL_16wgpu_3dgs_viewer12depth_sorter9wgpu_sortNtB2_9GPUSorter26create_internal_mem_buffer
FNDA:0,_RNvMNtNtCsd1MoTXSmoBL_16wgpu_3dgs_viewer12depth_sorter9wgpu_sortNtB2_9GPUSorter26record_calculate_histogram
FNDA:0,_RNvMNtNtCsd1MoTXSmoBL_16wgpu_3dgs_viewer12depth_sorter9wgpu_sortNtB2_9GPUSorter28create_internal_sort_buffers
FNDA:0,_RNvMNtNtCsd1MoTXSmoBL_16wgpu_3dgs_viewer12depth_sorter9wgpu_sortNtB2_9GPUSorter28record_scatter_keys_indirect
FNDA:0,_RNvMNtNtCsd1MoTXSmoBL_16wgpu_3dgs_viewer12depth_sorter9wgpu_sortNtB2_9GPUSorter30create_internal_keyval_buffers
FNDA:0,_RNvMNtNtCsd1MoTXSmoBL_16wgpu_3dgs_viewer12depth_sorter9wgpu_sortNtB2_9GPUSorter35record_calculate_histogram_indirect
FNDA:0,_RNvMNtNtCsd1MoTXSmoBL_16wgpu_3dgs_viewer12depth_sorter9wgpu_sortNtB2_9GPUSorter3new
FNDA:0,_RNvMs0_NtCsd1MoTXSmoBL_16wgpu_3dgs_viewer12depth_sorterINtB5_11RadixSorteruE23new_without_bind_groups
FNDA:0,_RNvMs0_NtCsd1MoTXSmoBL_16wgpu_3dgs_viewer12depth_sorterINtB5_11RadixSorteruE4sort
FNDA:0,_RNvMs_NtCsd1MoTXSmoBL_16wgpu_3dgs_viewer12depth_sorterNtB4_11RadixSorter3new
FNDA:0,_RNvMs_NtCsd1MoTXSmoBL_16wgpu_3dgs_viewer12depth_sorterNtB4_11RadixSorter4sort
FNDA:0,_RNvMs_NtNtCsd1MoTXSmoBL_16wgpu_3dgs_viewer12depth_sorter9wgpu_sortNtB4_11SortBuffers4keys
FNDA:0,_RNvMs_NtNtCsd1MoTXSmoBL_16wgpu_3dgs_viewer12depth_sorter9wgpu_sortNtB4_11SortBuffers6values
FNDA:0,_RNvNtNtCsd1MoTXSmoBL_16wgpu_3dgs_viewer12depth_sorter9wgpu_sort15histo_blocks_ru
FNDA:0,_RNvNtNtCsd1MoTXSmoBL_16wgpu_3dgs_viewer12depth_sorter9wgpu_sort16keys_buffer_size
FNDA:0,_RNvNtNtCsd1MoTXSmoBL_16wgpu_3dgs_viewer12depth_sorter9wgpu_sort17scatter_blocks_ru
FNDA:0,_RNvNtNtCsd1MoTXSmoBL_16wgpu_3dgs_viewer12depth_sorter9wgpu_sort22keys_buffer_size_bytes
FNDA:0,_RNvXs0_NtNtCsd1MoTXSmoBL_16wgpu_3dgs_viewer12depth_sorter9wgpu_sortNtB5_11SortBuffersNtB5_16SortBuffersTrait10bind_group
FNDA:0,_RNvXs0_NtNtCsd1MoTXSmoBL_16wgpu_3dgs_viewer12depth_sorter9wgpu_sortNtB5_11SortBuffersNtB5_16SortBuffersTrait12state_buffer
FNDA:0,_RNvXs0_NtNtCsd1MoTXSmoBL_16wgpu_3dgs_viewer12depth_sorter9wgpu_sortNtB5_11SortBuffersNtB5_16SortBuffersTrait3len
FNDA:0,_RNvXs1_NtCsd1MoTXSmoBL_16wgpu_3dgs_viewer12depth_sorterNtB5_11RadixSorterNtB5_11DepthSorter4sort
FNDA:0,_RNvXs1_NtNtCsd1MoTXSmoBL_16wgpu_3dgs_viewer12depth_sorter9wgpu_sortNtB5_19InternalSortBuffersNtB5_16SortBuffersTrait10bind_group
FNDA:0,_RNvXs1_NtNtCsd1MoTXSmoBL_16wgpu_3dgs_viewer12depth_sorter9wgpu_sortNtB5_19InternalSortBuffersNtB5_16SortBuffersTrait12state_buffer
FNDA:0,_RNvXs1_NtNtCsd1MoTXSmoBL_16wgpu_3dgs_viewer12depth_sorter9wgpu_sortNtB5_19InternalSortBuffersNtB5_16SortBuffersTrait3len
FNDA:0,_RNvXs2_NtCsd1MoTXSmoBL_16wgpu_3dgs_viewer12depth_sorterINtB5_11RadixSorteruENtB5_28DepthSorterWithoutBindGroups18create_bind_groups
FNDA:0,_RNvXs2_NtCsd1MoTXSmoBL_16wgpu_3dgs_viewer12depth_sorterINtB5_11RadixSorteruENtB5_28DepthSorterWithoutBindGroups4sort
FNDA:0,_RNvYpNtNtNtCsd1MoTXSmoBL_16wgpu_3dgs_viewer12depth_sorter9wgpu_sort16SortBuffersTrait15keys_valid_sizeB9_
FNF:36
FNH:23
DA:68,37
DA:69,37
DA:70,37
DA:71,37
DA:72,37
DA:73,37
DA:74,37
DA:75,37
DA:76,37
DA:77,37
DA:79,37
DA:84,17
DA:85,17
DA:86,17
DA:87,17
DA:88,17
DA:89,17
DA:91,17
DA:92,17
DA:93,17
DA:95,17
DA:97,17
DA:98,17
DA:99,17
DA:100,17
DA:101,17
DA:104,265
DA:105,265
DA:106,265
DA:107,265
DA:108,265
DA:109,265
DA:110,265
DA:111,265
DA:112,265
DA:114,265
DA:119,27
DA:120,27
DA:121,27
DA:123,27
DA:125,27
DA:126,27
DA:127,27
DA:128,27
DA:129,27
DA:135,23
DA:136,23
DA:137,23
DA:138,23
DA:139,23
DA:140,23
DA:141,23
DA:142,23
DA:143,23
DA:147,264
DA:148,264
DA:149,264
DA:150,264
DA:151,264
DA:152,264
DA:153,264
DA:159,18
DA:160,18
DA:161,18
DA:162,18
DA:163,18
DA:164,18
DA:165,18
DA:166,18
DA:167,18
DA:169,23
DA:170,23
DA:171,23
DA:172,23
DA:173,23
DA:174,23
DA:175,23
DA:176,23
DA:280,27
DA:282,27
DA:283,27
DA:284,27
DA:285,27
DA:286,27
DA:287,27
DA:288,27
DA:290,27
DA:291,27
DA:292,27
DA:293,27
DA:295,27
DA:297,27
DA:298,27
DA:299,27
DA:300,27
DA:301,27
DA:302,27
DA:304,27
DA:308,27
DA:333,27
DA:334,27
DA:335,27
DA:336,27
DA:337,27
DA:338,27
DA:339,27
DA:341,27
DA:342,27
DA:343,27
DA:344,27
DA:345,27
DA:346,27
DA:347,27
DA:348,27
DA:349,27
DA:350,27
DA:351,27
DA:352,27
DA:353,27
DA:354,27
DA:355,27
DA:356,27
DA:357,27
DA:358,27
DA:359,27
DA:360,27
DA:361,27
DA:362,27
DA:363,27
DA:364,27
DA:365,27
DA:366,27
DA:367,27
DA:368,27
DA:369,27
DA:370,27
DA:371,27
DA:372,27
DA:373,27
DA:374,27
DA:375,27
DA:376,27
DA:377,27
DA:378,27
DA:379,27
DA:380,27
DA:381,27
DA:382,27
DA:383,27
DA:384,27
DA:386,27
DA:387,27
DA:388,27
DA:389,27
DA:390,27
DA:391,27
DA:392,27
DA:393,27
DA:395,64
DA:396,64
DA:397,64
DA:398,64
DA:399,64
DA:400,64
DA:401,64
DA:402,64
DA:403,64
DA:404,64
DA:405,64
DA:406,64
DA:407,64
DA:408,64
DA:409,64
DA:410,64
DA:411,64
DA:412,64
DA:413,64
DA:414,64
DA:415,64
DA:416,64
DA:417,64
DA:418,64
DA:419,64
DA:420,64
DA:421,64
DA:422,64
DA:423,64
DA:424,64
DA:425,64
DA:426,64
DA:427,64
DA:428,64
DA:429,64
DA:430,64
DA:431,64
DA:432,64
DA:433,64
DA:434,64
DA:435,64
DA:436,64
DA:437,64
DA:438,64
DA:439,64
DA:440,64
DA:441,64
DA:442,64
DA:443,64
DA:444,64
DA:445,64
DA:446,64
DA:447,64
DA:448,64
DA:449,64
DA:450,64
DA:451,64
DA:452,64
DA:453,64
DA:454,64
DA:455,64
DA:456,64
DA:457,64
DA:458,64
DA:459,64
DA:460,64
DA:461,64
DA:462,64
DA:463,64
DA:465,0
DA:466,0
DA:467,0
DA:468,0
DA:470,0
DA:473,0
DA:474,0
DA:475,0
DA:476,0
DA:477,0
DA:478,0
DA:479,0
DA:480,0
DA:483,0
DA:484,0
DA:485,0
DA:486,0
DA:487,0
DA:488,0
DA:490,0
DA:491,0
DA:492,0
DA:493,0
DA:494,0
DA:495,0
DA:496,0
DA:497,0
DA:498,0
DA:500,0
DA:501,0
DA:502,0
DA:503,0
DA:504,0
DA:505,0
DA:506,0
DA:507,0
DA:510,37
DA:511,37
DA:512,37
DA:513,37
DA:515,37
DA:518,37
DA:519,37
DA:520,37
DA:521,37
DA:522,37
DA:523,37
DA:525,37
DA:528,37
DA:529,37
DA:530,37
DA:531,37
DA:532,37
DA:533,37
DA:534,37
DA:535,37
DA:540,37
DA:552,37
DA:554,37
DA:556,37
DA:558,37
DA:559,37
DA:560,37
DA:561,37
DA:562,37
DA:563,37
DA:564,37
DA:566,37
DA:567,37
DA:568,37
DA:569,37
DA:570,37
DA:571,37
DA:572,37
DA:573,37
DA:575,0
DA:576,0
DA:577,0
DA:578,0
DA:579,0
DA:580,0
DA:582,0
DA:584,0
DA:585,0
DA:586,0
DA:587,0
DA:588,0
DA:589,0
DA:590,0
DA:591,0
DA:592,0
DA:593,0
DA:595,0
DA:596,0
DA:597,0
DA:598,0
DA:599,0
DA:600,0
DA:601,0
DA:602,0
DA:603,0
DA:604,0
DA:605,0
DA:607,288
DA:608,288
DA:609,288
DA:610,288
DA:611,288
DA:612,288
DA:613,288
DA:614,288
DA:615,288
DA:616,288
DA:617,288
DA:618,288
DA:619,288
DA:620,288
DA:621,288
DA:622,288
DA:624,288
DA:625,288
DA:626,288
DA:627,288
DA:628,288
DA:629,288
DA:630,288
DA:631,288
DA:632,288
DA:633,288
DA:634,288
DA:637,288
DA:638,288
DA:639,288
DA:640,288
DA:641,288
DA:642,288
DA:643,288
DA:644,288
DA:645,288
DA:647,288
DA:648,288
DA:649,288
DA:650,288
DA:652,0
DA:653,0
DA:654,0
DA:655,0
DA:656,0
DA:657,0
DA:658,0
DA:660,0
DA:661,0
DA:662,0
DA:663,0
DA:665,0
DA:666,0
DA:667,0
DA:669,0
DA:670,0
DA:672,0
DA:673,0
DA:675,0
DA:676,0
DA:677,0
DA:679,288
DA:680,288
DA:681,288
DA:682,288
DA:683,288
DA:684,288
DA:685,288
DA:686,288
DA:687,288
DA:688,288
DA:690,288
DA:691,288
DA:692,288
DA:694,288
DA:695,288
DA:697,288
DA:698,288
DA:700,288
DA:701,288
DA:702,288
DA:709,0
DA:710,0
DA:711,0
DA:712,0
DA:713,0
DA:714,0
DA:715,0
DA:716,0
DA:717,0
DA:720,0
DA:722,0
DA:723,0
DA:724,0
DA:725,0
DA:739,288
DA:740,288
DA:741,288
DA:742,288
DA:743,288
DA:744,288
DA:745,288
DA:747,288
DA:748,288
DA:749,288
DA:750,288
DA:753,0
DA:754,0
DA:755,0
DA:756,0
DA:757,0
DA:758,0
DA:760,0
DA:761,0
DA:762,0
DA:764,0
DA:765,0
DA:766,0
DA:767,0
DA:768,0
DA:769,0
DA:770,0
DA:771,0
DA:772,0
DA:773,0
DA:774,0
DA:775,0
DA:776,0
DA:777,0
DA:778,0
DA:779,0
DA:780,0
DA:781,0
DA:782,0
DA:783,0
DA:784,0
DA:785,0
DA:786,0
DA:787,0
DA:788,0
DA:789,0
DA:790,0
DA:791,0
DA:792,0
DA:793,0
DA:794,0
DA:795,0
DA:796,0
DA:797,0
DA:798,0
DA:799,0
DA:801,0
DA:802,0
DA:803,0
DA:804,0
DA:805,0
DA:806,0
DA:807,0
DA:808,0
DA:809,0
DA:810,0
DA:811,0
DA:816,37
DA:817,37
DA:818,37
DA:819,37
DA:820,37
DA:821,37
DA:822,37
DA:824,37
DA:825,37
DA:827,37
DA:828,37
DA:829,37
DA:830,37
DA:831,37
DA:832,37
DA:833,37
DA:834,37
DA:835,37
DA:836,37
DA:837,37
DA:838,37
DA:839,37
DA:840,37
DA:841,37
DA:842,37
DA:843,37
DA:844,37
DA:845,37
DA:846,37
DA:847,37
DA:848,37
DA:849,37
DA:850,37
DA:851,37
DA:852,37
DA:853,37
DA:854,37
DA:855,37
DA:856,37
DA:857,37
DA:858,37
DA:859,37
DA:860,37
DA:861,37
DA:862,37
DA:864,37
DA:865,37
DA:866,37
DA:867,37
DA:868,37
DA:869,37
DA:870,37
DA:871,37
DA:872,37
DA:893,0
DA:894,0
DA:895,0
DA:938,0
DA:939,0
DA:940,0
DA:943,0
DA:944,0
DA:945,0
DA:949,0
DA:950,0
DA:951,0
DA:953,0
DA:954,0
DA:955,0
DA:957,0
DA:958,0
DA:959,0
DA:990,0
DA:991,0
DA:992,0
DA:994,288
DA:995,288
DA:996,288
DA:998,0
DA:999,0
DA:1000,0
DA:1003,150
DA:1004,150
DA:1005,150
DA:1008,113
DA:1009,113
DA:1010,113
DA:1013,113
DA:1014,113
DA:1015,113
DA:1018,39
DA:1019,39
DA:1020,39
BRF:0
BRH:0
LF:585
LH:406
end_of_record
SF:C:\Users\s2010\Me\Codes\Rust\wgpu-3dgs-viewer\src\lampshade_sorter.rs
FN:236,_RINvMs1_NtCs3Mcpfj5Jg9n_16wgpu_3dgs_viewer16lampshade_sorterNtB6_15LampshadeSorter3newNtNtNtCs4ci6KV7TqoM_14wgpu_3dgs_core6buffer8gaussian41GaussianPodWithShSingleCov3dSingleConfigsECsugFF6ZPP2O_3mod
FN:155,_RNvMNtCs3Mcpfj5Jg9n_16wgpu_3dgs_viewer16lampshade_sorterNtB2_25LampshadeSorterBindGroups14is_accelerated
FN:219,_RNvMs0_NtCs3Mcpfj5Jg9n_16wgpu_3dgs_viewer16lampshade_sorterNtB5_13LampshadePlan4sort
FN:184,_RNvMs0_NtCs3Mcpfj5Jg9n_16wgpu_3dgs_viewer16lampshade_sorterNtB5_13LampshadePlan7prepare
FN:259,_RNvMs1_NtCs3Mcpfj5Jg9n_16wgpu_3dgs_viewer16lampshade_sorterNtB5_15LampshadeSorter14is_accelerated
FN:273,_RNvMs2_NtCs3Mcpfj5Jg9n_16wgpu_3dgs_viewer16lampshade_sorterINtB5_15LampshadeSorteruE23new_without_bind_groups
FN:282,_RNvNtCs3Mcpfj5Jg9n_16wgpu_3dgs_viewer16lampshade_sorter11capacity_of
FN:287,_RNvXs3_NtCs3Mcpfj5Jg9n_16wgpu_3dgs_viewer16lampshade_sorterNtB5_15LampshadeSorterNtNtB7_12depth_sorter11DepthSorter4sort
FN:306,_RNvXs4_NtCs3Mcpfj5Jg9n_16wgpu_3dgs_viewer16lampshade_sorterINtB5_15LampshadeSorteruENtNtB7_12depth_sorter28DepthSorterWithoutBindGroups18create_bind_groups
FN:328,_RNvXs4_NtCs3Mcpfj5Jg9n_16wgpu_3dgs_viewer16lampshade_sorterINtB5_15LampshadeSorteruENtNtB7_12depth_sorter28DepthSorterWithoutBindGroups4sort
FN:175,_RNvXs_NtCs3Mcpfj5Jg9n_16wgpu_3dgs_viewer16lampshade_sorterNtB4_13LampshadePlanNtNtCs9OCfJ4KTcUD_4core3fmt5Debug3fmt
FN:236,_RINvMs1_NtCs3Mcpfj5Jg9n_16wgpu_3dgs_viewer16lampshade_sorterNtB6_15LampshadeSorter3newpEB8_
FN:236,_RINvMs1_NtCsd1MoTXSmoBL_16wgpu_3dgs_viewer16lampshade_sorterNtB6_15LampshadeSorter3newpEB8_
FN:155,_RNvMNtCsd1MoTXSmoBL_16wgpu_3dgs_viewer16lampshade_sorterNtB2_25LampshadeSorterBindGroups14is_accelerated
FN:219,_RNvMs0_NtCsd1MoTXSmoBL_16wgpu_3dgs_viewer16lampshade_sorterNtB5_13LampshadePlan4sort
FN:184,_RNvMs0_NtCsd1MoTXSmoBL_16wgpu_3dgs_viewer16lampshade_sorterNtB5_13LampshadePlan7prepare
FN:259,_RNvMs1_NtCsd1MoTXSmoBL_16wgpu_3dgs_viewer16lampshade_sorterNtB5_15LampshadeSorter14is_accelerated
FN:273,_RNvMs2_NtCsd1MoTXSmoBL_16wgpu_3dgs_viewer16lampshade_sorterINtB5_15LampshadeSorteruE23new_without_bind_groups
FN:282,_RNvNtCsd1MoTXSmoBL_16wgpu_3dgs_viewer16lampshade_sorter11capacity_of
FN:287,_RNvXs3_NtCsd1MoTXSmoBL_16wgpu_3dgs_viewer16lampshade_sorterNtB5_15LampshadeSorterNtNtB7_12depth_sorter11DepthSorter4sort
FN:306,_RNvXs4_NtCsd1MoTXSmoBL_16wgpu_3dgs_viewer16lampshade_sorterINtB5_15LampshadeSorteruENtNtB7_12depth_sorter28DepthSorterWithoutBindGroups18create_bind_groups
FN:328,_RNvXs4_NtCsd1MoTXSmoBL_16wgpu_3dgs_viewer16lampshade_sorterINtB5_15LampshadeSorteruENtNtB7_12depth_sorter28DepthSorterWithoutBindGroups4sort
FN:175,_RNvXs_NtCsd1MoTXSmoBL_16wgpu_3dgs_viewer16lampshade_sorterNtB4_13LampshadePlanNtNtCs9OCfJ4KTcUD_4core3fmt5Debug3fmt
FN:236,_RINvMs1_NtCs3Mcpfj5Jg9n_16wgpu_3dgs_viewer16lampshade_sorterNtB6_15LampshadeSorter3newNtNtNtCs4ci6KV7TqoM_14wgpu_3dgs_core6buffer8gaussian41GaussianPodWithShSingleCov3dSingleConfigsECsao77I1ua3lb_21simple_with_lampshade
FNDA:2,_RINvMs1_NtCs3Mcpfj5Jg9n_16wgpu_3dgs_viewer16lampshade_sorterNtB6_15LampshadeSorter3newNtNtNtCs4ci6KV7TqoM_14wgpu_3dgs_core6buffer8gaussian41GaussianPodWithShSingleCov3dSingleConfigsECsugFF6ZPP2O_3mod
FNDA:2,_RNvMNtCs3Mcpfj5Jg9n_16wgpu_3dgs_viewer16lampshade_sorterNtB2_25LampshadeSorterBindGroups14is_accelerated
FNDA:12,_RNvMs0_NtCs3Mcpfj5Jg9n_16wgpu_3dgs_viewer16lampshade_sorterNtB5_13LampshadePlan4sort
FNDA:4,_RNvMs0_NtCs3Mcpfj5Jg9n_16wgpu_3dgs_viewer16lampshade_sorterNtB5_13LampshadePlan7prepare
FNDA:2,_RNvMs1_NtCs3Mcpfj5Jg9n_16wgpu_3dgs_viewer16lampshade_sorterNtB5_15LampshadeSorter14is_accelerated
FNDA:1,_RNvMs2_NtCs3Mcpfj5Jg9n_16wgpu_3dgs_viewer16lampshade_sorterINtB5_15LampshadeSorteruE23new_without_bind_groups
FNDA:4,_RNvNtCs3Mcpfj5Jg9n_16wgpu_3dgs_viewer16lampshade_sorter11capacity_of
FNDA:5,_RNvXs3_NtCs3Mcpfj5Jg9n_16wgpu_3dgs_viewer16lampshade_sorterNtB5_15LampshadeSorterNtNtB7_12depth_sorter11DepthSorter4sort
FNDA:2,_RNvXs4_NtCs3Mcpfj5Jg9n_16wgpu_3dgs_viewer16lampshade_sorterINtB5_15LampshadeSorteruENtNtB7_12depth_sorter28DepthSorterWithoutBindGroups18create_bind_groups
FNDA:8,_RNvXs4_NtCs3Mcpfj5Jg9n_16wgpu_3dgs_viewer16lampshade_sorterINtB5_15LampshadeSorteruENtNtB7_12depth_sorter28DepthSorterWithoutBindGroups4sort
FNDA:0,_RNvXs_NtCs3Mcpfj5Jg9n_16wgpu_3dgs_viewer16lampshade_sorterNtB4_13LampshadePlanNtNtCs9OCfJ4KTcUD_4core3fmt5Debug3fmt
FNDA:0,_RINvMs1_NtCs3Mcpfj5Jg9n_16wgpu_3dgs_viewer16lampshade_sorterNtB6_15LampshadeSorter3newpEB8_
FNDA:0,_RINvMs1_NtCsd1MoTXSmoBL_16wgpu_3dgs_viewer16lampshade_sorterNtB6_15LampshadeSorter3newpEB8_
FNDA:0,_RNvMNtCsd1MoTXSmoBL_16wgpu_3dgs_viewer16lampshade_sorterNtB2_25LampshadeSorterBindGroups14is_accelerated
FNDA:0,_RNvMs0_NtCsd1MoTXSmoBL_16wgpu_3dgs_viewer16lampshade_sorterNtB5_13LampshadePlan4sort
FNDA:0,_RNvMs0_NtCsd1MoTXSmoBL_16wgpu_3dgs_viewer16lampshade_sorterNtB5_13LampshadePlan7prepare
FNDA:0,_RNvMs1_NtCsd1MoTXSmoBL_16wgpu_3dgs_viewer16lampshade_sorterNtB5_15LampshadeSorter14is_accelerated
FNDA:0,_RNvMs2_NtCsd1MoTXSmoBL_16wgpu_3dgs_viewer16lampshade_sorterINtB5_15LampshadeSorteruE23new_without_bind_groups
FNDA:0,_RNvNtCsd1MoTXSmoBL_16wgpu_3dgs_viewer16lampshade_sorter11capacity_of
FNDA:0,_RNvXs3_NtCsd1MoTXSmoBL_16wgpu_3dgs_viewer16lampshade_sorterNtB5_15LampshadeSorterNtNtB7_12depth_sorter11DepthSorter4sort
FNDA:0,_RNvXs4_NtCsd1MoTXSmoBL_16wgpu_3dgs_viewer16lampshade_sorterINtB5_15LampshadeSorteruENtNtB7_12depth_sorter28DepthSorterWithoutBindGroups18create_bind_groups
FNDA:0,_RNvXs4_NtCsd1MoTXSmoBL_16wgpu_3dgs_viewer16lampshade_sorterINtB5_15LampshadeSorteruENtNtB7_12depth_sorter28DepthSorterWithoutBindGroups4sort
FNDA:0,_RNvXs_NtCsd1MoTXSmoBL_16wgpu_3dgs_viewer16lampshade_sorterNtB4_13LampshadePlanNtNtCs9OCfJ4KTcUD_4core3fmt5Debug3fmt
FNDA:0,_RINvMs1_NtCs3Mcpfj5Jg9n_16wgpu_3dgs_viewer16lampshade_sorterNtB6_15LampshadeSorter3newNtNtNtCs4ci6KV7TqoM_14wgpu_3dgs_core6buffer8gaussian41GaussianPodWithShSingleCov3dSingleConfigsECsao77I1ua3lb_21simple_with_lampshade
FNF:11
FNH:10
DA:155,2
DA:156,2
DA:157,2
DA:175,0
DA:176,0
DA:177,0
DA:178,0
DA:179,0
DA:184,4
DA:185,4
DA:186,4
DA:187,4
DA:188,4
DA:189,4
DA:190,4
DA:191,3
DA:192,4
DA:194,3
DA:195,3
DA:196,3
DA:197,3
DA:198,3
DA:199,3
DA:200,3
DA:202,3
DA:203,3
DA:204,3
DA:205,3
DA:206,3
DA:207,3
DA:208,3
DA:209,3
DA:211,0
DA:212,0
DA:213,0
DA:216,4
DA:219,12
DA:220,12
DA:221,12
DA:222,12
DA:223,12
DA:224,12
DA:226,12
DA:228,12
DA:236,2
DA:237,2
DA:238,2
DA:239,2
DA:240,2
DA:243,2
DA:245,2
DA:246,2
DA:247,2
DA:248,2
DA:249,2
DA:250,2
DA:253,2
DA:254,2
DA:259,2
DA:260,2
DA:261,2
DA:273,1
DA:274,1
DA:275,1
DA:276,1
DA:277,1
DA:278,1
DA:282,4
DA:283,4
DA:284,4
DA:287,5
DA:288,5
DA:289,5
DA:290,5
DA:291,5
DA:292,5
DA:293,4
DA:294,0
DA:295,0
DA:296,4
DA:297,1
DA:298,1
DA:299,1
DA:300,5
DA:306,2
DA:307,2
DA:308,2
DA:309,2
DA:310,2
DA:311,2
DA:312,2
DA:313,2
DA:314,2
DA:315,2
DA:317,2
DA:318,2
DA:319,2
DA:320,2
DA:321,2
DA:322,2
DA:325,2
DA:326,2
DA:328,8
DA:329,8
DA:330,8
DA:331,8
DA:332,8
DA:333,8
DA:334,8
DA:335,8
DA:336,0
DA:337,0
DA:338,0
DA:339,8
DA:340,0
DA:341,0
DA:342,0
DA:343,0
DA:344,8
BRF:0
BRH:0
LF:119
LH:102
end_of_record
SF:C:\Users\s2010\Me\Codes\Rust\wgpu-3dgs-viewer\src\lib.rs
FN:96,_RINvMCs3Mcpfj5Jg9n_16wgpu_3dgs_viewerNtB3_6Viewer3newINtNtCsckSb6QcKe7J_5alloc3vec3VecNtNtCs4ci6KV7TqoM_14wgpu_3dgs_core8gaussian8GaussianEECsugFF6ZPP2O_3mod
FN:112,_RINvMs_Cs3Mcpfj5Jg9n_16wgpu_3dgs_viewerINtB5_6ViewerNtNtNtCs4ci6KV7TqoM_14wgpu_3dgs_core6buffer8gaussian41GaussianPodWithShSingleCov3dSingleConfigsNtNtB5_16lampshade_sorter15LampshadeSorterE16new_with_optionsINtNtCsckSb6QcKe7J_5alloc3vec3VecNtNtBU_8gaussian8GaussianEECsugFF6ZPP2O_3mod
FN:112,_RINvMs_Cs3Mcpfj5Jg9n_16wgpu_3dgs_viewerINtB5_6ViewerNtNtNtCs4ci6KV7TqoM_14wgpu_3dgs_core6buffer8gaussian41GaussianPodWithShSingleCov3dSingleConfigsNtNvNtNtCsugFF6ZPP2O_3mod3e2e6viewers_44test_viewer_uses_custom_depth_sorter_factory14CountingSorterE16new_with_optionsINtNtCsckSb6QcKe7J_5alloc3vec3VecNtNtBU_8gaussian8GaussianEEB2t_
FN:237,_RINvMs_Cs3Mcpfj5Jg9n_16wgpu_3dgs_viewerNtB5_6Viewer13update_cameraNtNtB5_6camera6CameraECsugFF6ZPP2O_3mod
FN:112,_RINvMs_Cs3Mcpfj5Jg9n_16wgpu_3dgs_viewerNtB5_6Viewer16new_with_optionsINtNtCsckSb6QcKe7J_5alloc3vec3VecNtNtCs4ci6KV7TqoM_14wgpu_3dgs_core8gaussian8GaussianEECsugFF6ZPP2O_3mod
FN:366,_RNCNvXs0_Cs3Mcpfj5Jg9n_16wgpu_3dgs_viewerINtB7_19ViewerCreateOptionsNtNtNtCs4ci6KV7TqoM_14wgpu_3dgs_core6buffer8gaussian41GaussianPodWithShSingleCov3dSingleConfigsNtNtB7_12depth_sorter11RadixSorterFG_INtB7_37ViewerCreateDepthSorterFactoryContextL0_B14_EEB2B_ENtNtCs9OCfJ4KTcUD_4core7default7Default7default0CsugFF6ZPP2O_3mod
FN:247,_RNvMs_Cs3Mcpfj5Jg9n_16wgpu_3dgs_viewerINtB4_6ViewerNtNtNtCs4ci6KV7TqoM_14wgpu_3dgs_core6buffer8gaussian41GaussianPodWithShSingleCov3dSingleConfigsNtNtB4_16lampshade_sorter15LampshadeSorterE22update_camera_with_podCsugFF6ZPP2O_3mod
FN:252,_RNvMs_Cs3Mcpfj5Jg9n_16wgpu_3dgs_viewerINtB4_6ViewerNtNtNtCs4ci6KV7TqoM_14wgpu_3dgs_core6buffer8gaussian41GaussianPodWithShSingleCov3dSingleConfigsNtNtB4_16lampshade_sorter15LampshadeSorterE22update_model_transformCsugFF6ZPP2O_3mod
FN:301,_RNvMs_Cs3Mcpfj5Jg9n_16wgpu_3dgs_viewerINtB4_6ViewerNtNtNtCs4ci6KV7TqoM_14wgpu_3dgs_core6buffer8gaussian41GaussianPodWithShSingleCov3dSingleConfigsNtNtB4_16lampshade_sorter15LampshadeSorterE6renderCsugFF6ZPP2O_3mod
FN:301,_RNvMs_Cs3Mcpfj5Jg9n_16wgpu_3dgs_viewerINtB4_6ViewerNtNtNtCs4ci6KV7TqoM_14wgpu_3dgs_core6buffer8gaussian41GaussianPodWithShSingleCov3dSingleConfigsNtNvNtNtCsugFF6ZPP2O_3mod3e2e6viewers_44test_viewer_uses_custom_depth_sorter_factory14CountingSorterE6renderB2s_
FN:247,_RNvMs_Cs3Mcpfj5Jg9n_16wgpu_3dgs_viewerNtB4_6Viewer22update_camera_with_podCsugFF6ZPP2O_3mod
FN:252,_RNvMs_Cs3Mcpfj5Jg9n_16wgpu_3dgs_viewerNtB4_6Viewer22update_model_transformCsugFF6ZPP2O_3mod
FN:272,_RNvMs_Cs3Mcpfj5Jg9n_16wgpu_3dgs_viewerNtB4_6Viewer25update_gaussian_transformCsugFF6ZPP2O_3mod
FN:263,_RNvMs_Cs3Mcpfj5Jg9n_16wgpu_3dgs_viewerNtB4_6Viewer31update_model_transform_with_podCsugFF6ZPP2O_3mod
FN:292,_RNvMs_Cs3Mcpfj5Jg9n_16wgpu_3dgs_viewerNtB4_6Viewer34update_gaussian_transform_with_podCsugFF6ZPP2O_3mod
FN:301,_RNvMs_Cs3Mcpfj5Jg9n_16wgpu_3dgs_viewerNtB4_6Viewer6renderCsugFF6ZPP2O_3mod
FN:360,_RNvXs0_Cs3Mcpfj5Jg9n_16wgpu_3dgs_viewerINtB5_19ViewerCreateOptionsNtNtNtCs4ci6KV7TqoM_14wgpu_3dgs_core6buffer8gaussian41GaussianPodWithShSingleCov3dSingleConfigsNtNtB5_12depth_sorter11RadixSorterFG_INtB5_37ViewerCreateDepthSorterFactoryContextL0_B12_EEB2z_ENtNtCs9OCfJ4KTcUD_4core7default7Default7defaultCsugFF6ZPP2O_3mod
FN:96,_RINvMCs3Mcpfj5Jg9n_16wgpu_3dgs_viewerINtB3_6ViewerpE3newpEB3_
FN:237,_RINvMs_Cs3Mcpfj5Jg9n_16wgpu_3dgs_viewerINtB5_6ViewerppE13update_camerapEB5_
FN:112,_RINvMs_Cs3Mcpfj5Jg9n_16wgpu_3dgs_viewerINtB5_6ViewerppE16new_with_optionspEB5_
FN:366,_RNCNvXINICs3Mcpfj5Jg9n_16wgpu_3dgs_viewers0_0pEINtB7_19ViewerCreateOptionspNtNtB7_12depth_sorter11RadixSorterFG_INtB7_37ViewerCreateDepthSorterFactoryContextL0_pEEB1b_ENtNtCs9OCfJ4KTcUD_4core7default7Default7default0B7_
FN:247,_RNvMs_Cs3Mcpfj5Jg9n_16wgpu_3dgs_viewerINtB4_6ViewerppE22update_camera_with_podB4_
FN:252,_RNvMs_Cs3Mcpfj5Jg9n_16wgpu_3dgs_viewerINtB4_6ViewerppE22update_model_transformB4_
FN:272,_RNvMs_Cs3Mcpfj5Jg9n_16wgpu_3dgs_viewerINtB4_6ViewerppE25update_gaussian_transformB4_
FN:263,_RNvMs_Cs3Mcpfj5Jg9n_16wgpu_3dgs_viewerINtB4_6ViewerppE31update_model_transform_with_podB4_
FN:292,_RNvMs_Cs3Mcpfj5Jg9n_16wgpu_3dgs_viewerINtB4_6ViewerppE34update_gaussian_transform_with_podB4_
FN:301,_RNvMs_Cs3Mcpfj5Jg9n_16wgpu_3dgs_viewerINtB4_6ViewerppE6renderB4_
FN:360,_RNvXINICs3Mcpfj5Jg9n_16wgpu_3dgs_viewers0_0pEINtB5_19ViewerCreateOptionspNtNtB5_12depth_sorter11RadixSorterFG_INtB5_37ViewerCreateDepthSorterFactoryContextL0_pEEB19_ENtNtCs9OCfJ4KTcUD_4core7default7Default7defaultB5_
FN:96,_RINvMCsd1MoTXSmoBL_16wgpu_3dgs_viewerINtB3_6ViewerpE3newpEB3_
FN:237,_RINvMs_Csd1MoTXSmoBL_16wgpu_3dgs_viewerINtB5_6ViewerppE13update_camerapEB5_
FN:112,_RINvMs_Csd1MoTXSmoBL_16wgpu_3dgs_viewerINtB5_6ViewerppE16new_with_optionspEB5_
FN:366,_RNCNvXINICsd1MoTXSmoBL_16wgpu_3dgs_viewers0_0pEINtB7_19ViewerCreateOptionspNtNtB7_12depth_sorter11RadixSorterFG_INtB7_37ViewerCreateDepthSorterFactoryContextL0_pEEB1b_ENtNtCs9OCfJ4KTcUD_4core7default7Default7default0B7_
FN:247,_RNvMs_Csd1MoTXSmoBL_16wgpu_3dgs_viewerINtB4_6ViewerppE22update_camera_with_podB4_
FN:252,_RNvMs_Csd1MoTXSmoBL_16wgpu_3dgs_viewerINtB4_6ViewerppE22update_model_transformB4_
FN:272,_RNvMs_Csd1MoTXSmoBL_16wgpu_3dgs_viewerINtB4_6ViewerppE25update_gaussian_transformB4_
FN:263,_RNvMs_Csd1MoTXSmoBL_16wgpu_3dgs_viewerINtB4_6ViewerppE31update_model_transform_with_podB4_
FN:292,_RNvMs_Csd1MoTXSmoBL_16wgpu_3dgs_viewerINtB4_6ViewerppE34update_gaussian_transform_with_podB4_
FN:301,_RNvMs_Csd1MoTXSmoBL_16wgpu_3dgs_viewerINtB4_6ViewerppE6renderB4_
FN:360,_RNvXINICsd1MoTXSmoBL_16wgpu_3dgs_viewers0_0pEINtB5_19ViewerCreateOptionspNtNtB5_12depth_sorter11RadixSorterFG_INtB5_37ViewerCreateDepthSorterFactoryContextL0_pEEB19_ENtNtCs9OCfJ4KTcUD_4core7default7Default7defaultB5_
FN:237,_RINvMs_Cs3Mcpfj5Jg9n_16wgpu_3dgs_viewerNtB5_6Viewer13update_cameraNtNtB5_6camera6CameraECsgZsThlafw2d_9selection
FN:112,_RINvMs_Cs3Mcpfj5Jg9n_16wgpu_3dgs_viewerNtB5_6Viewer16new_with_optionsNtNtCs4ci6KV7TqoM_14wgpu_3dgs_core8gaussian9GaussiansECsgZsThlafw2d_9selection
FN:366,_RNCNvXs0_Cs3Mcpfj5Jg9n_16wgpu_3dgs_viewerINtB7_19ViewerCreateOptionsNtNtNtCs4ci6KV7TqoM_14wgpu_3dgs_core6buffer8gaussian41GaussianPodWithShSingleCov3dSingleConfigsNtNtB7_12depth_sorter11RadixSorterFG_INtB7_37ViewerCreateDepthSorterFactoryContextL0_B14_EEB2B_ENtNtCs9OCfJ4KTcUD_4core7default7Default7default0CsgZsThlafw2d_9selection
FN:252,_RNvMs_Cs3Mcpfj5Jg9n_16wgpu_3dgs_viewerNtB4_6Viewer22update_model_transformCsgZsThlafw2d_9selection
FN:301,_RNvMs_Cs3Mcpfj5Jg9n_16wgpu_3dgs_viewerNtB4_6Viewer6renderCsgZsThlafw2d_9selection
FN:360,_RNvXs0_Cs3Mcpfj5Jg9n_16wgpu_3dgs_viewerINtB5_19ViewerCreateOptionsNtNtNtCs4ci6KV7TqoM_14wgpu_3dgs_core6buffer8gaussian41GaussianPodWithShSingleCov3dSingleConfigsNtNtB5_12depth_sorter11RadixSorterFG_INtB5_37ViewerCreateDepthSorterFactoryContextL0_B12_EEB2z_ENtNtCs9OCfJ4KTcUD_4core7default7Default7defaultCsgZsThlafw2d_9selection
FN:237,_RINvMs_Cs3Mcpfj5Jg9n_16wgpu_3dgs_viewerINtB5_6ViewerNtNtNtCs4ci6KV7TqoM_14wgpu_3dgs_core6buffer8gaussian41GaussianPodWithShSingleCov3dSingleConfigsNtNtB5_16lampshade_sorter15LampshadeSorterE13update_cameraNtNtB5_6camera6CameraECsao77I1ua3lb_21simple_with_lampshade
FN:112,_RINvMs_Cs3Mcpfj5Jg9n_16wgpu_3dgs_viewerINtB5_6ViewerNtNtNtCs4ci6KV7TqoM_14wgpu_3dgs_core6buffer8gaussian41GaussianPodWithShSingleCov3dSingleConfigsNtNtB5_16lampshade_sorter15LampshadeSorterE16new_with_optionsNtNtBU_8gaussian9GaussiansECsao77I1ua3lb_21simple_with_lampshade
FN:252,_RNvMs_Cs3Mcpfj5Jg9n_16wgpu_3dgs_viewerINtB4_6ViewerNtNtNtCs4ci6KV7TqoM_14wgpu_3dgs_core6buffer8gaussian41GaussianPodWithShSingleCov3dSingleConfigsNtNtB4_16lampshade_sorter15LampshadeSorterE22update_model_transformCsao77I1ua3lb_21simple_with_lampshade
FN:272,_RNvMs_Cs3Mcpfj5Jg9n_16wgpu_3dgs_viewerINtB4_6ViewerNtNtNtCs4ci6KV7TqoM_14wgpu_3dgs_core6buffer8gaussian41GaussianPodWithShSingleCov3dSingleConfigsNtNtB4_16lampshade_sorter15LampshadeSorterE25update_gaussian_transformCsao77I1ua3lb_21simple_with_lampshade
FN:301,_RNvMs_Cs3Mcpfj5Jg9n_16wgpu_3dgs_viewerINtB4_6ViewerNtNtNtCs4ci6KV7TqoM_14wgpu_3dgs_core6buffer8gaussian41GaussianPodWithShSingleCov3dSingleConfigsNtNtB4_16lampshade_sorter15LampshadeSorterE6renderCsao77I1ua3lb_21simple_with_lampshade
FN:96,_RINvMCs3Mcpfj5Jg9n_16wgpu_3dgs_viewerNtB3_6Viewer3newNtNtCs4ci6KV7TqoM_14wgpu_3dgs_core8gaussian9GaussiansECs8AxnetaeJ9w_6simple
FN:237,_RINvMs_Cs3Mcpfj5Jg9n_16wgpu_3dgs_viewerNtB5_6Viewer13update_cameraNtNtB5_6camera6CameraECs8AxnetaeJ9w_6simple
FN:112,_RINvMs_Cs3Mcpfj5Jg9n_16wgpu_3dgs_viewerNtB5_6Viewer16new_with_optionsNtNtCs4ci6KV7TqoM_14wgpu_3dgs_core8gaussian9GaussiansECs8AxnetaeJ9w_6simple
FN:366,_RNCNvXs0_Cs3Mcpfj5Jg9n_16wgpu_3dgs_viewerINtB7_19ViewerCreateOptionsNtNtNtCs4ci6KV7TqoM_14wgpu_3dgs_core6buffer8gaussian41GaussianPodWithShSingleCov3dSingleConfigsNtNtB7_12depth_sorter11RadixSorterFG_INtB7_37ViewerCreateDepthSorterFactoryContextL0_B14_EEB2B_ENtNtCs9OCfJ4KTcUD_4core7default7Default7default0Cs8AxnetaeJ9w_6simple
FN:252,_RNvMs_Cs3Mcpfj5Jg9n_16wgpu_3dgs_viewerNtB4_6Viewer22update_model_transformCs8AxnetaeJ9w_6simple
FN:272,_RNvMs_Cs3Mcpfj5Jg9n_16wgpu_3dgs_viewerNtB4_6Viewer25update_gaussian_transformCs8AxnetaeJ9w_6simple
FN:301,_RNvMs_Cs3Mcpfj5Jg9n_16wgpu_3dgs_viewerNtB4_6Viewer6renderCs8AxnetaeJ9w_6simple
FN:360,_RNvXs0_Cs3Mcpfj5Jg9n_16wgpu_3dgs_viewerINtB5_19ViewerCreateOptionsNtNtNtCs4ci6KV7TqoM_14wgpu_3dgs_core6buffer8gaussian41GaussianPodWithShSingleCov3dSingleConfigsNtNtB5_12depth_sorter11RadixSorterFG_INtB5_37ViewerCreateDepthSorterFactoryContextL0_B12_EEB2z_ENtNtCs9OCfJ4KTcUD_4core7default7Default7defaultCs8AxnetaeJ9w_6simple
FNDA:8,_RINvMCs3Mcpfj5Jg9n_16wgpu_3dgs_viewerNtB3_6Viewer3newINtNtCsckSb6QcKe7J_5alloc3vec3VecNtNtCs4ci6KV7TqoM_14wgpu_3dgs_core8gaussian8GaussianEECsugFF6ZPP2O_3mod
FNDA:2,_RINvMs_Cs3Mcpfj5Jg9n_16wgpu_3dgs_viewerINtB5_6ViewerNtNtNtCs4ci6KV7TqoM_14wgpu_3dgs_core6buffer8gaussian41GaussianPodWithShSingleCov3dSingleConfigsNtNtB5_16lampshade_sorter15LampshadeSorterE16new_with_optionsINtNtCsckSb6QcKe7J_5alloc3vec3VecNtNtBU_8gaussian8GaussianEECsugFF6ZPP2O_3mod
FNDA:1,_RINvMs_Cs3Mcpfj5Jg9n_16wgpu_3dgs_viewerINtB5_6ViewerNtNtNtCs4ci6KV7TqoM_14wgpu_3dgs_core6buffer8gaussian41GaussianPodWithShSingleCov3dSingleConfigsNtNvNtNtCsugFF6ZPP2O_3mod3e2e6viewers_44test_viewer_uses_custom_depth_sorter_factory14CountingSorterE16new_with_optionsINtNtCsckSb6QcKe7J_5alloc3vec3VecNtNtBU_8gaussian8GaussianEEB2t_
FNDA:1,_RINvMs_Cs3Mcpfj5Jg9n_16wgpu_3dgs_viewerNtB5_6Viewer13update_cameraNtNtB5_6camera6CameraECsugFF6ZPP2O_3mod
FNDA:14,_RINvMs_Cs3Mcpfj5Jg9n_16wgpu_3dgs_viewerNtB5_6Viewer16new_with_optionsINtNtCsckSb6QcKe7J_5alloc3vec3VecNtNtCs4ci6KV7TqoM_14wgpu_3dgs_core8gaussian8GaussianEECsugFF6ZPP2O_3mod
FNDA:14,_RNCNvXs0_Cs3Mcpfj5Jg9n_16wgpu_3dgs_viewerINtB7_19ViewerCreateOptionsNtNtNtCs4ci6KV7TqoM_14wgpu_3dgs_core6buffer8gaussian41GaussianPodWithShSingleCov3dSingleConfigsNtNtB7_12depth_sorter11RadixSorterFG_INtB7_37ViewerCreateDepthSorterFactoryContextL0_B14_EEB2B_ENtNtCs9OCfJ4KTcUD_4core7default7Default7default0CsugFF6ZPP2O_3mod
FNDA:2,_RNvMs_Cs3Mcpfj5Jg9n_16wgpu_3dgs_viewerINtB4_6ViewerNtNtNtCs4ci6KV7TqoM_14wgpu_3dgs_core6buffer8gaussian41GaussianPodWithShSingleCov3dSingleConfigsNtNtB4_16lampshade_sorter15LampshadeSorterE22update_camera_with_podCsugFF6ZPP2O_3mod
FNDA:4,_RNvMs_Cs3Mcpfj5Jg9n_16wgpu_3dgs_viewerINtB4_6ViewerNtNtNtCs4ci6KV7TqoM_14wgpu_3dgs_core6buffer8gaussian41GaussianPodWithShSingleCov3dSingleConfigsNtNtB4_16lampshade_sorter15LampshadeSorterE22update_model_transformCsugFF6ZPP2O_3mod
FNDA:5,_RNvMs_Cs3Mcpfj5Jg9n_16wgpu_3dgs_viewerINtB4_6ViewerNtNtNtCs4ci6KV7TqoM_14wgpu_3dgs_core6buffer8gaussian41GaussianPodWithShSingleCov3dSingleConfigsNtNtB4_16lampshade_sorter15LampshadeSorterE6renderCsugFF6ZPP2O_3mod
FNDA:1,_RNvMs_Cs3Mcpfj5Jg9n_16wgpu_3dgs_viewerINtB4_6ViewerNtNtNtCs4ci6KV7TqoM_14wgpu_3dgs_core6buffer8gaussian41GaussianPodWithShSingleCov3dSingleConfigsNtNvNtNtCsugFF6ZPP2O_3mod3e2e6viewers_44test_viewer_uses_custom_depth_sorter_factory14CountingSorterE6renderB2s_
FNDA:13,_RNvMs_Cs3Mcpfj5Jg9n_16wgpu_3dgs_viewerNtB4_6Viewer22update_camera_with_podCsugFF6ZPP2O_3mod
FNDA:5,_RNvMs_Cs3Mcpfj5Jg9n_16wgpu_3dgs_viewerNtB4_6Viewer22update_model_transformCsugFF6ZPP2O_3mod
FNDA:1,_RNvMs_Cs3Mcpfj5Jg9n_16wgpu_3dgs_viewerNtB4_6Viewer25update_gaussian_transformCsugFF6ZPP2O_3mod
FNDA:1,_RNvMs_Cs3Mcpfj5Jg9n_16wgpu_3dgs_viewerNtB4_6Viewer31update_model_transform_with_podCsugFF6ZPP2O_3mod
FNDA:1,_RNvMs_Cs3Mcpfj5Jg9n_16wgpu_3dgs_viewerNtB4_6Viewer34update_gaussian_transform_with_podCsugFF6ZPP2O_3mod
FNDA:17,_RNvMs_Cs3Mcpfj5Jg9n_16wgpu_3dgs_viewerNtB4_6Viewer6renderCsugFF6ZPP2O_3mod
FNDA:14,_RNvXs0_Cs3Mcpfj5Jg9n_16wgpu_3dgs_viewerINtB5_19ViewerCreateOptionsNtNtNtCs4ci6KV7TqoM_14wgpu_3dgs_core6buffer8gaussian41GaussianPodWithShSingleCov3dSingleConfigsNtNtB5_12depth_sorter11RadixSorterFG_INtB5_37ViewerCreateDepthSorterFactoryContextL0_B12_EEB2z_ENtNtCs9OCfJ4KTcUD_4core7default7Default7defaultCsugFF6ZPP2O_3mod
FNDA:0,_RINvMCs3Mcpfj5Jg9n_16wgpu_3dgs_viewerINtB3_6ViewerpE3newpEB3_
FNDA:0,_RINvMs_Cs3Mcpfj5Jg9n_16wgpu_3dgs_viewerINtB5_6ViewerppE13update_camerapEB5_
FNDA:0,_RINvMs_Cs3Mcpfj5Jg9n_16wgpu_3dgs_viewerINtB5_6ViewerppE16new_with_optionspEB5_
FNDA:0,_RNCNvXINICs3Mcpfj5Jg9n_16wgpu_3dgs_viewers0_0pEINtB7_19ViewerCreateOptionspNtNtB7_12depth_sorter11RadixSorterFG_INtB7_37ViewerCreateDepthSorterFactoryContextL0_pEEB1b_ENtNtCs9OCfJ4KTcUD_4core7default7Default7default0B7_
FNDA:0,_RNvMs_Cs3Mcpfj5Jg9n_16wgpu_3dgs_viewerINtB4_6ViewerppE22update_camera_with_podB4_
FNDA:0,_RNvMs_Cs3Mcpfj5Jg9n_16wgpu_3dgs_viewerINtB4_6ViewerppE22update_model_transformB4_
FNDA:0,_RNvMs_Cs3Mcpfj5Jg9n_16wgpu_3dgs_viewerINtB4_6ViewerppE25update_gaussian_transformB4_
FNDA:0,_RNvMs_Cs3Mcpfj5Jg9n_16wgpu_3dgs_viewerINtB4_6ViewerppE31update_model_transform_with_podB4_
FNDA:0,_RNvMs_Cs3Mcpfj5Jg9n_16wgpu_3dgs_viewerINtB4_6ViewerppE34update_gaussian_transform_with_podB4_
FNDA:0,_RNvMs_Cs3Mcpfj5Jg9n_16wgpu_3dgs_viewerINtB4_6ViewerppE6renderB4_
FNDA:0,_RNvXINICs3Mcpfj5Jg9n_16wgpu_3dgs_viewers0_0pEINtB5_19ViewerCreateOptionspNtNtB5_12depth_sorter11RadixSorterFG_INtB5_37ViewerCreateDepthSorterFactoryContextL0_pEEB19_ENtNtCs9OCfJ4KTcUD_4core7default7Default7defaultB5_
FNDA:0,_RINvMCsd1MoTXSmoBL_16wgpu_3dgs_viewerINtB3_6ViewerpE3newpEB3_
FNDA:0,_RINvMs_Csd1MoTXSmoBL_16wgpu_3dgs_viewerINtB5_6ViewerppE13update_camerapEB5_
FNDA:0,_RINvMs_Csd1MoTXSmoBL_16wgpu_3dgs_viewerINtB5_6ViewerppE16new_with_optionspEB5_
FNDA:0,_RNCNvXINICsd1MoTXSmoBL_16wgpu_3dgs_viewers0_0pEINtB7_19ViewerCreateOptionspNtNtB7_12depth_sorter11RadixSorterFG_INtB7_37ViewerCreateDepthSorterFactoryContextL0_pEEB1b_ENtNtCs9OCfJ4KTcUD_4core7default7Default7default0B7_
FNDA:0,_RNvMs_Csd1MoTXSmoBL_16wgpu_3dgs_viewerINtB4_6ViewerppE22update_camera_with_podB4_
FNDA:0,_RNvMs_Csd1MoTXSmoBL_16wgpu_3dgs_viewerINtB4_6ViewerppE22update_model_transformB4_
FNDA:0,_RNvMs_Csd1MoTXSmoBL_16wgpu_3dgs_viewerINtB4_6ViewerppE25update_gaussian_transformB4_
FNDA:0,_RNvMs_Csd1MoTXSmoBL_16wgpu_3dgs_viewerINtB4_6ViewerppE31update_model_transform_with_podB4_
FNDA:0,_RNvMs_Csd1MoTXSmoBL_16wgpu_3dgs_viewerINtB4_6ViewerppE34update_gaussian_transform_with_podB4_
FNDA:0,_RNvMs_Csd1MoTXSmoBL_16wgpu_3dgs_viewerINtB4_6ViewerppE6renderB4_
FNDA:0,_RNvXINICsd1MoTXSmoBL_16wgpu_3dgs_viewers0_0pEINtB5_19ViewerCreateOptionspNtNtB5_12depth_sorter11RadixSorterFG_INtB5_37ViewerCreateDepthSorterFactoryContextL0_pEEB19_ENtNtCs9OCfJ4KTcUD_4core7default7Default7defaultB5_
FNDA:247,_RINvMs_Cs3Mcpfj5Jg9n_16wgpu_3dgs_viewerNtB5_6Viewer13update_cameraNtNtB5_6camera6CameraECsgZsThlafw2d_9selection
FNDA:1,_RINvMs_Cs3Mcpfj5Jg9n_16wgpu_3dgs_viewerNtB5_6Viewer16new_with_optionsNtNtCs4ci6KV7TqoM_14wgpu_3dgs_core8gaussian9GaussiansECsgZsThlafw2d_9selection
FNDA:1,_RNCNvXs0_Cs3Mcpfj5Jg9n_16wgpu_3dgs_viewerINtB7_19ViewerCreateOptionsNtNtNtCs4ci6KV7TqoM_14wgpu_3dgs_core6buffer8gaussian41GaussianPodWithShSingleCov3dSingleConfigsNtNtB7_12depth_sorter11RadixSorterFG_INtB7_37ViewerCreateDepthSorterFactoryContextL0_B14_EEB2B_ENtNtCs9OCfJ4KTcUD_4core7default7Default7default0CsgZsThlafw2d_9selection
FNDA:1,_RNvMs_Cs3Mcpfj5Jg9n_16wgpu_3dgs_viewerNtB4_6Viewer22update_model_transformCsgZsThlafw2d_9selection
FNDA:247,_RNvMs_Cs3Mcpfj5Jg9n_16wgpu_3dgs_viewerNtB4_6Viewer6renderCsgZsThlafw2d_9selection
FNDA:1,_RNvXs0_Cs3Mcpfj5Jg9n_16wgpu_3dgs_viewerINtB5_19ViewerCreateOptionsNtNtNtCs4ci6KV7TqoM_14wgpu_3dgs_core6buffer8gaussian41GaussianPodWithShSingleCov3dSingleConfigsNtNtB5_12depth_sorter11RadixSorterFG_INtB5_37ViewerCreateDepthSorterFactoryContextL0_B12_EEB2z_ENtNtCs9OCfJ4KTcUD_4core7default7Default7defaultCsgZsThlafw2d_9selection
FNDA:0,_RINvMs_Cs3Mcpfj5Jg9n_16wgpu_3dgs_viewerINtB5_6ViewerNtNtNtCs4ci6KV7TqoM_14wgpu_3dgs_core6buffer8gaussian41GaussianPodWithShSingleCov3dSingleConfigsNtNtB5_16lampshade_sorter15LampshadeSorterE13update_cameraNtNtB5_6camera6CameraECsao77I1ua3lb_21simple_with_lampshade
FNDA:0,_RINvMs_Cs3Mcpfj5Jg9n_16wgpu_3dgs_viewerINtB5_6ViewerNtNtNtCs4ci6KV7TqoM_14wgpu_3dgs_core6buffer8gaussian41GaussianPodWithShSingleCov3dSingleConfigsNtNtB5_16lampshade_sorter15LampshadeSorterE16new_with_optionsNtNtBU_8gaussian9GaussiansECsao77I1ua3lb_21simple_with_lampshade
FNDA:0,_RNvMs_Cs3Mcpfj5Jg9n_16wgpu_3dgs_viewerINtB4_6ViewerNtNtNtCs4ci6KV7TqoM_14wgpu_3dgs_core6buffer8gaussian41GaussianPodWithShSingleCov3dSingleConfigsNtNtB4_16lampshade_sorter15LampshadeSorterE22update_model_transformCsao77I1ua3lb_21simple_with_lampshade
FNDA:0,_RNvMs_Cs3Mcpfj5Jg9n_16wgpu_3dgs_viewerINtB4_6ViewerNtNtNtCs4ci6KV7TqoM_14wgpu_3dgs_core6buffer8gaussian41GaussianPodWithShSingleCov3dSingleConfigsNtNtB4_16lampshade_sorter15LampshadeSorterE25update_gaussian_transformCsao77I1ua3lb_21simple_with_lampshade
FNDA:0,_RNvMs_Cs3Mcpfj5Jg9n_16wgpu_3dgs_viewerINtB4_6ViewerNtNtNtCs4ci6KV7TqoM_14wgpu_3dgs_core6buffer8gaussian41GaussianPodWithShSingleCov3dSingleConfigsNtNtB4_16lampshade_sorter15LampshadeSorterE6renderCsao77I1ua3lb_21simple_with_lampshade
FNDA:0,_RINvMCs3Mcpfj5Jg9n_16wgpu_3dgs_viewerNtB3_6Viewer3newNtNtCs4ci6KV7TqoM_14wgpu_3dgs_core8gaussian9GaussiansECs8AxnetaeJ9w_6simple
FNDA:0,_RINvMs_Cs3Mcpfj5Jg9n_16wgpu_3dgs_viewerNtB5_6Viewer13update_cameraNtNtB5_6camera6CameraECs8AxnetaeJ9w_6simple
FNDA:0,_RINvMs_Cs3Mcpfj5Jg9n_16wgpu_3dgs_viewerNtB5_6Viewer16new_with_optionsNtNtCs4ci6KV7TqoM_14wgpu_3dgs_core8gaussian9GaussiansECs8AxnetaeJ9w_6simple
FNDA:0,_RNCNvXs0_Cs3Mcpfj5Jg9n_16wgpu_3dgs_viewerINtB7_19ViewerCreateOptionsNtNtNtCs4ci6KV7TqoM_14wgpu_3dgs_core6buffer8gaussian41GaussianPodWithShSingleCov3dSingleConfigsNtNtB7_12depth_sorter11RadixSorterFG_INtB7_37ViewerCreateDepthSorterFactoryContextL0_B14_EEB2B_ENtNtCs9OCfJ4KTcUD_4core7default7Default7default0Cs8AxnetaeJ9w_6simple
FNDA:0,_RNvMs_Cs3Mcpfj5Jg9n_16wgpu_3dgs_viewerNtB4_6Viewer22update_model_transformCs8AxnetaeJ9w_6simple
FNDA:0,_RNvMs_Cs3Mcpfj5Jg9n_16wgpu_3dgs_viewerNtB4_6Viewer25update_gaussian_transformCs8AxnetaeJ9w_6simple
FNDA:0,_RNvMs_Cs3Mcpfj5Jg9n_16wgpu_3dgs_viewerNtB4_6Viewer6renderCs8AxnetaeJ9w_6simple
FNDA:0,_RNvXs0_Cs3Mcpfj5Jg9n_16wgpu_3dgs_viewerINtB5_19ViewerCreateOptionsNtNtNtCs4ci6KV7TqoM_14wgpu_3dgs_core6buffer8gaussian41GaussianPodWithShSingleCov3dSingleConfigsNtNtB5_12depth_sorter11RadixSorterFG_INtB5_37ViewerCreateDepthSorterFactoryContextL0_B12_EEB2z_ENtNtCs9OCfJ4KTcUD_4core7default7Default7defaultCs8AxnetaeJ9w_6simple
FNF:11
FNH:11
DA:96,8
DA:97,8
DA:98,8
DA:99,8
DA:100,8
DA:101,8
DA:102,8
DA:103,8
DA:104,8
DA:105,8
DA:107,8
DA:112,18
DA:113,18
DA:114,18
DA:115,18
DA:116,18
DA:117,18
DA:118,18
DA:119,18
DA:121,18
DA:122,18
DA:124,18
DA:125,18
DA:127,18
DA:128,18
DA:129,18
DA:131,18
DA:132,18
DA:134,18
DA:135,18
DA:138,18
DA:140,18
DA:141,18
DA:143,18
DA:144,18
DA:147,18
DA:148,18
DA:149,18
DA:153,18
DA:154,18
DA:155,18
DA:158,18
DA:159,18
DA:160,18
DA:161,18
DA:162,18
DA:163,18
DA:164,18
DA:165,18
DA:166,18
DA:167,18
DA:168,18
DA:170,18
DA:172,18
DA:173,0
DA:175,18
DA:176,18
DA:177,18
DA:178,18
DA:179,18
DA:180,18
DA:181,18
DA:182,18
DA:183,18
DA:184,18
DA:185,18
DA:186,18
DA:187,18
DA:188,18
DA:189,18
DA:190,18
DA:191,18
DA:192,18
DA:194,18
DA:197,18
DA:198,18
DA:199,18
DA:200,18
DA:201,18
DA:202,18
DA:203,18
DA:204,18
DA:205,18
DA:206,18
DA:207,18
DA:208,18
DA:209,18
DA:210,18
DA:211,18
DA:212,0
DA:214,18
DA:216,18
DA:217,18
DA:218,18
DA:219,18
DA:220,18
DA:221,18
DA:222,18
DA:223,18
DA:224,18
DA:225,18
DA:226,18
DA:227,18
DA:228,18
DA:229,18
DA:230,18
DA:231,18
DA:232,18
DA:233,18
DA:234,18
DA:237,248
DA:238,248
DA:239,248
DA:240,248
DA:241,248
DA:242,248
DA:243,248
DA:244,248
DA:247,15
DA:248,15
DA:249,15
DA:252,10
DA:253,10
DA:254,10
DA:255,10
DA:256,10
DA:257,10
DA:258,10
DA:259,10
DA:260,10
DA:263,1
DA:264,1
DA:265,1
DA:266,1
DA:267,1
DA:268,1
DA:269,1
DA:272,1
DA:273,1
DA:274,1
DA:275,1
DA:276,1
DA:277,1
DA:278,1
DA:279,1
DA:280,1
DA:281,1
DA:282,1
DA:283,1
DA:284,1
DA:285,1
DA:286,1
DA:287,1
DA:289,1
DA:292,1
DA:293,1
DA:294,1
DA:295,1
DA:296,1
DA:297,1
DA:298,1
DA:301,270
DA:302,270
DA:303,270
DA:305,270
DA:306,270
DA:308,270
DA:309,270
DA:310,270
DA:360,15
DA:362,15
DA:365,15
DA:366,15
DA:367,15
DA:368,15
DA:369,15
DA:370,15
DA:372,15
DA:373,15
DA:375,15
BRF:0
BRH:0
LF:180
LH:178
end_of_record
SF:C:\Users\s2010\Me\Codes\Rust\wgpu-3dgs-viewer\src\multi_model.rs
FN:28,_RINvMNtCs3Mcpfj5Jg9n_16wgpu_3dgs_viewer11multi_modelNtB3_28MultiModelViewerWorldBuffers13update_cameraNtNtB5_6camera6CameraECsugFF6ZPP2O_3mod
FN:236,_RINvMs0_NtCs3Mcpfj5Jg9n_16wgpu_3dgs_viewer11multi_modelINtB6_26MultiModelViewerBindGroupsINtNtB8_16lampshade_sorter15LampshadeSorteruEE3newNtNtNtCs4ci6KV7TqoM_14wgpu_3dgs_core6buffer8gaussian41GaussianPodWithShSingleCov3dSingleConfigsECsugFF6ZPP2O_3mod
FN:236,_RINvMs0_NtCs3Mcpfj5Jg9n_16wgpu_3dgs_viewer11multi_modelNtB6_26MultiModelViewerBindGroups3newNtNtNtCs4ci6KV7TqoM_14wgpu_3dgs_core6buffer8gaussian41GaussianPodWithShSingleCov3dSingleConfigsECsugFF6ZPP2O_3mod
FN:385,_RINvMs2_NtCs3Mcpfj5Jg9n_16wgpu_3dgs_viewer11multi_modelINtB6_16MultiModelViewerNtNtNtCs4ci6KV7TqoM_14wgpu_3dgs_core6buffer8gaussian41GaussianPodWithShSingleCov3dSingleConfigsINtNtB8_12depth_sorter11RadixSorteruEReE12insert_modelINtNtCsckSb6QcKe7J_5alloc3vec3VecNtNtB1l_8gaussian8GaussianEECsugFF6ZPP2O_3mod
FN:430,_RINvMs2_NtCs3Mcpfj5Jg9n_16wgpu_3dgs_viewer11multi_modelINtB6_16MultiModelViewerNtNtNtCs4ci6KV7TqoM_14wgpu_3dgs_core6buffer8gaussian41GaussianPodWithShSingleCov3dSingleConfigsINtNtB8_12depth_sorter11RadixSorteruEReE13update_cameraNtNtB8_6camera6CameraECsugFF6ZPP2O_3mod
FN:398,_RINvMs2_NtCs3Mcpfj5Jg9n_16wgpu_3dgs_viewer11multi_modelINtB6_16MultiModelViewerNtNtNtCs4ci6KV7TqoM_14wgpu_3dgs_core6buffer8gaussian41GaussianPodWithShSingleCov3dSingleConfigsINtNtB8_12depth_sorter11RadixSorteruEReE17insert_model_withINtNtCsckSb6QcKe7J_5alloc3vec3VecNtNtB1l_8gaussian8GaussianEECsugFF6ZPP2O_3mod
FN:385,_RINvMs2_NtCs3Mcpfj5Jg9n_16wgpu_3dgs_viewer11multi_modelINtB6_16MultiModelViewerNtNtNtCs4ci6KV7TqoM_14wgpu_3dgs_core6buffer8gaussian41GaussianPodWithShSingleCov3dSingleConfigsINtNtB8_16lampshade_sorter15LampshadeSorteruEReE12insert_modelINtNtCsckSb6QcKe7J_5alloc3vec3VecNtNtB1l_8gaussian8GaussianEECsugFF6ZPP2O_3mod
FN:398,_RINvMs2_NtCs3Mcpfj5Jg9n_16wgpu_3dgs_viewer11multi_modelINtB6_16MultiModelViewerNtNtNtCs4ci6KV7TqoM_14wgpu_3dgs_core6buffer8gaussian41GaussianPodWithShSingleCov3dSingleConfigsINtNtB8_16lampshade_sorter15LampshadeSorteruEReE17insert_model_withINtNtCsckSb6QcKe7J_5alloc3vec3VecNtNtB1l_8gaussian8GaussianEECsugFF6ZPP2O_3mod
FN:94,_RINvMs_NtCs3Mcpfj5Jg9n_16wgpu_3dgs_viewer11multi_modelNtB5_31MultiModelViewerGaussianBuffers8new_withINtNtCsckSb6QcKe7J_5alloc3vec3VecNtNtCs4ci6KV7TqoM_14wgpu_3dgs_core8gaussian8GaussianEECsugFF6ZPP2O_3mod
FN:516,_RNCNvMs2_NtCs3Mcpfj5Jg9n_16wgpu_3dgs_viewer11multi_modelINtB7_16MultiModelViewerNtNtNtCs4ci6KV7TqoM_14wgpu_3dgs_core6buffer8gaussian41GaussianPodWithShSingleCov3dSingleConfigsINtNtB9_12depth_sorter11RadixSorteruEReE6render0CsugFF6ZPP2O_3mod
FN:516,_RNCNvMs2_NtCs3Mcpfj5Jg9n_16wgpu_3dgs_viewer11multi_modelINtB7_16MultiModelViewerNtNtNtCs4ci6KV7TqoM_14wgpu_3dgs_core6buffer8gaussian41GaussianPodWithShSingleCov3dSingleConfigsINtNtB9_16lampshade_sorter15LampshadeSorteruEReE6render0CsugFF6ZPP2O_3mod
FN:607,_RNCNvXs3_NtCs3Mcpfj5Jg9n_16wgpu_3dgs_viewer11multi_modelINtB7_29MultiModelViewerCreateOptionsNtNtNtCs4ci6KV7TqoM_14wgpu_3dgs_core6buffer8gaussian41GaussianPodWithShSingleCov3dSingleConfigsINtNtB9_12depth_sorter11RadixSorteruEFG_INtB7_47MultiModelViewerCreateDepthSorterFactoryContextL0_EEB30_ENtNtCs9OCfJ4KTcUD_4core7default7Default7default0CsugFF6ZPP2O_3mod
FN:319,_RNvMs1_NtCs3Mcpfj5Jg9n_16wgpu_3dgs_viewer11multi_modelINtB5_16MultiModelViewerNtNtNtCs4ci6KV7TqoM_14wgpu_3dgs_core6buffer8gaussian41GaussianPodWithShSingleCov3dSingleConfigsINtNtB7_12depth_sorter11RadixSorteruEReE3newCsugFF6ZPP2O_3mod
FN:425,_RNvMs2_NtCs3Mcpfj5Jg9n_16wgpu_3dgs_viewer11multi_modelINtB5_16MultiModelViewerNtNtNtCs4ci6KV7TqoM_14wgpu_3dgs_core6buffer8gaussian41GaussianPodWithShSingleCov3dSingleConfigsINtNtB7_12depth_sorter11RadixSorteruEReE12remove_modelCsugFF6ZPP2O_3mod
FN:339,_RNvMs2_NtCs3Mcpfj5Jg9n_16wgpu_3dgs_viewer11multi_modelINtB5_16MultiModelViewerNtNtNtCs4ci6KV7TqoM_14wgpu_3dgs_core6buffer8gaussian41GaussianPodWithShSingleCov3dSingleConfigsINtNtB7_12depth_sorter11RadixSorteruEReE16new_with_optionsCsugFF6ZPP2O_3mod
FN:441,_RNvMs2_NtCs3Mcpfj5Jg9n_16wgpu_3dgs_viewer11multi_modelINtB5_16MultiModelViewerNtNtNtCs4ci6KV7TqoM_14wgpu_3dgs_core6buffer8gaussian41GaussianPodWithShSingleCov3dSingleConfigsINtNtB7_12depth_sorter11RadixSorteruEReE22update_camera_with_podCsugFF6ZPP2O_3mod
FN:446,_RNvMs2_NtCs3Mcpfj5Jg9n_16wgpu_3dgs_viewer11multi_modelINtB5_16MultiModelViewerNtNtNtCs4ci6KV7TqoM_14wgpu_3dgs_core6buffer8gaussian41GaussianPodWithShSingleCov3dSingleConfigsINtNtB7_12depth_sorter11RadixSorteruEReE22update_model_transformCsugFF6ZPP2O_3mod
FN:478,_RNvMs2_NtCs3Mcpfj5Jg9n_16wgpu_3dgs_viewer11multi_modelINtB5_16MultiModelViewerNtNtNtCs4ci6KV7TqoM_14wgpu_3dgs_core6buffer8gaussian41GaussianPodWithShSingleCov3dSingleConfigsINtNtB7_12depth_sorter11RadixSorteruEReE25update_gaussian_transformCsugFF6ZPP2O_3mod
FN:463,_RNvMs2_NtCs3Mcpfj5Jg9n_16wgpu_3dgs_viewer11multi_modelINtB5_16MultiModelViewerNtNtNtCs4ci6KV7TqoM_14wgpu_3dgs_core6buffer8gaussian41GaussianPodWithShSingleCov3dSingleConfigsINtNtB7_12depth_sorter11RadixSorteruEReE31update_model_transform_with_podCsugFF6ZPP2O_3mod
FN:498,_RNvMs2_NtCs3Mcpfj5Jg9n_16wgpu_3dgs_viewer11multi_modelINtB5_16MultiModelViewerNtNtNtCs4ci6KV7TqoM_14wgpu_3dgs_core6buffer8gaussian41GaussianPodWithShSingleCov3dSingleConfigsINtNtB7_12depth_sorter11RadixSorteruEReE34update_gaussian_transform_with_podCsugFF6ZPP2O_3mod
FN:508,_RNvMs2_NtCs3Mcpfj5Jg9n_16wgpu_3dgs_viewer11multi_modelINtB5_16MultiModelViewerNtNtNtCs4ci6KV7TqoM_14wgpu_3dgs_core6buffer8gaussian41GaussianPodWithShSingleCov3dSingleConfigsINtNtB7_12depth_sorter11RadixSorteruEReE6renderCsugFF6ZPP2O_3mod
FN:339,_RNvMs2_NtCs3Mcpfj5Jg9n_16wgpu_3dgs_viewer11multi_modelINtB5_16MultiModelViewerNtNtNtCs4ci6KV7TqoM_14wgpu_3dgs_core6buffer8gaussian41GaussianPodWithShSingleCov3dSingleConfigsINtNtB7_16lampshade_sorter15LampshadeSorteruEReE16new_with_optionsCsugFF6ZPP2O_3mod
FN:441,_RNvMs2_NtCs3Mcpfj5Jg9n_16wgpu_3dgs_viewer11multi_modelINtB5_16MultiModelViewerNtNtNtCs4ci6KV7TqoM_14wgpu_3dgs_core6buffer8gaussian41GaussianPodWithShSingleCov3dSingleConfigsINtNtB7_16lampshade_sorter15LampshadeSorteruEReE22update_camera_with_podCsugFF6ZPP2O_3mod
[...]
FNDA:0,_RNvXsc_NtNtCsd1MoTXSmoBL_16wgpu_3dgs_viewer9selection6bufferNtB5_33PreprocessorInvertSelectionBufferINtNtCs9OCfJ4KTcUD_4core7convert7TryFromNtNtNtCslUPZSKK4PRh_4wgpu3api6buffer6BufferE8try_from
FNF:21
FNH:21
DA:16,11
DA:17,11
DA:18,11
DA:19,11
DA:20,11
DA:21,11
DA:22,11
DA:23,11
DA:24,11
DA:25,11
DA:26,11
DA:27,11
DA:28,11
DA:29,11
DA:30,11
DA:32,11
DA:34,11
DA:35,11
DA:38,23
DA:39,23
DA:40,23
DA:43,21
DA:44,21
DA:45,21
DA:57,15
DA:58,15
DA:59,15
DA:60,15
DA:61,15
DA:62,15
DA:63,15
DA:65,15
DA:66,15
DA:69,22
DA:70,22
DA:71,22
DA:75,34
DA:76,34
DA:77,34
DA:81,1
DA:82,1
DA:83,1
DA:89,2
DA:90,2
DA:91,2
DA:106,8
DA:107,8
DA:108,8
DA:109,8
DA:110,8
DA:111,8
DA:112,8
DA:114,8
DA:115,8
DA:118,9
DA:119,9
DA:120,9
DA:124,13
DA:125,13
DA:126,13
DA:130,1
DA:131,1
DA:132,1
DA:138,2
DA:139,2
DA:140,2
DA:157,40
DA:158,40
DA:159,40
DA:160,40
DA:161,40
DA:162,40
DA:164,40
DA:165,40
DA:168,2
DA:169,2
DA:170,2
DA:171,2
DA:175,46
DA:176,46
DA:177,46
DA:181,1
DA:182,1
DA:183,1
DA:189,2
DA:190,2
DA:191,2
BRF:0
BRH:0
LF:90
LH:90
end_of_record
SF:C:\Users\s2010\Me\Codes\Rust\wgpu-3dgs-viewer\src\selection\viewport.rs
FN:41,_RINvNtNtCs3Mcpfj5Jg9n_16wgpu_3dgs_viewer9selection8viewport22create_viewport_bundleNtNtNtCs4ci6KV7TqoM_14wgpu_3dgs_core6buffer8gaussian41GaussianPodWithShSingleCov3dSingleConfigsECsugFF6ZPP2O_3mod
FN:41,_RINvNtNtCs3Mcpfj5Jg9n_16wgpu_3dgs_viewer9selection8viewport22create_viewport_bundlepEB6_
FN:41,_RINvNtNtCsd1MoTXSmoBL_16wgpu_3dgs_viewer9selection8viewport22create_viewport_bundlepEB6_
FN:41,_RINvNtNtCs3Mcpfj5Jg9n_16wgpu_3dgs_viewer9selection8viewport22create_viewport_bundleNtNtNtCs4ci6KV7TqoM_14wgpu_3dgs_core6buffer8gaussian41GaussianPodWithShSingleCov3dSingleConfigsECsgZsThlafw2d_9selection
FNDA:6,_RINvNtNtCs3Mcpfj5Jg9n_16wgpu_3dgs_viewer9selection8viewport22create_viewport_bundleNtNtNtCs4ci6KV7TqoM_14wgpu_3dgs_core6buffer8gaussian41GaussianPodWithShSingleCov3dSingleConfigsECsugFF6ZPP2O_3mod
FNDA:0,_RINvNtNtCs3Mcpfj5Jg9n_16wgpu_3dgs_viewer9selection8viewport22create_viewport_bundlepEB6_
FNDA:0,_RINvNtNtCsd1MoTXSmoBL_16wgpu_3dgs_viewer9selection8viewport22create_viewport_bundlepEB6_
FNDA:1,_RINvNtNtCs3Mcpfj5Jg9n_16wgpu_3dgs_viewer9selection8viewport22create_viewport_bundleNtNtNtCs4ci6KV7TqoM_14wgpu_3dgs_core6buffer8gaussian41GaussianPodWithShSingleCov3dSingleConfigsECsgZsThlafw2d_9selection
FNF:1
FNH:1
DA:41,7
DA:42,7
DA:43,7
DA:44,7
DA:46,7
DA:47,7
DA:48,7
DA:49,7
DA:50,7
DA:51,7
DA:52,7
DA:53,7
DA:54,7
DA:55,7
DA:57,7
DA:58,7
DA:59,7
DA:60,7
DA:61,7
DA:62,7
DA:63,7
DA:64,7
DA:65,7
BRF:0
BRH:0
LF:23
LH:23
end_of_record
SF:C:\Users\s2010\Me\Codes\Rust\wgpu-3dgs-viewer\src\selection\viewport_selector.rs
FN:311,_RNvMNtNtCs3Mcpfj5Jg9n_16wgpu_3dgs_viewer9selection17viewport_selectorNtB2_16ViewportSelector16set_brush_radius
FN:206,_RNvMNtNtCs3Mcpfj5Jg9n_16wgpu_3dgs_viewer9selection17viewport_selectorNtB2_16ViewportSelector3new
FN:277,_RNvMNtNtCs3Mcpfj5Jg9n_16wgpu_3dgs_viewer9selection17viewport_selectorNtB2_16ViewportSelector5clear
FN:252,_RNvMNtNtCs3Mcpfj5Jg9n_16wgpu_3dgs_viewer9selection17viewport_selectorNtB2_16ViewportSelector5start
FN:294,_RNvMNtNtCs3Mcpfj5Jg9n_16wgpu_3dgs_viewer9selection17viewport_selectorNtB2_16ViewportSelector6render
FN:319,_RNvMNtNtCs3Mcpfj5Jg9n_16wgpu_3dgs_viewer9selection17viewport_selectorNtB2_16ViewportSelector6resize
FN:260,_RNvMNtNtCs3Mcpfj5Jg9n_16wgpu_3dgs_viewer9selection17viewport_selectorNtB2_16ViewportSelector6update
FN:306,_RNvMNtNtCs3Mcpfj5Jg9n_16wgpu_3dgs_viewer9selection17viewport_selectorNtB2_16ViewportSelector7texture
FN:311,_RNvMNtNtCsd1MoTXSmoBL_16wgpu_3dgs_viewer9selection17viewport_selectorNtB2_16ViewportSelector16set_brush_radius
FN:206,_RNvMNtNtCsd1MoTXSmoBL_16wgpu_3dgs_viewer9selection17viewport_selectorNtB2_16ViewportSelector3new
FN:277,_RNvMNtNtCsd1MoTXSmoBL_16wgpu_3dgs_viewer9selection17viewport_selectorNtB2_16ViewportSelector5clear
FN:252,_RNvMNtNtCsd1MoTXSmoBL_16wgpu_3dgs_viewer9selection17viewport_selectorNtB2_16ViewportSelector5start
FN:294,_RNvMNtNtCsd1MoTXSmoBL_16wgpu_3dgs_viewer9selection17viewport_selectorNtB2_16ViewportSelector6render
FN:319,_RNvMNtNtCsd1MoTXSmoBL_16wgpu_3dgs_viewer9selection17viewport_selectorNtB2_16ViewportSelector6resize
FN:260,_RNvMNtNtCsd1MoTXSmoBL_16wgpu_3dgs_viewer9selection17viewport_selectorNtB2_16ViewportSelector6update
FN:306,_RNvMNtNtCsd1MoTXSmoBL_16wgpu_3dgs_viewer9selection17viewport_selectorNtB2_16ViewportSelector7texture
FNDA:1,_RNvMNtNtCs3Mcpfj5Jg9n_16wgpu_3dgs_viewer9selection17viewport_selectorNtB2_16ViewportSelector16set_brush_radius
FNDA:7,_RNvMNtNtCs3Mcpfj5Jg9n_16wgpu_3dgs_viewer9selection17viewport_selectorNtB2_16ViewportSelector3new
FNDA:1,_RNvMNtNtCs3Mcpfj5Jg9n_16wgpu_3dgs_viewer9selection17viewport_selectorNtB2_16ViewportSelector5clear
FNDA:6,_RNvMNtNtCs3Mcpfj5Jg9n_16wgpu_3dgs_viewer9selection17viewport_selectorNtB2_16ViewportSelector5start
FNDA:6,_RNvMNtNtCs3Mcpfj5Jg9n_16wgpu_3dgs_viewer9selection17viewport_selectorNtB2_16ViewportSelector6render
FNDA:3,_RNvMNtNtCs3Mcpfj5Jg9n_16wgpu_3dgs_viewer9selection17viewport_selectorNtB2_16ViewportSelector6resize
FNDA:6,_RNvMNtNtCs3Mcpfj5Jg9n_16wgpu_3dgs_viewer9selection17viewport_selectorNtB2_16ViewportSelector6update
FNDA:14,_RNvMNtNtCs3Mcpfj5Jg9n_16wgpu_3dgs_viewer9selection17viewport_selectorNtB2_16ViewportSelector7texture
FNDA:0,_RNvMNtNtCsd1MoTXSmoBL_16wgpu_3dgs_viewer9selection17viewport_selectorNtB2_16ViewportSelector16set_brush_radius
FNDA:0,_RNvMNtNtCsd1MoTXSmoBL_16wgpu_3dgs_viewer9selection17viewport_selectorNtB2_16ViewportSelector3new
FNDA:0,_RNvMNtNtCsd1MoTXSmoBL_16wgpu_3dgs_viewer9selection17viewport_selectorNtB2_16ViewportSelector5clear
FNDA:0,_RNvMNtNtCsd1MoTXSmoBL_16wgpu_3dgs_viewer9selection17viewport_selectorNtB2_16ViewportSelector5start
FNDA:0,_RNvMNtNtCsd1MoTXSmoBL_16wgpu_3dgs_viewer9selection17viewport_selectorNtB2_16ViewportSelector6render
FNDA:0,_RNvMNtNtCsd1MoTXSmoBL_16wgpu_3dgs_viewer9selection17viewport_selectorNtB2_16ViewportSelector6resize
FNDA:0,_RNvMNtNtCsd1MoTXSmoBL_16wgpu_3dgs_viewer9selection17viewport_selectorNtB2_16ViewportSelector6update
FNDA:0,_RNvMNtNtCsd1MoTXSmoBL_16wgpu_3dgs_viewer9selection17viewport_selectorNtB2_16ViewportSelector7texture
FNF:8
FNH:8
DA:206,7
DA:207,7
DA:208,7
DA:209,7
DA:210,7
DA:211,7
DA:212,7
DA:213,7
DA:214,7
DA:215,7
DA:216,7
DA:217,7
DA:218,7
DA:219,7
DA:220,7
DA:221,7
DA:222,7
DA:223,0
DA:224,7
DA:225,7
DA:226,7
DA:227,7
DA:228,7
DA:229,7
DA:230,7
DA:231,0
DA:233,7
DA:234,7
DA:235,7
DA:236,7
DA:237,7
DA:238,7
DA:239,7
DA:240,7
DA:241,7
DA:242,7
DA:243,7
DA:244,7
DA:245,7
DA:246,7
DA:247,7
DA:248,7
DA:249,7
DA:252,6
DA:253,6
DA:254,6
DA:255,6
DA:256,6
DA:257,6
DA:260,6
DA:261,6
DA:262,3
DA:263,3
DA:264,3
DA:265,3
DA:266,3
DA:267,3
DA:268,3
DA:269,3
DA:270,3
DA:271,3
DA:272,3
DA:274,6
DA:277,1
DA:278,1
DA:279,1
DA:280,1
DA:281,1
DA:282,1
DA:283,1
DA:284,1
DA:285,1
DA:286,1
DA:287,1
DA:288,1
DA:289,1
DA:290,1
DA:291,1
DA:294,6
DA:295,6
DA:296,3
DA:297,3
DA:298,3
DA:300,3
DA:303,6
DA:306,14
DA:307,14
DA:308,14
DA:311,1
DA:312,1
DA:313,1
DA:314,1
DA:319,3
DA:320,3
DA:321,3
BRF:0
BRH:0
LF:95
LH:93
end_of_record
SF:C:\Users\s2010\Me\Codes\Rust\wgpu-3dgs-viewer\src\selection\viewport_texture_brush.rs
FN:277,_RNvMs0_NtNtCs3Mcpfj5Jg9n_16wgpu_3dgs_viewer9selection22viewport_texture_brushINtB5_28ViewportTextureBrushRendereruE16render_with_pass
FN:184,_RNvMs0_NtNtCs3Mcpfj5Jg9n_16wgpu_3dgs_viewer9selection22viewport_texture_brushINtB5_28ViewportTextureBrushRendereruE22new_without_bind_group
FN:253,_RNvMs0_NtNtCs3Mcpfj5Jg9n_16wgpu_3dgs_viewer9selection22viewport_texture_brushINtB5_28ViewportTextureBrushRendereruE6render
FN:135,_RNvMs_NtNtCs3Mcpfj5Jg9n_16wgpu_3dgs_viewer9selection22viewport_texture_brushNtB4_28ViewportTextureBrushRenderer16render_with_pass
FN:142,_RNvMs_NtNtCs3Mcpfj5Jg9n_16wgpu_3dgs_viewer9selection22viewport_texture_brushNtB4_28ViewportTextureBrushRenderer24create_bind_group_static
FN:95,_RNvMs_NtNtCs3Mcpfj5Jg9n_16wgpu_3dgs_viewer9selection22viewport_texture_brushNtB4_28ViewportTextureBrushRenderer3new
FN:116,_RNvMs_NtNtCs3Mcpfj5Jg9n_16wgpu_3dgs_viewer9selection22viewport_texture_brushNtB4_28ViewportTextureBrushRenderer6render
FN:22,_RNvMNtNtCs3Mcpfj5Jg9n_16wgpu_3dgs_viewer9selection22viewport_texture_brushINtB2_28ViewportTextureBrushRendereruE17create_bind_groupB6_
FN:22,_RNvMNtNtCsd1MoTXSmoBL_16wgpu_3dgs_viewer9selection22viewport_texture_brushINtB2_28ViewportTextureBrushRendererpE17create_bind_groupB6_
FN:277,_RNvMs0_NtNtCsd1MoTXSmoBL_16wgpu_3dgs_viewer9selection22viewport_texture_brushINtB5_28ViewportTextureBrushRendereruE16render_with_pass
FN:184,_RNvMs0_NtNtCsd1MoTXSmoBL_16wgpu_3dgs_viewer9selection22viewport_texture_brushINtB5_28ViewportTextureBrushRendereruE22new_without_bind_group
FN:253,_RNvMs0_NtNtCsd1MoTXSmoBL_16wgpu_3dgs_viewer9selection22viewport_texture_brushINtB5_28ViewportTextureBrushRendereruE6render
FN:135,_RNvMs_NtNtCsd1MoTXSmoBL_16wgpu_3dgs_viewer9selection22viewport_texture_brushNtB4_28ViewportTextureBrushRenderer16render_with_pass
FN:142,_RNvMs_NtNtCsd1MoTXSmoBL_16wgpu_3dgs_viewer9selection22viewport_texture_brushNtB4_28ViewportTextureBrushRenderer24create_bind_group_static
FN:95,_RNvMs_NtNtCsd1MoTXSmoBL_16wgpu_3dgs_viewer9selection22viewport_texture_brushNtB4_28ViewportTextureBrushRenderer3new
FN:116,_RNvMs_NtNtCsd1MoTXSmoBL_16wgpu_3dgs_viewer9selection22viewport_texture_brushNtB4_28ViewportTextureBrushRenderer6render
FNDA:0,_RNvMs0_NtNtCs3Mcpfj5Jg9n_16wgpu_3dgs_viewer9selection22viewport_texture_brushINtB5_28ViewportTextureBrushRendereruE16render_with_pass
FNDA:7,_RNvMs0_NtNtCs3Mcpfj5Jg9n_16wgpu_3dgs_viewer9selection22viewport_texture_brushINtB5_28ViewportTextureBrushRendereruE22new_without_bind_group
FNDA:0,_RNvMs0_NtNtCs3Mcpfj5Jg9n_16wgpu_3dgs_viewer9selection22viewport_texture_brushINtB5_28ViewportTextureBrushRendereruE6render
FNDA:3,_RNvMs_NtNtCs3Mcpfj5Jg9n_16wgpu_3dgs_viewer9selection22viewport_texture_brushNtB4_28ViewportTextureBrushRenderer16render_with_pass
FNDA:7,_RNvMs_NtNtCs3Mcpfj5Jg9n_16wgpu_3dgs_viewer9selection22viewport_texture_brushNtB4_28ViewportTextureBrushRenderer24create_bind_group_static
FNDA:7,_RNvMs_NtNtCs3Mcpfj5Jg9n_16wgpu_3dgs_viewer9selection22viewport_texture_brushNtB4_28ViewportTextureBrushRenderer3new
FNDA:3,_RNvMs_NtNtCs3Mcpfj5Jg9n_16wgpu_3dgs_viewer9selection22viewport_texture_brushNtB4_28ViewportTextureBrushRenderer6render
FNDA:7,_RNvMNtNtCs3Mcpfj5Jg9n_16wgpu_3dgs_viewer9selection22viewport_texture_brushINtB2_28ViewportTextureBrushRendereruE17create_bind_groupB6_
FNDA:0,_RNvMNtNtCsd1MoTXSmoBL_16wgpu_3dgs_viewer9selection22viewport_texture_brushINtB2_28ViewportTextureBrushRendererpE17create_bind_groupB6_
FNDA:0,_RNvMs0_NtNtCsd1MoTXSmoBL_16wgpu_3dgs_viewer9selection22viewport_texture_brushINtB5_28ViewportTextureBrushRendereruE16render_with_pass
FNDA:0,_RNvMs0_NtNtCsd1MoTXSmoBL_16wgpu_3dgs_viewer9selection22viewport_texture_brushINtB5_28ViewportTextureBrushRendereruE22new_without_bind_group
FNDA:0,_RNvMs0_NtNtCsd1MoTXSmoBL_16wgpu_3dgs_viewer9selection22viewport_texture_brushINtB5_28ViewportTextureBrushRendereruE6render
FNDA:0,_RNvMs_NtNtCsd1MoTXSmoBL_16wgpu_3dgs_viewer9selection22viewport_texture_brushNtB4_28ViewportTextureBrushRenderer16render_with_pass
FNDA:0,_RNvMs_NtNtCsd1MoTXSmoBL_16wgpu_3dgs_viewer9selection22viewport_texture_brushNtB4_28ViewportTextureBrushRenderer24create_bind_group_static
FNDA:0,_RNvMs_NtNtCsd1MoTXSmoBL_16wgpu_3dgs_viewer9selection22viewport_texture_brushNtB4_28ViewportTextureBrushRenderer3new
FNDA:0,_RNvMs_NtNtCsd1MoTXSmoBL_16wgpu_3dgs_viewer9selection22viewport_texture_brushNtB4_28ViewportTextureBrushRenderer6render
FNF:8
FNH:6
DA:22,7
DA:23,7
DA:24,7
DA:25,7
DA:26,7
DA:27,7
DA:28,7
DA:29,7
DA:30,7
DA:31,7
DA:32,7
DA:33,7
DA:34,7
DA:35,7
DA:36,7
DA:38,7
DA:95,7
DA:96,7
DA:97,7
DA:98,7
DA:99,7
DA:100,7
DA:101,7
DA:102,7
DA:103,7
DA:105,7
DA:106,7
DA:108,7
DA:109,7
DA:110,7
DA:111,7
DA:112,7
DA:113,7
DA:116,3
DA:117,3
DA:118,3
DA:119,3
DA:120,3
DA:121,3
DA:122,3
DA:123,3
DA:124,3
DA:125,3
DA:126,3
DA:127,3
DA:128,3
DA:129,3
DA:131,3
DA:132,3
DA:135,3
DA:136,3
DA:137,3
DA:138,3
DA:139,3
DA:142,7
DA:143,7
DA:144,7
DA:145,7
DA:146,7
DA:147,7
DA:148,7
DA:149,7
DA:150,7
DA:151,7
DA:152,7
DA:153,7
DA:154,7
DA:155,7
DA:156,7
DA:157,7
DA:158,7
DA:159,7
DA:160,7
DA:161,7
DA:162,7
DA:163,7
DA:164,7
DA:165,7
DA:166,7
DA:167,7
DA:168,7
DA:169,7
DA:170,7
DA:171,7
DA:172,7
DA:173,7
DA:174,7
DA:175,7
DA:176,7
DA:184,7
DA:185,7
DA:186,7
DA:187,7
DA:188,7
DA:189,7
DA:190,7
DA:192,7
DA:193,7
DA:194,7
DA:195,7
DA:196,7
DA:197,7
DA:199,7
DA:200,7
DA:201,7
DA:203,7
DA:204,7
DA:205,7
DA:206,7
DA:207,7
DA:208,7
DA:209,7
DA:210,0
DA:211,7
DA:212,7
DA:216,7
DA:217,7
DA:218,7
DA:219,7
DA:220,7
DA:221,7
DA:222,7
DA:223,7
DA:224,7
DA:225,7
DA:226,7
DA:227,7
DA:228,7
DA:229,7
DA:230,7
DA:231,7
DA:232,7
DA:233,7
DA:234,7
DA:235,7
DA:236,7
DA:237,7
DA:238,7
DA:239,7
DA:240,7
DA:241,7
DA:243,7
DA:245,7
DA:246,7
DA:247,7
DA:248,7
DA:249,7
DA:250,7
DA:253,0
DA:254,0
DA:255,0
DA:256,0
DA:257,0
DA:258,0
DA:259,0
DA:260,0
DA:261,0
DA:262,0
DA:263,0
DA:264,0
DA:265,0
DA:266,0
DA:267,0
DA:268,0
DA:269,0
DA:270,0
DA:271,0
DA:273,0
DA:274,0
DA:277,0
DA:278,0
DA:279,0
DA:280,0
DA:281,0
BRF:0
BRH:0
LF:174
LH:147
end_of_record
SF:C:\Users\s2010\Me\Codes\Rust\wgpu-3dgs-viewer\src\selection\viewport_texture_rectangle.rs
FN:258,_RNvMs0_NtNtCs3Mcpfj5Jg9n_16wgpu_3dgs_viewer9selection26viewport_texture_rectangleINtB5_32ViewportTextureRectangleRendereruE16render_with_pass
FN:164,_RNvMs0_NtNtCs3Mcpfj5Jg9n_16wgpu_3dgs_viewer9selection26viewport_texture_rectangleINtB5_32ViewportTextureRectangleRendereruE22new_without_bind_group
FN:234,_RNvMs0_NtNtCs3Mcpfj5Jg9n_16wgpu_3dgs_viewer9selection26viewport_texture_rectangleINtB5_32ViewportTextureRectangleRendereruE6render
FN:121,_RNvMs_NtNtCs3Mcpfj5Jg9n_16wgpu_3dgs_viewer9selection26viewport_texture_rectangleNtB4_32ViewportTextureRectangleRenderer16render_with_pass
FN:128,_RNvMs_NtNtCs3Mcpfj5Jg9n_16wgpu_3dgs_viewer9selection26viewport_texture_rectangleNtB4_32ViewportTextureRectangleRenderer24create_bind_group_static
FN:82,_RNvMs_NtNtCs3Mcpfj5Jg9n_16wgpu_3dgs_viewer9selection26viewport_texture_rectangleNtB4_32ViewportTextureRectangleRenderer3new
FN:102,_RNvMs_NtNtCs3Mcpfj5Jg9n_16wgpu_3dgs_viewer9selection26viewport_texture_rectangleNtB4_32ViewportTextureRectangleRenderer6render
FN:22,_RNvMNtNtCs3Mcpfj5Jg9n_16wgpu_3dgs_viewer9selection26viewport_texture_rectangleINtB2_32ViewportTextureRectangleRendereruE17create_bind_groupB6_
FN:22,_RNvMNtNtCsd1MoTXSmoBL_16wgpu_3dgs_viewer9selection26viewport_texture_rectangleINtB2_32ViewportTextureRectangleRendererpE17create_bind_groupB6_
FN:258,_RNvMs0_NtNtCsd1MoTXSmoBL_16wgpu_3dgs_viewer9selection26viewport_texture_rectangleINtB5_32ViewportTextureRectangleRendereruE16render_with_pass
FN:164,_RNvMs0_NtNtCsd1MoTXSmoBL_16wgpu_3dgs_viewer9selection26viewport_texture_rectangleINtB5_32ViewportTextureRectangleRendereruE22new_without_bind_group
FN:234,_RNvMs0_NtNtCsd1MoTXSmoBL_16wgpu_3dgs_viewer9selection26viewport_texture_rectangleINtB5_32ViewportTextureRectangleRendereruE6render
FN:121,_RNvMs_NtNtCsd1MoTXSmoBL_16wgpu_3dgs_viewer9selection26viewport_texture_rectangleNtB4_32ViewportTextureRectangleRenderer16render_with_pass
FN:128,_RNvMs_NtNtCsd1MoTXSmoBL_16wgpu_3dgs_viewer9selection26viewport_texture_rectangleNtB4_32ViewportTextureRectangleRenderer24create_bind_group_static
FN:82,_RNvMs_NtNtCsd1MoTXSmoBL_16wgpu_3dgs_viewer9selection26viewport_texture_rectangleNtB4_32ViewportTextureRectangleRenderer3new
FN:102,_RNvMs_NtNtCsd1MoTXSmoBL_16wgpu_3dgs_viewer9selection26viewport_texture_rectangleNtB4_32ViewportTextureRectangleRenderer6render
FNDA:0,_RNvMs0_NtNtCs3Mcpfj5Jg9n_16wgpu_3dgs_viewer9selection26viewport_texture_rectangleINtB5_32ViewportTextureRectangleRendereruE16render_with_pass
FNDA:7,_RNvMs0_NtNtCs3Mcpfj5Jg9n_16wgpu_3dgs_viewer9selection26viewport_texture_rectangleINtB5_32ViewportTextureRectangleRendereruE22new_without_bind_group
FNDA:0,_RNvMs0_NtNtCs3Mcpfj5Jg9n_16wgpu_3dgs_viewer9selection26viewport_texture_rectangleINtB5_32ViewportTextureRectangleRendereruE6render
FNDA:3,_RNvMs_NtNtCs3Mcpfj5Jg9n_16wgpu_3dgs_viewer9selection26viewport_texture_rectangleNtB4_32ViewportTextureRectangleRenderer16render_with_pass
FNDA:7,_RNvMs_NtNtCs3Mcpfj5Jg9n_16wgpu_3dgs_viewer9selection26viewport_texture_rectangleNtB4_32ViewportTextureRectangleRenderer24create_bind_group_static
FNDA:7,_RNvMs_NtNtCs3Mcpfj5Jg9n_16wgpu_3dgs_viewer9selection26viewport_texture_rectangleNtB4_32ViewportTextureRectangleRenderer3new
FNDA:3,_RNvMs_NtNtCs3Mcpfj5Jg9n_16wgpu_3dgs_viewer9selection26viewport_texture_rectangleNtB4_32ViewportTextureRectangleRenderer6render
FNDA:7,_RNvMNtNtCs3Mcpfj5Jg9n_16wgpu_3dgs_viewer9selection26viewport_texture_rectangleINtB2_32ViewportTextureRectangleRendereruE17create_bind_groupB6_
FNDA:0,_RNvMNtNtCsd1MoTXSmoBL_16wgpu_3dgs_viewer9selection26viewport_texture_rectangleINtB2_32ViewportTextureRectangleRendererpE17create_bind_groupB6_
FNDA:0,_RNvMs0_NtNtCsd1MoTXSmoBL_16wgpu_3dgs_viewer9selection26viewport_texture_rectangleINtB5_32ViewportTextureRectangleRendereruE16render_with_pass
FNDA:0,_RNvMs0_NtNtCsd1MoTXSmoBL_16wgpu_3dgs_viewer9selection26viewport_texture_rectangleINtB5_32ViewportTextureRectangleRendereruE22new_without_bind_group
FNDA:0,_RNvMs0_NtNtCsd1MoTXSmoBL_16wgpu_3dgs_viewer9selection26viewport_texture_rectangleINtB5_32ViewportTextureRectangleRendereruE6render
FNDA:0,_RNvMs_NtNtCsd1MoTXSmoBL_16wgpu_3dgs_viewer9selection26viewport_texture_rectangleNtB4_32ViewportTextureRectangleRenderer16render_with_pass
FNDA:0,_RNvMs_NtNtCsd1MoTXSmoBL_16wgpu_3dgs_viewer9selection26viewport_texture_rectangleNtB4_32ViewportTextureRectangleRenderer24create_bind_group_static
FNDA:0,_RNvMs_NtNtCsd1MoTXSmoBL_16wgpu_3dgs_viewer9selection26viewport_texture_rectangleNtB4_32ViewportTextureRectangleRenderer3new
FNDA:0,_RNvMs_NtNtCsd1MoTXSmoBL_16wgpu_3dgs_viewer9selection26viewport_texture_rectangleNtB4_32ViewportTextureRectangleRenderer6render
FNF:8
FNH:6
DA:22,7
DA:23,7
DA:24,7
DA:25,7
DA:26,7
DA:27,7
DA:28,7
DA:29,7
DA:30,7
DA:31,7
DA:32,7
DA:33,7
DA:34,7
DA:36,7
DA:82,7
DA:83,7
DA:84,7
DA:85,7
DA:86,7
DA:87,7
DA:88,7
DA:89,7
DA:91,7
DA:92,7
DA:94,7
DA:95,7
DA:96,7
DA:97,7
DA:98,7
DA:99,7
DA:102,3
DA:103,3
DA:104,3
DA:105,3
DA:106,3
DA:107,3
DA:108,3
DA:109,3
DA:110,3
DA:111,3
DA:112,3
DA:113,3
DA:114,3
DA:115,3
DA:117,3
DA:118,3
DA:121,3
DA:122,3
DA:123,3
DA:124,3
DA:125,3
DA:128,7
DA:129,7
DA:130,7
DA:131,7
DA:132,7
DA:133,7
DA:134,7
DA:135,7
DA:136,7
DA:137,7
DA:138,7
DA:139,7
DA:140,7
DA:141,7
DA:142,7
DA:143,7
DA:144,7
DA:145,7
DA:146,7
DA:147,7
DA:148,7
DA:149,7
DA:150,7
DA:151,7
DA:152,7
DA:153,7
DA:154,7
DA:155,7
DA:156,7
DA:164,7
DA:165,7
DA:166,7
DA:167,7
DA:168,7
DA:169,7
DA:170,7
DA:173,7
DA:174,7
DA:175,7
DA:176,7
DA:177,7
DA:178,7
DA:180,7
DA:181,7
DA:182,7
DA:184,7
DA:185,7
DA:186,7
DA:187,7
DA:188,7
DA:189,7
DA:190,7
DA:191,0
DA:192,7
DA:193,7
DA:197,7
DA:198,7
DA:199,7
DA:200,7
DA:201,7
DA:202,7
DA:203,7
DA:204,7
DA:205,7
DA:206,7
DA:207,7
DA:208,7
DA:209,7
DA:210,7
DA:211,7
DA:212,7
DA:213,7
DA:214,7
DA:215,7
DA:216,7
DA:217,7
DA:218,7
DA:219,7
DA:220,7
DA:221,7
DA:222,7
DA:224,7
DA:226,7
DA:227,7
DA:228,7
DA:229,7
DA:230,7
DA:231,7
DA:234,0
DA:235,0
DA:236,0
DA:237,0
DA:238,0
DA:239,0
DA:240,0
DA:241,0
DA:242,0
DA:243,0
DA:244,0
DA:245,0
DA:246,0
DA:247,0
DA:248,0
DA:249,0
DA:250,0
DA:251,0
DA:252,0
DA:254,0
DA:255,0
DA:258,0
DA:259,0
DA:260,0
DA:261,0
DA:262,0
BRF:0
BRH:0
LF:165
LH:138
end_of_record
SF:C:\Users\s2010\Me\Codes\Rust\wgpu-3dgs-viewer\src\wesl_utils.rs
FN:7,_RNvNtCs3Mcpfj5Jg9n_16wgpu_3dgs_viewer10wesl_utils8resolver
FN:7,_RNvNtCsd1MoTXSmoBL_16wgpu_3dgs_viewer10wesl_utils8resolver
FNDA:126,_RNvNtCs3Mcpfj5Jg9n_16wgpu_3dgs_viewer10wesl_utils8resolver
FNDA:0,_RNvNtCsd1MoTXSmoBL_16wgpu_3dgs_viewer10wesl_utils8resolver
FNF:1
FNH:1
DA:7,126
DA:8,126
DA:9,126
DA:10,126
DA:11,126
DA:12,126
BRF:0
BRH:0
LF:6
LH:6
end_of_record