SF:C:\Users\s2010\Me\Codes\Rust\wgpu-3dgs-viewer\src\buffer\camera.rs
FN:26,_RINvMNtNtCs3Mcpfj5Jg9n_16wgpu_3dgs_viewer6buffer6cameraNtB3_12CameraBuffer6updateNtNtB7_6camera6CameraECsugFF6ZPP2O_3mod
FN:72,_RINvMs3_NtNtCs3Mcpfj5Jg9n_16wgpu_3dgs_viewer6buffer6cameraNtB6_9CameraPod3newNtNtBa_6camera6CameraECsugFF6ZPP2O_3mod
FN:31,_RNvMNtNtCs3Mcpfj5Jg9n_16wgpu_3dgs_viewer6buffer6cameraNtB2_12CameraBuffer15update_with_pod
FN:14,_RNvMNtNtCs3Mcpfj5Jg9n_16wgpu_3dgs_viewer6buffer6cameraNtB2_12CameraBuffer3new
FN:51,_RNvXs1_NtNtCs3Mcpfj5Jg9n_16wgpu_3dgs_viewer6buffer6cameraNtB5_12CameraBufferINtNtCs9OCfJ4KTcUD_4core7convert7TryFromNtNtNtCslUPZSKK4PRh_4wgpu3api6buffer6BufferE8try_from
FN:37,_RNvXs_NtNtCs3Mcpfj5Jg9n_16wgpu_3dgs_viewer6buffer6cameraNtB4_12CameraBufferNtNtCs4ci6KV7TqoM_14wgpu_3dgs_core6buffer13BufferWrapper6buffer
FN:43,_RNvXs0_NtNtCs3Mcpfj5Jg9n_16wgpu_3dgs_viewer6buffer6cameraNtNtNtCslUPZSKK4PRh_4wgpu3api6buffer6BufferINtNtCs9OCfJ4KTcUD_4core7convert4FromNtB5_12CameraBufferE4from
FN:52,_RNCNvXs1_NtNtCs3Mcpfj5Jg9n_16wgpu_3dgs_viewer6buffer6cameraNtB7_12CameraBufferINtNtCs9OCfJ4KTcUD_4core7convert7TryFromNtNtNtCslUPZSKK4PRh_4wgpu3api6buffer6BufferE8try_from0Bb_
FN:26,_RINvMNtNtCs3Mcpfj5Jg9n_16wgpu_3dgs_viewer6buffer6cameraNtB3_12CameraBuffer6updatepEB7_
FN:72,_RINvMs3_NtNtCs3Mcpfj5Jg9n_16wgpu_3dgs_viewer6buffer6cameraNtB6_9CameraPod3newpEBa_
FN:26,_RINvMNtNtCsd1MoTXSmoBL_16wgpu_3dgs_viewer6buffer6cameraNtB3_12CameraBuffer6updatepEB7_
FN:72,_RINvMs3_NtNtCsd1MoTXSmoBL_16wgpu_3dgs_viewer6buffer6cameraNtB6_9CameraPod3newpEBa_
FN:52,_RNCNvXs1_NtNtCsd1MoTXSmoBL_16wgpu_3dgs_viewer6buffer6cameraNtB7_12CameraBufferINtNtCs9OCfJ4KTcUD_4core7convert7TryFromNtNtNtCslUPZSKK4PRh_4wgpu3api6buffer6BufferE8try_from0Bb_
FN:31,_RNvMNtNtCsd1MoTXSmoBL_16wgpu_3dgs_viewer6buffer6cameraNtB2_12CameraBuffer15update_with_pod
FN:14,_RNvMNtNtCsd1MoTXSmoBL_16wgpu_3dgs_viewer6buffer6cameraNtB2_12CameraBuffer3new
FN:43,_RNvXs0_NtNtCsd1MoTXSmoBL_16wgpu_3dgs_viewer6buffer6cameraNtNtNtCslUPZSKK4PRh_4wgpu3api6buffer6BufferINtNtCs9OCfJ4KTcUD_4core7convert4FromNtB5_12CameraBufferE4from
FN:51,_RNvXs1_NtNtCsd1MoTXSmoBL_16wgpu_3dgs_viewer6buffer6cameraNtB5_12CameraBufferINtNtCs9OCfJ4KTcUD_4core7convert7TryFromNtNtNtCslUPZSKK4PRh_4wgpu3api6buffer6BufferE8try_from
FN:37,_RNvXs_NtNtCsd1MoTXSmoBL_16wgpu_3dgs_viewer6buffer6cameraNtB4_12CameraBufferNtNtCs4ci6KV7TqoM_14wgpu_3dgs_core6buffer13BufferWrapper6buffer
FN:26,_RINvMNtNtCs3Mcpfj5Jg9n_16wgpu_3dgs_viewer6buffer6cameraNtB3_12CameraBuffer6updateNtNtB7_6camera6CameraECs2D2QWD3dfm9_11multi_model
FN:72,_RINvMs3_NtNtCs3Mcpfj5Jg9n_16wgpu_3dgs_viewer6buffer6cameraNtB6_9CameraPod3newNtNtBa_6camera6CameraECs2D2QWD3dfm9_11multi_model
FN:26,_RINvMNtNtCs3Mcpfj5Jg9n_16wgpu_3dgs_viewer6buffer6cameraNtB3_12CameraBuffer6updateNtNtB7_6camera6CameraECsgZsThlafw2d_9selection
FN:72,_RINvMs3_NtNtCs3Mcpfj5Jg9n_16wgpu_3dgs_viewer6buffer6cameraNtB6_9CameraPod3newNtNtBa_6camera6CameraECsgZsThlafw2d_9selection
FN:26,_RINvMNtNtCs3Mcpfj5Jg9n_16wgpu_3dgs_viewer6buffer6cameraNtB3_12CameraBuffer6updateNtNtB7_6camera6CameraECsao77I1ua3lb_21simple_with_lampshade
FN:72,_RINvMs3_NtNtCs3Mcpfj5Jg9n_16wgpu_3dgs_viewer6buffer6cameraNtB6_9CameraPod3newNtNtBa_6camera6CameraECsao77I1ua3lb_21simple_with_lampshade
FN:26,_RINvMNtNtCs3Mcpfj5Jg9n_16wgpu_3dgs_viewer6buffer6cameraNtB3_12CameraBuffer6updateNtNtB7_6camera6CameraECs8AxnetaeJ9w_6simple
FN:72,_RINvMs3_NtNtCs3Mcpfj5Jg9n_16wgpu_3dgs_viewer6buffer6cameraNtB6_9CameraPod3newNtNtBa_6camera6CameraECs8AxnetaeJ9w_6simple
FNDA:3,_RINvMNtNtCs3Mcpfj5Jg9n_16wgpu_3dgs_viewer6buffer6cameraNtB3_12CameraBuffer6updateNtNtB7_6camera6CameraECsugFF6ZPP2O_3mod
FNDA:30,_RINvMs3_NtNtCs3Mcpfj5Jg9n_16wgpu_3dgs_viewer6buffer6cameraNtB6_9CameraPod3newNtNtBa_6camera6CameraECsugFF6ZPP2O_3mod
FNDA:222,_RNvMNtNtCs3Mcpfj5Jg9n_16wgpu_3dgs_viewer6buffer6cameraNtB2_12CameraBuffer15update_with_pod
FNDA:27,_RNvMNtNtCs3Mcpfj5Jg9n_16wgpu_3dgs_viewer6buffer6cameraNtB2_12CameraBuffer3new
FNDA:3,_RNvXs1_NtNtCs3Mcpfj5Jg9n_16wgpu_3dgs_viewer6buffer6cameraNtB5_12CameraBufferINtNtCs9OCfJ4KTcUD_4core7convert7TryFromNtNtNtCslUPZSKK4PRh_4wgpu3api6buffer6BufferE8try_from
FNDA:99,_RNvXs_NtNtCs3Mcpfj5Jg9n_16wgpu_3dgs_viewer6buffer6cameraNtB4_12CameraBufferNtNtCs4ci6KV7TqoM_14wgpu_3dgs_core6buffer13BufferWrapper6buffer
FNDA:1,_RNvXs0_NtNtCs3Mcpfj5Jg9n_16wgpu_3dgs_viewer6buffer6cameraNtNtNtCslUPZSKK4PRh_4wgpu3api6buffer6BufferINtNtCs9OCfJ4KTcUD_4core7convert4FromNtB5_12CameraBufferE4from
FNDA:3,_RNCNvXs1_NtNtCs3Mcpfj5Jg9n_16wgpu_3dgs_viewer6buffer6cameraNtB7_12CameraBufferINtNtCs9OCfJ4KTcUD_4core7convert7TryFromNtNtNtCslUPZSKK4PRh_4wgpu3api6buffer6BufferE8try_from0Bb_
FNDA:0,_RINvMNtNtCs3Mcpfj5Jg9n_16wgpu_3dgs_viewer6buffer6cameraNtB3_12CameraBuffer6updatepEB7_
FNDA:0,_RINvMs3_NtNtCs3Mcpfj5Jg9n_16wgpu_3dgs_viewer6buffer6cameraNtB6_9CameraPod3newpEBa_
FNDA:0,_RINvMNtNtCsd1MoTXSmoBL_16wgpu_3dgs_viewer6buffer6cameraNtB3_12CameraBuffer6updatepEB7_
FNDA:0,_RINvMs3_NtNtCsd1MoTXSmoBL_16wgpu_3dgs_viewer6buffer6cameraNtB6_9CameraPod3newpEBa_
FNDA:0,_RNCNvXs1_NtNtCsd1MoTXSmoBL_16wgpu_3dgs_viewer6buffer6cameraNtB7_12CameraBufferINtNtCs9OCfJ4KTcUD_4core7convert7TryFromNtNtNtCslUPZSKK4PRh_4wgpu3api6buffer6BufferE8try_from0Bb_
FNDA:0,_RNvMNtNtCsd1MoTXSmoBL_16wgpu_3dgs_viewer6buffer6cameraNtB2_12CameraBuffer15update_with_pod
FNDA:0,_RNvMNtNtCsd1MoTXSmoBL_16wgpu_3dgs_viewer6buffer6cameraNtB2_12CameraBuffer3new
FNDA:0,_RNvXs0_NtNtCsd1MoTXSmoBL_16wgpu_3dgs_viewer6buffer6cameraNtNtNtCslUPZSKK4PRh_4wgpu3api6buffer6BufferINtNtCs9OCfJ4KTcUD_4core7convert4FromNtB5_12CameraBufferE4from
FNDA:0,_RNvXs1_NtNtCsd1MoTXSmoBL_16wgpu_3dgs_viewer6buffer6cameraNtB5_12CameraBufferINtNtCs9OCfJ4KTcUD_4core7convert7TryFromNtNtNtCslUPZSKK4PRh_4wgpu3api6buffer6BufferE8try_from
FNDA:0,_RNvXs_NtNtCsd1MoTXSmoBL_16wgpu_3dgs_viewer6buffer6cameraNtB4_12CameraBufferNtNtCs4ci6KV7TqoM_14wgpu_3dgs_core6buffer13BufferWrapper6buffer
FNDA:0,_RINvMNtNtCs3Mcpfj5Jg9n_16wgpu_3dgs_viewer6buffer6cameraNtB3_12CameraBuffer6updateNtNtB7_6camera6CameraECs2D2QWD3dfm9_11multi_model
FNDA:0,_RINvMs3_NtNtCs3Mcpfj5Jg9n_16wgpu_3dgs_viewer6buffer6cameraNtB6_9CameraPod3newNtNtBa_6camera6CameraECs2D2QWD3dfm9_11multi_model
FNDA:196,_RINvMNtNtCs3Mcpfj5Jg9n_16wgpu_3dgs_viewer6buffer6cameraNtB3_12CameraBuffer6updateNtNtB7_6camera6CameraECsgZsThlafw2d_9selection
FNDA:196,_RINvMs3_NtNtCs3Mcpfj5Jg9n_16wgpu_3dgs_viewer6buffer6cameraNtB6_9CameraPod3newNtNtBa_6camera6CameraECsgZsThlafw2d_9selection
FNDA:0,_RINvMNtNtCs3Mcpfj5Jg9n_16wgpu_3dgs_viewer6buffer6cameraNtB3_12CameraBuffer6updateNtNtB7_6camera6CameraECsao77I1ua3lb_21simple_with_lampshade
FNDA:0,_RINvMs3_NtNtCs3Mcpfj5Jg9n_16wgpu_3dgs_viewer6buffer6cameraNtB6_9CameraPod3newNtNtBa_6camera6CameraECsao77I1ua3lb_21simple_with_lampshade
FNDA:0,_RINvMNtNtCs3Mcpfj5Jg9n_16wgpu_3dgs_viewer6buffer6cameraNtB3_12CameraBuffer6updateNtNtB7_6camera6CameraECs8AxnetaeJ9w_6simple
FNDA:0,_RINvMs3_NtNtCs3Mcpfj5Jg9n_16wgpu_3dgs_viewer6buffer6cameraNtB6_9CameraPod3newNtNtBa_6camera6CameraECs8AxnetaeJ9w_6simple
FNF:8
FNH:8
DA:14,27
DA:15,27
DA:16,27
DA:17,27
DA:18,27
DA:19,27
DA:20,27
DA:22,27
DA:23,27
DA:26,199
DA:27,199
DA:28,199
DA:31,222
DA:32,222
DA:33,222
DA:37,99
DA:38,99
DA:39,99
DA:43,1
DA:44,1
DA:45,1
DA:51,3
DA:52,3
DA:53,3
DA:72,226
DA:73,226
DA:74,226
DA:75,226
DA:76,226
DA:77,226
DA:78,226
DA:79,226
BRF:0
BRH:0
LF:33
LH:33
end_of_record
SF:C:\Users\s2010\Me\Codes\Rust\wgpu-3dgs-viewer\src\buffer\depth.rs
FN:33,_RNvXs0_NtNtCs3Mcpfj5Jg9n_16wgpu_3dgs_viewer6buffer5depthNtNtNtCslUPZSKK4PRh_4wgpu3api6buffer6BufferINtNtCs9OCfJ4KTcUD_4core7convert4FromNtB5_20GaussiansDepthBufferE4from
FN:9,_RNvMNtNtCs3Mcpfj5Jg9n_16wgpu_3dgs_viewer6buffer5depthNtB2_20GaussiansDepthBuffer3new
FN:27,_RNvXs_NtNtCs3Mcpfj5Jg9n_16wgpu_3dgs_viewer6buffer5depthNtB4_20GaussiansDepthBufferNtNtCs4ci6KV7TqoM_14wgpu_3dgs_core6buffer13BufferWrapper6buffer
FN:9,_RNvMNtNtCsd1MoTXSmoBL_16wgpu_3dgs_viewer6buffer5depthNtB2_20GaussiansDepthBuffer3new
FN:33,_RNvXs0_NtNtCsd1MoTXSmoBL_16wgpu_3dgs_viewer6buffer5depthNtNtNtCslUPZSKK4PRh_4wgpu3api6buffer6BufferINtNtCs9OCfJ4KTcUD_4core7convert4FromNtB5_20GaussiansDepthBufferE4from
FN:27,_RNvXs_NtNtCsd1MoTXSmoBL_16wgpu_3dgs_viewer6buffer5depthNtB4_20GaussiansDepthBufferNtNtCs4ci6KV7TqoM_14wgpu_3dgs_core6buffer13BufferWrapper6buffer
FNDA:0,_RNvXs0_NtNtCs3Mcpfj5Jg9n_16wgpu_3dgs_viewer6buffer5depthNtNtNtCslUPZSKK4PRh_4wgpu3api6buffer6BufferINtNtCs9OCfJ4KTcUD_4core7convert4FromNtB5_20GaussiansDepthBufferE4from
FNDA:35,_RNvMNtNtCs3Mcpfj5Jg9n_16wgpu_3dgs_viewer6buffer5depthNtB2_20GaussiansDepthBuffer3new
FNDA:69,_RNvXs_NtNtCs3Mcpfj5Jg9n_16wgpu_3dgs_viewer6buffer5depthNtB4_20GaussiansDepthBufferNtNtCs4ci6KV7TqoM_14wgpu_3dgs_core6buffer13BufferWrapper6buffer
FNDA:0,_RNvMNtNtCsd1MoTXSmoBL_16wgpu_3dgs_viewer6buffer5depthNtB2_20GaussiansDepthBuffer3new
FNDA:0,_RNvXs0_NtNtCsd1MoTXSmoBL_16wgpu_3dgs_viewer6buffer5depthNtNtNtCslUPZSKK4PRh_4wgpu3api6buffer6BufferINtNtCs9OCfJ4KTcUD_4core7convert4FromNtB5_20GaussiansDepthBufferE4from
FNDA:0,_RNvXs_NtNtCsd1MoTXSmoBL_16wgpu_3dgs_viewer6buffer5depthNtB4_20GaussiansDepthBufferNtNtCs4ci6KV7TqoM_14wgpu_3dgs_core6buffer13BufferWrapper6buffer
FNF:3
FNH:2
DA:9,35
DA:11,35
DA:13,35
DA:14,35
DA:15,35
DA:16,35
DA:17,35
DA:18,35
DA:20,35
DA:21,35
DA:27,69
DA:28,69
DA:29,69
DA:33,0
DA:34,0
DA:35,0
BRF:0
BRH:0
LF:16
LH:13
end_of_record
SF:C:\Users\s2010\Me\Codes\Rust\wgpu-3dgs-viewer\src\buffer\indirect_args.rs
FN:40,_RNvXs0_NtNtCs3Mcpfj5Jg9n_16wgpu_3dgs_viewer6buffer13indirect_argsNtNtNtCslUPZSKK4PRh_4wgpu3api6buffer6BufferINtNtCs9OCfJ4KTcUD_4core7convert4FromNtB5_18IndirectArgsBufferE4from
FN:85,_RNvXs5_NtNtCs3Mcpfj5Jg9n_16wgpu_3dgs_viewer6buffer13indirect_argsNtNtNtCslUPZSKK4PRh_4wgpu3api6buffer6BufferINtNtCs9OCfJ4KTcUD_4core7convert4FromNtB5_27DepthSortIndirectArgsBufferE4from
FN:129,_RNvXsa_NtNtCs3Mcpfj5Jg9n_16wgpu_3dgs_viewer6buffer13indirect_argsNtNtNtCslUPZSKK4PRh_4wgpu3api6buffer6BufferINtNtCs9OCfJ4KTcUD_4core7convert4FromNtB5_21IndirectIndicesBufferE4from
FN:12,_RNvMNtNtCs3Mcpfj5Jg9n_16wgpu_3dgs_viewer6buffer13indirect_argsNtB2_18IndirectArgsBuffer3new
FN:63,_RNvMs3_NtNtCs3Mcpfj5Jg9n_16wgpu_3dgs_viewer6buffer13indirect_argsNtB5_27DepthSortIndirectArgsBuffer3new
FN:108,_RNvMs8_NtNtCs3Mcpfj5Jg9n_16wgpu_3dgs_viewer6buffer13indirect_argsNtB5_21IndirectIndicesBuffer3new
FN:48,_RNvXs1_NtNtCs3Mcpfj5Jg9n_16wgpu_3dgs_viewer6buffer13indirect_argsNtB5_18IndirectArgsBufferINtNtCs9OCfJ4KTcUD_4core7convert7TryFromNtNtNtCslUPZSKK4PRh_4wgpu3api6buffer6BufferE8try_from
FN:79,_RNvXs4_NtNtCs3Mcpfj5Jg9n_16wgpu_3dgs_viewer6buffer13indirect_argsNtB5_27DepthSortIndirectArgsBufferNtNtCs4ci6KV7TqoM_14wgpu_3dgs_core6buffer13BufferWrapper6buffer
FN:93,_RNvXs6_NtNtCs3Mcpfj5Jg9n_16wgpu_3dgs_viewer6buffer13indirect_argsNtB5_27DepthSortIndirectArgsBufferINtNtCs9OCfJ4KTcUD_4core7convert7TryFromNtNtNtCslUPZSKK4PRh_4wgpu3api6buffer6BufferE8try_from
FN:123,_RNvXs9_NtNtCs3Mcpfj5Jg9n_16wgpu_3dgs_viewer6buffer13indirect_argsNtB5_21IndirectIndicesBufferNtNtCs4ci6KV7TqoM_14wgpu_3dgs_core6buffer13BufferWrapper6buffer
FN:34,_RNvXs_NtNtCs3Mcpfj5Jg9n_16wgpu_3dgs_viewer6buffer13indirect_argsNtB4_18IndirectArgsBufferNtNtCs4ci6KV7TqoM_14wgpu_3dgs_core6buffer13BufferWrapper6buffer
FN:135,_RNvXsb_NtNtCs3Mcpfj5Jg9n_16wgpu_3dgs_viewer6buffer13indirect_argsNtB5_21IndirectIndicesBufferINtNtCs9OCfJ4KTcUD_4core7convert4FromNtNtNtCslUPZSKK4PRh_4wgpu3api6buffer6BufferE4from
FN:49,_RNCNvXs1_NtNtCs3Mcpfj5Jg9n_16wgpu_3dgs_viewer6buffer13indirect_argsNtB7_18IndirectArgsBufferINtNtCs9OCfJ4KTcUD_4core7convert7TryFromNtNtNtCslUPZSKK4PRh_4wgpu3api6buffer6BufferE8try_from0Bb_
FN:94,_RNCNvXs6_NtNtCs3Mcpfj5Jg9n_16wgpu_3dgs_viewer6buffer13indirect_argsNtB7_27DepthSortIndirectArgsBufferINtNtCs9OCfJ4KTcUD_4core7convert7TryFromNtNtNtCslUPZSKK4PRh_4wgpu3api6buffer6BufferE8try_from0Bb_
FN:49,_RNCNvXs1_NtNtCsd1MoTXSmoBL_16wgpu_3dgs_viewer6buffer13indirect_argsNtB7_18IndirectArgsBufferINtNtCs9OCfJ4KTcUD_4core7convert7TryFromNtNtNtCslUPZSKK4PRh_4wgpu3api6buffer6BufferE8try_from0Bb_
FN:94,_RNCNvXs6_NtNtCsd1MoTXSmoBL_16wgpu_3dgs_viewer6buffer13indirect_argsNtB7_27DepthSortIndirectArgsBufferINtNtCs9OCfJ4KTcUD_4core7convert7TryFromNtNtNtCslUPZSKK4PRh_4wgpu3api6buffer6BufferE8try_from0Bb_
FN:12,_RNvMNtNtCsd1MoTXSmoBL_16wgpu_3dgs_viewer6buffer13indirect_argsNtB2_18IndirectArgsBuffer3new
FN:63,_RNvMs3_NtNtCsd1MoTXSmoBL_16wgpu_3dgs_viewer6buffer13indirect_argsNtB5_27DepthSortIndirectArgsBuffer3new
FN:108,_RNvMs8_NtNtCsd1MoTXSmoBL_16wgpu_3dgs_viewer6buffer13indirect_argsNtB5_21IndirectIndicesBuffer3new
FN:40,_RNvXs0_NtNtCsd1MoTXSmoBL_16wgpu_3dgs_viewer6buffer13indirect_argsNtNtNtCslUPZSKK4PRh_4wgpu3api6buffer6BufferINtNtCs9OCfJ4KTcUD_4core7convert4FromNtB5_18IndirectArgsBufferE4from
FN:48,_RNvXs1_NtNtCsd1MoTXSmoBL_16wgpu_3dgs_viewer6buffer13indirect_argsNtB5_18IndirectArgsBufferINtNtCs9OCfJ4KTcUD_4core7convert7TryFromNtNtNtCslUPZSKK4PRh_4wgpu3api6buffer6BufferE8try_from
FN:79,_RNvXs4_NtNtCsd1MoTXSmoBL_16wgpu_3dgs_viewer6buffer13indirect_argsNtB5_27DepthSortIndirectArgsBufferNtNtCs4ci6KV7TqoM_14wgpu_3dgs_core6buffer13BufferWrapper6buffer
FN:85,_RNvXs5_NtNtCsd1MoTXSmoBL_16wgpu_3dgs_viewer6buffer13indirect_argsNtNtNtCslUPZSKK4PRh_4wgpu3api6buffer6BufferINtNtCs9OCfJ4KTcUD_4core7convert4FromNtB5_27DepthSortIndirectArgsBufferE4from
FN:93,_RNvXs6_NtNtCsd1MoTXSmoBL_16wgpu_3dgs_viewer6buffer13indirect_argsNtB5_27DepthSortIndirectArgsBufferINtNtCs9OCfJ4KTcUD_4core7convert7TryFromNtNtNtCslUPZSKK4PRh_4wgpu3api6buffer6BufferE8try_from
FN:123,_RNvXs9_NtNtCsd1MoTXSmoBL_16wgpu_3dgs_viewer6buffer13indirect_argsNtB5_21IndirectIndicesBufferNtNtCs4ci6KV7TqoM_14wgpu_3dgs_core6buffer13BufferWrapper6buffer
FN:34,_RNvXs_NtNtCsd1MoTXSmoBL_16wgpu_3dgs_viewer6buffer13indirect_argsNtB4_18IndirectArgsBufferNtNtCs4ci6KV7TqoM_14wgpu_3dgs_core6buffer13BufferWrapper6buffer
FN:129,_RNvXsa_NtNtCsd1MoTXSmoBL_16wgpu_3dgs_viewer6buffer13indirect_argsNtNtNtCslUPZSKK4PRh_4wgpu3api6buffer6BufferINtNtCs9OCfJ4KTcUD_4core7convert4FromNtB5_21IndirectIndicesBufferE4from
FN:135,_RNvXsb_NtNtCsd1MoTXSmoBL_16wgpu_3dgs_viewer6buffer13indirect_argsNtB5_21IndirectIndicesBufferINtNtCs9OCfJ4KTcUD_4core7convert4FromNtNtNtCslUPZSKK4PRh_4wgpu3api6buffer6BufferE4from
FNDA:1,_RNvXs0_NtNtCs3Mcpfj5Jg9n_16wgpu_3dgs_viewer6buffer13indirect_argsNtNtNtCslUPZSKK4PRh_4wgpu3api6buffer6BufferINtNtCs9OCfJ4KTcUD_4core7convert4FromNtB5_18IndirectArgsBufferE4from
FNDA:1,_RNvXs5_NtNtCs3Mcpfj5Jg9n_16wgpu_3dgs_viewer6buffer13indirect_argsNtNtNtCslUPZSKK4PRh_4wgpu3api6buffer6BufferINtNtCs9OCfJ4KTcUD_4core7convert4FromNtB5_27DepthSortIndirectArgsBufferE4from
FNDA:1,_RNvXsa_NtNtCs3Mcpfj5Jg9n_16wgpu_3dgs_viewer6buffer13indirect_argsNtNtNtCslUPZSKK4PRh_4wgpu3api6buffer6BufferINtNtCs9OCfJ4KTcUD_4core7convert4FromNtB5_21IndirectIndicesBufferE4from
FNDA:36,_RNvMNtNtCs3Mcpfj5Jg9n_16wgpu_3dgs_viewer6buffer13indirect_argsNtB2_18IndirectArgsBuffer3new
FNDA:36,_RNvMs3_NtNtCs3Mcpfj5Jg9n_16wgpu_3dgs_viewer6buffer13indirect_argsNtB5_27DepthSortIndirectArgsBuffer3new
FNDA:41,_RNvMs8_NtNtCs3Mcpfj5Jg9n_16wgpu_3dgs_viewer6buffer13indirect_argsNtB5_21IndirectIndicesBuffer3new
FNDA:1,_RNvXs1_NtNtCs3Mcpfj5Jg9n_16wgpu_3dgs_viewer6buffer13indirect_argsNtB5_18IndirectArgsBufferINtNtCs9OCfJ4KTcUD_4core7convert7TryFromNtNtNtCslUPZSKK4PRh_4wgpu3api6buffer6BufferE8try_from
FNDA:266,_RNvXs4_NtNtCs3Mcpfj5Jg9n_16wgpu_3dgs_viewer6buffer13indirect_argsNtB5_27DepthSortIndirectArgsBufferNtNtCs4ci6KV7TqoM_14wgpu_3dgs_core6buffer13BufferWrapper6buffer
FNDA:1,_RNvXs6_NtNtCs3Mcpfj5Jg9n_16wgpu_3dgs_viewer6buffer13indirect_argsNtB5_27DepthSortIndirectArgsBufferINtNtCs9OCfJ4KTcUD_4core7convert7TryFromNtNtNtCslUPZSKK4PRh_4wgpu3api6buffer6BufferE8try_from
FNDA:113,_RNvXs9_NtNtCs3Mcpfj5Jg9n_16wgpu_3dgs_viewer6buffer13indirect_argsNtB5_21IndirectIndicesBufferNtNtCs4ci6KV7TqoM_14wgpu_3dgs_core6buffer13BufferWrapper6buffer
FNDA:282,_RNvXs_NtNtCs3Mcpfj5Jg9n_16wgpu_3dgs_viewer6buffer13indirect_argsNtB4_18IndirectArgsBufferNtNtCs4ci6KV7TqoM_14wgpu_3dgs_core6buffer13BufferWrapper6buffer
FNDA:1,_RNvXsb_NtNtCs3Mcpfj5Jg9n_16wgpu_3dgs_viewer6buffer13indirect_argsNtB5_21IndirectIndicesBufferINtNtCs9OCfJ4KTcUD_4core7convert4FromNtNtNtCslUPZSKK4PRh_4wgpu3api6buffer6BufferE4from
FNDA:1,_RNCNvXs1_NtNtCs3Mcpfj5Jg9n_16wgpu_3dgs_viewer6buffer13indirect_argsNtB7_18IndirectArgsBufferINtNtCs9OCfJ4KTcUD_4core7convert7TryFromNtNtNtCslUPZSKK4PRh_4wgpu3api6buffer6BufferE8try_from0Bb_
FNDA:1,_RNCNvXs6_NtNtCs3Mcpfj5Jg9n_16wgpu_3dgs_viewer6buffer13indirect_argsNtB7_27DepthSortIndirectArgsBufferINtNtCs9OCfJ4KTcUD_4core7convert7TryFromNtNtNtCslUPZSKK4PRh_4wgpu3api6buffer6BufferE8try_from0Bb_
FNDA:0,_RNCNvXs1_NtNtCsd1MoTXSmoBL_16wgpu_3dgs_viewer6buffer13indirect_argsNtB7_18IndirectArgsBufferINtNtCs9OCfJ4KTcUD_4core7convert7TryFromNtNtNtCslUPZSKK4PRh_4wgpu3api6buffer6BufferE8try_from0Bb_
FNDA:0,_RNCNvXs6_NtNtCsd1MoTXSmoBL_16wgpu_3dgs_viewer6buffer13indirect_argsNtB7_27DepthSortIndirectArgsBufferINtNtCs9OCfJ4KTcUD_4core7convert7TryFromNtNtNtCslUPZSKK4PRh_4wgpu3api6buffer6BufferE8try_from0Bb_
FNDA:0,_RNvMNtNtCsd1MoTXSmoBL_16wgpu_3dgs_viewer6buffer13indirect_argsNtB2_18IndirectArgsBuffer3new
FNDA:0,_RNvMs3_NtNtCsd1MoTXSmoBL_16wgpu_3dgs_viewer6buffer13indirect_argsNtB5_27DepthSortIndirectArgsBuffer3new
FNDA:0,_RNvMs8_NtNtCsd1MoTXSmoBL_16wgpu_3dgs_viewer6buffer13indirect_argsNtB5_21IndirectIndicesBuffer3new
FNDA:0,_RNvXs0_NtNtCsd1MoTXSmoBL_16wgpu_3dgs_viewer6buffer13indirect_argsNtNtNtCslUPZSKK4PRh_4wgpu3api6buffer6BufferINtNtCs9OCfJ4KTcUD_4core7convert4FromNtB5_18IndirectArgsBufferE4from
FNDA:0,_RNvXs1_NtNtCsd1MoTXSmoBL_16wgpu_3dgs_viewer6buffer13indirect_argsNtB5_18IndirectArgsBufferINtNtCs9OCfJ4KTcUD_4core7convert7TryFromNtNtNtCslUPZSKK4PRh_4wgpu3api6buffer6BufferE8try_from
FNDA:0,_RNvXs4_NtNtCsd1MoTXSmoBL_16wgpu_3dgs_viewer6buffer13indirect_argsNtB5_27DepthSortIndirectArgsBufferNtNtCs4ci6KV7TqoM_14wgpu_3dgs_core6buffer13BufferWrapper6buffer
FNDA:0,_RNvXs5_NtNtCsd1MoTXSmoBL_16wgpu_3dgs_viewer6buffer13indirect_argsNtNtNtCslUPZSKK4PRh_4wgpu3api6buffer6BufferINtNtCs9OCfJ4KTcUD_4core7convert4FromNtB5_27DepthSortIndirectArgsBufferE4from
FNDA:0,_RNvXs6_NtNtCsd1MoTXSmoBL_16wgpu_3dgs_viewer6buffer13indirect_argsNtB5_27DepthSortIndirectArgsBufferINtNtCs9OCfJ4KTcUD_4core7convert7TryFromNtNtNtCslUPZSKK4PRh_4wgpu3api6buffer6BufferE8try_from
FNDA:0,_RNvXs9_NtNtCsd1MoTXSmoBL_16wgpu_3dgs_viewer6buffer13indirect_argsNtB5_21IndirectIndicesBufferNtNtCs4ci6KV7TqoM_14wgpu_3dgs_core6buffer13BufferWrapper6buffer
FNDA:0,_RNvXs_NtNtCsd1MoTXSmoBL_16wgpu_3dgs_viewer6buffer13indirect_argsNtB4_18IndirectArgsBufferNtNtCs4ci6KV7TqoM_14wgpu_3dgs_core6buffer13BufferWrapper6buffer
FNDA:0,_RNvXsa_NtNtCsd1MoTXSmoBL_16wgpu_3dgs_viewer6buffer13indirect_argsNtNtNtCslUPZSKK4PRh_4wgpu3api6buffer6BufferINtNtCs9OCfJ4KTcUD_4core7convert4FromNtB5_21IndirectIndicesBufferE4from
FNDA:0,_RNvXsb_NtNtCsd1MoTXSmoBL_16wgpu_3dgs_viewer6buffer13indirect_argsNtB5_21IndirectIndicesBufferINtNtCs9OCfJ4KTcUD_4core7convert4FromNtNtNtCslUPZSKK4PRh_4wgpu3api6buffer6BufferE4from
FNF:14
FNH:14
DA:12,36
DA:13,36
DA:14,36
DA:15,36
DA:16,36
DA:17,36
DA:18,36
DA:19,36
DA:20,36
DA:21,36
DA:22,36
DA:23,36
DA:25,36
DA:26,36
DA:34,282
DA:35,282
DA:36,282
DA:40,1
DA:41,1
DA:42,1
DA:48,1
DA:49,1
DA:50,1
DA:63,36
DA:64,36
DA:65,36
DA:66,36
DA:67,36
DA:68,36
DA:70,36
DA:71,36
DA:79,266
DA:80,266
DA:81,266
DA:85,1
DA:86,1
DA:87,1
DA:93,1
DA:94,1
DA:95,1
DA:108,41
DA:109,41
DA:110,41
DA:111,41
DA:112,41
DA:113,41
DA:114,41
DA:116,41
DA:117,41
DA:123,113
DA:124,113
DA:125,113
DA:129,1
DA:130,1
DA:131,1
DA:135,1
DA:136,1
DA:137,1
BRF:0
BRH:0
LF:60
LH:60
end_of_record
SF:C:\Users\s2010\Me\Codes\Rust\wgpu-3dgs-viewer\src\camera.rs
FN:71,_RNvMNtCs3Mcpfj5Jg9n_16wgpu_3dgs_viewer6cameraNtB2_6Camera11get_forward
FN:40,_RNvMNtCs3Mcpfj5Jg9n_16wgpu_3dgs_viewer6cameraNtB2_6Camera3new
FN:66,_RNvMNtCs3Mcpfj5Jg9n_16wgpu_3dgs_viewer6cameraNtB2_6Camera6yaw_by
FN:51,_RNvMNtCs3Mcpfj5Jg9n_16wgpu_3dgs_viewer6cameraNtB2_6Camera7move_by
FN:56,_RNvMNtCs3Mcpfj5Jg9n_16wgpu_3dgs_viewer6cameraNtB2_6Camera7move_up
FN:61,_RNvMNtCs3Mcpfj5Jg9n_16wgpu_3dgs_viewer6cameraNtB2_6Camera8pitch_by
FN:80,_RNvMNtCs3Mcpfj5Jg9n_16wgpu_3dgs_viewer6cameraNtB2_6Camera9get_right
FN:90,_RNvXs_NtCs3Mcpfj5Jg9n_16wgpu_3dgs_viewer6cameraNtB4_6CameraNtB4_11CameraTrait10projection
FN:86,_RNvXs_NtCs3Mcpfj5Jg9n_16wgpu_3dgs_viewer6cameraNtB4_6CameraNtB4_11CameraTrait4view
FN:71,_RNvMNtCsd1MoTXSmoBL_16wgpu_3dgs_viewer6cameraNtB2_6Camera11get_forward
FN:40,_RNvMNtCsd1MoTXSmoBL_16wgpu_3dgs_viewer6cameraNtB2_6Camera3new
FN:66,_RNvMNtCsd1MoTXSmoBL_16wgpu_3dgs_viewer6cameraNtB2_6Camera6yaw_by
FN:51,_RNvMNtCsd1MoTXSmoBL_16wgpu_3dgs_viewer6cameraNtB2_6Camera7move_by
FN:56,_RNvMNtCsd1MoTXSmoBL_16wgpu_3dgs_viewer6cameraNtB2_6Camera7move_up
FN:61,_RNvMNtCsd1MoTXSmoBL_16wgpu_3dgs_viewer6cameraNtB2_6Camera8pitch_by
FN:80,_RNvMNtCsd1MoTXSmoBL_16wgpu_3dgs_viewer6cameraNtB2_6Camera9get_right
FN:90,_RNvXs_NtCsd1MoTXSmoBL_16wgpu_3dgs_viewer6cameraNtB4_6CameraNtB4_11CameraTrait10projection
FN:86,_RNvXs_NtCsd1MoTXSmoBL_16wgpu_3dgs_viewer6cameraNtB4_6CameraNtB4_11CameraTrait4view
FNDA:620,_RNvMNtCs3Mcpfj5Jg9n_16wgpu_3dgs_viewer6cameraNtB2_6Camera11get_forward
FNDA:28,_RNvMNtCs3Mcpfj5Jg9n_16wgpu_3dgs_viewer6cameraNtB2_6Camera3new
FNDA:197,_RNvMNtCs3Mcpfj5Jg9n_16wgpu_3dgs_viewer6cameraNtB2_6Camera6yaw_by
FNDA:196,_RNvMNtCs3Mcpfj5Jg9n_16wgpu_3dgs_viewer6cameraNtB2_6Camera7move_by
FNDA:196,_RNvMNtCs3Mcpfj5Jg9n_16wgpu_3dgs_viewer6cameraNtB2_6Camera7move_up
FNDA:197,_RNvMNtCs3Mcpfj5Jg9n_16wgpu_3dgs_viewer6cameraNtB2_6Camera8pitch_by
FNDA:196,_RNvMNtCs3Mcpfj5Jg9n_16wgpu_3dgs_viewer6cameraNtB2_6Camera9get_right
FNDA:228,_RNvXs_NtCs3Mcpfj5Jg9n_16wgpu_3dgs_viewer6cameraNtB4_6CameraNtB4_11CameraTrait10projection
FNDA:228,_RNvXs_NtCs3Mcpfj5Jg9n_16wgpu_3dgs_viewer6cameraNtB4_6CameraNtB4_11CameraTrait4view
FNDA:0,_RNvMNtCsd1MoTXSmoBL_16wgpu_3dgs_viewer6cameraNtB2_6Camera11get_forward
FNDA:0,_RNvMNtCsd1MoTXSmoBL_16wgpu_3dgs_viewer6cameraNtB2_6Camera3new
FNDA:0,_RNvMNtCsd1MoTXSmoBL_16wgpu_3dgs_viewer6cameraNtB2_6Camera6yaw_by
FNDA:0,_RNvMNtCsd1MoTXSmoBL_16wgpu_3dgs_viewer6cameraNtB2_6Camera7move_by
FNDA:0,_RNvMNtCsd1MoTXSmoBL_16wgpu_3dgs_viewer6cameraNtB2_6Camera7move_up
FNDA:0,_RNvMNtCsd1MoTXSmoBL_16wgpu_3dgs_viewer6cameraNtB2_6Camera8pitch_by
FNDA:0,_RNvMNtCsd1MoTXSmoBL_16wgpu_3dgs_viewer6cameraNtB2_6Camera9get_right
FNDA:0,_RNvXs_NtCsd1MoTXSmoBL_16wgpu_3dgs_viewer6cameraNtB4_6CameraNtB4_11CameraTrait10projection
FNDA:0,_RNvXs_NtCsd1MoTXSmoBL_16wgpu_3dgs_viewer6cameraNtB4_6CameraNtB4_11CameraTrait4view
FNF:9
FNH:9
DA:40,28
DA:41,28
DA:42,28
DA:43,28
DA:44,28
DA:45,28
DA:46,28
DA:47,28
DA:48,28
DA:51,196
DA:52,196
DA:53,196
DA:56,196
DA:57,196
DA:58,196
DA:61,197
DA:62,197
DA:63,197
DA:66,197
DA:67,197
DA:68,197
DA:71,620
DA:72,620
DA:73,620
DA:74,620
DA:75,620
DA:77,620
DA:80,196
DA:81,196
DA:82,196
DA:86,228
DA:87,228
DA:88,228
DA:90,228
DA:91,228
DA:92,228
DA:93,228
DA:94,228
DA:95,228
DA:97,228
BRF:0
BRH:0
LF:40
LH:40
end_of_record
SF:C:\Users\s2010\Me\Codes\Rust\wgpu-3dgs-viewer\src\depth_sorter.rs
FN:113,_RNvMs0_NtCs3Mcpfj5Jg9n_16wgpu_3dgs_viewer12depth_sorterINtB5_11RadixSorteruE23new_without_bind_groups
FN:129,_RNvMs0_NtCs3Mcpfj5Jg9n_16wgpu_3dgs_viewer12depth_sorterINtB5_11RadixSorteruE4sort
FN:78,_RNvMs_NtCs3Mcpfj5Jg9n_16wgpu_3dgs_viewer12depth_sorterNtB4_11RadixSorter3new
FN:98,_RNvMs_NtCs3Mcpfj5Jg9n_16wgpu_3dgs_viewer12depth_sorterNtB4_11RadixSorter4sort
FN:141,_RNvXs1_NtCs3Mcpfj5Jg9n_16wgpu_3dgs_viewer12depth_sorterNtB5_11RadixSorterNtB5_11DepthSorter4sort
FN:153,_RNvXs2_NtCs3Mcpfj5Jg9n_16wgpu_3dgs_viewer12depth_sorterINtB5_11RadixSorteruENtB5_28DepthSorterWithoutBindGroups18create_bind_groups
FN:162,_RNvXs2_NtCs3Mcpfj5Jg9n_16wgpu_3dgs_viewer12depth_sorterINtB5_11RadixSorteruENtB5_28DepthSorterWithoutBindGroups4sort
FN:388,_RNvMNtNtCs3Mcpfj5Jg9n_16wgpu_3dgs_viewer12depth_sorter9wgpu_sortNtB2_9GPUSorter17bind_group_layout
FN:559,_RNvMNtNtCs3Mcpfj5Jg9n_16wgpu_3dgs_viewer12depth_sorter9wgpu_sortNtB2_9GPUSorter17general_info_data
FN:630,_RNvMNtNtCs3Mcpfj5Jg9n_16wgpu_3dgs_viewer12depth_sorter9wgpu_sortNtB2_9GPUSorter23record_prefix_histogram
FN:533,_RNvMNtNtCs3Mcpfj5Jg9n_16wgpu_3dgs_viewer12depth_sorter9wgpu_sortNtB2_9GPUSorter26create_internal_mem_buffer
FN:809,_RNvMNtNtCs3Mcpfj5Jg9n_16wgpu_3dgs_viewer12depth_sorter9wgpu_sortNtB2_9GPUSorter28create_internal_sort_buffers
FN:672,_RNvMNtNtCs3Mcpfj5Jg9n_16wgpu_3dgs_viewer12depth_sorter9wgpu_sortNtB2_9GPUSorter28record_scatter_keys_indirect
FN:503,_RNvMNtNtCs3Mcpfj5Jg9n_16wgpu_3dgs_viewer12depth_sorter9wgpu_sortNtB2_9GPUSorter30create_internal_keyval_buffers
FN:600,_RNvMNtNtCs3Mcpfj5Jg9n_16wgpu_3dgs_viewer12depth_sorter9wgpu_sortNtB2_9GPUSorter35record_calculate_histogram_indirect
FN:273,_RNvMNtNtCs3Mcpfj5Jg9n_16wgpu_3dgs_viewer12depth_sorter9wgpu_sortNtB2_9GPUSorter3new
FN:1001,_RNvNtNtCs3Mcpfj5Jg9n_16wgpu_3dgs_viewer12depth_sorter9wgpu_sort15histo_blocks_ru
FN:1006,_RNvNtNtCs3Mcpfj5Jg9n_16wgpu_3dgs_viewer12depth_sorter9wgpu_sort16keys_buffer_size
FN:996,_RNvNtNtCs3Mcpfj5Jg9n_16wgpu_3dgs_viewer12depth_sorter9wgpu_sort17scatter_blocks_ru
FN:1011,_RNvNtNtCs3Mcpfj5Jg9n_16wgpu_3dgs_viewer12depth_sorter9wgpu_sort22keys_buffer_size_bytes
FN:946,_RNvXs0_NtNtCs3Mcpfj5Jg9n_16wgpu_3dgs_viewer12depth_sorter9wgpu_sortNtB5_11SortBuffersNtB5_16SortBuffersTrait10bind_group
FN:950,_RNvXs0_NtNtCs3Mcpfj5Jg9n_16wgpu_3dgs_viewer12depth_sorter9wgpu_sortNtB5_11SortBuffersNtB5_16SortBuffersTrait12state_buffer
FN:942,_RNvXs0_NtNtCs3Mcpfj5Jg9n_16wgpu_3dgs_viewer12depth_sorter9wgpu_sortNtB5_11SortBuffersNtB5_16SortBuffersTrait3len
FN:987,_RNvXs1_NtNtCs3Mcpfj5Jg9n_16wgpu_3dgs_viewer12depth_sorter9wgpu_sortNtB5_19InternalSortBuffersNtB5_16SortBuffersTrait10bind_group
FN:991,_RNvXs1_NtNtCs3Mcpfj5Jg9n_16wgpu_3dgs_viewer12depth_sorter9wgpu_sortNtB5_19InternalSortBuffersNtB5_16SortBuffersTrait12state_buffer
FN:983,_RNvXs1_NtNtCs3Mcpfj5Jg9n_16wgpu_3dgs_viewer12depth_sorter9wgpu_sortNtB5_19InternalSortBuffersNtB5_16SortBuffersTrait3len
FN:732,_RINvMNtNtCs3Mcpfj5Jg9n_16wgpu_3dgs_viewer12depth_sorter9wgpu_sortNtB3_9GPUSorter13sort_indirectNtB3_19InternalSortBuffersEB7_
FN:62,_RNvMNtCs3Mcpfj5Jg9n_16wgpu_3dgs_viewer12depth_sorterINtB2_11RadixSorteruE18create_bind_groupsB4_
FN:702,_RINvMNtNtCs3Mcpfj5Jg9n_16wgpu_3dgs_viewer12depth_sorter9wgpu_sortNtB3_9GPUSorter4sortpEB7_
FN:746,_RNvMNtNtCs3Mcpfj5Jg9n_16wgpu_3dgs_viewer12depth_sorter9wgpu_sortNtB2_9GPUSorter19create_sort_buffers
FN:645,_RNvMNtNtCs3Mcpfj5Jg9n_16wgpu_3dgs_viewer12depth_sorter9wgpu_sortNtB2_9GPUSorter19record_scatter_keys
FN:458,_RNvMNtNtCs3Mcpfj5Jg9n_16wgpu_3dgs_viewer12depth_sorter9wgpu_sortNtB2_9GPUSorter21create_keyval_buffers
FN:568,_RNvMNtNtCs3Mcpfj5Jg9n_16wgpu_3dgs_viewer12depth_sorter9wgpu_sortNtB2_9GPUSorter26record_calculate_histogram
FN:931,_RNvMs_NtNtCs3Mcpfj5Jg9n_16wgpu_3dgs_viewer12depth_sorter9wgpu_sortNtB4_11SortBuffers4keys
FN:936,_RNvMs_NtNtCs3Mcpfj5Jg9n_16wgpu_3dgs_viewer12depth_sorter9wgpu_sortNtB4_11SortBuffers6values
FN:886,_RNvYpNtNtNtCs3Mcpfj5Jg9n_16wgpu_3dgs_viewer12depth_sorter9wgpu_sort16SortBuffersTrait15keys_valid_sizeB9_
FN:732,_RINvMNtNtCsd1MoTXSmoBL_16wgpu_3dgs_viewer12depth_sorter9wgpu_sortNtB3_9GPUSorter13sort_indirectpEB7_
FN:702,_RINvMNtNtCsd1MoTXSmoBL_16wgpu_3dgs_viewer12depth_sorter9wgpu_sortNtB3_9GPUSorter4sortpEB7_
FN:62,_RNvMNtCsd1MoTXSmoBL_16wgpu_3dgs_viewer12depth_sorterINtB2_11RadixSorterpE18create_bind_groupsB4_
FN:388,_RNvMNtNtCsd1MoTXSmoBL_16wgpu_3dgs_viewer12depth_sorter9wgpu_sortNtB2_9GPUSorter17bind_group_layout
FN:559,_RNvMNtNtCsd1MoTXSmoBL_16wgpu_3dgs_viewer12depth_sorter9wgpu_sortNtB2_9GPUSorter17general_info_data
FN:746,_RNvMNtNtCsd1MoTXSmoBL_16wgpu_3dgs_viewer12depth_sorter9wgpu_sortNtB2_9GPUSorter19create_sort_buffers
FN:645,_RNvMNtNtCsd1MoTXSmoBL_16wgpu_3dgs_viewer12depth_sorter9wgpu_sortNtB2_9GPUSorter19record_scatter_keys
FN:458,_RNvMNtNtCsd1MoTXSmoBL_16wgpu_3dgs_viewer12depth_sorter9wgpu_sortNtB2_9GPUSorter21create_keyval_buffers
FN:630,_RNvMNtNtCsd1MoTXSmoBL_16wgpu_3dgs_viewer12depth_sorter9wgpu_sortNtB2_9GPUSorter23record_prefix_histogram
FN:533,_RNvMNtNtCsd1MoTXSmoBL_16wgpu_3dgs_viewer12depth_sorter9wgpu_sortNtB2_9GPUSorter26create_internal_mem_buffer
FN:568,_RNvMNtNtCsd1MoTXSmoBL_16wgpu_3dgs_viewer12depth_sorter9wgpu_sortNtB2_9GPUSorter26record_calculate_histogram
FN:809,_RNvMNtNtCsd1MoTXSmoBL_16wgpu_3dgs_viewer12depth_sorter9wgpu_sortNtB2_9GPUSorter28create_internal_sort_buffers
FN:672,_RNvMNtNtCsd1MoTXSmoBL_16wgpu_3dgs_viewer12depth_sorter9wgpu_sortNtB2_9GPUSorter28record_scatter_keys_indirect
FN:503,_RNvMNtNtCsd1MoTXSmoBL_16wgpu_3dgs_viewer12depth_sorter9wgpu_sortNtB2_9GPUSorter30create_internal_keyval_buffers
FN:600,_RNvMNtNtCsd1MoTXSmoBL_16wgpu_3dgs_viewer12depth_sorter9wgpu_sortNtB2_9GPUSorter35record_calculate_histogram_indirect
FN:273,_RNvMNtNtCsd1MoTXSmoBL_16wgpu_3dgs_viewer12depth_sorter9wgpu_sortNtB2_9GPUSorter3new
FN:113,_RNvMs0_NtCsd1MoTXSmoBL_16wgpu_3dgs_viewer12depth_sorterINtB5_11RadixSorteruE23new_without_bind_groups
FN:129,_RNvMs0_NtCsd1MoTXSmoBL_16wgpu_3dgs_viewer12depth_sorterINtB5_11RadixSorteruE4sort
FN:78,_RNvMs_NtCsd1MoTXSmoBL_16wgpu_3dgs_viewer12depth_sorterNtB4_11RadixSorter3new
FN:98,_RNvMs_NtCsd1MoTXSmoBL_16wgpu_3dgs_viewer12depth_sorterNtB4_11RadixSorter4sort
FN:931,_RNvMs_NtNtCsd1MoTXSmoBL_16wgpu_3dgs_viewer12depth_sorter9wgpu_sortNtB4_11SortBuffers4keys
FN:936,_RNvMs_NtNtCsd1MoTXSmoBL_16wgpu_3dgs_viewer12depth_sorter9wgpu_sortNtB4_11SortBuffers6values
FN:1001,_RNvNtNtCsd1MoTXSmoBL_16wgpu_3dgs_viewer12depth_sorter9wgpu_sort15histo_blocks_ru
FN:1006,_RNvNtNtCsd1MoTXSmoBL_16wgpu_3dgs_viewer12depth_sorter9wgpu_sort16keys_buffer_size
FN:996,_RNvNtNtCsd1MoTXSmoBL_16wgpu_3dgs_viewer12depth_sorter9wgpu_sort17scatter_blocks_ru
FN:1011,_RNvNtNtCsd1MoTXSmoBL_16wgpu_3dgs_viewer12depth_sorter9wgpu_sort22keys_buffer_size_bytes
FN:946,_RNvXs0_NtNtCsd1MoTXSmoBL_16wgpu_3dgs_viewer12depth_sorter9wgpu_sortNtB5_11SortBuffersNtB5_16SortBuffersTrait10bind_group
FN:950,_RNvXs0_NtNtCsd1MoTXSmoBL_16wgpu_3dgs_viewer12depth_sorter9wgpu_sortNtB5_11SortBuffersNtB5_16SortBuffersTrait12state_buffer
FN:942,_RNvXs0_NtNtCsd1MoTXSmoBL_16wgpu_3dgs_viewer12depth_sorter9wgpu_sortNtB5_11SortBuffersNtB5_16SortBuffersTrait3len
FN:141,_RNvXs1_NtCsd1MoTXSmoBL_16wgpu_3dgs_viewer12depth_sorterNtB5_11RadixSorterNtB5_11DepthSorter4sort
FN:987,_RNvXs1_NtNtCsd1MoTXSmoBL_16wgpu_3dgs_viewer12depth_sorter9wgpu_sortNtB5_19InternalSortBuffersNtB5_16SortBuffersTrait10bind_group
FN:991,_RNvXs1_NtNtCsd1MoTXSmoBL_16wgpu_3dgs_viewer12depth_sorter9wgpu_sortNtB5_19InternalSortBuffersNtB5_16SortBuffersTrait12state_buffer
FN:983,_RNvXs1_NtNtCsd1MoTXSmoBL_16wgpu_3dgs_viewer12depth_sorter9wgpu_sortNtB5_19InternalSortBuffersNtB5_16SortBuffersTrait3len
FN:153,_RNvXs2_NtCsd1MoTXSmoBL_16wgpu_3dgs_viewer12depth_sorterINtB5_11RadixSorteruENtB5_28DepthSorterWithoutBindGroups18create_bind_groups
FN:162,_RNvXs2_NtCsd1MoTXSmoBL_16wgpu_3dgs_viewer12depth_sorterINtB5_11RadixSorteruENtB5_28DepthSorterWithoutBindGroups4sort
FN:886,_RNvYpNtNtNtCsd1MoTXSmoBL_16wgpu_3dgs_viewer12depth_sorter9wgpu_sort16SortBuffersTrait15keys_valid_sizeB9_
FNDA:25,_RNvMs0_NtCs3Mcpfj5Jg9n_16wgpu_3dgs_viewer12depth_sorterINtB5_11RadixSorteruE23new_without_bind_groups
FNDA:15,_RNvMs0_NtCs3Mcpfj5Jg9n_16wgpu_3dgs_viewer12depth_sorterINtB5_11RadixSorteruE4sort
FNDA:17,_RNvMs_NtCs3Mcpfj5Jg9n_16wgpu_3dgs_viewer12depth_sorterNtB4_11RadixSorter3new
FNDA:214,_RNvMs_NtCs3Mcpfj5Jg9n_16wgpu_3dgs_viewer12depth_sorterNtB4_11RadixSorter4sort
FNDA:213,_RNvXs1_NtCs3Mcpfj5Jg9n_16wgpu_3dgs_viewer12depth_sorterNtB5_11RadixSorterNtB5_11DepthSorter4sort
FNDA:16,_RNvXs2_NtCs3Mcpfj5Jg9n_16wgpu_3dgs_viewer12depth_sorterINtB5_11RadixSorteruENtB5_28DepthSorterWithoutBindGroups18create_bind_groups
FNDA:15,_RNvXs2_NtCs3Mcpfj5Jg9n_16wgpu_3dgs_viewer12depth_sorterINtB5_11RadixSorteruENtB5_28DepthSorterWithoutBindGroups4sort
FNDA:58,_RNvMNtNtCs3Mcpfj5Jg9n_16wgpu_3dgs_viewer12depth_sorter9wgpu_sortNtB2_9GPUSorter17bind_group_layout
FNDA:33,_RNvMNtNtCs3Mcpfj5Jg9n_16wgpu_3dgs_viewer12depth_sorter9wgpu_sortNtB2_9GPUSorter17general_info_data
FNDA:229,_RNvMNtNtCs3Mcpfj5Jg9n_16wgpu_3dgs_viewer12depth_sorter9wgpu_sortNtB2_9GPUSorter23record_prefix_histogram
FNDA:33,_RNvMNtNtCs3Mcpfj5Jg9n_16wgpu_3dgs_viewer12depth_sorter9wgpu_sortNtB2_9GPUSorter26create_internal_mem_buffer
FNDA:33,_RNvMNtNtCs3Mcpfj5Jg9n_16wgpu_3dgs_viewer12depth_sorter9wgpu_sortNtB2_9GPUSorter28create_internal_sort_buffers
FNDA:229,_RNvMNtNtCs3Mcpfj5Jg9n_16wgpu_3dgs_viewer12depth_sorter9wgpu_sortNtB2_9GPUSorter28record_scatter_keys_indirect
FNDA:33,_RNvMNtNtCs3Mcpfj5Jg9n_16wgpu_3dgs_viewer12depth_sorter9wgpu_sortNtB2_9GPUSorter30create_internal_keyval_buffers
FNDA:229,_RNvMNtNtCs3Mcpfj5Jg9n_16wgpu_3dgs_viewer12depth_sorter9wgpu_sortNtB2_9GPUSorter35record_calculate_histogram_indirect
FNDA:25,_RNvMNtNtCs3Mcpfj5Jg9n_16wgpu_3dgs_viewer12depth_sorter9wgpu_sortNtB2_9GPUSorter3new
FNDA:101,_RNvNtNtCs3Mcpfj5Jg9n_16wgpu_3dgs_viewer12depth_sorter9wgpu_sort15histo_blocks_ru
FNDA:101,_RNvNtNtCs3Mcpfj5Jg9n_16wgpu_3dgs_viewer12depth_sorter9wgpu_sort16keys_buffer_size
FNDA:134,_RNvNtNtCs3Mcpfj5Jg9n_16wgpu_3dgs_viewer12depth_sorter9wgpu_sort17scatter_blocks_ru
FNDA:35,_RNvNtNtCs3Mcpfj5Jg9n_16wgpu_3dgs_viewer12depth_sorter9wgpu_sort22keys_buffer_size_bytes
FNDA:0,_RNvXs0_NtNtCs3Mcpfj5Jg9n_16wgpu_3dgs_viewer12depth_sorter9wgpu_sortNtB5_11SortBuffersNtB5_16SortBuffersTrait10bind_group
FNDA:0,_RNvXs0_NtNtCs3Mcpfj5Jg9n_16wgpu_3dgs_viewer12depth_sorter9wgpu_sortNtB5_11SortBuffersNtB5_16SortBuffersTrait12state_buffer
FNDA:0,_RNvXs0_NtNtCs3Mcpfj5Jg9n_16wgpu_3dgs_viewer12depth_sorter9wgpu_sortNtB5_11SortBuffersNtB5_16SortBuffersTrait3len
FNDA:229,_RNvXs1_NtNtCs3Mcpfj5Jg9n_16wgpu_3dgs_viewer12depth_sorter9wgpu_sortNtB5_19InternalSortBuffersNtB5_16SortBuffersTrait10bind_group
FNDA:0,_RNvXs1_NtNtCs3Mcpfj5Jg9n_16wgpu_3dgs_viewer12depth_sorter9wgpu_sortNtB5_19InternalSortBuffersNtB5_16SortBuffersTrait12state_buffer
FNDA:0,_RNvXs1_NtNtCs3Mcpfj5Jg9n_16wgpu_3dgs_viewer12depth_sorter9wgpu_sortNtB5_19InternalSortBuffersNtB5_16SortBuffersTrait3len
FNDA:229,_RINvMNtNtCs3Mcpfj5Jg9n_16wgpu_3dgs_viewer12depth_sorter9wgpu_sortNtB3_9GPUSorter13sort_indirectNtB3_19InternalSortBuffersEB7_
FNDA:33,_RNvMNtCs3Mcpfj5Jg9n_16wgpu_3dgs_viewer12depth_sorterINtB2_11RadixSorteruE18create_bind_groupsB4_
FNDA:0,_RINvMNtNtCs3Mcpfj5Jg9n_16wgpu_3dgs_viewer12depth_sorter9wgpu_sortNtB3_9GPUSorter4sortpEB7_
FNDA:0,_RNvMNtNtCs3Mcpfj5Jg9n_16wgpu_3dgs_viewer12depth_sorter9wgpu_sortNtB2_9GPUSorter19create_sort_buffers
FNDA:0,_RNvMNtNtCs3Mcpfj5Jg9n_16wgpu_3dgs_viewer12depth_sorter9wgpu_sortNtB2_9GPUSorter19record_scatter_keys
FNDA:0,_RNvMNtNtCs3Mcpfj5Jg9n_16wgpu_3dgs_viewer12depth_sorter9wgpu_sortNtB2_9GPUSorter21create_keyval_buffers
FNDA:0,_RNvMNtNtCs3Mcpfj5Jg9n_16wgpu_3dgs_viewer12depth_sorter9wgpu_sortNtB2_9GPUSorter26record_calculate_histogram
FNDA:0,_RNvMs_NtNtCs3Mcpfj5Jg9n_16wgpu_3dgs_viewer12depth_sorter9wgpu_sortNtB4_11SortBuffers4keys
FNDA:0,_RNvMs_NtNtCs3Mcpfj5Jg9n_16wgpu_3dgs_viewer12depth_sorter9wgpu_sortNtB4_11SortBuffers6values
FNDA:0,_RNvYpNtNtNtCs3Mcpfj5Jg9n_16wgpu_3dgs_viewer12depth_sorter9wgpu_sort16SortBuffersTrait15keys_valid_sizeB9_
FNDA:0,_RINvMNtNtCsd1MoTXSmoBL_16wgpu_3dgs_viewer12depth_sorter9wgpu_sortNtB3_9GPUSorter13sort_indirectpEB7_
FNDA:0,_RINvMNtNtCsd1MoTXSmoBL_16wgpu_3dgs_viewer12depth_sorter9wgpu_sortNtB3_9GPUSorter4sortpEB7_
FNDA:0,_RNvMNtCsd1MoTXSmoBL_16wgpu_3dgs_viewer12depth_sorterINtB2_11RadixSorterpE18create_bind_groupsB4_
FNDA:0,_RNvMNtNtCsd1MoTXSmoBL_16wgpu_3dgs_viewer12depth_sorter9wgpu_sortNtB2_9GPUSorter17bind_group_layout
FNDA:0,_RNvMNtNtCsd1MoTXSmoBL_16wgpu_3dgs_viewer12depth_sorter9wgpu_sortNtB2_9GPUSorter17general_info_data
FNDA:0,_RNvMNtNtCsd1MoTXSmoBL_16wgpu_3dgs_viewer12depth_sorter9wgpu_sortNtB2_9GPUSorter19create_sort_buffers
FNDA:0,_RNvMNtNtCsd1MoTXSmoBL_16wgpu_3dgs_viewer12depth_sorter9wgpu_sortNtB2_9GPUSorter19record_scatter_keys
FNDA:0,_RNvMNtNtCsd1MoTXSmoBL_16wgpu_3dgs_viewer12depth_sorter9wgpu_sortNtB2_9GPUSorter21create_keyval_buffers
FNDA:0,_RNvMNtNtCsd1MoTXSmoBL_16wgpu_3dgs_viewer12depth_sorter9wgpu_sortNtB2_9GPUSorter23record_prefix_histogram
FNDA:0,_RNvMNtNtCsd1MoTXSmoBL_16wgpu_3dgs_viewer12depth_sorter9wgpu_sortNtB2_9GPUSorter26create_internal_mem_buffer
FNDA:0,_RNvMNtNtCsd1MoTXSmoBL_16wgpu_3dgs_viewer12depth_sorter9wgpu_sortNtB2_9GPUSorter26record_calculate_histogram
FNDA:0,_RNvMNtNtCsd1MoTXSmoBL_16wgpu_3dgs_viewer12depth_sorter9wgpu_sortNtB2_9GPUSorter28create_internal_sort_buffers
FNDA:0,_RNvMNtNtCsd1MoTXSmoBL_16wgpu_3dgs_viewer12depth_sorter9wgpu_sortNtB2_9GPUSorter28record_scatter_keys_indirect
FNDA:0,_RNvMNtNtCsd1MoTXSmoBL_16wgpu_3dgs_viewer12depth_sorter9wgpu_sortNtB2_9GPUSorter30create_internal_keyval_buffers
FNDA:0,_RNvMNtNtCsd1MoTXSmoBL_16wgpu_3dgs_viewer12depth_sorter9wgpu_sortNtB2_9GPUSorter35record_calculate_histogram_indirect
FNDA:0,_RNvMNtNtCsd1MoTXSmoBL_16wgpu_3dgs_viewer12depth_sorter9wgpu_sortNtB2_9GPUSorter3new
FNDA:0,_RNvMs0_NtCsd1MoTXSmoBL_16wgpu_3dgs_viewer12depth_sorterINtB5_11RadixSorteruE23new_without_bind_groups
FNDA:0,_RNvMs0_NtCsd1MoTXSmoBL_16wgpu_3dgs_viewer12depth_sorterINtB5_11RadixSorteruE4sort
FNDA:0,_RNvMs_NtCsd1MoTXSmoBL_16wgpu_3dgs_viewer12depth_sorterNtB4_11RadixSorter3new
FNDA:0,_RNvMs_NtCsd1MoTXSmoBL_16wgpu_3dgs_viewer12depth_sorterNtB4_11RadixSorter4sort
FNDA:0,_RNvMs_NtNtCsd1MoTXSmoBL_16wgpu_3dgs_viewer12depth_sorter9wgpu_sortNtB4_11SortBuffers4keys
FNDA:0,_RNvMs_NtNtCsd1MoTXSmoBL_16wgpu_3dgs_viewer12depth_sorter9wgpu_sortNtB4_11SortBuffers6values
FNDA:0,_RNvNtNtCsd1MoTXSmoBL_16wgpu_3dgs_viewer12depth_sorter9wgpu_sort15histo_blocks_ru
FNDA:0,_RNvNtNtCsd1MoTXSmoBL_16wgpu_3dgs_viewer12depth_sorter9wgpu_sort16keys_buffer_size
FNDA:0,_RNvNtNtCsd1MoTXSmoBL_16wgpu_3dgs_viewer12depth_sorter9wgpu_sort17scatter_blocks_ru
FNDA:0,_RNvNtNtCsd1MoTXSmoBL_16wgpu_3dgs_viewer12depth_sorter9wgpu_sort22keys_buffer_size_bytes
FNDA:0,_RNvXs0_NtNtCsd1MoTXSmoBL_16wgpu_3dgs_viewer12depth_sorter9wgpu_sortNtB5_11SortBuffersNtB5_16SortBuffersTrait10bind_group
FNDA:0,_RNvXs0_NtNtCsd1MoTXSmoBL_16wgpu_3dgs_viewer12depth_sorter9wgpu_sortNtB5_11SortBuffersNtB5_16SortBuffersTrait12state_buffer
FNDA:0,_RNvXs0_NtNtCsd1MoTXSmoBL_16wgpu_3dgs_viewer12depth_sorter9wgpu_sortNtB5_11SortBuffersNtB5_16SortBuffersTrait3len
FNDA:0,_RNvXs1_NtCsd1MoTXSmoBL_16wgpu_3dgs_viewer12depth_sorterNtB5_11RadixSorterNtB5_11DepthSorter4sort
FNDA:0,_RNvXs1_NtNtCsd1MoTXSmoBL_16wgpu_3dgs_viewer12depth_sorter9wgpu_sortNtB5_19InternalSortBuffersNtB5_16SortBuffersTrait10bind_group
FNDA:0,_RNvXs1_NtNtCsd1MoTXSmoBL_16wgpu_3dgs_viewer12depth_sorter9wgpu_sortNtB5_19InternalSortBuffersNtB5_16SortBuffersTrait12state_buffer
FNDA:0,_RNvXs1_NtNtCsd1MoTXSmoBL_16wgpu_3dgs_viewer12depth_sorter9wgpu_sortNtB5_19InternalSortBuffersNtB5_16SortBuffersTrait3len
FNDA:0,_RNvXs2_NtCsd1MoTXSmoBL_16wgpu_3dgs_viewer12depth_sorterINtB5_11RadixSorteruENtB5_28DepthSorterWithoutBindGroups18create_bind_groups
FNDA:0,_RNvXs2_NtCsd1MoTXSmoBL_16wgpu_3dgs_viewer12depth_sorterINtB5_11RadixSorteruENtB5_28DepthSorterWithoutBindGroups4sort
FNDA:0,_RNvYpNtNtNtCsd1MoTXSmoBL_16wgpu_3dgs_viewer12depth_sorter9wgpu_sort16SortBuffersTrait15keys_valid_sizeB9_
FNF:36
FNH:23
DA:62,33
DA:63,33
DA:64,33
DA:65,33
DA:66,33
DA:67,33
DA:68,33
DA:69,33
DA:70,33
DA:71,33
DA:73,33
DA:78,17
DA:79,17
DA:80,17
DA:81,17
DA:82,17
DA:83,17
DA:85,17
DA:86,17
DA:87,17
DA:89,17
DA:91,17
DA:92,17
DA:93,17
DA:94,17
DA:95,17
DA:98,214
DA:99,214
DA:100,214
DA:101,214
DA:102,214
DA:103,214
DA:104,214
DA:105,214
DA:106,214
DA:108,214
DA:113,25
DA:114,25
DA:115,25
DA:117,25
DA:119,25
DA:120,25
DA:121,25
DA:122,25
DA:123,25
DA:129,15
DA:130,15
DA:131,15
DA:132,15
DA:133,15
DA:134,15
DA:135,15
DA:136,15
DA:137,15
DA:141,213
DA:142,213
DA:143,213
DA:144,213
DA:145,213
DA:146,213
DA:147,213
DA:153,16
DA:154,16
DA:155,16
DA:156,16
DA:157,16
DA:158,16
DA:159,16
DA:160,16
DA:162,15
DA:163,15
DA:164,15
DA:165,15
DA:166,15
DA:167,15
DA:168,15
DA:169,15
DA:273,25
DA:275,25
DA:276,25
DA:277,25
DA:278,25
DA:279,25
DA:280,25
DA:281,25
DA:283,25
DA:284,25
DA:285,25
DA:286,25
DA:288,25
DA:290,25
DA:291,25
DA:292,25
DA:293,25
DA:294,25
DA:295,25
DA:297,25
DA:301,25
DA:326,25
DA:327,25
DA:328,25
DA:329,25
DA:330,25
DA:331,25
DA:332,25
DA:334,25
DA:335,25
DA:336,25
DA:337,25
DA:338,25
DA:339,25
DA:340,25
DA:341,25
DA:342,25
DA:343,25
DA:344,25
DA:345,25
DA:346,25
DA:347,25
DA:348,25
DA:349,25
DA:350,25
DA:351,25
DA:352,25
DA:353,25
DA:354,25
DA:355,25
DA:356,25
DA:357,25
DA:358,25
DA:359,25
DA:360,25
DA:361,25
DA:362,25
DA:363,25
DA:364,25
DA:365,25
DA:366,25
DA:367,25
DA:368,25
DA:369,25
DA:370,25
DA:371,25
DA:372,25
DA:373,25
DA:374,25
DA:375,25
DA:376,25
DA:377,25
DA:379,25
DA:380,25
DA:381,25
DA:382,25
DA:383,25
DA:384,25
DA:385,25
DA:386,25
DA:388,58
DA:389,58
DA:390,58
DA:391,58
DA:392,58
DA:393,58
DA:394,58
DA:395,58
DA:396,58
DA:397,58
DA:398,58
DA:399,58
DA:400,58
DA:401,58
DA:402,58
DA:403,58
DA:404,58
DA:405,58
DA:406,58
DA:407,58
DA:408,58
DA:409,58
DA:410,58
DA:411,58
DA:412,58
DA:413,58
DA:414,58
DA:415,58
DA:416,58
DA:417,58
DA:418,58
DA:419,58
DA:420,58
DA:421,58
DA:422,58
DA:423,58
DA:424,58
DA:425,58
DA:426,58
DA:427,58
DA:428,58
DA:429,58
DA:430,58
DA:431,58
DA:432,58
DA:433,58
DA:434,58
DA:435,58
DA:436,58
DA:437,58
DA:438,58
DA:439,58
DA:440,58
DA:441,58
DA:442,58
DA:443,58
DA:444,58
DA:445,58
DA:446,58
DA:447,58
DA:448,58
DA:449,58
DA:450,58
DA:451,58
DA:452,58
DA:453,58
DA:454,58
DA:455,58
DA:456,58
DA:458,0
DA:459,0
DA:460,0
DA:461,0
DA:463,0
DA:466,0
DA:467,0
DA:468,0
DA:469,0
DA:470,0
DA:471,0
DA:472,0
DA:473,0
DA:476,0
DA:477,0
DA:478,0
DA:479,0
DA:480,0
DA:481,0
DA:483,0
DA:484,0
DA:485,0
DA:486,0
DA:487,0
DA:488,0
DA:489,0
DA:490,0
DA:491,0
DA:493,0
DA:494,0
DA:495,0
DA:496,0
DA:497,0
DA:498,0
DA:499,0
DA:500,0
DA:503,33
DA:504,33
DA:505,33
DA:506,33
DA:508,33
DA:511,33
DA:512,33
DA:513,33
DA:514,33
DA:515,33
DA:516,33
DA:518,33
DA:521,33
DA:522,33
DA:523,33
DA:524,33
DA:525,33
DA:526,33
DA:527,33
DA:528,33
DA:533,33
DA:545,33
DA:547,33
DA:549,33
DA:551,33
DA:552,33
DA:553,33
DA:554,33
DA:555,33
DA:556,33
DA:557,33
DA:559,33
DA:560,33
DA:561,33
DA:562,33
DA:563,33
DA:564,33
DA:565,33
DA:566,33
DA:568,0
DA:569,0
DA:570,0
DA:571,0
DA:572,0
DA:573,0
DA:575,0
DA:577,0
DA:578,0
DA:579,0
DA:580,0
DA:581,0
DA:582,0
DA:583,0
DA:584,0
DA:585,0
DA:586,0
DA:588,0
DA:589,0
DA:590,0
DA:591,0
DA:592,0
DA:593,0
DA:594,0
DA:595,0
DA:596,0
DA:597,0
DA:598,0
DA:600,229
DA:601,229
DA:602,229
DA:603,229
DA:604,229
DA:605,229
DA:606,229
DA:607,229
DA:608,229
DA:609,229
DA:610,229
DA:611,229
DA:612,229
DA:613,229
DA:614,229
DA:615,229
DA:617,229
DA:618,229
DA:619,229
DA:620,229
DA:621,229
DA:622,229
DA:623,229
DA:624,229
DA:625,229
DA:626,229
DA:627,229
DA:630,229
DA:631,229
DA:632,229
DA:633,229
DA:634,229
DA:635,229
DA:636,229
DA:637,229
DA:638,229
DA:640,229
DA:641,229
DA:642,229
DA:643,229
DA:645,0
DA:646,0
DA:647,0
DA:648,0
DA:649,0
DA:650,0
DA:651,0
DA:653,0
DA:654,0
DA:655,0
DA:656,0
DA:658,0
DA:659,0
DA:660,0
DA:662,0
DA:663,0
DA:665,0
DA:666,0
DA:668,0
DA:669,0
DA:670,0
DA:672,229
DA:673,229
DA:674,229
DA:675,229
DA:676,229
DA:677,229
DA:678,229
DA:679,229
DA:680,229
DA:681,229
DA:683,229
DA:684,229
DA:685,229
DA:687,229
DA:688,229
DA:690,229
DA:691,229
DA:693,229
DA:694,229
DA:695,229
DA:702,0
DA:703,0
DA:704,0
DA:705,0
DA:706,0
DA:707,0
DA:708,0
DA:709,0
DA:710,0
DA:713,0
DA:715,0
DA:716,0
DA:717,0
DA:718,0
DA:732,229
DA:733,229
DA:734,229
DA:735,229
DA:736,229
DA:737,229
DA:738,229
DA:740,229
DA:741,229
DA:742,229
DA:743,229
DA:746,0
DA:747,0
DA:748,0
DA:749,0
DA:750,0
DA:751,0
DA:753,0
DA:754,0
DA:755,0
DA:757,0
DA:758,0
DA:759,0
DA:760,0
DA:761,0
DA:762,0
DA:763,0
DA:764,0
DA:765,0
DA:766,0
DA:767,0
DA:768,0
DA:769,0
DA:770,0
DA:771,0
DA:772,0
DA:773,0
DA:774,0
DA:775,0
DA:776,0
DA:777,0
DA:778,0
DA:779,0
DA:780,0
DA:781,0
DA:782,0
DA:783,0
DA:784,0
DA:785,0
DA:786,0
DA:787,0
DA:788,0
DA:789,0
DA:790,0
DA:791,0
DA:792,0
DA:794,0
DA:795,0
DA:796,0
DA:797,0
DA:798,0
DA:799,0
DA:800,0
DA:801,0
DA:802,0
DA:803,0
DA:804,0
DA:809,33
DA:810,33
DA:811,33
DA:812,33
DA:813,33
DA:814,33
DA:815,33
DA:817,33
DA:818,33
DA:820,33
DA:821,33
DA:822,33
DA:823,33
DA:824,33
DA:825,33
DA:826,33
DA:827,33
DA:828,33
DA:829,33
DA:830,33
DA:831,33
DA:832,33
DA:833,33
DA:834,33
DA:835,33
DA:836,33
DA:837,33
DA:838,33
DA:839,33
DA:840,33
DA:841,33
DA:842,33
DA:843,33
DA:844,33
DA:845,33
DA:846,33
DA:847,33
DA:848,33
DA:849,33
DA:850,33
DA:851,33
DA:852,33
DA:853,33
DA:854,33
DA:855,33
DA:857,33
DA:858,33
DA:859,33
DA:860,33
DA:861,33
DA:862,33
DA:863,33
DA:864,33
DA:865,33
DA:886,0
DA:887,0
DA:888,0
DA:931,0
DA:932,0
DA:933,0
DA:936,0
DA:937,0
DA:938,0
DA:942,0
DA:943,0
DA:944,0
DA:946,0
DA:947,0
DA:948,0
DA:950,0
DA:951,0
DA:952,0
DA:983,0
DA:984,0
DA:985,0
DA:987,229
DA:988,229
DA:989,229
DA:991,0
DA:992,0
DA:993,0
DA:996,134
DA:997,134
DA:998,134
DA:1001,101
DA:1002,101
DA:1003,101
DA:1006,101
DA:1007,101
DA:1008,101
DA:1011,35
DA:1012,35
DA:1013,35
BRF:0
BRH:0
LF:584
LH:405
end_of_record
SF:C:\Users\s2010\Me\Codes\Rust\wgpu-3dgs-viewer\src\lampshade_sorter.rs
FN:88,_RINvMs_NtCs3Mcpfj5Jg9n_16wgpu_3dgs_viewer16lampshade_sorterNtB5_15LampshadeSorter3newNtNtNtCs4ci6KV7TqoM_14wgpu_3dgs_core6buffer8gaussian41GaussianPodWithShSingleCov3dSingleConfigsECsugFF6ZPP2O_3mod
FN:147,_RNvMs_NtCs3Mcpfj5Jg9n_16wgpu_3dgs_viewer16lampshade_sorterNtB4_15LampshadeSorter14is_accelerated
FN:110,_RNvMs_NtCs3Mcpfj5Jg9n_16wgpu_3dgs_viewer16lampshade_sorterNtB4_15LampshadeSorter7prepare
FN:76,_RNvXNtCs3Mcpfj5Jg9n_16wgpu_3dgs_viewer16lampshade_sorterNtB2_13LampshadePlanNtNtCs9OCfJ4KTcUD_4core3fmt5Debug3fmt
FN:153,_RNvXs0_NtCs3Mcpfj5Jg9n_16wgpu_3dgs_viewer16lampshade_sorterNtB5_15LampshadeSorterNtNtB7_12depth_sorter11DepthSorter4sort
FN:88,_RINvMs_NtCs3Mcpfj5Jg9n_16wgpu_3dgs_viewer16lampshade_sorterNtB5_15LampshadeSorter3newpEB7_
FN:88,_RINvMs_NtCsd1MoTXSmoBL_16wgpu_3dgs_viewer16lampshade_sorterNtB5_15LampshadeSorter3newpEB7_
FN:147,_RNvMs_NtCsd1MoTXSmoBL_16wgpu_3dgs_viewer16lampshade_sorterNtB4_15LampshadeSorter14is_accelerated
FN:110,_RNvMs_NtCsd1MoTXSmoBL_16wgpu_3dgs_viewer16lampshade_sorterNtB4_15LampshadeSorter7prepare
FN:76,_RNvXNtCsd1MoTXSmoBL_16wgpu_3dgs_viewer16lampshade_sorterNtB2_13LampshadePlanNtNtCs9OCfJ4KTcUD_4core3fmt5Debug3fmt
FN:153,_RNvXs0_NtCsd1MoTXSmoBL_16wgpu_3dgs_viewer16lampshade_sorterNtB5_15LampshadeSorterNtNtB7_12depth_sorter11DepthSorter4sort
FN:88,_RINvMs_NtCs3Mcpfj5Jg9n_16wgpu_3dgs_viewer16lampshade_sorterNtB5_15LampshadeSorter3newNtNtNtCs4ci6KV7TqoM_14wgpu_3dgs_core6buffer8gaussian41GaussianPodWithShSingleCov3dSingleConfigsECsao77I1ua3lb_21simple_with_lampshade
FNDA:2,_RINvMs_NtCs3Mcpfj5Jg9n_16wgpu_3dgs_viewer16lampshade_sorterNtB5_15LampshadeSorter3newNtNtNtCs4ci6KV7TqoM_14wgpu_3dgs_core6buffer8gaussian41GaussianPodWithShSingleCov3dSingleConfigsECsugFF6ZPP2O_3mod
FNDA:2,_RNvMs_NtCs3Mcpfj5Jg9n_16wgpu_3dgs_viewer16lampshade_sorterNtB4_15LampshadeSorter14is_accelerated
FNDA:2,_RNvMs_NtCs3Mcpfj5Jg9n_16wgpu_3dgs_viewer16lampshade_sorterNtB4_15LampshadeSorter7prepare
FNDA:0,_RNvXNtCs3Mcpfj5Jg9n_16wgpu_3dgs_viewer16lampshade_sorterNtB2_13LampshadePlanNtNtCs9OCfJ4KTcUD_4core3fmt5Debug3fmt
FNDA:5,_RNvXs0_NtCs3Mcpfj5Jg9n_16wgpu_3dgs_viewer16lampshade_sorterNtB5_15LampshadeSorterNtNtB7_12depth_sorter11DepthSorter4sort
FNDA:0,_RINvMs_NtCs3Mcpfj5Jg9n_16wgpu_3dgs_viewer16lampshade_sorterNtB5_15LampshadeSorter3newpEB7_
FNDA:0,_RINvMs_NtCsd1MoTXSmoBL_16wgpu_3dgs_viewer16lampshade_sorterNtB5_15LampshadeSorter3newpEB7_
FNDA:0,_RNvMs_NtCsd1MoTXSmoBL_16wgpu_3dgs_viewer16lampshade_sorterNtB4_15LampshadeSorter14is_accelerated
FNDA:0,_RNvMs_NtCsd1MoTXSmoBL_16wgpu_3dgs_viewer16lampshade_sorterNtB4_15LampshadeSorter7prepare
FNDA:0,_RNvXNtCsd1MoTXSmoBL_16wgpu_3dgs_viewer16lampshade_sorterNtB2_13LampshadePlanNtNtCs9OCfJ4KTcUD_4core3fmt5Debug3fmt
FNDA:0,_RNvXs0_NtCsd1MoTXSmoBL_16wgpu_3dgs_viewer16lampshade_sorterNtB5_15LampshadeSorterNtNtB7_12depth_sorter11DepthSorter4sort
FNDA:0,_RINvMs_NtCs3Mcpfj5Jg9n_16wgpu_3dgs_viewer16lampshade_sorterNtB5_15LampshadeSorter3newNtNtNtCs4ci6KV7TqoM_14wgpu_3dgs_core6buffer8gaussian41GaussianPodWithShSingleCov3dSingleConfigsECsao77I1ua3lb_21simple_with_lampshade
FNF:5
FNH:4
DA:76,0
DA:77,0
DA:78,0
DA:79,0
DA:80,0
DA:88,2
DA:89,2
DA:90,2
DA:91,2
DA:92,2
DA:95,2
DA:96,2
DA:98,2
DA:99,2
DA:100,2
DA:101,2
DA:102,2
DA:103,2
DA:106,2
DA:107,2
DA:110,2
DA:111,2
DA:112,2
DA:113,2
DA:114,2
DA:115,2
DA:116,2
DA:117,1
DA:118,2
DA:120,1
DA:121,1
DA:122,1
DA:123,1
DA:124,1
DA:125,1
DA:126,1
DA:128,1
DA:129,1
DA:130,1
DA:131,1
DA:132,1
DA:133,1
DA:134,1
DA:135,1
DA:137,0
DA:138,0
DA:139,0
DA:142,2
DA:147,2
DA:148,2
DA:149,2
DA:153,5
DA:154,5
DA:155,5
DA:156,5
DA:157,5
DA:158,5
DA:159,4
DA:160,4
DA:161,4
DA:162,4
DA:163,4
DA:164,4
DA:165,4
DA:166,4
DA:167,4
DA:168,4
DA:169,4
DA:170,1
DA:171,1
DA:172,5
BRF:0
BRH:0
LF:71
LH:63
end_of_record
SF:C:\Users\s2010\Me\Codes\Rust\wgpu-3dgs-viewer\src\lib.rs
FN:96,_RINvMCs3Mcpfj5Jg9n_16wgpu_3dgs_viewerNtB3_6Viewer3newINtNtCsckSb6QcKe7J_5alloc3vec3VecNtNtCs4ci6KV7TqoM_14wgpu_3dgs_core8gaussian8GaussianEECsugFF6ZPP2O_3mod
FN:112,_RINvMs_Cs3Mcpfj5Jg9n_16wgpu_3dgs_viewerINtB5_6ViewerNtNtNtCs4ci6KV7TqoM_14wgpu_3dgs_core6buffer8gaussian41GaussianPodWithShSingleCov3dSingleConfigsNtNtB5_16lampshade_sorter15LampshadeSorterE16new_with_optionsINtNtCsckSb6QcKe7J_5alloc3vec3VecNtNtBU_8gaussian8GaussianEECsugFF6ZPP2O_3mod
FN:112,_RINvMs_Cs3Mcpfj5Jg9n_16wgpu_3dgs_viewerINtB5_6ViewerNtNtNtCs4ci6KV7TqoM_14wgpu_3dgs_core6buffer8gaussian41GaussianPodWithShSingleCov3dSingleConfigsNtNvNtNtCsugFF6ZPP2O_3mod3e2e6viewers_44test_viewer_uses_custom_depth_sorter_factory14CountingSorterE16new_with_optionsINtNtCsckSb6QcKe7J_5alloc3vec3VecNtNtBU_8gaussian8GaussianEEB2t_
FN:237,_RINvMs_Cs3Mcpfj5Jg9n_16wgpu_3dgs_viewerNtB5_6Viewer13update_cameraNtNtB5_6camera6CameraECsugFF6ZPP2O_3mod
FN:112,_RINvMs_Cs3Mcpfj5Jg9n_16wgpu_3dgs_viewerNtB5_6Viewer16new_with_optionsINtNtCsckSb6QcKe7J_5alloc3vec3VecNtNtCs4ci6KV7TqoM_14wgpu_3dgs_core8gaussian8GaussianEECsugFF6ZPP2O_3mod
FN:366,_RNCNvXs0_Cs3Mcpfj5Jg9n_16wgpu_3dgs_viewerINtB7_19ViewerCreateOptionsNtNtNtCs4ci6KV7TqoM_14wgpu_3dgs_core6buffer8gaussian41GaussianPodWithShSingleCov3dSingleConfigsNtNtB7_12depth_sorter11RadixSorterFG_INtB7_37ViewerCreateDepthSorterFactoryContextL0_B14_EEB2B_ENtNtCs9OCfJ4KTcUD_4core7default7Default7default0CsugFF6ZPP2O_3mod
FN:247,_RNvMs_Cs3Mcpfj5Jg9n_16wgpu_3dgs_viewerINtB4_6ViewerNtNtNtCs4ci6KV7TqoM_14wgpu_3dgs_core6buffer8gaussian41GaussianPodWithShSingleCov3dSingleConfigsNtNtB4_16lampshade_sorter15LampshadeSorterE22update_camera_with_podCsugFF6ZPP2O_3mod
FN:252,_RNvMs_Cs3Mcpfj5Jg9n_16wgpu_3dgs_viewerINtB4_6ViewerNtNtNtCs4ci6KV7TqoM_14wgpu_3dgs_core6buffer8gaussian41GaussianPodWithShSingleCov3dSingleConfigsNtNtB4_16lampshade_sorter15LampshadeSorterE22update_model_transformCsugFF6ZPP2O_3mod
FN:301,_RNvMs_Cs3Mcpfj5Jg9n_16wgpu_3dgs_viewerINtB4_6ViewerNtNtNtCs4ci6KV7TqoM_14wgpu_3dgs_core6buffer8gaussian41GaussianPodWithShSingleCov3dSingleConfigsNtNtB4_16lampshade_sorter15LampshadeSorterE6renderCsugFF6ZPP2O_3mod
FN:301,_RNvMs_Cs3Mcpfj5Jg9n_16wgpu_3dgs_viewerINtB4_6ViewerNtNtNtCs4ci6KV7TqoM_14wgpu_3dgs_core6buffer8gaussian41GaussianPodWithShSingleCov3dSingleConfigsNtNvNtNtCsugFF6ZPP2O_3mod3e2e6viewers_44test_viewer_uses_custom_depth_sorter_factory14CountingSorterE6renderB2s_
FN:247,_RNvMs_Cs3Mcpfj5Jg9n_16wgpu_3dgs_viewerNtB4_6Viewer22update_camera_with_podCsugFF6ZPP2O_3mod
FN:252,_RNvMs_Cs3Mcpfj5Jg9n_16wgpu_3dgs_viewerNtB4_6Viewer22update_model_transformCsugFF6ZPP2O_3mod
FN:272,_RNvMs_Cs3Mcpfj5Jg9n_16wgpu_3dgs_viewerNtB4_6Viewer25update_gaussian_transformCsugFF6ZPP2O_3mod
FN:263,_RNvMs_Cs3Mcpfj5Jg9n_16wgpu_3dgs_viewerNtB4_6Viewer31update_model_transform_with_podCsugFF6ZPP2O_3mod
FN:292,_RNvMs_Cs3Mcpfj5Jg9n_16wgpu_3dgs_viewerNtB4_6Viewer34update_gaussian_transform_with_podCsugFF6ZPP2O_3mod
FN:301,_RNvMs_Cs3Mcpfj5Jg9n_16wgpu_3dgs_viewerNtB4_6Viewer6renderCsugFF6ZPP2O_3mod
FN:360,_RNvXs0_Cs3Mcpfj5Jg9n_16wgpu_3dgs_viewerINtB5_19ViewerCreateOptionsNtNtNtCs4ci6KV7TqoM_14wgpu_3dgs_core6buffer8gaussian41GaussianPodWithShSingleCov3dSingleConfigsNtNtB5_12depth_sorter11RadixSorterFG_INtB5_37ViewerCreateDepthSorterFactoryContextL0_B12_EEB2z_ENtNtCs9OCfJ4KTcUD_4core7default7Default7defaultCsugFF6ZPP2O_3mod
FN:96,_RINvMCs3Mcpfj5Jg9n_16wgpu_3dgs_viewerINtB3_6ViewerpE3newpEB3_
FN:237,_RINvMs_Cs3Mcpfj5Jg9n_16wgpu_3dgs_viewerINtB5_6ViewerppE13update_camerapEB5_
FN:112,_RINvMs_Cs3Mcpfj5Jg9n_16wgpu_3dgs_viewerINtB5_6ViewerppE16new_with_optionspEB5_
FN:366,_RNCNvXINICs3Mcpfj5Jg9n_16wgpu_3dgs_viewers0_0pEINtB7_19ViewerCreateOptionspNtNtB7_12depth_sorter11RadixSorterFG_INtB7_37ViewerCreateDepthSorterFactoryContextL0_pEEB1b_ENtNtCs9OCfJ4KTcUD_4core7default7Default7default0B7_
FN:247,_RNvMs_Cs3Mcpfj5Jg9n_16wgpu_3dgs_viewerINtB4_6ViewerppE22update_camera_with_podB4_
FN:252,_RNvMs_Cs3Mcpfj5Jg9n_16wgpu_3dgs_viewerINtB4_6ViewerppE22update_model_transformB4_
FN:272,_RNvMs_Cs3Mcpfj5Jg9n_16wgpu_3dgs_viewerINtB4_6ViewerppE25update_gaussian_transformB4_
FN:263,_RNvMs_Cs3Mcpfj5Jg9n_16wgpu_3dgs_viewerINtB4_6ViewerppE31update_model_transform_with_podB4_
FN:292,_RNvMs_Cs3Mcpfj5Jg9n_16wgpu_3dgs_viewerINtB4_6ViewerppE34update_gaussian_transform_with_podB4_
FN:301,_RNvMs_Cs3Mcpfj5Jg9n_16wgpu_3dgs_viewerINtB4_6ViewerppE6renderB4_
FN:360,_RNvXINICs3Mcpfj5Jg9n_16wgpu_3dgs_viewers0_0pEINtB5_19ViewerCreateOptionspNtNtB5_12depth_sorter11RadixSorterFG_INtB5_37ViewerCreateDepthSorterFactoryContextL0_pEEB19_ENtNtCs9OCfJ4KTcUD_4core7default7Default7defaultB5_
FN:96,_RINvMCsd1MoTXSmoBL_16wgpu_3dgs_viewerINtB3_6ViewerpE3newpEB3_
FN:237,_RINvMs_Csd1MoTXSmoBL_16wgpu_3dgs_viewerINtB5_6ViewerppE13update_camerapEB5_
FN:112,_RINvMs_Csd1MoTXSmoBL_16wgpu_3dgs_viewerINtB5_6ViewerppE16new_with_optionspEB5_
FN:366,_RNCNvXINICsd1MoTXSmoBL_16wgpu_3dgs_viewers0_0pEINtB7_19ViewerCreateOptionspNtNtB7_12depth_sorter11RadixSorterFG_INtB7_37ViewerCreateDepthSorterFactoryContextL0_pEEB1b_ENtNtCs9OCfJ4KTcUD_4core7default7Default7default0B7_
FN:247,_RNvMs_Csd1MoTXSmoBL_16wgpu_3dgs_viewerINtB4_6ViewerppE22update_camera_with_podB4_
FN:252,_RNvMs_Csd1MoTXSmoBL_16wgpu_3dgs_viewerINtB4_6ViewerppE22update_model_transformB4_
FN:272,_RNvMs_Csd1MoTXSmoBL_16wgpu_3dgs_viewerINtB4_6ViewerppE25update_gaussian_transformB4_
FN:263,_RNvMs_Csd1MoTXSmoBL_16wgpu_3dgs_viewerINtB4_6ViewerppE31update_model_transform_with_podB4_
FN:292,_RNvMs_Csd1MoTXSmoBL_16wgpu_3dgs_viewerINtB4_6ViewerppE34update_gaussian_transform_with_podB4_
FN:301,_RNvMs_Csd1MoTXSmoBL_16wgpu_3dgs_viewerINtB4_6ViewerppE6renderB4_
FN:360,_RNvXINICsd1MoTXSmoBL_16wgpu_3dgs_viewers0_0pEINtB5_19ViewerCreateOptionspNtNtB5_12depth_sorter11RadixSorterFG_INtB5_37ViewerCreateDepthSorterFactoryContextL0_pEEB19_ENtNtCs9OCfJ4KTcUD_4core7default7Default7defaultB5_
FN:237,_RINvMs_Cs3Mcpfj5Jg9n_16wgpu_3dgs_viewerNtB5_6Viewer13update_cameraNtNtB5_6camera6CameraECsgZsThlafw2d_9selection
FN:112,_RINvMs_Cs3Mcpfj5Jg9n_16wgpu_3dgs_viewerNtB5_6Viewer16new_with_optionsNtNtCs4ci6KV7TqoM_14wgpu_3dgs_core8gaussian9GaussiansECsgZsThlafw2d_9selection
FN:366,_RNCNvXs0_Cs3Mcpfj5Jg9n_16wgpu_3dgs_viewerINtB7_19ViewerCreateOptionsNtNtNtCs4ci6KV7TqoM_14wgpu_3dgs_core6buffer8gaussian41GaussianPodWithShSingleCov3dSingleConfigsNtNtB7_12depth_sorter11RadixSorterFG_INtB7_37ViewerCreateDepthSorterFactoryContextL0_B14_EEB2B_ENtNtCs9OCfJ4KTcUD_4core7default7Default7default0CsgZsThlafw2d_9selection
FN:252,_RNvMs_Cs3Mcpfj5Jg9n_16wgpu_3dgs_viewerNtB4_6Viewer22update_model_transformCsgZsThlafw2d_9selection
FN:301,_RNvMs_Cs3Mcpfj5Jg9n_16wgpu_3dgs_viewerNtB4_6Viewer6renderCsgZsThlafw2d_9selection
FN:360,_RNvXs0_Cs3Mcpfj5Jg9n_16wgpu_3dgs_viewerINtB5_19ViewerCreateOptionsNtNtNtCs4ci6KV7TqoM_14wgpu_3dgs_core6buffer8gaussian41GaussianPodWithShSingleCov3dSingleConfigsNtNtB5_12depth_sorter11RadixSorterFG_INtB5_37ViewerCreateDepthSorterFactoryContextL0_B12_EEB2z_ENtNtCs9OCfJ4KTcUD_4core7default7Default7defaultCsgZsThlafw2d_9selection
FN:237,_RINvMs_Cs3Mcpfj5Jg9n_16wgpu_3dgs_viewerINtB5_6ViewerNtNtNtCs4ci6KV7TqoM_14wgpu_3dgs_core6buffer8gaussian41GaussianPodWithShSingleCov3dSingleConfigsNtNtB5_16lampshade_sorter15LampshadeSorterE13update_cameraNtNtB5_6camera6CameraECsao77I1ua3lb_21simple_with_lampshade
FN:112,_RINvMs_Cs3Mcpfj5Jg9n_16wgpu_3dgs_viewerINtB5_6ViewerNtNtNtCs4ci6KV7TqoM_14wgpu_3dgs_core6buffer8gaussian41GaussianPodWithShSingleCov3dSingleConfigsNtNtB5_16lampshade_sorter15LampshadeSorterE16new_with_optionsNtNtBU_8gaussian9GaussiansECsao77I1ua3lb_21simple_with_lampshade
FN:252,_RNvMs_Cs3Mcpfj5Jg9n_16wgpu_3dgs_viewerINtB4_6ViewerNtNtNtCs4ci6KV7TqoM_14wgpu_3dgs_core6buffer8gaussian41GaussianPodWithShSingleCov3dSingleConfigsNtNtB4_16lampshade_sorter15LampshadeSorterE22update_model_transformCsao77I1ua3lb_21simple_with_lampshade
FN:272,_RNvMs_Cs3Mcpfj5Jg9n_16wgpu_3dgs_viewerINtB4_6ViewerNtNtNtCs4ci6KV7TqoM_14wgpu_3dgs_core6buffer8gaussian41GaussianPodWithShSingleCov3dSingleConfigsNtNtB4_16lampshade_sorter15LampshadeSorterE25update_gaussian_transformCsao77I1ua3lb_21simple_with_lampshade
FN:301,_RNvMs_Cs3Mcpfj5Jg9n_16wgpu_3dgs_viewerINtB4_6ViewerNtNtNtCs4ci6KV7TqoM_14wgpu_3dgs_core6buffer8gaussian41GaussianPodWithShSingleCov3dSingleConfigsNtNtB4_16lampshade_sorter15LampshadeSorterE6renderCsao77I1ua3lb_21simple_with_lampshade
FN:96,_RINvMCs3Mcpfj5Jg9n_16wgpu_3dgs_viewerNtB3_6Viewer3newNtNtCs4ci6KV7TqoM_14wgpu_3dgs_core8gaussian9GaussiansECs8AxnetaeJ9w_6simple
FN:237,_RINvMs_Cs3Mcpfj5Jg9n_16wgpu_3dgs_viewerNtB5_6Viewer13update_cameraNtNtB5_6camera6CameraECs8AxnetaeJ9w_6simple
FN:112,_RINvMs_Cs3Mcpfj5Jg9n_16wgpu_3dgs_viewerNtB5_6Viewer16new_with_optionsNtNtCs4ci6KV7TqoM_14wgpu_3dgs_core8gaussian9GaussiansECs8AxnetaeJ9w_6simple
FN:366,_RNCNvXs0_Cs3Mcpfj5Jg9n_16wgpu_3dgs_viewerINtB7_19ViewerCreateOptionsNtNtNtCs4ci6KV7TqoM_14wgpu_3dgs_core6buffer8gaussian41GaussianPodWithShSingleCov3dSingleConfigsNtNtB7_12depth_sorter11RadixSorterFG_INtB7_37ViewerCreateDepthSorterFactoryContextL0_B14_EEB2B_ENtNtCs9OCfJ4KTcUD_4core7default7Default7default0Cs8AxnetaeJ9w_6simple
FN:252,_RNvMs_Cs3Mcpfj5Jg9n_16wgpu_3dgs_viewerNtB4_6Viewer22update_model_transformCs8AxnetaeJ9w_6simple
FN:272,_RNvMs_Cs3Mcpfj5Jg9n_16wgpu_3dgs_viewerNtB4_6Viewer25update_gaussian_transformCs8AxnetaeJ9w_6simple
FN:301,_RNvMs_Cs3Mcpfj5Jg9n_16wgpu_3dgs_viewerNtB4_6Viewer6renderCs8AxnetaeJ9w_6simple
FN:360,_RNvXs0_Cs3Mcpfj5Jg9n_16wgpu_3dgs_viewerINtB5_19ViewerCreateOptionsNtNtNtCs4ci6KV7TqoM_14wgpu_3dgs_core6buffer8gaussian41GaussianPodWithShSingleCov3dSingleConfigsNtNtB5_12depth_sorter11RadixSorterFG_INtB5_37ViewerCreateDepthSorterFactoryContextL0_B12_EEB2z_ENtNtCs9OCfJ4KTcUD_4core7default7Default7defaultCs8AxnetaeJ9w_6simple
FNDA:8,_RINvMCs3Mcpfj5Jg9n_16wgpu_3dgs_viewerNtB3_6Viewer3newINtNtCsckSb6QcKe7J_5alloc3vec3VecNtNtCs4ci6KV7TqoM_14wgpu_3dgs_core8gaussian8GaussianEECsugFF6ZPP2O_3mod
FNDA:2,_RINvMs_Cs3Mcpfj5Jg9n_16wgpu_3dgs_viewerINtB5_6ViewerNtNtNtCs4ci6KV7TqoM_14wgpu_3dgs_core6buffer8gaussian41GaussianPodWithShSingleCov3dSingleConfigsNtNtB5_16lampshade_sorter15LampshadeSorterE16new_with_optionsINtNtCsckSb6QcKe7J_5alloc3vec3VecNtNtBU_8gaussian8GaussianEECsugFF6ZPP2O_3mod
FNDA:1,_RINvMs_Cs3Mcpfj5Jg9n_16wgpu_3dgs_viewerINtB5_6ViewerNtNtNtCs4ci6KV7TqoM_14wgpu_3dgs_core6buffer8gaussian41GaussianPodWithShSingleCov3dSingleConfigsNtNvNtNtCsugFF6ZPP2O_3mod3e2e6viewers_44test_viewer_uses_custom_depth_sorter_factory14CountingSorterE16new_with_optionsINtNtCsckSb6QcKe7J_5alloc3vec3VecNtNtBU_8gaussian8GaussianEEB2t_
FNDA:1,_RINvMs_Cs3Mcpfj5Jg9n_16wgpu_3dgs_viewerNtB5_6Viewer13update_cameraNtNtB5_6camera6CameraECsugFF6ZPP2O_3mod
FNDA:14,_RINvMs_Cs3Mcpfj5Jg9n_16wgpu_3dgs_viewerNtB5_6Viewer16new_with_optionsINtNtCsckSb6QcKe7J_5alloc3vec3VecNtNtCs4ci6KV7TqoM_14wgpu_3dgs_core8gaussian8GaussianEECsugFF6ZPP2O_3mod
FNDA:14,_RNCNvXs0_Cs3Mcpfj5Jg9n_16wgpu_3dgs_viewerINtB7_19ViewerCreateOptionsNtNtNtCs4ci6KV7TqoM_14wgpu_3dgs_core6buffer8gaussian41GaussianPodWithShSingleCov3dSingleConfigsNtNtB7_12depth_sorter11RadixSorterFG_INtB7_37ViewerCreateDepthSorterFactoryContextL0_B14_EEB2B_ENtNtCs9OCfJ4KTcUD_4core7default7Default7default0CsugFF6ZPP2O_3mod
FNDA:2,_RNvMs_Cs3Mcpfj5Jg9n_16wgpu_3dgs_viewerINtB4_6ViewerNtNtNtCs4ci6KV7TqoM_14wgpu_3dgs_core6buffer8gaussian41GaussianPodWithShSingleCov3dSingleConfigsNtNtB4_16lampshade_sorter15LampshadeSorterE22update_camera_with_podCsugFF6ZPP2O_3mod
FNDA:4,_RNvMs_Cs3Mcpfj5Jg9n_16wgpu_3dgs_viewerINtB4_6ViewerNtNtNtCs4ci6KV7TqoM_14wgpu_3dgs_core6buffer8gaussian41GaussianPodWithShSingleCov3dSingleConfigsNtNtB4_16lampshade_sorter15LampshadeSorterE22update_model_transformCsugFF6ZPP2O_3mod
FNDA:5,_RNvMs_Cs3Mcpfj5Jg9n_16wgpu_3dgs_viewerINtB4_6ViewerNtNtNtCs4ci6KV7TqoM_14wgpu_3dgs_core6buffer8gaussian41GaussianPodWithShSingleCov3dSingleConfigsNtNtB4_16lampshade_sorter15LampshadeSorterE6renderCsugFF6ZPP2O_3mod
FNDA:1,_RNvMs_Cs3Mcpfj5Jg9n_16wgpu_3dgs_viewerINtB4_6ViewerNtNtNtCs4ci6KV7TqoM_14wgpu_3dgs_core6buffer8gaussian41GaussianPodWithShSingleCov3dSingleConfigsNtNvNtNtCsugFF6ZPP2O_3mod3e2e6viewers_44test_viewer_uses_custom_depth_sorter_factory14CountingSorterE6renderB2s_
FNDA:13,_RNvMs_Cs3Mcpfj5Jg9n_16wgpu_3dgs_viewerNtB4_6Viewer22update_camera_with_podCsugFF6ZPP2O_3mod
FNDA:5,_RNvMs_Cs3Mcpfj5Jg9n_16wgpu_3dgs_viewerNtB4_6Viewer22update_model_transformCsugFF6ZPP2O_3mod
FNDA:1,_RNvMs_Cs3Mcpfj5Jg9n_16wgpu_3dgs_viewerNtB4_6Viewer25update_gaussian_transformCsugFF6ZPP2O_3mod
FNDA:1,_RNvMs_Cs3Mcpfj5Jg9n_16wgpu_3dgs_viewerNtB4_6Viewer31update_model_transform_with_podCsugFF6ZPP2O_3mod
FNDA:1,_RNvMs_Cs3Mcpfj5Jg9n_16wgpu_3dgs_viewerNtB4_6Viewer34update_gaussian_transform_with_podCsugFF6ZPP2O_3mod
FNDA:17,_RNvMs_Cs3Mcpfj5Jg9n_16wgpu_3dgs_viewerNtB4_6Viewer6renderCsugFF6ZPP2O_3mod
FNDA:14,_RNvXs0_Cs3Mcpfj5Jg9n_16wgpu_3dgs_viewerINtB5_19ViewerCreateOptionsNtNtNtCs4ci6KV7TqoM_14wgpu_3dgs_core6buffer8gaussian41GaussianPodWithShSingleCov3dSingleConfigsNtNtB5_12depth_sorter11RadixSorterFG_INtB5_37ViewerCreateDepthSorterFactoryContextL0_B12_EEB2z_ENtNtCs9OCfJ4KTcUD_4core7default7Default7defaultCsugFF6ZPP2O_3mod
FNDA:0,_RINvMCs3Mcpfj5Jg9n_16wgpu_3dgs_viewerINtB3_6ViewerpE3newpEB3_
FNDA:0,_RINvMs_Cs3Mcpfj5Jg9n_16wgpu_3dgs_viewerINtB5_6ViewerppE13update_camerapEB5_
FNDA:0,_RINvMs_Cs3Mcpfj5Jg9n_16wgpu_3dgs_viewerINtB5_6ViewerppE16new_with_optionspEB5_
FNDA:0,_RNCNvXINICs3Mcpfj5Jg9n_16wgpu_3dgs_viewers0_0pEINtB7_19ViewerCreateOptionspNtNtB7_12depth_sorter11RadixSorterFG_INtB7_37ViewerCreateDepthSorterFactoryContextL0_pEEB1b_ENtNtCs9OCfJ4KTcUD_4core7default7Default7default0B7_
FNDA:0,_RNvMs_Cs3Mcpfj5Jg9n_16wgpu_3dgs_viewerINtB4_6ViewerppE22update_camera_with_podB4_
FNDA:0,_RNvMs_Cs3Mcpfj5Jg9n_16wgpu_3dgs_viewerINtB4_6ViewerppE22update_model_transformB4_
FNDA:0,_RNvMs_Cs3Mcpfj5Jg9n_16wgpu_3dgs_viewerINtB4_6ViewerppE25update_gaussian_transformB4_
FNDA:0,_RNvMs_Cs3Mcpfj5Jg9n_16wgpu_3dgs_viewerINtB4_6ViewerppE31update_model_transform_with_podB4_
FNDA:0,_RNvMs_Cs3Mcpfj5Jg9n_16wgpu_3dgs_viewerINtB4_6ViewerppE34update_gaussian_transform_with_podB4_
FNDA:0,_RNvMs_Cs3Mcpfj5Jg9n_16wgpu_3dgs_viewerINtB4_6ViewerppE6renderB4_
FNDA:0,_RNvXINICs3Mcpfj5Jg9n_16wgpu_3dgs_viewers0_0pEINtB5_19ViewerCreateOptionspNtNtB5_12depth_sorter11RadixSorterFG_INtB5_37ViewerCreateDepthSorterFactoryContextL0_pEEB19_ENtNtCs9OCfJ4KTcUD_4core7default7Default7defaultB5_
FNDA:0,_RINvMCsd1MoTXSmoBL_16wgpu_3dgs_viewerINtB3_6ViewerpE3newpEB3_
FNDA:0,_RINvMs_Csd1MoTXSmoBL_16wgpu_3dgs_viewerINtB5_6ViewerppE13update_camerapEB5_
FNDA:0,_RINvMs_Csd1MoTXSmoBL_16wgpu_3dgs_viewerINtB5_6ViewerppE16new_with_optionspEB5_
FNDA:0,_RNCNvXINICsd1MoTXSmoBL_16wgpu_3dgs_viewers0_0pEINtB7_19ViewerCreateOptionspNtNtB7_12depth_sorter11RadixSorterFG_INtB7_37ViewerCreateDepthSorterFactoryContextL0_pEEB1b_ENtNtCs9OCfJ4KTcUD_4core7default7Default7default0B7_
FNDA:0,_RNvMs_Csd1MoTXSmoBL_16wgpu_3dgs_viewerINtB4_6ViewerppE22update_camera_with_podB4_
FNDA:0,_RNvMs_Csd1MoTXSmoBL_16wgpu_3dgs_viewerINtB4_6ViewerppE22update_model_transformB4_
FNDA:0,_RNvMs_Csd1MoTXSmoBL_16wgpu_3dgs_viewerINtB4_6ViewerppE25update_gaussian_transformB4_
FNDA:0,_RNvMs_Csd1MoTXSmoBL_16wgpu_3dgs_viewerINtB4_6ViewerppE31update_model_transform_with_podB4_
FNDA:0,_RNvMs_Csd1MoTXSmoBL_16wgpu_3dgs_viewerINtB4_6ViewerppE34update_gaussian_transform_with_podB4_
FNDA:0,_RNvMs_Csd1MoTXSmoBL_16wgpu_3dgs_viewerINtB4_6ViewerppE6renderB4_
FNDA:0,_RNvXINICsd1MoTXSmoBL_16wgpu_3dgs_viewers0_0pEINtB5_19ViewerCreateOptionspNtNtB5_12depth_sorter11RadixSorterFG_INtB5_37ViewerCreateDepthSorterFactoryContextL0_pEEB19_ENtNtCs9OCfJ4KTcUD_4core7default7Default7defaultB5_
FNDA:196,_RINvMs_Cs3Mcpfj5Jg9n_16wgpu_3dgs_viewerNtB5_6Viewer13update_cameraNtNtB5_6camera6CameraECsgZsThlafw2d_9selection
FNDA:1,_RINvMs_Cs3Mcpfj5Jg9n_16wgpu_3dgs_viewerNtB5_6Viewer16new_with_optionsNtNtCs4ci6KV7TqoM_14wgpu_3dgs_core8gaussian9GaussiansECsgZsThlafw2d_9selection
FNDA:1,_RNCNvXs0_Cs3Mcpfj5Jg9n_16wgpu_3dgs_viewerINtB7_19ViewerCreateOptionsNtNtNtCs4ci6KV7TqoM_14wgpu_3dgs_core6buffer8gaussian41GaussianPodWithShSingleCov3dSingleConfigsNtNtB7_12depth_sorter11RadixSorterFG_INtB7_37ViewerCreateDepthSorterFactoryContextL0_B14_EEB2B_ENtNtCs9OCfJ4KTcUD_4core7default7Default7default0CsgZsThlafw2d_9selection
FNDA:1,_RNvMs_Cs3Mcpfj5Jg9n_16wgpu_3dgs_viewerNtB4_6Viewer22update_model_transformCsgZsThlafw2d_9selection
FNDA:196,_RNvMs_Cs3Mcpfj5Jg9n_16wgpu_3dgs_viewerNtB4_6Viewer6renderCsgZsThlafw2d_9selection
FNDA:1,_RNvXs0_Cs3Mcpfj5Jg9n_16wgpu_3dgs_viewerINtB5_19ViewerCreateOptionsNtNtNtCs4ci6KV7TqoM_14wgpu_3dgs_core6buffer8gaussian41GaussianPodWithShSingleCov3dSingleConfigsNtNtB5_12depth_sorter11RadixSorterFG_INtB5_37ViewerCreateDepthSorterFactoryContextL0_B12_EEB2z_ENtNtCs9OCfJ4KTcUD_4core7default7Default7defaultCsgZsThlafw2d_9selection
FNDA:0,_RINvMs_Cs3Mcpfj5Jg9n_16wgpu_3dgs_viewerINtB5_6ViewerNtNtNtCs4ci6KV7TqoM_14wgpu_3dgs_core6buffer8gaussian41GaussianPodWithShSingleCov3dSingleConfigsNtNtB5_16lampshade_sorter15LampshadeSorterE13update_cameraNtNtB5_6camera6CameraECsao77I1ua3lb_21simple_with_lampshade
FNDA:0,_RINvMs_Cs3Mcpfj5Jg9n_16wgpu_3dgs_viewerINtB5_6ViewerNtNtNtCs4ci6KV7TqoM_14wgpu_3dgs_core6buffer8gaussian41GaussianPodWithShSingleCov3dSingleConfigsNtNtB5_16lampshade_sorter15LampshadeSorterE16new_with_optionsNtNtBU_8gaussian9GaussiansECsao77I1ua3lb_21simple_with_lampshade
FNDA:0,_RNvMs_Cs3Mcpfj5Jg9n_16wgpu_3dgs_viewerINtB4_6ViewerNtNtNtCs4ci6KV7TqoM_14wgpu_3dgs_core6buffer8gaussian41GaussianPodWithShSingleCov3dSingleConfigsNtNtB4_16lampshade_sorter15LampshadeSorterE22update_model_transformCsao77I1ua3lb_21simple_with_lampshade
FNDA:0,_RNvMs_Cs3Mcpfj5Jg9n_16wgpu_3dgs_viewerINtB4_6ViewerNtNtNtCs4ci6KV7TqoM_14wgpu_3dgs_core6buffer8gaussian41GaussianPodWithShSingleCov3dSingleConfigsNtNtB4_16lampshade_sorter15LampshadeSorterE25update_gaussian_transformCsao77I1ua3lb_21simple_with_lampshade
FNDA:0,_RNvMs_Cs3Mcpfj5Jg9n_16wgpu_3dgs_viewerINtB4_6ViewerNtNtNtCs4ci6KV7TqoM_14wgpu_3dgs_core6buffer8gaussian41GaussianPodWithShSingleCov3dSingleConfigsNtNtB4_16lampshade_sorter15LampshadeSorterE6renderCsao77I1ua3lb_21simple_with_lampshade
FNDA:0,_RINvMCs3Mcpfj5Jg9n_16wgpu_3dgs_viewerNtB3_6Viewer3newNtNtCs4ci6KV7TqoM_14wgpu_3dgs_core8gaussian9GaussiansECs8AxnetaeJ9w_6simple
FNDA:0,_RINvMs_Cs3Mcpfj5Jg9n_16wgpu_3dgs_viewerNtB5_6Viewer13update_cameraNtNtB5_6camera6CameraECs8AxnetaeJ9w_6simple
FNDA:0,_RINvMs_Cs3Mcpfj5Jg9n_16wgpu_3dgs_viewerNtB5_6Viewer16new_with_optionsNtNtCs4ci6KV7TqoM_14wgpu_3dgs_core8gaussian9GaussiansECs8AxnetaeJ9w_6simple
FNDA:0,_RNCNvXs0_Cs3Mcpfj5Jg9n_16wgpu_3dgs_viewerINtB7_19ViewerCreateOptionsNtNtNtCs4ci6KV7TqoM_14wgpu_3dgs_core6buffer8gaussian41GaussianPodWithShSingleCov3dSingleConfigsNtNtB7_12depth_sorter11RadixSorterFG_INtB7_37ViewerCreateDepthSorterFactoryContextL0_B14_EEB2B_ENtNtCs9OCfJ4KTcUD_4core7default7Default7default0Cs8AxnetaeJ9w_6simple
FNDA:0,_RNvMs_Cs3Mcpfj5Jg9n_16wgpu_3dgs_viewerNtB4_6Viewer22update_model_transformCs8AxnetaeJ9w_6simple
FNDA:0,_RNvMs_Cs3Mcpfj5Jg9n_16wgpu_3dgs_viewerNtB4_6Viewer25update_gaussian_transformCs8AxnetaeJ9w_6simple
FNDA:0,_RNvMs_Cs3Mcpfj5Jg9n_16wgpu_3dgs_viewerNtB4_6Viewer6renderCs8AxnetaeJ9w_6simple
FNDA:0,_RNvXs0_Cs3Mcpfj5Jg9n_16wgpu_3dgs_viewerINtB5_19ViewerCreateOptionsNtNtNtCs4ci6KV7TqoM_14wgpu_3dgs_core6buffer8gaussian41GaussianPodWithShSingleCov3dSingleConfigsNtNtB5_12depth_sorter11RadixSorterFG_INtB5_37ViewerCreateDepthSorterFactoryContextL0_B12_EEB2z_ENtNtCs9OCfJ4KTcUD_4core7default7Default7defaultCs8AxnetaeJ9w_6simple
FNF:11
FNH:11
DA:96,8
DA:97,8
DA:98,8
DA:99,8
DA:100,8
DA:101,8
DA:102,8
DA:103,8
DA:104,8
DA:105,8
DA:107,8
DA:112,18
DA:113,18
DA:114,18
DA:115,18
DA:116,18
DA:117,18
DA:118,18
DA:119,18
DA:121,18
DA:122,18
DA:124,18
DA:125,18
DA:127,18
DA:128,18
DA:129,18
DA:131,18
DA:132,18
DA:134,18
DA:135,18
DA:138,18
DA:140,18
DA:141,18
DA:143,18
DA:144,18
DA:147,18
DA:148,18
DA:149,18
DA:153,18
DA:154,18
DA:155,18
DA:158,18
DA:159,18
DA:160,18
DA:161,18
DA:162,18
DA:163,18
DA:164,18
DA:165,18
DA:166,18
DA:167,18
DA:168,18
DA:170,18
DA:172,18
DA:173,0
DA:175,18
DA:176,18
DA:177,18
DA:178,18
DA:179,18
DA:180,18
DA:181,18
DA:182,18
DA:183,18
DA:184,18
DA:185,18
DA:186,18
DA:187,18
DA:188,18
DA:189,18
DA:190,18
DA:191,18
DA:192,18
DA:194,18
DA:197,18
DA:198,18
DA:199,18
DA:200,18
DA:201,18
DA:202,18
DA:203,18
DA:204,18
DA:205,18
DA:206,18
DA:207,18
DA:208,18
DA:209,18
DA:210,18
DA:211,18
DA:212,0
DA:214,18
DA:216,18
DA:217,18
DA:218,18
DA:219,18
DA:220,18
DA:221,18
DA:222,18
DA:223,18
DA:224,18
DA:225,18
DA:226,18
DA:227,18
DA:228,18
DA:229,18
DA:230,18
DA:231,18
DA:232,18
DA:233,18
DA:234,18
DA:237,197
DA:238,197
DA:239,197
DA:240,197
DA:241,197
DA:242,197
DA:243,197
DA:244,197
DA:247,15
DA:248,15
DA:249,15
DA:252,10
DA:253,10
DA:254,10
DA:255,10
DA:256,10
DA:257,10
DA:258,10
DA:259,10
DA:260,10
DA:263,1
DA:264,1
DA:265,1
DA:266,1
DA:267,1
DA:268,1
DA:269,1
DA:272,1
DA:273,1
DA:274,1
DA:275,1
DA:276,1
DA:277,1
DA:278,1
DA:279,1
DA:280,1
DA:281,1
DA:282,1
DA:283,1
DA:284,1
DA:285,1
DA:286,1
DA:287,1
DA:289,1
DA:292,1
DA:293,1
DA:294,1
DA:295,1
DA:296,1
DA:297,1
DA:298,1
DA:301,219
DA:302,219
DA:303,219
DA:305,219
DA:306,219
DA:308,219
DA:309,219
DA:310,219
DA:360,15
DA:362,15
DA:365,15
DA:366,15
DA:367,15
DA:368,15
DA:369,15
DA:370,15
DA:372,15
DA:373,15
DA:375,15
BRF:0
BRH:0
LF:180
LH:178
end_of_record
SF:C:\Users\s2010\Me\Codes\Rust\wgpu-3dgs-viewer\src\multi_model.rs
FN:28,_RINvMNtCs3Mcpfj5Jg9n_16wgpu_3dgs_viewer11multi_modelNtB3_28MultiModelViewerWorldBuffers13update_cameraNtNtB5_6camera6CameraECsugFF6ZPP2O_3mod
FN:236,_RINvMs0_NtCs3Mcpfj5Jg9n_16wgpu_3dgs_viewer11multi_modelNtB6_26MultiModelViewerBindGroups3newNtNtNtCs4ci6KV7TqoM_14wgpu_3dgs_core6buffer8gaussian41GaussianPodWithShSingleCov3dSingleConfigsECsugFF6ZPP2O_3mod
FN:384,_RINvMs2_NtCs3Mcpfj5Jg9n_16wgpu_3dgs_viewer11multi_modelINtB6_16MultiModelViewerNtNtNtCs4ci6KV7TqoM_14wgpu_3dgs_core6buffer8gaussian41GaussianPodWithShSingleCov3dSingleConfigsINtNtB8_12depth_sorter11RadixSorteruEReE12insert_modelINtNtCsckSb6QcKe7J_5alloc3vec3VecNtNtB1l_8gaussian8GaussianEECsugFF6ZPP2O_3mod
FN:429,_RINvMs2_NtCs3Mcpfj5Jg9n_16wgpu_3dgs_viewer11multi_modelINtB6_16MultiModelViewerNtNtNtCs4ci6KV7TqoM_14wgpu_3dgs_core6buffer8gaussian41GaussianPodWithShSingleCov3dSingleConfigsINtNtB8_12depth_sorter11RadixSorteruEReE13update_cameraNtNtB8_6camera6CameraECsugFF6ZPP2O_3mod
FN:397,_RINvMs2_NtCs3Mcpfj5Jg9n_16wgpu_3dgs_viewer11multi_modelINtB6_16MultiModelViewerNtNtNtCs4ci6KV7TqoM_14wgpu_3dgs_core6buffer8gaussian41GaussianPodWithShSingleCov3dSingleConfigsINtNtB8_12depth_sorter11RadixSorteruEReE17insert_model_withINtNtCsckSb6QcKe7J_5alloc3vec3VecNtNtB1l_8gaussian8GaussianEECsugFF6ZPP2O_3mod
FN:94,_RINvMs_NtCs3Mcpfj5Jg9n_16wgpu_3dgs_viewer11multi_modelNtB5_31MultiModelViewerGaussianBuffers8new_withINtNtCsckSb6QcKe7J_5alloc3vec3VecNtNtCs4ci6KV7TqoM_14wgpu_3dgs_core8gaussian8GaussianEECsugFF6ZPP2O_3mod
FN:515,_RNCNvMs2_NtCs3Mcpfj5Jg9n_16wgpu_3dgs_viewer11multi_modelINtB7_16MultiModelViewerNtNtNtCs4ci6KV7TqoM_14wgpu_3dgs_core6buffer8gaussian41GaussianPodWithShSingleCov3dSingleConfigsINtNtB9_12depth_sorter11RadixSorteruEReE6render0CsugFF6ZPP2O_3mod
FN:606,_RNCNvXs3_NtCs3Mcpfj5Jg9n_16wgpu_3dgs_viewer11multi_modelINtB7_29MultiModelViewerCreateOptionsNtNtNtCs4ci6KV7TqoM_14wgpu_3dgs_core6buffer8gaussian41GaussianPodWithShSingleCov3dSingleConfigsINtNtB9_12depth_sorter11RadixSorteruEFG_INtB7_47MultiModelViewerCreateDepthSorterFactoryContextL0_EEB30_ENtNtCs9OCfJ4KTcUD_4core7default7Default7default0CsugFF6ZPP2O_3mod
FN:318,_RNvMs1_NtCs3Mcpfj5Jg9n_16wgpu_3dgs_viewer11multi_modelINtB5_16MultiModelViewerNtNtNtCs4ci6KV7TqoM_14wgpu_3dgs_core6buffer8gaussian41GaussianPodWithShSingleCov3dSingleConfigsINtNtB7_12depth_sorter11RadixSorteruEReE3newCsugFF6ZPP2O_3mod
FN:424,_RNvMs2_NtCs3Mcpfj5Jg9n_16wgpu_3dgs_viewer11multi_modelINtB5_16MultiModelViewerNtNtNtCs4ci6KV7TqoM_14wgpu_3dgs_core6buffer8gaussian41GaussianPodWithShSingleCov3dSingleConfigsINtNtB7_12depth_sorter11RadixSorteruEReE12remove_modelCsugFF6ZPP2O_3mod
FN:338,_RNvMs2_NtCs3Mcpfj5Jg9n_16wgpu_3dgs_viewer11multi_modelINtB5_16MultiModelViewerNtNtNtCs4ci6KV7TqoM_14wgpu_3dgs_core6buffer8gaussian41GaussianPodWithShSingleCov3dSingleConfigsINtNtB7_12depth_sorter11RadixSorteruEReE16new_with_optionsCsugFF6ZPP2O_3mod
FN:440,_RNvMs2_NtCs3Mcpfj5Jg9n_16wgpu_3dgs_viewer11multi_modelINtB5_16MultiModelViewerNtNtNtCs4ci6KV7TqoM_14wgpu_3dgs_core6buffer8gaussian41GaussianPodWithShSingleCov3dSingleConfigsINtNtB7_12depth_sorter11RadixSorteruEReE22update_camera_with_podCsugFF6ZPP2O_3mod
FN:445,_RNvMs2_NtCs3Mcpfj5Jg9n_16wgpu_3dgs_viewer11multi_modelINtB5_16MultiModelViewerNtNtNtCs4ci6KV7TqoM_14wgpu_3dgs_core6buffer8gaussian41GaussianPodWithShSingleCov3dSingleConfigsINtNtB7_12depth_sorter11RadixSorteruEReE22update_model_transformCsugFF6ZPP2O_3mod
FN:477,_RNvMs2_NtCs3Mcpfj5Jg9n_16wgpu_3dgs_viewer11multi_modelINtB5_16MultiModelViewerNtNtNtCs4ci6KV7TqoM_14wgpu_3dgs_core6buffer8gaussian41GaussianPodWithShSingleCov3dSingleConfigsINtNtB7_12depth_sorter11RadixSorteruEReE25update_gaussian_transformCsugFF6ZPP2O_3mod
FN:462,_RNvMs2_NtCs3Mcpfj5Jg9n_16wgpu_3dgs_viewer11multi_modelINtB5_16MultiModelViewerNtNtNtCs4ci6KV7TqoM_14wgpu_3dgs_core6buffer8gaussian41GaussianPodWithShSingleCov3dSingleConfigsINtNtB7_12depth_sorter11RadixSorteruEReE31update_model_transform_with_podCsugFF6ZPP2O_3mod
FN:497,_RNvMs2_NtCs3Mcpfj5Jg9n_16wgpu_3dgs_viewer11multi_modelINtB5_16MultiModelViewerNtNtNtCs4ci6KV7TqoM_14wgpu_3dgs_core6buffer8gaussian41GaussianPodWithShSingleCov3dSingleConfigsINtNtB7_12depth_sorter11RadixSorteruEReE34update_gaussian_transform_with_podCsugFF6ZPP2O_3mod
FN:507,_RNvMs2_NtCs3Mcpfj5Jg9n_16wgpu_3dgs_viewer11multi_modelINtB5_16MultiModelViewerNtNtNtCs4ci6KV7TqoM_14wgpu_3dgs_core6buffer8gaussian41GaussianPodWithShSingleCov3dSingleConfigsINtNtB7_12depth_sorter11RadixSorteruEReE6renderCsugFF6ZPP2O_3mod
FN:153,_RNvMs_NtCs3Mcpfj5Jg9n_16wgpu_3dgs_viewer11multi_modelNtB4_31MultiModelViewerGaussianBuffers14new_empty_withCsugFF6ZPP2O_3mod
FN:204,_RNvMs_NtCs3Mcpfj5Jg9n_16wgpu_3dgs_viewer11multi_modelNtB4_31MultiModelViewerGaussianBuffers22update_model_transformCsugFF6ZPP2O_3mod
FN:215,_RNvMs_NtCs3Mcpfj5Jg9n_16wgpu_3dgs_viewer11multi_modelNtB4_31MultiModelViewerGaussianBuffers31update_model_transform_with_podCsugFF6ZPP2O_3mod
FN:148,_RNvMs_NtCs3Mcpfj5Jg9n_16wgpu_3dgs_viewer11multi_modelNtB4_31MultiModelViewerGaussianBuffers9new_emptyCsugFF6ZPP2O_3mod
FN:600,_RNvXs3_NtCs3Mcpfj5Jg9n_16wgpu_3dgs_viewer11multi_modelINtB5_29MultiModelViewerCreateOptionsNtNtNtCs4ci6KV7TqoM_14wgpu_3dgs_core6buffer8gaussian41GaussianPodWithShSingleCov3dSingleConfigsINtNtB7_12depth_sorter11RadixSorteruEFG_INtB5_47MultiModelViewerCreateDepthSorterFactoryContextL0_EEB2Y_ENtNtCs9OCfJ4KTcUD_4core7default7Default7defaultCsugFF6ZPP2O_3mod
FN:38,_RNvMNtCs3Mcpfj5Jg9n_16wgpu_3dgs_viewer11multi_modelNtB2_28MultiModelViewerWorldBuffers22update_camera_with_pod
FN:43,_RNvMNtCs3Mcpfj5Jg9n_16wgpu_3dgs_viewer11multi_modelNtB2_28MultiModelViewerWorldBuffers25update_gaussian_transform
FN:63,_RNvMNtCs3Mcpfj5Jg9n_16wgpu_3dgs_viewer11multi_modelNtB2_28MultiModelViewerWorldBuffers34update_gaussian_transform_with_pod
FN:14,_RNvMNtCs3Mcpfj5Jg9n_16wgpu_3dgs_viewer11multi_modelNtB2_28MultiModelViewerWorldBuffers3new
FN:28,_RINvMNtCs3Mcpfj5Jg9n_16wgpu_3dgs_viewer11multi_modelNtB3_28MultiModelViewerWorldBuffers13update_camerapEB5_
FN:236,_RINvMs0_NtCs3Mcpfj5Jg9n_16wgpu_3dgs_viewer11multi_modelINtB6_26MultiModelViewerBindGroupspE3newpEB8_
FN:384,_RINvMs2_NtCs3Mcpfj5Jg9n_16wgpu_3dgs_viewer11multi_modelINtB6_16MultiModelViewerpppE12insert_modelpEB8_
FN:429,_RINvMs2_NtCs3Mcpfj5Jg9n_16wgpu_3dgs_viewer11multi_modelINtB6_16MultiModelViewerpppE13update_camerapEB8_
FN:397,_RINvMs2_NtCs3Mcpfj5Jg9n_16wgpu_3dgs_viewer11multi_modelINtB6_16MultiModelViewerpppE17insert_model_withpEB8_
FN:89,_RINvMs_NtCs3Mcpfj5Jg9n_16wgpu_3dgs_viewer11multi_modelINtB5_31MultiModelViewerGaussianBufferspE3newpEB7_
FN:94,_RINvMs_NtCs3Mcpfj5Jg9n_16wgpu_3dgs_viewer11multi_modelINtB5_31MultiModelViewerGaussianBufferspE8new_withpEB7_
FN:515,_RNCNvMs2_NtCs3Mcpfj5Jg9n_16wgpu_3dgs_viewer11multi_modelINtB7_16MultiModelViewerpppE6render0B9_
FN:606,_RNCNvXININtCs3Mcpfj5Jg9n_16wgpu_3dgs_viewer11multi_models3_0pEINtB7_29MultiModelViewerCreateOptionspINtNtB9_12depth_sorter11RadixSorteruEFG_INtB7_47MultiModelViewerCreateDepthSorterFactoryContextL0_EEB1A_ENtNtCs9OCfJ4KTcUD_4core7default7Default7default0B9_
FN:318,_RNvMs1_NtCs3Mcpfj5Jg9n_16wgpu_3dgs_viewer11multi_modelINtB5_16MultiModelViewerpINtNtB7_12depth_sorter11RadixSorteruEpE3newB7_
FN:424,_RNvMs2_NtCs3Mcpfj5Jg9n_16wgpu_3dgs_viewer11multi_modelINtB5_16MultiModelViewerpppE12remove_modelB7_
FN:338,_RNvMs2_NtCs3Mcpfj5Jg9n_16wgpu_3dgs_viewer11multi_modelINtB5_16MultiModelViewerpppE16new_with_optionsB7_
FN:440,_RNvMs2_NtCs3Mcpfj5Jg9n_16wgpu_3dgs_viewer11multi_modelINtB5_16MultiModelViewerpppE22update_camera_with_podB7_
FN:445,_RNvMs2_NtCs3Mcpfj5Jg9n_16wgpu_3dgs_viewer11multi_modelINtB5_16MultiModelViewerpppE22update_model_transformB7_
FN:477,_RNvMs2_NtCs3Mcpfj5Jg9n_16wgpu_3dgs_viewer11multi_modelINtB5_16MultiModelViewerpppE25update_gaussian_transformB7_
FN:462,_RNvMs2_NtCs3Mcpfj5Jg9n_16wgpu_3dgs_viewer11multi_modelINtB5_16MultiModelViewerpppE31update_model_transform_with_podB7_
FN:497,_RNvMs2_NtCs3Mcpfj5Jg9n_16wgpu_3dgs_viewer11multi_modelINtB5_16MultiModelViewerpppE34update_gaussian_transform_with_podB7_
FN:507,_RNvMs2_NtCs3Mcpfj5Jg9n_16wgpu_3dgs_viewer11multi_modelINtB5_16MultiModelViewerpppE6renderB7_
FN:153,_RNvMs_NtCs3Mcpfj5Jg9n_16wgpu_3dgs_viewer11multi_modelINtB4_31MultiModelViewerGaussianBufferspE14new_empty_withB6_
FN:204,_RNvMs_NtCs3Mcpfj5Jg9n_16wgpu_3dgs_viewer11multi_modelINtB4_31MultiModelViewerGaussianBufferspE22update_model_transformB6_
FN:215,_RNvMs_NtCs3Mcpfj5Jg9n_16wgpu_3dgs_viewer11multi_modelINtB4_31MultiModelViewerGaussianBufferspE31update_model_transform_with_podB6_
FN:148,_RNvMs_NtCs3Mcpfj5Jg9n_16wgpu_3dgs_viewer11multi_modelINtB4_31MultiModelViewerGaussianBufferspE9new_emptyB6_
FN:600,_RNvXININtCs3Mcpfj5Jg9n_16wgpu_3dgs_viewer11multi_models3_0pEINtB5_29MultiModelViewerCreateOptionspINtNtB7_12depth_sorter11RadixSorteruEFG_INtB5_47MultiModelViewerCreateDepthSorterFactoryContextL0_EEB1y_ENtNtCs9OCfJ4KTcUD_4core7default7Default7defaultB7_
FN:28,_RINvMNtCsd1MoTXSmoBL_16wgpu_3dgs_viewer11multi_modelNtB3_28MultiModelViewerWorldBuffers13update_camerapEB5_
FN:236,_RINvMs0_NtCsd1MoTXSmoBL_16wgpu_3dgs_viewer11multi_modelINtB6_26MultiModelViewerBindGroupspE3newpEB8_
FN:384,_RINvMs2_NtCsd1MoTXSmoBL_16wgpu_3dgs_viewer11multi_modelINtB6_16MultiModelViewerpppE12insert_modelpEB8_
FN:429,_RINvMs2_NtCsd1MoTXSmoBL_16wgpu_3dgs_viewer11multi_modelINtB6_16MultiModelViewerpppE13update_camerapEB8_
FN:397,_RINvMs2_NtCsd1MoTXSmoBL_16wgpu_3dgs_viewer11multi_modelINtB6_16MultiModelViewerpppE17insert_model_withpEB8_
FN:89,_RINvMs_NtCsd1MoTXSmoBL_16wgpu_3dgs_viewer11multi_modelINtB5_31MultiModelViewerGaussianBufferspE3newpEB7_
FN:94,_RINvMs_NtCsd1MoTXSmoBL_16wgpu_3dgs_viewer11multi_modelINtB5_31MultiModelViewerGaussianBufferspE8new_withpEB7_
FN:515,_RNCNvMs2_NtCsd1MoTXSmoBL_16wgpu_3dgs_viewer11multi_modelINtB7_16MultiModelViewerpppE6render0B9_
FN:606,_RNCNvXININtCsd1MoTXSmoBL_16wgpu_3dgs_viewer11multi_models3_0pEINtB7_29MultiModelViewerCreateOptionspINtNtB9_12depth_sorter11RadixSorteruEFG_INtB7_47MultiModelViewerCreateDepthSorterFactoryContextL0_EEB1A_ENtNtCs9OCfJ4KTcUD_4core7default7Default7default0B9_
FN:38,_RNvMNtCsd1MoTXSmoBL_16wgpu_3dgs_viewer11multi_modelNtB2_28MultiModelViewerWorldBuffers22update_camera_with_pod
FN:43,_RNvMNtCsd1MoTXSmoBL_16wgpu_3dgs_viewer11multi_modelNtB2_28MultiModelViewerWorldBuffers25update_gaussian_transform
[...]
FNDA:0,_RNvXsc_NtNtCsd1MoTXSmoBL_16wgpu_3dgs_viewer9selection6bufferNtB5_33PreprocessorInvertSelectionBufferINtNtCs9OCfJ4KTcUD_4core7convert7TryFromNtNtNtCslUPZSKK4PRh_4wgpu3api6buffer6BufferE8try_from
FNF:21
FNH:21
DA:16,11
DA:17,11
DA:18,11
DA:19,11
DA:20,11
DA:21,11
DA:22,11
DA:23,11
DA:24,11
DA:25,11
DA:26,11
DA:27,11
DA:28,11
DA:29,11
DA:30,11
DA:32,11
DA:34,11
DA:35,11
DA:38,23
DA:39,23
DA:40,23
DA:43,21
DA:44,21
DA:45,21
DA:57,15
DA:58,15
DA:59,15
DA:60,15
DA:61,15
DA:62,15
DA:63,15
DA:65,15
DA:66,15
DA:69,22
DA:70,22
DA:71,22
DA:75,34
DA:76,34
DA:77,34
DA:81,1
DA:82,1
DA:83,1
DA:89,2
DA:90,2
DA:91,2
DA:106,8
DA:107,8
DA:108,8
DA:109,8
DA:110,8
DA:111,8
DA:112,8
DA:114,8
DA:115,8
DA:118,9
DA:119,9
DA:120,9
DA:124,13
DA:125,13
DA:126,13
DA:130,1
DA:131,1
DA:132,1
DA:138,2
DA:139,2
DA:140,2
DA:157,36
DA:158,36
DA:159,36
DA:160,36
DA:161,36
DA:162,36
DA:164,36
DA:165,36
DA:168,2
DA:169,2
DA:170,2
DA:171,2
DA:175,42
DA:176,42
DA:177,42
DA:181,1
DA:182,1
DA:183,1
DA:189,2
DA:190,2
DA:191,2
BRF:0
BRH:0
LF:90
LH:90
end_of_record
SF:C:\Users\s2010\Me\Codes\Rust\wgpu-3dgs-viewer\src\selection\viewport.rs
FN:41,_RINvNtNtCs3Mcpfj5Jg9n_16wgpu_3dgs_viewer9selection8viewport22create_viewport_bundleNtNtNtCs4ci6KV7TqoM_14wgpu_3dgs_core6buffer8gaussian41GaussianPodWithShSingleCov3dSingleConfigsECsugFF6ZPP2O_3mod
FN:41,_RINvNtNtCs3Mcpfj5Jg9n_16wgpu_3dgs_viewer9selection8viewport22create_viewport_bundlepEB6_
FN:41,_RINvNtNtCsd1MoTXSmoBL_16wgpu_3dgs_viewer9selection8viewport22create_viewport_bundlepEB6_
FN:41,_RINvNtNtCs3Mcpfj5Jg9n_16wgpu_3dgs_viewer9selection8viewport22create_viewport_bundleNtNtNtCs4ci6KV7TqoM_14wgpu_3dgs_core6buffer8gaussian41GaussianPodWithShSingleCov3dSingleConfigsECsgZsThlafw2d_9selection
FNDA:6,_RINvNtNtCs3Mcpfj5Jg9n_16wgpu_3dgs_viewer9selection8viewport22create_viewport_bundleNtNtNtCs4ci6KV7TqoM_14wgpu_3dgs_core6buffer8gaussian41GaussianPodWithShSingleCov3dSingleConfigsECsugFF6ZPP2O_3mod
FNDA:0,_RINvNtNtCs3Mcpfj5Jg9n_16wgpu_3dgs_viewer9selection8viewport22create_viewport_bundlepEB6_
FNDA:0,_RINvNtNtCsd1MoTXSmoBL_16wgpu_3dgs_viewer9selection8viewport22create_viewport_bundlepEB6_
FNDA:1,_RINvNtNtCs3Mcpfj5Jg9n_16wgpu_3dgs_viewer9selection8viewport22create_viewport_bundleNtNtNtCs4ci6KV7TqoM_14wgpu_3dgs_core6buffer8gaussian41GaussianPodWithShSingleCov3dSingleConfigsECsgZsThlafw2d_9selection
FNF:1
FNH:1
DA:41,7
DA:42,7
DA:43,7
DA:44,7
DA:46,7
DA:47,7
DA:48,7
DA:49,7
DA:50,7
DA:51,7
DA:52,7
DA:53,7
DA:54,7
DA:55,7
DA:57,7
DA:58,7
DA:59,7
DA:60,7
DA:61,7
DA:62,7
DA:63,7
DA:64,7
DA:65,7
BRF:0
BRH:0
LF:23
LH:23
end_of_record
SF:C:\Users\s2010\Me\Codes\Rust\wgpu-3dgs-viewer\src\selection\viewport_selector.rs
FN:311,_RNvMNtNtCs3Mcpfj5Jg9n_16wgpu_3dgs_viewer9selection17viewport_selectorNtB2_16ViewportSelector16set_brush_radius
FN:206,_RNvMNtNtCs3Mcpfj5Jg9n_16wgpu_3dgs_viewer9selection17viewport_selectorNtB2_16ViewportSelector3new
FN:277,_RNvMNtNtCs3Mcpfj5Jg9n_16wgpu_3dgs_viewer9selection17viewport_selectorNtB2_16ViewportSelector5clear
FN:252,_RNvMNtNtCs3Mcpfj5Jg9n_16wgpu_3dgs_viewer9selection17viewport_selectorNtB2_16ViewportSelector5start
FN:294,_RNvMNtNtCs3Mcpfj5Jg9n_16wgpu_3dgs_viewer9selection17viewport_selectorNtB2_16ViewportSelector6render
FN:319,_RNvMNtNtCs3Mcpfj5Jg9n_16wgpu_3dgs_viewer9selection17viewport_selectorNtB2_16ViewportSelector6resize
FN:260,_RNvMNtNtCs3Mcpfj5Jg9n_16wgpu_3dgs_viewer9selection17viewport_selectorNtB2_16ViewportSelector6update
FN:306,_RNvMNtNtCs3Mcpfj5Jg9n_16wgpu_3dgs_viewer9selection17viewport_selectorNtB2_16ViewportSelector7texture
FN:311,_RNvMNtNtCsd1MoTXSmoBL_16wgpu_3dgs_viewer9selection17viewport_selectorNtB2_16ViewportSelector16set_brush_radius
FN:206,_RNvMNtNtCsd1MoTXSmoBL_16wgpu_3dgs_viewer9selection17viewport_selectorNtB2_16ViewportSelector3new
FN:277,_RNvMNtNtCsd1MoTXSmoBL_16wgpu_3dgs_viewer9selection17viewport_selectorNtB2_16ViewportSelector5clear
FN:252,_RNvMNtNtCsd1MoTXSmoBL_16wgpu_3dgs_viewer9selection17viewport_selectorNtB2_16ViewportSelector5start
FN:294,_RNvMNtNtCsd1MoTXSmoBL_16wgpu_3dgs_viewer9selection17viewport_selectorNtB2_16ViewportSelector6render
FN:319,_RNvMNtNtCsd1MoTXSmoBL_16wgpu_3dgs_viewer9selection17viewport_selectorNtB2_16ViewportSelector6resize
FN:260,_RNvMNtNtCsd1MoTXSmoBL_16wgpu_3dgs_viewer9selection17viewport_selectorNtB2_16ViewportSelector6update
FN:306,_RNvMNtNtCsd1MoTXSmoBL_16wgpu_3dgs_viewer9selection17viewport_selectorNtB2_16ViewportSelector7texture
FNDA:1,_RNvMNtNtCs3Mcpfj5Jg9n_16wgpu_3dgs_viewer9selection17viewport_selectorNtB2_16ViewportSelector16set_brush_radius
FNDA:7,_RNvMNtNtCs3Mcpfj5Jg9n_16wgpu_3dgs_viewer9selection17viewport_selectorNtB2_16ViewportSelector3new
FNDA:1,_RNvMNtNtCs3Mcpfj5Jg9n_16wgpu_3dgs_viewer9selection17viewport_selectorNtB2_16ViewportSelector5clear
FNDA:6,_RNvMNtNtCs3Mcpfj5Jg9n_16wgpu_3dgs_viewer9selection17viewport_selectorNtB2_16ViewportSelector5start
FNDA:6,_RNvMNtNtCs3Mcpfj5Jg9n_16wgpu_3dgs_viewer9selection17viewport_selectorNtB2_16ViewportSelector6render
FNDA:3,_RNvMNtNtCs3Mcpfj5Jg9n_16wgpu_3dgs_viewer9selection17viewport_selectorNtB2_16ViewportSelector6resize
FNDA:6,_RNvMNtNtCs3Mcpfj5Jg9n_16wgpu_3dgs_viewer9selection17viewport_selectorNtB2_16ViewportSelector6update
FNDA:14,_RNvMNtNtCs3Mcpfj5Jg9n_16wgpu_3dgs_viewer9selection17viewport_selectorNtB2_16ViewportSelector7texture
FNDA:0,_RNvMNtNtCsd1MoTXSmoBL_16wgpu_3dgs_viewer9selection17viewport_selectorNtB2_16ViewportSelector16set_brush_radius
FNDA:0,_RNvMNtNtCsd1MoTXSmoBL_16wgpu_3dgs_viewer9selection17viewport_selectorNtB2_16ViewportSelector3new
FNDA:0,_RNvMNtNtCsd1MoTXSmoBL_16wgpu_3dgs_viewer9selection17viewport_selectorNtB2_16ViewportSelector5clear
FNDA:0,_RNvMNtNtCsd1MoTXSmoBL_16wgpu_3dgs_viewer9selection17viewport_selectorNtB2_16ViewportSelector5start
FNDA:0,_RNvMNtNtCsd1MoTXSmoBL_16wgpu_3dgs_viewer9selection17viewport_selectorNtB2_16ViewportSelector6render
FNDA:0,_RNvMNtNtCsd1MoTXSmoBL_16wgpu_3dgs_viewer9selection17viewport_selectorNtB2_16ViewportSelector6resize
FNDA:0,_RNvMNtNtCsd1MoTXSmoBL_16wgpu_3dgs_viewer9selection17viewport_selectorNtB2_16ViewportSelector6update
FNDA:0,_RNvMNtNtCsd1MoTXSmoBL_16wgpu_3dgs_viewer9selection17viewport_selectorNtB2_16ViewportSelector7texture
FNF:8
FNH:8
DA:206,7
DA:207,7
DA:208,7
DA:209,7
DA:210,7
DA:211,7
DA:212,7
DA:213,7
DA:214,7
DA:215,7
DA:216,7
DA:217,7
DA:218,7
DA:219,7
DA:220,7
DA:221,7
DA:222,7
DA:223,0
DA:224,7
DA:225,7
DA:226,7
DA:227,7
DA:228,7
DA:229,7
DA:230,7
DA:231,0
DA:233,7
DA:234,7
DA:235,7
DA:236,7
DA:237,7
DA:238,7
DA:239,7
DA:240,7
DA:241,7
DA:242,7
DA:243,7
DA:244,7
DA:245,7
DA:246,7
DA:247,7
DA:248,7
DA:249,7
DA:252,6
DA:253,6
DA:254,6
DA:255,6
DA:256,6
DA:257,6
DA:260,6
DA:261,6
DA:262,3
DA:263,3
DA:264,3
DA:265,3
DA:266,3
DA:267,3
DA:268,3
DA:269,3
DA:270,3
DA:271,3
DA:272,3
DA:274,6
DA:277,1
DA:278,1
DA:279,1
DA:280,1
DA:281,1
DA:282,1
DA:283,1
DA:284,1
DA:285,1
DA:286,1
DA:287,1
DA:288,1
DA:289,1
DA:290,1
DA:291,1
DA:294,6
DA:295,6
DA:296,3
DA:297,3
DA:298,3
DA:300,3
DA:303,6
DA:306,14
DA:307,14
DA:308,14
DA:311,1
DA:312,1
DA:313,1
DA:314,1
DA:319,3
DA:320,3
DA:321,3
BRF:0
BRH:0
LF:95
LH:93
end_of_record
SF:C:\Users\s2010\Me\Codes\Rust\wgpu-3dgs-viewer\src\selection\viewport_texture_brush.rs
FN:277,_RNvMs0_NtNtCs3Mcpfj5Jg9n_16wgpu_3dgs_viewer9selection22viewport_texture_brushINtB5_28ViewportTextureBrushRendereruE16render_with_pass
FN:184,_RNvMs0_NtNtCs3Mcpfj5Jg9n_16wgpu_3dgs_viewer9selection22viewport_texture_brushINtB5_28ViewportTextureBrushRendereruE22new_without_bind_group
FN:253,_RNvMs0_NtNtCs3Mcpfj5Jg9n_16wgpu_3dgs_viewer9selection22viewport_texture_brushINtB5_28ViewportTextureBrushRendereruE6render
FN:135,_RNvMs_NtNtCs3Mcpfj5Jg9n_16wgpu_3dgs_viewer9selection22viewport_texture_brushNtB4_28ViewportTextureBrushRenderer16render_with_pass
FN:142,_RNvMs_NtNtCs3Mcpfj5Jg9n_16wgpu_3dgs_viewer9selection22viewport_texture_brushNtB4_28ViewportTextureBrushRenderer24create_bind_group_static
FN:95,_RNvMs_NtNtCs3Mcpfj5Jg9n_16wgpu_3dgs_viewer9selection22viewport_texture_brushNtB4_28ViewportTextureBrushRenderer3new
FN:116,_RNvMs_NtNtCs3Mcpfj5Jg9n_16wgpu_3dgs_viewer9selection22viewport_texture_brushNtB4_28ViewportTextureBrushRenderer6render
FN:22,_RNvMNtNtCs3Mcpfj5Jg9n_16wgpu_3dgs_viewer9selection22viewport_texture_brushINtB2_28ViewportTextureBrushRendereruE17create_bind_groupB6_
FN:22,_RNvMNtNtCsd1MoTXSmoBL_16wgpu_3dgs_viewer9selection22viewport_texture_brushINtB2_28ViewportTextureBrushRendererpE17create_bind_groupB6_
FN:277,_RNvMs0_NtNtCsd1MoTXSmoBL_16wgpu_3dgs_viewer9selection22viewport_texture_brushINtB5_28ViewportTextureBrushRendereruE16render_with_pass
FN:184,_RNvMs0_NtNtCsd1MoTXSmoBL_16wgpu_3dgs_viewer9selection22viewport_texture_brushINtB5_28ViewportTextureBrushRendereruE22new_without_bind_group
FN:253,_RNvMs0_NtNtCsd1MoTXSmoBL_16wgpu_3dgs_viewer9selection22viewport_texture_brushINtB5_28ViewportTextureBrushRendereruE6render
FN:135,_RNvMs_NtNtCsd1MoTXSmoBL_16wgpu_3dgs_viewer9selection22viewport_texture_brushNtB4_28ViewportTextureBrushRenderer16render_with_pass
FN:142,_RNvMs_NtNtCsd1MoTXSmoBL_16wgpu_3dgs_viewer9selection22viewport_texture_brushNtB4_28ViewportTextureBrushRenderer24create_bind_group_static
FN:95,_RNvMs_NtNtCsd1MoTXSmoBL_16wgpu_3dgs_viewer9selection22viewport_texture_brushNtB4_28ViewportTextureBrushRenderer3new
FN:116,_RNvMs_NtNtCsd1MoTXSmoBL_16wgpu_3dgs_viewer9selection22viewport_texture_brushNtB4_28ViewportTextureBrushRenderer6render
FNDA:0,_RNvMs0_NtNtCs3Mcpfj5Jg9n_16wgpu_3dgs_viewer9selection22viewport_texture_brushINtB5_28ViewportTextureBrushRendereruE16render_with_pass
FNDA:7,_RNvMs0_NtNtCs3Mcpfj5Jg9n_16wgpu_3dgs_viewer9selection22viewport_texture_brushINtB5_28ViewportTextureBrushRendereruE22new_without_bind_group
FNDA:0,_RNvMs0_NtNtCs3Mcpfj5Jg9n_16wgpu_3dgs_viewer9selection22viewport_texture_brushINtB5_28ViewportTextureBrushRendereruE6render
FNDA:3,_RNvMs_NtNtCs3Mcpfj5Jg9n_16wgpu_3dgs_viewer9selection22viewport_texture_brushNtB4_28ViewportTextureBrushRenderer16render_with_pass
FNDA:7,_RNvMs_NtNtCs3Mcpfj5Jg9n_16wgpu_3dgs_viewer9selection22viewport_texture_brushNtB4_28ViewportTextureBrushRenderer24create_bind_group_static
FNDA:7,_RNvMs_NtNtCs3Mcpfj5Jg9n_16wgpu_3dgs_viewer9selection22viewport_texture_brushNtB4_28ViewportTextureBrushRenderer3new
FNDA:3,_RNvMs_NtNtCs3Mcpfj5Jg9n_16wgpu_3dgs_viewer9selection22viewport_texture_brushNtB4_28ViewportTextureBrushRenderer6render
FNDA:7,_RNvMNtNtCs3Mcpfj5Jg9n_16wgpu_3dgs_viewer9selection22viewport_texture_brushINtB2_28ViewportTextureBrushRendereruE17create_bind_groupB6_
FNDA:0,_RNvMNtNtCsd1MoTXSmoBL_16wgpu_3dgs_viewer9selection22viewport_texture_brushINtB2_28ViewportTextureBrushRendererpE17create_bind_groupB6_
FNDA:0,_RNvMs0_NtNtCsd1MoTXSmoBL_16wgpu_3dgs_viewer9selection22viewport_texture_brushINtB5_28ViewportTextureBrushRendereruE16render_with_pass
FNDA:0,_RNvMs0_NtNtCsd1MoTXSmoBL_16wgpu_3dgs_viewer9selection22viewport_texture_brushINtB5_28ViewportTextureBrushRendereruE22new_without_bind_group
FNDA:0,_RNvMs0_NtNtCsd1MoTXSmoBL_16wgpu_3dgs_viewer9selection22viewport_texture_brushINtB5_28ViewportTextureBrushRendereruE6render
FNDA:0,_RNvMs_NtNtCsd1MoTXSmoBL_16wgpu_3dgs_viewer9selection22viewport_texture_brushNtB4_28ViewportTextureBrushRenderer16render_with_pass
FNDA:0,_RNvMs_NtNtCsd1MoTXSmoBL_16wgpu_3dgs_viewer9selection22viewport_texture_brushNtB4_28ViewportTextureBrushRenderer24create_bind_group_static
FNDA:0,_RNvMs_NtNtCsd1MoTXSmoBL_16wgpu_3dgs_viewer9selection22viewport_texture_brushNtB4_28ViewportTextureBrushRenderer3new
FNDA:0,_RNvMs_NtNtCsd1MoTXSmoBL_16wgpu_3dgs_viewer9selection22viewport_texture_brushNtB4_28ViewportTextureBrushRenderer6render
FNF:8
FNH:6
DA:22,7
DA:23,7
DA:24,7
DA:25,7
DA:26,7
DA:27,7
DA:28,7
DA:29,7
DA:30,7
DA:31,7
DA:32,7
DA:33,7
DA:34,7
DA:35,7
DA:36,7
DA:38,7
DA:95,7
DA:96,7
DA:97,7
DA:98,7
DA:99,7
DA:100,7
DA:101,7
DA:102,7
DA:103,7
DA:105,7
DA:106,7
DA:108,7
DA:109,7
DA:110,7
DA:111,7
DA:112,7
DA:113,7
DA:116,3
DA:117,3
DA:118,3
DA:119,3
DA:120,3
DA:121,3
DA:122,3
DA:123,3
DA:124,3
DA:125,3
DA:126,3
DA:127,3
DA:128,3
DA:129,3
DA:131,3
DA:132,3
DA:135,3
DA:136,3
DA:137,3
DA:138,3
DA:139,3
DA:142,7
DA:143,7
DA:144,7
DA:145,7
DA:146,7
DA:147,7
DA:148,7
DA:149,7
DA:150,7
DA:151,7
DA:152,7
DA:153,7
DA:154,7
DA:155,7
DA:156,7
DA:157,7
DA:158,7
DA:159,7
DA:160,7
DA:161,7
DA:162,7
DA:163,7
DA:164,7
DA:165,7
DA:166,7
DA:167,7
DA:168,7
DA:169,7
DA:170,7
DA:171,7
DA:172,7
DA:173,7
DA:174,7
DA:175,7
DA:176,7
DA:184,7
DA:185,7
DA:186,7
DA:187,7
DA:188,7
DA:189,7
DA:190,7
DA:192,7
DA:193,7
DA:194,7
DA:195,7
DA:196,7
DA:197,7
DA:199,7
DA:200,7
DA:201,7
DA:203,7
DA:204,7
DA:205,7
DA:206,7
DA:207,7
DA:208,7
DA:209,7
DA:210,0
DA:211,7
DA:212,7
DA:216,7
DA:217,7
DA:218,7
DA:219,7
DA:220,7
DA:221,7
DA:222,7
DA:223,7
DA:224,7
DA:225,7
DA:226,7
DA:227,7
DA:228,7
DA:229,7
DA:230,7
DA:231,7
DA:232,7
DA:233,7
DA:234,7
DA:235,7
DA:236,7
DA:237,7
DA:238,7
DA:239,7
DA:240,7
DA:241,7
DA:243,7
DA:245,7
DA:246,7
DA:247,7
DA:248,7
DA:249,7
DA:250,7
DA:253,0
DA:254,0
DA:255,0
DA:256,0
DA:257,0
DA:258,0
DA:259,0
DA:260,0
DA:261,0
DA:262,0
DA:263,0
DA:264,0
DA:265,0
DA:266,0
DA:267,0
DA:268,0
DA:269,0
DA:270,0
DA:271,0
DA:273,0
DA:274,0
DA:277,0
DA:278,0
DA:279,0
DA:280,0
DA:281,0
BRF:0
BRH:0
LF:174
LH:147
end_of_record
SF:C:\Users\s2010\Me\Codes\Rust\wgpu-3dgs-viewer\src\selection\viewport_texture_rectangle.rs
FN:258,_RNvMs0_NtNtCs3Mcpfj5Jg9n_16wgpu_3dgs_viewer9selection26viewport_texture_rectangleINtB5_32ViewportTextureRectangleRendereruE16render_with_pass
FN:164,_RNvMs0_NtNtCs3Mcpfj5Jg9n_16wgpu_3dgs_viewer9selection26viewport_texture_rectangleINtB5_32ViewportTextureRectangleRendereruE22new_without_bind_group
FN:234,_RNvMs0_NtNtCs3Mcpfj5Jg9n_16wgpu_3dgs_viewer9selection26viewport_texture_rectangleINtB5_32ViewportTextureRectangleRendereruE6render
FN:121,_RNvMs_NtNtCs3Mcpfj5Jg9n_16wgpu_3dgs_viewer9selection26viewport_texture_rectangleNtB4_32ViewportTextureRectangleRenderer16render_with_pass
FN:128,_RNvMs_NtNtCs3Mcpfj5Jg9n_16wgpu_3dgs_viewer9selection26viewport_texture_rectangleNtB4_32ViewportTextureRectangleRenderer24create_bind_group_static
FN:82,_RNvMs_NtNtCs3Mcpfj5Jg9n_16wgpu_3dgs_viewer9selection26viewport_texture_rectangleNtB4_32ViewportTextureRectangleRenderer3new
FN:102,_RNvMs_NtNtCs3Mcpfj5Jg9n_16wgpu_3dgs_viewer9selection26viewport_texture_rectangleNtB4_32ViewportTextureRectangleRenderer6render
FN:22,_RNvMNtNtCs3Mcpfj5Jg9n_16wgpu_3dgs_viewer9selection26viewport_texture_rectangleINtB2_32ViewportTextureRectangleRendereruE17create_bind_groupB6_
FN:22,_RNvMNtNtCsd1MoTXSmoBL_16wgpu_3dgs_viewer9selection26viewport_texture_rectangleINtB2_32ViewportTextureRectangleRendererpE17create_bind_groupB6_
FN:258,_RNvMs0_NtNtCsd1MoTXSmoBL_16wgpu_3dgs_viewer9selection26viewport_texture_rectangleINtB5_32ViewportTextureRectangleRendereruE16render_with_pass
FN:164,_RNvMs0_NtNtCsd1MoTXSmoBL_16wgpu_3dgs_viewer9selection26viewport_texture_rectangleINtB5_32ViewportTextureRectangleRendereruE22new_without_bind_group
FN:234,_RNvMs0_NtNtCsd1MoTXSmoBL_16wgpu_3dgs_viewer9selection26viewport_texture_rectangleINtB5_32ViewportTextureRectangleRendereruE6render
FN:121,_RNvMs_NtNtCsd1MoTXSmoBL_16wgpu_3dgs_viewer9selection26viewport_texture_rectangleNtB4_32ViewportTextureRectangleRenderer16render_with_pass
FN:128,_RNvMs_NtNtCsd1MoTXSmoBL_16wgpu_3dgs_viewer9selection26viewport_texture_rectangleNtB4_32ViewportTextureRectangleRenderer24create_bind_group_static
FN:82,_RNvMs_NtNtCsd1MoTXSmoBL_16wgpu_3dgs_viewer9selection26viewport_texture_rectangleNtB4_32ViewportTextureRectangleRenderer3new
FN:102,_RNvMs_NtNtCsd1MoTXSmoBL_16wgpu_3dgs_viewer9selection26viewport_texture_rectangleNtB4_32ViewportTextureRectangleRenderer6render
FNDA:0,_RNvMs0_NtNtCs3Mcpfj5Jg9n_16wgpu_3dgs_viewer9selection26viewport_texture_rectangleINtB5_32ViewportTextureRectangleRendereruE16render_with_pass
FNDA:7,_RNvMs0_NtNtCs3Mcpfj5Jg9n_16wgpu_3dgs_viewer9selection26viewport_texture_rectangleINtB5_32ViewportTextureRectangleRendereruE22new_without_bind_group
FNDA:0,_RNvMs0_NtNtCs3Mcpfj5Jg9n_16wgpu_3dgs_viewer9selection26viewport_texture_rectangleINtB5_32ViewportTextureRectangleRendereruE6render
FNDA:3,_RNvMs_NtNtCs3Mcpfj5Jg9n_16wgpu_3dgs_viewer9selection26viewport_texture_rectangleNtB4_32ViewportTextureRectangleRenderer16render_with_pass
FNDA:7,_RNvMs_NtNtCs3Mcpfj5Jg9n_16wgpu_3dgs_viewer9selection26viewport_texture_rectangleNtB4_32ViewportTextureRectangleRenderer24create_bind_group_static
FNDA:7,_RNvMs_NtNtCs3Mcpfj5Jg9n_16wgpu_3dgs_viewer9selection26viewport_texture_rectangleNtB4_32ViewportTextureRectangleRenderer3new
FNDA:3,_RNvMs_NtNtCs3Mcpfj5Jg9n_16wgpu_3dgs_viewer9selection26viewport_texture_rectangleNtB4_32ViewportTextureRectangleRenderer6render
FNDA:7,_RNvMNtNtCs3Mcpfj5Jg9n_16wgpu_3dgs_viewer9selection26viewport_texture_rectangleINtB2_32ViewportTextureRectangleRendereruE17create_bind_groupB6_
FNDA:0,_RNvMNtNtCsd1MoTXSmoBL_16wgpu_3dgs_viewer9selection26viewport_texture_rectangleINtB2_32ViewportTextureRectangleRendererpE17create_bind_groupB6_
FNDA:0,_RNvMs0_NtNtCsd1MoTXSmoBL_16wgpu_3dgs_viewer9selection26viewport_texture_rectangleINtB5_32ViewportTextureRectangleRendereruE16render_with_pass
FNDA:0,_RNvMs0_NtNtCsd1MoTXSmoBL_16wgpu_3dgs_viewer9selection26viewport_texture_rectangleINtB5_32ViewportTextureRectangleRendereruE22new_without_bind_group
FNDA:0,_RNvMs0_NtNtCsd1MoTXSmoBL_16wgpu_3dgs_viewer9selection26viewport_texture_rectangleINtB5_32ViewportTextureRectangleRendereruE6render
FNDA:0,_RNvMs_NtNtCsd1MoTXSmoBL_16wgpu_3dgs_viewer9selection26viewport_texture_rectangleNtB4_32ViewportTextureRectangleRenderer16render_with_pass
FNDA:0,_RNvMs_NtNtCsd1MoTXSmoBL_16wgpu_3dgs_viewer9selection26viewport_texture_rectangleNtB4_32ViewportTextureRectangleRenderer24create_bind_group_static
FNDA:0,_RNvMs_NtNtCsd1MoTXSmoBL_16wgpu_3dgs_viewer9selection26viewport_texture_rectangleNtB4_32ViewportTextureRectangleRenderer3new
FNDA:0,_RNvMs_NtNtCsd1MoTXSmoBL_16wgpu_3dgs_viewer9selection26viewport_texture_rectangleNtB4_32ViewportTextureRectangleRenderer6render
FNF:8
FNH:6
DA:22,7
DA:23,7
DA:24,7
DA:25,7
DA:26,7
DA:27,7
DA:28,7
DA:29,7
DA:30,7
DA:31,7
DA:32,7
DA:33,7
DA:34,7
DA:36,7
DA:82,7
DA:83,7
DA:84,7
DA:85,7
DA:86,7
DA:87,7
DA:88,7
DA:89,7
DA:91,7
DA:92,7
DA:94,7
DA:95,7
DA:96,7
DA:97,7
DA:98,7
DA:99,7
DA:102,3
DA:103,3
DA:104,3
DA:105,3
DA:106,3
DA:107,3
DA:108,3
DA:109,3
DA:110,3
DA:111,3
DA:112,3
DA:113,3
DA:114,3
DA:115,3
DA:117,3
DA:118,3
DA:121,3
DA:122,3
DA:123,3
DA:124,3
DA:125,3
DA:128,7
DA:129,7
DA:130,7
DA:131,7
DA:132,7
DA:133,7
DA:134,7
DA:135,7
DA:136,7
DA:137,7
DA:138,7
DA:139,7
DA:140,7
DA:141,7
DA:142,7
DA:143,7
DA:144,7
DA:145,7
DA:146,7
DA:147,7
DA:148,7
DA:149,7
DA:150,7
DA:151,7
DA:152,7
DA:153,7
DA:154,7
DA:155,7
DA:156,7
DA:164,7
DA:165,7
DA:166,7
DA:167,7
DA:168,7
DA:169,7
DA:170,7
DA:173,7
DA:174,7
DA:175,7
DA:176,7
DA:177,7
DA:178,7
DA:180,7
DA:181,7
DA:182,7
DA:184,7
DA:185,7
DA:186,7
DA:187,7
DA:188,7
DA:189,7
DA:190,7
DA:191,0
DA:192,7
DA:193,7
DA:197,7
DA:198,7
DA:199,7
DA:200,7
DA:201,7
DA:202,7
DA:203,7
DA:204,7
DA:205,7
DA:206,7
DA:207,7
DA:208,7
DA:209,7
DA:210,7
DA:211,7
DA:212,7
DA:213,7
DA:214,7
DA:215,7
DA:216,7
DA:217,7
DA:218,7
DA:219,7
DA:220,7
DA:221,7
DA:222,7
DA:224,7
DA:226,7
DA:227,7
DA:228,7
DA:229,7
DA:230,7
DA:231,7
DA:234,0
DA:235,0
DA:236,0
DA:237,0
DA:238,0
DA:239,0
DA:240,0
DA:241,0
DA:242,0
DA:243,0
DA:244,0
DA:245,0
DA:246,0
DA:247,0
DA:248,0
DA:249,0
DA:250,0
DA:251,0
DA:252,0
DA:254,0
DA:255,0
DA:258,0
DA:259,0
DA:260,0
DA:261,0
DA:262,0
BRF:0
BRH:0
LF:165
LH:138
end_of_record
SF:C:\Users\s2010\Me\Codes\Rust\wgpu-3dgs-viewer\src\wesl_utils.rs
FN:7,_RNvNtCs3Mcpfj5Jg9n_16wgpu_3dgs_viewer10wesl_utils8resolver
FN:7,_RNvNtCsd1MoTXSmoBL_16wgpu_3dgs_viewer10wesl_utils8resolver
FNDA:118,_RNvNtCs3Mcpfj5Jg9n_16wgpu_3dgs_viewer10wesl_utils8resolver
FNDA:0,_RNvNtCsd1MoTXSmoBL_16wgpu_3dgs_viewer10wesl_utils8resolver
FNF:1
FNH:1
DA:7,118
DA:8,118
DA:9,118
DA:10,118
DA:11,118
DA:12,118
BRF:0
BRH:0
LF:6
LH:6
end_of_record